TN:
SF:contracts/dependencies/openzeppelin/contracts/Address.sol
FN:27,Address.isContract
FNDA:1138,Address.isContract
DA:32,1138
DA:34,0
DA:36,1138
FN:70,Address.sendValue
FNDA:0,Address.sendValue
DA:71,0
BRDA:71,0,0,-
DA:72,0
DA:75,0
DA:76,0
BRDA:76,1,0,-
DA:77,0
FN:99,Address.functionCall
FNDA:37332,Address.functionCall
DA:100,37332
FN:112,Address.functionCallWithValue
FNDA:37332,Address.functionCallWithValue
DA:116,37332
BRDA:116,2,0,-
DA:117,0
DA:119,37332
DA:120,37332
FN:127,Address.functionStaticCall
FNDA:0,Address.functionStaticCall
DA:132,0
DA:133,0
FN:140,Address.functionDelegateCall
FNDA:0,Address.functionDelegateCall
DA:144,0
DA:145,0
FN:153,Address.verifyCallResultFromTarget
FNDA:37332,Address.verifyCallResultFromTarget
DA:158,37332
BRDA:158,3,0,1
BRDA:158,3,1,-
DA:159,1
DA:163,37331
BRDA:163,4,0,-
DA:164,0
DA:166,37331
FN:174,Address.verifyCallResult
FNDA:0,Address.verifyCallResult
DA:179,0
BRDA:179,5,0,-
BRDA:179,5,1,-
DA:180,0
DA:182,0
FN:189,Address._revert
FNDA:1,Address._revert
DA:191,1
BRDA:191,6,0,1
BRDA:191,6,1,-
DA:195,0
DA:196,0
DA:199,0
FNF:9
FNH:5
LF:29
LH:11
BRF:10
BRH:2
end_of_record
TN:
SF:contracts/dependencies/openzeppelin/contracts/Context.sol
FN:17,Context._msgSender
FNDA:27894,Context._msgSender
DA:18,27894
FN:21,Context._msgData
FNDA:0,Context._msgData
DA:22,0
FN:25,Context._contextSuffixLength
FNDA:0,Context._contextSuffixLength
DA:26,0
FNF:3
FNH:1
LF:3
LH:1
BRF:0
BRH:0
end_of_record
TN:
SF:contracts/dependencies/openzeppelin/contracts/ERC20.sol
FN:50,ERC20.
FNDA:594,ERC20.
DA:51,594
DA:52,594
FN:58,ERC20.name
FNDA:0,ERC20.name
DA:59,0
FN:66,ERC20.symbol
FNDA:2,ERC20.symbol
DA:67,2
FN:83,ERC20.decimals
FNDA:0,ERC20.decimals
DA:84,0
FN:90,ERC20.totalSupply
FNDA:0,ERC20.totalSupply
DA:91,0
FN:97,ERC20.balanceOf
FNDA:0,ERC20.balanceOf
DA:98,0
FN:109,ERC20.transfer
FNDA:0,ERC20.transfer
DA:110,0
DA:111,0
DA:112,0
FN:118,ERC20.allowance
FNDA:0,ERC20.allowance
DA:119,0
FN:132,ERC20.approve
FNDA:0,ERC20.approve
DA:133,0
DA:134,0
DA:135,0
FN:154,ERC20.transferFrom
FNDA:0,ERC20.transferFrom
DA:155,0
DA:156,0
DA:157,0
DA:158,0
FN:171,ERC20._transfer
FNDA:0,ERC20._transfer
DA:172,0
BRDA:172,0,0,-
DA:173,0
DA:175,0
BRDA:175,1,0,-
DA:176,0
DA:178,0
FN:188,ERC20._update
FNDA:2,ERC20._update
DA:189,2
BRDA:189,2,0,2
BRDA:189,2,1,-
DA:191,2
DA:193,0
DA:194,0
BRDA:194,3,0,-
DA:195,0
DA:199,0
DA:203,2
BRDA:203,4,0,-
BRDA:203,4,1,2
DA:206,0
DA:211,2
DA:215,2
FN:226,ERC20._mint
FNDA:2,ERC20._mint
DA:227,2
BRDA:227,5,0,-
DA:228,0
DA:230,2
FN:241,ERC20._burn
FNDA:0,ERC20._burn
DA:242,0
BRDA:242,6,0,-
DA:243,0
DA:245,0
FN:263,ERC20._approve
FNDA:0,ERC20._approve
DA:264,0
FN:284,ERC20._approve
FNDA:0,ERC20._approve
DA:288,0
BRDA:288,7,0,-
DA:289,0
DA:291,0
BRDA:291,8,0,-
DA:292,0
DA:294,0
DA:295,0
BRDA:295,9,0,-
DA:296,0
FN:308,ERC20._spendAllowance
FNDA:0,ERC20._spendAllowance
DA:309,0
DA:310,0
BRDA:310,10,0,-
DA:311,0
BRDA:311,11,0,-
DA:312,0
DA:315,0
FNF:17
FNH:4
LF:52
LH:10
BRF:14
BRH:2
end_of_record
TN:
SF:contracts/dependencies/openzeppelin/contracts/Ownable.sol
FN:38,Ownable.
FNDA:490,Ownable.
DA:39,490
BRDA:39,0,0,-
DA:40,0
DA:42,490
FN:48,Ownable.onlyOwner
FNDA:246,Ownable.onlyOwner
DA:49,0
FN:56,Ownable.owner
FNDA:1231,Ownable.owner
DA:57,1231
FN:63,Ownable._checkOwner
FNDA:1231,Ownable._checkOwner
DA:64,1231
BRDA:64,1,0,-
DA:65,0
FN:76,Ownable.renounceOwnership
FNDA:0,Ownable.renounceOwnership
DA:77,0
FN:84,Ownable.transferOwnership
FNDA:0,Ownable.transferOwnership
DA:85,0
BRDA:85,2,0,-
DA:86,0
DA:88,0
FN:95,Ownable._transferOwnership
FNDA:490,Ownable._transferOwnership
DA:96,490
DA:97,490
DA:98,490
FNF:7
FNH:5
LF:14
LH:7
BRF:3
BRH:0
end_of_record
TN:
SF:contracts/dependencies/openzeppelin/contracts/ReentrancyGuard.sol
FN:44,ReentrancyGuard.
FNDA:0,ReentrancyGuard.
DA:45,0
FN:55,ReentrancyGuard.nonReentrant
FNDA:0,ReentrancyGuard.nonReentrant
DA:56,0
DA:58,0
FN:61,ReentrancyGuard._nonReentrantBefore
FNDA:0,ReentrancyGuard._nonReentrantBefore
DA:63,0
BRDA:63,0,0,-
DA:64,0
DA:68,0
FN:71,ReentrancyGuard._nonReentrantAfter
FNDA:0,ReentrancyGuard._nonReentrantAfter
DA:74,0
FN:81,ReentrancyGuard._reentrancyGuardEntered
FNDA:0,ReentrancyGuard._reentrancyGuardEntered
DA:82,0
FNF:5
FNH:0
LF:8
LH:0
BRF:1
BRH:0
end_of_record
TN:
SF:contracts/dependencies/openzeppelin/contracts/SafeERC20.sol
FN:38,SafeERC20.safeTransfer
FNDA:6339,SafeERC20.safeTransfer
DA:39,6339
FN:46,SafeERC20.safeTransferFrom
FNDA:30993,SafeERC20.safeTransferFrom
DA:47,30993
FN:54,SafeERC20.safeIncreaseAllowance
FNDA:0,SafeERC20.safeIncreaseAllowance
DA:55,0
DA:56,0
FN:63,SafeERC20.safeDecreaseAllowance
FNDA:0,SafeERC20.safeDecreaseAllowance
DA:67,0
DA:68,0
BRDA:68,0,0,-
DA:69,0
DA:73,0
FN:82,SafeERC20.forceApprove
FNDA:0,SafeERC20.forceApprove
DA:83,0
DA:85,0
BRDA:85,1,0,-
DA:86,0
DA:87,0
FN:97,SafeERC20._callOptionalReturn
FNDA:37332,SafeERC20._callOptionalReturn
DA:102,37332
DA:103,37331
BRDA:103,2,0,-
DA:104,0
FN:116,SafeERC20._callOptionalReturnBool
FNDA:0,SafeERC20._callOptionalReturnBool
DA:121,0
DA:122,0
DA:123,0
FNF:7
FNH:3
LF:18
LH:4
BRF:3
BRH:0
end_of_record
TN:
SF:contracts/dependencies/openzeppelin/upgradeability/AdminUpgradeabilityProxy.sol
FN:21,AdminUpgradeabilityProxy.
FNDA:0,AdminUpgradeabilityProxy.
DA:25,0
BRDA:25,0,0,-
BRDA:25,0,1,-
DA:26,0
FN:32,AdminUpgradeabilityProxy._willFallback
FNDA:0,AdminUpgradeabilityProxy._willFallback
DA:33,0
FNF:2
FNH:0
LF:3
LH:0
BRF:2
BRH:0
end_of_record
TN:
SF:contracts/dependencies/openzeppelin/upgradeability/BaseAdminUpgradeabilityProxy.sol
FN:35,BaseAdminUpgradeabilityProxy.ifAdmin
FNDA:0,BaseAdminUpgradeabilityProxy.ifAdmin
DA:36,0
BRDA:36,0,0,-
BRDA:36,0,1,-
DA:39,0
FN:46,BaseAdminUpgradeabilityProxy.admin
FNDA:0,BaseAdminUpgradeabilityProxy.admin
DA:47,0
FN:53,BaseAdminUpgradeabilityProxy.implementation
FNDA:0,BaseAdminUpgradeabilityProxy.implementation
DA:54,0
FN:62,BaseAdminUpgradeabilityProxy.changeAdmin
FNDA:0,BaseAdminUpgradeabilityProxy.changeAdmin
DA:63,0
BRDA:63,1,0,-
BRDA:63,1,1,-
DA:64,0
DA:65,0
FN:73,BaseAdminUpgradeabilityProxy.upgradeTo
FNDA:0,BaseAdminUpgradeabilityProxy.upgradeTo
DA:74,0
FN:86,BaseAdminUpgradeabilityProxy.upgradeToAndCall
FNDA:0,BaseAdminUpgradeabilityProxy.upgradeToAndCall
DA:91,0
DA:92,0
DA:93,0
BRDA:93,2,0,-
BRDA:93,2,1,-
FN:99,BaseAdminUpgradeabilityProxy._admin
FNDA:0,BaseAdminUpgradeabilityProxy._admin
DA:100,0
DA:102,0
FN:110,BaseAdminUpgradeabilityProxy._setAdmin
FNDA:0,BaseAdminUpgradeabilityProxy._setAdmin
DA:111,0
DA:113,0
FN:120,BaseAdminUpgradeabilityProxy._willFallback
FNDA:0,BaseAdminUpgradeabilityProxy._willFallback
DA:121,0
BRDA:121,3,0,-
BRDA:121,3,1,-
DA:122,0
FNF:9
FNH:0
LF:17
LH:0
BRF:8
BRH:0
end_of_record
TN:
SF:contracts/dependencies/openzeppelin/upgradeability/BaseUpgradeabilityProxy.sol
FN:32,BaseUpgradeabilityProxy._implementation
FNDA:1445440,BaseUpgradeabilityProxy._implementation
DA:33,1445440
DA:35,0
FN:43,BaseUpgradeabilityProxy._upgradeTo
FNDA:0,BaseUpgradeabilityProxy._upgradeTo
DA:44,0
DA:45,0
FN:52,BaseUpgradeabilityProxy._setImplementation
FNDA:628,BaseUpgradeabilityProxy._setImplementation
DA:53,628
BRDA:53,0,0,-
BRDA:53,0,1,-
DA:58,628
DA:61,0
FNF:3
FNH:2
LF:7
LH:3
BRF:2
BRH:0
end_of_record
TN:
SF:contracts/dependencies/openzeppelin/upgradeability/Initializable.sol
FN:30,Initializable.initializer
FNDA:0,Initializable.initializer
DA:31,0
BRDA:31,0,0,-
BRDA:31,0,1,-
DA:36,0
DA:37,0
BRDA:37,1,0,-
DA:38,0
DA:39,0
DA:44,0
BRDA:44,2,0,-
DA:45,0
FN:50,Initializable.isConstructor
FNDA:0,Initializable.isConstructor
DA:56,0
DA:59,0
DA:61,0
FNF:2
FNH:0
LF:10
LH:0
BRF:4
BRH:0
end_of_record
TN:
SF:contracts/dependencies/openzeppelin/upgradeability/InitializableAdminUpgradeabilityProxy.sol
FN:25,InitializableAdminUpgradeabilityProxy.initialize
FNDA:0,InitializableAdminUpgradeabilityProxy.initialize
DA:26,0
BRDA:26,0,0,-
BRDA:26,0,1,-
DA:27,0
DA:28,0
BRDA:28,1,0,-
BRDA:28,1,1,-
DA:29,0
FN:35,InitializableAdminUpgradeabilityProxy._willFallback
FNDA:0,InitializableAdminUpgradeabilityProxy._willFallback
DA:36,0
FNF:2
FNH:0
LF:5
LH:0
BRF:4
BRH:0
end_of_record
TN:
SF:contracts/dependencies/openzeppelin/upgradeability/InitializableUpgradeabilityProxy.sol
FN:20,InitializableUpgradeabilityProxy.initialize
FNDA:628,InitializableUpgradeabilityProxy.initialize
DA:21,628
BRDA:21,0,0,-
BRDA:21,0,1,-
DA:22,628
BRDA:22,1,0,-
BRDA:22,1,1,-
DA:25,628
DA:26,628
BRDA:26,2,0,628
DA:27,628
DA:28,628
BRDA:28,3,0,-
BRDA:28,3,1,-
FNF:1
FNH:1
LF:6
LH:6
BRF:7
BRH:1
end_of_record
TN:
SF:contracts/dependencies/openzeppelin/upgradeability/Proxy.sol
FN:17,Proxy.
FNDA:1444812,Proxy.
DA:18,0
FN:32,Proxy._delegate
FNDA:1444812,Proxy._delegate
DA:37,0
DA:41,0
DA:44,0
DA:48,0
DA:49,0
FN:58,Proxy._willFallback
FNDA:0,Proxy._willFallback
FN:64,Proxy._fallback
FNDA:1444812,Proxy._fallback
DA:65,0
DA:66,1444812
FNF:4
FNH:3
LF:8
LH:1
BRF:0
BRH:0
end_of_record
TN:
SF:contracts/dependencies/openzeppelin/upgradeability/UpgradeabilityProxy.sol
FN:20,UpgradeabilityProxy.
FNDA:0,UpgradeabilityProxy.
DA:21,0
BRDA:21,0,0,-
BRDA:21,0,1,-
DA:24,0
DA:25,0
BRDA:25,1,0,-
DA:26,0
DA:27,0
BRDA:27,2,0,-
BRDA:27,2,1,-
FNF:1
FNH:0
LF:5
LH:0
BRF:5
BRH:0
end_of_record
TN:
SF:contracts/deployments/ATokensAndRatesHelper.sol
FN:36,ATokensAndRatesHelper.
FNDA:51,ATokensAndRatesHelper.
DA:39,51
DA:40,51
DA:41,51
FN:44,ATokensAndRatesHelper.configureReserves
FNDA:53,ATokensAndRatesHelper.configureReserves
DA:45,53
DA:46,53
DA:47,206
DA:55,206
BRDA:55,0,0,206
DA:56,206
DA:60,206
FNF:2
FNH:2
LF:9
LH:9
BRF:1
BRH:1
end_of_record
TN:
SF:contracts/misc/Cod3xLendDataProvider.sol
FN:45,Cod3xLendDataProvider.lendingPoolSet
FNDA:4173,Cod3xLendDataProvider.lendingPoolSet
DA:46,4173
BRDA:46,0,0,-
BRDA:46,0,1,-
FN:50,Cod3xLendDataProvider.miniPoolSet
FNDA:0,Cod3xLendDataProvider.miniPoolSet
DA:51,0
BRDA:51,1,0,-
BRDA:51,1,1,-
FN:65,Cod3xLendDataProvider.
FNDA:51,Cod3xLendDataProvider.
DA:69,51
DA:71,51
FN:77,Cod3xLendDataProvider.setLendingPoolAddressProvider
FNDA:51,Cod3xLendDataProvider.setLendingPoolAddressProvider
DA:78,51
FN:81,Cod3xLendDataProvider.setMiniPoolAddressProvider
FNDA:38,Cod3xLendDataProvider.setMiniPoolAddressProvider
DA:82,38
FN:90,Cod3xLendDataProvider.getAllLpData
FNDA:0,Cod3xLendDataProvider.getAllLpData
DA:96,0
DA:101,0
DA:103,0
DA:105,0
DA:106,0
DA:107,0
DA:108,0
DA:109,0
DA:110,0
DA:112,0
DA:113,0
DA:114,0
DA:115,0
DA:116,0
DA:117,0
DA:118,0
DA:119,0
DA:120,0
DA:121,0
DA:123,0
DA:124,0
DA:125,0
DA:126,0
DA:127,0
DA:128,0
DA:129,0
DA:130,0
DA:131,0
DA:132,0
DA:134,0
DA:135,0
FN:145,Cod3xLendDataProvider.getLpReserveStaticData
FNDA:4173,Cod3xLendDataProvider.getLpReserveStaticData
DA:151,4173
FN:154,Cod3xLendDataProvider._getLpReserveStaticData
FNDA:4173,Cod3xLendDataProvider._getLpReserveStaticData
DA:159,4173
DA:163,4173
DA:165,4173
DA:175,4173
DA:182,4173
FN:198,Cod3xLendDataProvider.getLpReserveDynamicData
FNDA:10687,Cod3xLendDataProvider.getLpReserveDynamicData
DA:204,10687
FN:207,Cod3xLendDataProvider._getLpReserveDynamicData
FNDA:10687,Cod3xLendDataProvider._getLpReserveDynamicData
DA:212,10687
DA:216,10687
DA:217,10687
DA:219,10687
DA:220,10687
DA:221,10687
DA:222,10687
DA:223,10687
DA:225,10687
DA:226,10687
DA:227,10687
DA:229,0
FN:239,Cod3xLendDataProvider.getAllLpTokens
FNDA:0,Cod3xLendDataProvider.getAllLpTokens
DA:250,0
DA:251,0
DA:252,0
DA:253,0
DA:254,0
DA:255,0
FN:260,Cod3xLendDataProvider.getLpTokens
FNDA:638,Cod3xLendDataProvider.getLpTokens
DA:266,638
DA:267,638
FN:270,Cod3xLendDataProvider._getLpTokens
FNDA:638,Cod3xLendDataProvider._getLpTokens
DA:276,638
DA:277,638
DA:278,638
FN:285,Cod3xLendDataProvider.getAllLpUserData
FNDA:0,Cod3xLendDataProvider.getAllLpUserData
DA:291,0
DA:292,0
DA:293,0
DA:295,0
DA:296,0
FN:307,Cod3xLendDataProvider.getLpUserData
FNDA:1567,Cod3xLendDataProvider.getLpUserData
DA:313,1567
DA:314,1567
FN:324,Cod3xLendDataProvider._getLpUserData
FNDA:1567,Cod3xLendDataProvider._getLpUserData
DA:329,1567
DA:330,1567
DA:331,1567
DA:332,1567
DA:333,1567
DA:335,1567
DA:336,1567
DA:337,1567
DA:338,1044
BRDA:338,2,0,1044
DA:339,1044
DA:341,1044
FN:357,Cod3xLendDataProvider.getLpUserAccountData
FNDA:0,Cod3xLendDataProvider.getLpUserAccountData
DA:370,0
DA:371,0
FN:387,Cod3xLendDataProvider.getAllMpData
FNDA:0,Cod3xLendDataProvider.getAllMpData
DA:393,0
FN:401,Cod3xLendDataProvider.getAllMpData
FNDA:0,Cod3xLendDataProvider.getAllMpData
DA:407,0
FN:410,Cod3xLendDataProvider._getAllMpData
FNDA:0,Cod3xLendDataProvider._getAllMpData
DA:415,0
DA:420,0
DA:422,0
DA:424,0
DA:425,0
DA:426,0
DA:427,0
DA:428,0
DA:429,0
DA:431,0
DA:432,0
DA:433,0
DA:434,0
DA:435,0
DA:436,0
DA:437,0
DA:438,0
DA:439,0
DA:440,0
DA:442,0
DA:443,0
DA:444,0
DA:445,0
DA:446,0
DA:447,0
DA:448,0
DA:449,0
DA:451,0
DA:452,0
DA:453,0
FN:463,Cod3xLendDataProvider.getMpReserveStaticData
FNDA:0,Cod3xLendDataProvider.getMpReserveStaticData
DA:469,0
FN:478,Cod3xLendDataProvider.getMpReserveStaticData
FNDA:0,Cod3xLendDataProvider.getMpReserveStaticData
DA:484,0
FN:487,Cod3xLendDataProvider._getMpReserveStaticData
FNDA:0,Cod3xLendDataProvider._getMpReserveStaticData
DA:492,0
DA:493,0
DA:495,0
DA:497,0
DA:507,0
DA:514,0
FN:530,Cod3xLendDataProvider.getMpReserveDynamicData
FNDA:0,Cod3xLendDataProvider.getMpReserveDynamicData
DA:536,0
FN:552,Cod3xLendDataProvider.getMpReserveDynamicData
FNDA:1048,Cod3xLendDataProvider.getMpReserveDynamicData
DA:558,1048
FN:561,Cod3xLendDataProvider._getMpReserveDynamicData
FNDA:1048,Cod3xLendDataProvider._getMpReserveDynamicData
DA:566,1048
DA:567,1048
DA:569,1048
BRDA:569,3,0,-
BRDA:569,3,1,-
DA:571,1048
DA:572,1048
DA:573,1048
DA:575,1048
DA:576,1048
DA:577,1048
DA:578,1048
DA:579,1048
DA:581,1048
DA:582,1048
DA:584,0
FN:595,Cod3xLendDataProvider.getAllMpTokenInfo
FNDA:0,Cod3xLendDataProvider.getAllMpTokenInfo
DA:606,0
FN:617,Cod3xLendDataProvider.getAllMpTokenInfo
FNDA:0,Cod3xLendDataProvider.getAllMpTokenInfo
DA:628,0
FN:632,Cod3xLendDataProvider._getAllMpTokenInfo
FNDA:0,Cod3xLendDataProvider._getAllMpTokenInfo
DA:642,0
DA:643,0
DA:644,0
DA:645,0
DA:646,0
DA:647,0
DA:648,0
DA:649,0
DA:650,0
BRDA:650,4,0,-
BRDA:650,4,1,-
DA:651,0
DA:652,0
DA:653,0
FN:663,Cod3xLendDataProvider.getAllMpUserData
FNDA:0,Cod3xLendDataProvider.getAllMpUserData
DA:669,0
DA:670,0
DA:671,0
DA:673,0
DA:674,0
FN:684,Cod3xLendDataProvider.getAllMpUserData
FNDA:0,Cod3xLendDataProvider.getAllMpUserData
DA:690,0
DA:691,0
DA:692,0
DA:694,0
DA:695,0
FN:705,Cod3xLendDataProvider.getMpUserData
FNDA:0,Cod3xLendDataProvider.getMpUserData
DA:711,0
FN:720,Cod3xLendDataProvider.getMpUserData
FNDA:0,Cod3xLendDataProvider.getMpUserData
DA:726,0
DA:727,0
FN:737,Cod3xLendDataProvider._getMpUserData
FNDA:0,Cod3xLendDataProvider._getMpUserData
DA:743,0
DA:745,0
DA:746,0
DA:748,0
BRDA:748,5,0,-
BRDA:748,5,1,-
DA:750,0
DA:751,0
DA:752,0
DA:753,0
DA:755,0
DA:756,0
DA:757,0
BRDA:757,6,0,-
DA:758,0
FN:776,Cod3xLendDataProvider.getMpUserAccountData
FNDA:0,Cod3xLendDataProvider.getMpUserAccountData
DA:789,0
DA:790,0
FN:813,Cod3xLendDataProvider.getMpUserAccountData
FNDA:0,Cod3xLendDataProvider.getMpUserAccountData
DA:826,0
DA:827,0
FN:842,Cod3xLendDataProvider.getAllMpUnderlyingBalanceOf
FNDA:0,Cod3xLendDataProvider.getAllMpUnderlyingBalanceOf
DA:848,0
DA:849,0
DA:850,0
FN:860,Cod3xLendDataProvider.getMpUnderlyingBalanceOf
FNDA:0,Cod3xLendDataProvider.getMpUnderlyingBalanceOf
DA:866,0
DA:867,0
FN:878,Cod3xLendDataProvider.getMpUnderlyingBalanceOf
FNDA:0,Cod3xLendDataProvider.getMpUnderlyingBalanceOf
DA:884,0
DA:886,0
FN:897,Cod3xLendDataProvider.getUnderlyingAssetFromId
FNDA:0,Cod3xLendDataProvider.getUnderlyingAssetFromId
DA:903,0
DA:904,0
FN:913,Cod3xLendDataProvider.getUnderlyingAssetFromId
FNDA:0,Cod3xLendDataProvider.getUnderlyingAssetFromId
DA:919,0
DA:921,0
FN:930,Cod3xLendDataProvider.getMiniPoolsWithReserve
FNDA:0,Cod3xLendDataProvider.getMiniPoolsWithReserve
DA:936,0
DA:937,0
DA:938,0
DA:939,0
DA:941,0
DA:942,0
DA:943,0
BRDA:943,7,0,-
DA:944,0
DA:945,0
DA:946,0
DA:950,0
DA:951,0
DA:953,0
DA:954,0
DA:955,0
FN:965,Cod3xLendDataProvider.getMpRemainingFlow
FNDA:0,Cod3xLendDataProvider.getMpRemainingFlow
DA:970,0
DA:971,0
FN:982,Cod3xLendDataProvider.isReserveInMiniPool
FNDA:0,Cod3xLendDataProvider.isReserveInMiniPool
DA:988,0
DA:989,0
DA:990,0
DA:991,0
DA:992,0
BRDA:992,8,0,-
DA:993,0
FN:1005,Cod3xLendDataProvider.isMpReserveConfigured
FNDA:1048,Cod3xLendDataProvider.isMpReserveConfigured
DA:1010,1048
DA:1011,1048
FN:1014,Cod3xLendDataProvider.getBaseCurrencyInfo
FNDA:0,Cod3xLendDataProvider.getBaseCurrencyInfo
DA:1019,0
DA:1021,0
DA:1023,0
DA:1024,0
DA:1025,0
BRDA:1025,9,0,-
BRDA:1025,9,1,-
DA:1026,0
DA:1030,0
DA:1033,0
DA:1034,0
DA:1038,0
DA:1039,0
DA:1041,0
BRDA:1041,10,0,-
BRDA:1041,10,1,-
DA:1049,0
FNF:46
FNH:15
LF:235
LH:57
BRF:18
BRH:1
end_of_record
TN:
SF:contracts/misc/RewardsVault.sol
FN:19,RewardsVault.onlyPoolAdmin
FNDA:0,RewardsVault.onlyPoolAdmin
DA:20,0
BRDA:20,0,0,-
BRDA:20,0,1,-
FN:24,RewardsVault.
FNDA:0,RewardsVault.
DA:29,0
DA:30,0
DA:31,0
FN:34,RewardsVault.approveIncentivesController
FNDA:0,RewardsVault.approveIncentivesController
DA:35,0
FN:38,RewardsVault.emergencyEtherTransfer
FNDA:0,RewardsVault.emergencyEtherTransfer
DA:39,0
DA:40,0
BRDA:40,1,0,-
BRDA:40,1,1,-
FN:43,RewardsVault.emergencyTokenTransfer
FNDA:0,RewardsVault.emergencyTokenTransfer
DA:44,0
FNF:5
FNH:0
LF:8
LH:0
BRF:4
BRH:0
end_of_record
TN:
SF:contracts/misc/Treasury.sol
FN:23,Treasury.onlyPoolAdmin
FNDA:0,Treasury.onlyPoolAdmin
DA:24,0
BRDA:24,0,0,-
BRDA:24,0,1,-
FN:28,Treasury.
FNDA:51,Treasury.
DA:29,51
DA:30,51
DA:31,51
FN:34,Treasury.withdrawAllReserves
FNDA:0,Treasury.withdrawAllReserves
DA:35,0
DA:36,0
DA:37,0
DA:38,0
DA:39,0
FN:42,Treasury.withdrawReserves
FNDA:0,Treasury.withdrawReserves
DA:46,0
DA:47,0
DA:48,0
DA:49,0
DA:50,0
BRDA:50,1,0,-
DA:51,0
DA:54,0
FN:57,Treasury.transferToMultisig
FNDA:0,Treasury.transferToMultisig
DA:58,0
FN:61,Treasury.setTreasury
FNDA:0,Treasury.setTreasury
DA:62,0
FN:65,Treasury.setMultisig
FNDA:0,Treasury.setMultisig
DA:66,0
FNF:7
FNH:1
LF:19
LH:3
BRF:3
BRH:0
end_of_record
TN:
SF:contracts/misc/WETHGateway.sol
FN:31,WETHGateway.
FNDA:102,WETHGateway.
DA:32,102
FN:35,WETHGateway.authorizeLendingPool
FNDA:51,WETHGateway.authorizeLendingPool
DA:36,51
FN:45,WETHGateway.depositETH
FNDA:0,WETHGateway.depositETH
DA:50,0
DA:51,0
FN:60,WETHGateway.withdrawETH
FNDA:0,WETHGateway.withdrawETH
DA:64,0
DA:67,0
DA:68,0
DA:71,0
BRDA:71,0,0,-
DA:72,0
DA:74,0
DA:75,0
DA:78,0
DA:79,0
FN:88,WETHGateway.repayETH
FNDA:0,WETHGateway.repayETH
DA:93,0
DA:97,0
DA:99,0
BRDA:99,1,0,-
DA:100,0
DA:102,0
BRDA:102,2,0,-
BRDA:102,2,1,-
DA:103,0
DA:104,0
DA:107,0
BRDA:107,3,0,-
FN:115,WETHGateway.borrowETH
FNDA:0,WETHGateway.borrowETH
DA:116,0
DA:117,0
DA:118,0
FN:126,WETHGateway._safeTransferETH
FNDA:0,WETHGateway._safeTransferETH
DA:127,0
DA:128,0
BRDA:128,4,0,-
BRDA:128,4,1,-
FN:138,WETHGateway.emergencyTokenTransfer
FNDA:0,WETHGateway.emergencyTokenTransfer
DA:139,0
FN:148,WETHGateway.emergencyEtherTransfer
FNDA:0,WETHGateway.emergencyEtherTransfer
DA:149,0
FN:155,WETHGateway.getWETHAddress
FNDA:0,WETHGateway.getWETHAddress
DA:156,0
FN:169,WETHGateway.
FNDA:0,WETHGateway.
DA:170,0
FNF:11
FNH:2
LF:30
LH:2
BRF:7
BRH:0
end_of_record
TN:
SF:contracts/mocks/dependencies/FlashLoanReceiverBase.sol
FN:17,FlashLoanReceiverBase.
FNDA:0,FlashLoanReceiverBase.
DA:18,0
DA:19,0
FNF:1
FNH:0
LF:2
LH:0
BRF:0
BRH:0
end_of_record
TN:
SF:contracts/mocks/dependencies/MockedContractToUpdate.sol
FN:14,MockedContractToUpdate.getRevision
FNDA:0,MockedContractToUpdate.getRevision
DA:15,0
FN:18,MockedContractToUpdate.initialize
FNDA:0,MockedContractToUpdate.initialize
DA:19,0
FN:22,MockedContractToUpdate.initialize
FNDA:0,MockedContractToUpdate.initialize
DA:23,0
FNF:3
FNH:0
LF:3
LH:0
BRF:0
BRH:0
end_of_record
TN:
SF:contracts/mocks/dependencies/WETH9.sol
FN:37,WETH9.deposit
FNDA:0,WETH9.deposit
DA:38,0
DA:39,0
FN:42,WETH9.withdraw
FNDA:0,WETH9.withdraw
DA:43,0
BRDA:43,0,0,-
BRDA:43,0,1,-
DA:44,0
DA:45,0
DA:46,0
FN:49,WETH9.totalSupply
FNDA:0,WETH9.totalSupply
DA:50,0
FN:53,WETH9.approve
FNDA:0,WETH9.approve
DA:54,0
DA:55,0
DA:56,0
FN:59,WETH9.transfer
FNDA:0,WETH9.transfer
DA:60,0
FN:63,WETH9.transferFrom
FNDA:0,WETH9.transferFrom
DA:64,0
BRDA:64,1,0,-
BRDA:64,1,1,-
DA:66,0
BRDA:66,2,0,-
DA:67,0
BRDA:67,3,0,-
BRDA:67,3,1,-
DA:68,0
DA:71,0
DA:72,0
DA:74,0
DA:76,0
FNF:6
FNH:0
LF:19
LH:0
BRF:7
BRH:0
end_of_record
TN:
SF:contracts/mocks/interestRateStrategies/MockLendingpoolReserveInterestRateStrategy.sol
FN:32,MockLendingpoolReserveInterestRateStrategy.
FNDA:525,MockLendingpoolReserveInterestRateStrategy.
DA:37,525
DA:38,525
DA:39,525
FN:42,MockLendingpoolReserveInterestRateStrategy.setRates
FNDA:0,MockLendingpoolReserveInterestRateStrategy.setRates
DA:43,0
DA:44,0
FN:56,MockLendingpoolReserveInterestRateStrategy.calculateInterestRates
FNDA:3432,MockLendingpoolReserveInterestRateStrategy.calculateInterestRates
DA:64,3432
DA:65,3432
BRDA:65,0,0,-
DA:66,0
DA:68,3432
DA:70,3432
FN:73,MockLendingpoolReserveInterestRateStrategy.calculateInterestRates
FNDA:3432,MockLendingpoolReserveInterestRateStrategy.calculateInterestRates
DA:78,3432
FN:81,MockLendingpoolReserveInterestRateStrategy.getCod3xReserveFactor
FNDA:0,MockLendingpoolReserveInterestRateStrategy.getCod3xReserveFactor
DA:82,0
DA:85,0
FN:88,MockLendingpoolReserveInterestRateStrategy.getCod3xReserveFactor
FNDA:0,MockLendingpoolReserveInterestRateStrategy.getCod3xReserveFactor
DA:93,0
FNF:6
FNH:3
LF:14
LH:8
BRF:1
BRH:0
end_of_record
TN:
SF:contracts/mocks/interestRateStrategies/MockMinipoolReserveInterestRateStrategy.sol
FN:40,MockMinipoolReserveInterestRateStrategy.
FNDA:525,MockMinipoolReserveInterestRateStrategy.
DA:45,525
DA:46,525
DA:47,525
FN:50,MockMinipoolReserveInterestRateStrategy.setRates
FNDA:263,MockMinipoolReserveInterestRateStrategy.setRates
DA:51,263
DA:52,263
FN:64,MockMinipoolReserveInterestRateStrategy.calculateInterestRates
FNDA:4225,MockMinipoolReserveInterestRateStrategy.calculateInterestRates
DA:72,4225
DA:73,4225
DA:74,4225
BRDA:74,0,0,4225
BRDA:74,0,1,-
DA:75,4225
DA:76,4225
DA:77,4225
DA:79,4225
DA:83,0
DA:86,4225
BRDA:86,1,0,-
DA:87,0
DA:91,4225
DA:93,4225
FN:96,MockMinipoolReserveInterestRateStrategy.calculateInterestRates
FNDA:4225,MockMinipoolReserveInterestRateStrategy.calculateInterestRates
DA:101,4225
DA:102,4225
DA:103,4225
DA:107,4225
BRDA:107,2,0,3178
DA:108,3178
DA:109,3178
DA:111,3178
DA:123,3178
BRDA:123,3,0,2126
DA:124,2126
DA:127,2099
FN:130,MockMinipoolReserveInterestRateStrategy.getCod3xReserveFactor
FNDA:0,MockMinipoolReserveInterestRateStrategy.getCod3xReserveFactor
DA:135,0
DA:138,0
FN:141,MockMinipoolReserveInterestRateStrategy.getCod3xReserveFactor
FNDA:0,MockMinipoolReserveInterestRateStrategy.getCod3xReserveFactor
DA:146,0
FNF:6
FNH:4
LF:30
LH:25
BRF:5
BRH:3
end_of_record
TN:
SF:contracts/mocks/oracle/MockAggregator.sol
FN:10,MockAggregator.
FNDA:2304,MockAggregator.
DA:11,2304
DA:12,2304
DA:13,2304
FN:16,MockAggregator.latestAnswer
FNDA:0,MockAggregator.latestAnswer
DA:17,0
FN:20,MockAggregator.decimals
FNDA:0,MockAggregator.decimals
DA:21,0
FN:24,MockAggregator.getTokenType
FNDA:0,MockAggregator.getTokenType
DA:25,0
FN:28,MockAggregator.setLastAnswer
FNDA:0,MockAggregator.setLastAnswer
DA:29,0
DA:30,0
FN:33,MockAggregator.latestRoundData
FNDA:110983,MockAggregator.latestRoundData
DA:44,110983
FNF:6
FNH:2
LF:9
LH:4
BRF:0
BRH:0
end_of_record
TN:
SF:contracts/mocks/oracle/PriceOracle.sol
FN:11,PriceOracle.getAssetPrice
FNDA:0,PriceOracle.getAssetPrice
DA:12,0
FN:15,PriceOracle.setAssetPrice
FNDA:0,PriceOracle.setAssetPrice
DA:16,0
DA:17,0
FN:20,PriceOracle.getEthUsdPrice
FNDA:0,PriceOracle.getEthUsdPrice
DA:21,0
FN:24,PriceOracle.setEthUsdPrice
FNDA:0,PriceOracle.setEthUsdPrice
DA:25,0
DA:26,0
FNF:4
FNH:0
LF:6
LH:0
BRF:0
BRH:0
end_of_record
TN:
SF:contracts/mocks/tokens/ExternalContract.sol
FN:11,ExternalContract.
FNDA:0,ExternalContract.
DA:12,0
FN:15,ExternalContract.withdraw
FNDA:0,ExternalContract.withdraw
DA:16,0
DA:17,0
FN:20,ExternalContract.withdrawAll
FNDA:0,ExternalContract.withdrawAll
DA:21,0
DA:22,0
FN:25,ExternalContract.deposit
FNDA:0,ExternalContract.deposit
DA:26,0
FN:29,ExternalContract.balance
FNDA:0,ExternalContract.balance
DA:30,0
FNF:5
FNH:0
LF:7
LH:0
BRF:0
BRH:0
end_of_record
TN:
SF:contracts/mocks/tokens/MintableERC20.sol
FN:13,MintableERC20.
FNDA:2,MintableERC20.
DA:16,2
FN:23,MintableERC20.mint
FNDA:2,MintableERC20.mint
DA:24,2
FN:27,MintableERC20._setupDecimals
FNDA:2,MintableERC20._setupDecimals
DA:28,2
FN:31,MintableERC20.decimals
FNDA:2,MintableERC20.decimals
DA:32,2
FNF:4
FNH:4
LF:4
LH:4
BRF:0
BRH:0
end_of_record
TN:
SF:contracts/mocks/tokens/MockStrategy.sol
FN:15,MockStrategy.
FNDA:0,MockStrategy.
DA:16,0
DA:17,0
DA:18,0
FN:21,MockStrategy.harvest
FNDA:0,MockStrategy.harvest
DA:22,0
DA:25,0
DA:26,0
DA:27,0
DA:28,0
FN:32,MockStrategy.withdraw
FNDA:0,MockStrategy.withdraw
DA:33,0
DA:36,0
DA:37,0
FN:41,MockStrategy.balanceOf
FNDA:0,MockStrategy.balanceOf
DA:42,0
FN:46,MockStrategy.vault
FNDA:0,MockStrategy.vault
DA:47,0
FN:51,MockStrategy.want
FNDA:0,MockStrategy.want
DA:52,0
FNF:6
FNH:0
LF:14
LH:0
BRF:0
BRH:0
end_of_record
TN:
SF:contracts/mocks/tokens/MockVault.sol
FN:87,MockReaperVault2.
FNDA:388,MockReaperVault2.
DA:94,388
DA:95,388
DA:96,388
DA:97,388
DA:98,388
DA:99,388
FN:108,MockReaperVault2.addStrategy
FNDA:0,MockReaperVault2.addStrategy
DA:109,0
BRDA:109,0,0,-
BRDA:109,0,1,-
DA:110,0
BRDA:110,1,0,-
BRDA:110,1,1,-
DA:111,0
BRDA:111,2,0,-
BRDA:111,2,1,-
DA:112,0
BRDA:112,3,0,-
BRDA:112,3,1,-
DA:113,0
BRDA:113,4,0,-
BRDA:113,4,1,-
DA:114,0
BRDA:114,5,0,-
BRDA:114,5,1,-
DA:115,0
BRDA:115,6,0,-
BRDA:115,6,1,-
DA:117,0
DA:127,0
DA:128,0
DA:129,0
FN:137,MockReaperVault2.updateStrategyFeeBPS
FNDA:0,MockReaperVault2.updateStrategyFeeBPS
DA:138,0
BRDA:138,7,0,-
BRDA:138,7,1,-
DA:139,0
BRDA:139,8,0,-
BRDA:139,8,1,-
DA:140,0
DA:141,0
FN:149,MockReaperVault2.updateStrategyAllocBPS
FNDA:0,MockReaperVault2.updateStrategyAllocBPS
DA:150,0
BRDA:150,9,0,-
BRDA:150,9,1,-
DA:151,0
DA:152,0
DA:153,0
DA:154,0
DA:155,0
BRDA:155,10,0,-
BRDA:155,10,1,-
DA:156,0
FN:163,MockReaperVault2.revokeStrategy
FNDA:0,MockReaperVault2.revokeStrategy
DA:164,0
BRDA:164,11,0,-
DA:165,0
DA:168,0
DA:169,0
DA:170,0
FN:179,MockReaperVault2.availableCapital
FNDA:0,MockReaperVault2.availableCapital
DA:180,0
DA:181,0
BRDA:181,12,0,-
DA:182,0
DA:185,0
DA:186,0
DA:188,0
BRDA:188,13,0,-
BRDA:188,13,1,-
DA:189,0
DA:190,0
BRDA:190,14,0,-
BRDA:190,14,1,-
DA:191,0
DA:192,0
DA:194,0
BRDA:194,15,0,-
DA:195,0
DA:198,0
DA:199,0
DA:202,0
DA:204,0
DA:206,0
FN:214,MockReaperVault2.setWithdrawalQueue
FNDA:0,MockReaperVault2.setWithdrawalQueue
DA:215,0
DA:216,0
BRDA:216,16,0,-
BRDA:216,16,1,-
DA:218,0
DA:219,0
DA:220,0
DA:221,0
DA:222,0
BRDA:222,17,0,-
BRDA:222,17,1,-
DA:223,0
DA:225,0
FN:233,MockReaperVault2.balance
FNDA:0,MockReaperVault2.balance
DA:234,0
FN:242,MockReaperVault2._freeFunds
FNDA:0,MockReaperVault2._freeFunds
DA:243,0
FN:250,MockReaperVault2.getPricePerFullShare
FNDA:0,MockReaperVault2.getPricePerFullShare
DA:251,0
FN:259,MockReaperVault2.depositAll
FNDA:0,MockReaperVault2.depositAll
DA:260,0
FN:268,MockReaperVault2.deposit
FNDA:0,MockReaperVault2.deposit
DA:269,0
FN:274,MockReaperVault2._deposit
FNDA:0,MockReaperVault2._deposit
DA:275,0
BRDA:275,18,0,-
BRDA:275,18,1,-
DA:276,0
BRDA:276,19,0,-
BRDA:276,19,1,-
DA:277,0
BRDA:277,20,0,-
BRDA:277,20,1,-
DA:279,0
DA:280,0
BRDA:280,21,0,-
BRDA:280,21,1,-
DA:281,0
DA:283,0
DA:286,0
DA:287,0
DA:288,0
DA:289,0
FN:295,MockReaperVault2.withdrawAll
FNDA:0,MockReaperVault2.withdrawAll
DA:296,0
FN:305,MockReaperVault2.withdraw
FNDA:0,MockReaperVault2.withdraw
DA:306,0
FN:311,MockReaperVault2._withdraw
FNDA:0,MockReaperVault2._withdraw
DA:315,0
BRDA:315,22,0,-
BRDA:315,22,1,-
DA:316,0
DA:318,0
DA:319,0
BRDA:319,23,0,-
DA:320,0
DA:321,0
DA:322,0
DA:323,0
BRDA:323,24,0,-
DA:324,0
DA:327,0
DA:328,0
DA:329,0
BRDA:329,25,0,-
DA:330,0
DA:333,0
DA:334,0
DA:335,0
DA:336,0
DA:337,0
DA:338,0
DA:341,0
BRDA:341,26,0,-
DA:342,0
DA:343,0
DA:344,0
DA:347,0
DA:348,0
DA:351,0
DA:352,0
BRDA:352,27,0,-
DA:353,0
DA:354,0
DA:357,0
BRDA:357,28,0,-
BRDA:357,28,1,-
DA:363,0
DA:364,0
DA:365,0
DA:366,0
FN:373,MockReaperVault2._calculateLockedProfit
FNDA:0,MockReaperVault2._calculateLockedProfit
DA:374,0
DA:375,0
BRDA:375,29,0,-
DA:376,0
DA:379,0
FN:387,MockReaperVault2._reportLoss
FNDA:0,MockReaperVault2._reportLoss
DA:388,0
DA:390,0
DA:391,0
BRDA:391,30,0,-
BRDA:391,30,1,-
DA:393,0
BRDA:393,31,0,-
DA:395,0
DA:396,0
DA:397,0
DA:400,0
BRDA:400,32,0,-
DA:401,0
DA:402,0
DA:407,0
DA:408,0
DA:409,0
FN:419,MockReaperVault2._chargeFees
FNDA:0,MockReaperVault2._chargeFees
DA:420,0
DA:421,0
BRDA:421,33,0,-
DA:422,0
DA:423,0
DA:424,0
DA:426,0
FN:450,MockReaperVault2.report
FNDA:0,MockReaperVault2.report
DA:451,0
DA:452,0
DA:453,0
DA:454,0
BRDA:454,34,0,-
BRDA:454,34,1,-
DA:456,0
BRDA:456,35,0,-
BRDA:456,35,1,-
DA:457,0
DA:458,0
DA:459,0
BRDA:459,36,0,-
DA:460,0
DA:461,0
DA:462,0
DA:465,0
DA:466,0
BRDA:466,37,0,-
BRDA:466,37,1,-
DA:467,0
DA:468,0
DA:470,0
BRDA:470,38,0,-
DA:471,0
DA:472,0
DA:473,0
DA:475,0
BRDA:475,39,0,-
DA:476,0
DA:477,0
DA:478,0
DA:481,0
DA:482,0
BRDA:482,40,0,-
BRDA:482,40,1,-
DA:483,0
DA:484,0
DA:485,0
BRDA:485,41,0,-
DA:486,0
DA:487,0
DA:494,0
DA:495,0
BRDA:495,42,0,-
BRDA:495,42,1,-
DA:496,0
DA:498,0
DA:501,0
DA:502,0
DA:504,0
DA:516,0
BRDA:516,43,0,-
DA:517,0
DA:520,0
FN:527,MockReaperVault2.updateWithdrawMaxLoss
FNDA:0,MockReaperVault2.updateWithdrawMaxLoss
DA:528,0
BRDA:528,44,0,-
BRDA:528,44,1,-
DA:529,0
DA:530,0
FN:538,MockReaperVault2.updateTvlCap
FNDA:0,MockReaperVault2.updateTvlCap
DA:539,0
DA:540,0
FN:546,MockReaperVault2.removeTvlCap
FNDA:0,MockReaperVault2.removeTvlCap
DA:547,0
FN:562,MockReaperVault2.setEmergencyShutdown
FNDA:0,MockReaperVault2.setEmergencyShutdown
DA:563,0
DA:564,0
FN:571,MockReaperVault2.setLockedProfitDegradation
FNDA:0,MockReaperVault2.setLockedProfitDegradation
DA:572,0
BRDA:572,45,0,-
BRDA:572,45,1,-
DA:573,0
DA:574,0
FN:580,MockReaperVault2.updateTreasury
FNDA:0,MockReaperVault2.updateTreasury
DA:581,0
BRDA:581,46,0,-
BRDA:581,46,1,-
DA:582,0
FN:589,MockReaperVault2.inCaseTokensGetStuck
FNDA:0,MockReaperVault2.inCaseTokensGetStuck
DA:590,0
DA:591,0
BRDA:591,47,0,-
DA:592,0
DA:594,0
BRDA:594,48,0,-
BRDA:594,48,1,-
DA:596,0
DA:597,0
FN:604,MockReaperVault2.decimals
FNDA:0,MockReaperVault2.decimals
DA:605,0
FN:613,MockReaperVault2.uncheckedInc
FNDA:0,MockReaperVault2.uncheckedInc
DA:615,0
FN:619,MockReaperVault2.asset
FNDA:0,MockReaperVault2.asset
DA:620,0
FN:633,MockReaperVault2.convertToAssets
FNDA:0,MockReaperVault2.convertToAssets
DA:634,0
DA:635,0
FNF:31
FNH:1
LF:198
LH:6
BRF:80
BRH:0
end_of_record
TN:
SF:contracts/mocks/tokens/MockVaultUnit.sol
FN:27,MockVaultUnit.
FNDA:204,MockVaultUnit.
DA:28,204
DA:29,204
DA:30,204
FN:36,MockVaultUnit.totalAssets
FNDA:0,MockVaultUnit.totalAssets
DA:37,0
FN:43,MockVaultUnit.convertToShares
FNDA:0,MockVaultUnit.convertToShares
DA:44,0
FN:50,MockVaultUnit.convertToAssets
FNDA:0,MockVaultUnit.convertToAssets
DA:51,0
FN:57,MockVaultUnit.maxDeposit
FNDA:0,MockVaultUnit.maxDeposit
DA:58,0
FN:64,MockVaultUnit._convertToShares
FNDA:0,MockVaultUnit._convertToShares
DA:70,0
FN:76,MockVaultUnit._convertToAssets
FNDA:0,MockVaultUnit._convertToAssets
DA:82,0
FN:88,MockVaultUnit.previewDeposit
FNDA:0,MockVaultUnit.previewDeposit
DA:89,0
FN:95,MockVaultUnit._tryGetAssetDecimals
FNDA:204,MockVaultUnit._tryGetAssetDecimals
DA:96,204
DA:97,204
DA:98,204
BRDA:98,0,0,204
DA:99,204
DA:100,204
BRDA:100,1,0,204
DA:101,204
DA:104,0
FN:107,MockVaultUnit._decimalsOffset
FNDA:0,MockVaultUnit._decimalsOffset
DA:108,0
FN:114,MockVaultUnit.withdraw
FNDA:0,MockVaultUnit.withdraw
DA:119,0
DA:120,0
BRDA:120,2,0,-
DA:121,0
DA:124,0
DA:125,0
DA:127,0
FN:133,MockVaultUnit.previewWithdraw
FNDA:0,MockVaultUnit.previewWithdraw
DA:134,0
FN:140,MockVaultUnit._withdraw
FNDA:0,MockVaultUnit._withdraw
DA:147,0
BRDA:147,3,0,-
DA:148,0
DA:157,0
DA:158,0
FN:166,MockVaultUnit.deposit
FNDA:0,MockVaultUnit.deposit
DA:167,0
DA:168,0
BRDA:168,4,0,-
DA:169,0
DA:172,0
DA:173,0
DA:175,0
FN:181,MockVaultUnit._deposit
FNDA:0,MockVaultUnit._deposit
DA:192,0
DA:193,0
FN:199,MockVaultUnit.maxWithdraw
FNDA:0,MockVaultUnit.maxWithdraw
DA:200,0
FN:203,MockVaultUnit.asset
FNDA:0,MockVaultUnit.asset
DA:204,0
FNF:17
FNH:2
LF:39
LH:9
BRF:5
BRH:2
end_of_record
TN:
SF:contracts/mocks/tokens/WETH9Mocked.sol
FN:8,WETH9Mocked.mint
FNDA:0,WETH9Mocked.mint
DA:9,0
DA:10,0
FNF:1
FNH:0
LF:2
LH:0
BRF:0
BRH:0
end_of_record
TN:
SF:contracts/protocol/configuration/LendingPoolAddressesProvider.sol
FN:28,LendingPoolAddressesProvider.
FNDA:51,LendingPoolAddressesProvider.
FN:38,LendingPoolAddressesProvider.setAddressAsProxy
FNDA:0,LendingPoolAddressesProvider.setAddressAsProxy
DA:43,0
DA:44,0
FN:53,LendingPoolAddressesProvider.setAddress
FNDA:0,LendingPoolAddressesProvider.setAddress
DA:54,0
DA:55,0
FN:63,LendingPoolAddressesProvider.getAddress
FNDA:143765,LendingPoolAddressesProvider.getAddress
DA:64,143765
FN:71,LendingPoolAddressesProvider.getLendingPool
FNDA:27075,LendingPoolAddressesProvider.getLendingPool
DA:72,27075
FN:80,LendingPoolAddressesProvider.setLendingPoolImpl
FNDA:51,LendingPoolAddressesProvider.setLendingPoolImpl
DA:81,51
DA:82,51
FN:89,LendingPoolAddressesProvider.getLendingPoolConfigurator
FNDA:3283,LendingPoolAddressesProvider.getLendingPoolConfigurator
DA:90,3283
FN:98,LendingPoolAddressesProvider.setLendingPoolConfiguratorImpl
FNDA:51,LendingPoolAddressesProvider.setLendingPoolConfiguratorImpl
DA:99,51
DA:100,51
FN:112,LendingPoolAddressesProvider.getPoolAdmin
FNDA:7582,LendingPoolAddressesProvider.getPoolAdmin
DA:113,7582
FN:120,LendingPoolAddressesProvider.setPoolAdmin
FNDA:157,LendingPoolAddressesProvider.setPoolAdmin
DA:121,157
DA:122,157
FN:129,LendingPoolAddressesProvider.getEmergencyAdmin
FNDA:102,LendingPoolAddressesProvider.getEmergencyAdmin
DA:130,102
FN:137,LendingPoolAddressesProvider.setEmergencyAdmin
FNDA:51,LendingPoolAddressesProvider.setEmergencyAdmin
DA:138,51
DA:139,51
FN:146,LendingPoolAddressesProvider.getPriceOracle
FNDA:59107,LendingPoolAddressesProvider.getPriceOracle
DA:147,59107
FN:154,LendingPoolAddressesProvider.setPriceOracle
FNDA:51,LendingPoolAddressesProvider.setPriceOracle
DA:155,51
DA:156,51
FN:168,LendingPoolAddressesProvider._updateImpl
FNDA:102,LendingPoolAddressesProvider._updateImpl
DA:169,102
DA:171,102
DA:173,102
DA:175,102
BRDA:175,0,0,102
BRDA:175,0,1,-
DA:176,102
DA:177,102
DA:178,102
DA:179,102
DA:181,0
FN:189,LendingPoolAddressesProvider.getMiniPoolAddressesProvider
FNDA:1577,LendingPoolAddressesProvider.getMiniPoolAddressesProvider
DA:190,1577
FN:197,LendingPoolAddressesProvider.setMiniPoolAddressesProvider
FNDA:38,LendingPoolAddressesProvider.setMiniPoolAddressesProvider
DA:198,38
FN:205,LendingPoolAddressesProvider.getFlowLimiter
FNDA:45039,LendingPoolAddressesProvider.getFlowLimiter
DA:206,45039
FN:213,LendingPoolAddressesProvider.setFlowLimiter
FNDA:38,LendingPoolAddressesProvider.setFlowLimiter
DA:214,38
FNF:19
FNH:17
LF:33
LH:28
BRF:2
BRH:1
end_of_record
TN:
SF:contracts/protocol/configuration/MiniPoolAddressProvider.sol
FN:41,MiniPoolAddressesProvider.poolIdCheck
FNDA:524,MiniPoolAddressesProvider.poolIdCheck
DA:42,524
BRDA:42,0,0,-
DA:43,0
FN:51,MiniPoolAddressesProvider.onlyMiniPoolConfigurator
FNDA:528,MiniPoolAddressesProvider.onlyMiniPoolConfigurator
DA:52,0
FN:78,MiniPoolAddressesProvider.
FNDA:38,MiniPoolAddressesProvider.
DA:79,38
FN:87,MiniPoolAddressesProvider.getMiniPoolCount
FNDA:0,MiniPoolAddressesProvider.getMiniPoolCount
DA:88,0
FN:95,MiniPoolAddressesProvider.getLendingPoolAddressesProvider
FNDA:0,MiniPoolAddressesProvider.getLendingPoolAddressesProvider
DA:96,0
FN:103,MiniPoolAddressesProvider.getLendingPool
FNDA:5595,MiniPoolAddressesProvider.getLendingPool
DA:104,5595
FN:113,MiniPoolAddressesProvider.getPoolAdmin
FNDA:3046,MiniPoolAddressesProvider.getPoolAdmin
DA:114,3046
FN:121,MiniPoolAddressesProvider.getMainPoolAdmin
FNDA:5336,MiniPoolAddressesProvider.getMainPoolAdmin
DA:122,5336
FN:130,MiniPoolAddressesProvider.getEmergencyAdmin
FNDA:0,MiniPoolAddressesProvider.getEmergencyAdmin
DA:131,0
FN:139,MiniPoolAddressesProvider.getPriceOracle
FNDA:24346,MiniPoolAddressesProvider.getPriceOracle
DA:140,24346
FN:148,MiniPoolAddressesProvider.getFlowLimiter
FNDA:31742,MiniPoolAddressesProvider.getFlowLimiter
DA:149,31742
FN:158,MiniPoolAddressesProvider.getAToken6909
FNDA:0,MiniPoolAddressesProvider.getAToken6909
DA:159,0
FN:167,MiniPoolAddressesProvider.getMiniPool
FNDA:3547,MiniPoolAddressesProvider.getMiniPool
DA:168,3547
FN:176,MiniPoolAddressesProvider.getMiniPoolId
FNDA:2484,MiniPoolAddressesProvider.getMiniPoolId
DA:177,2484
FN:185,MiniPoolAddressesProvider._getMiniPoolId
FNDA:20323,MiniPoolAddressesProvider._getMiniPoolId
DA:186,20323
DA:187,20323
BRDA:187,1,0,20323
DA:188,20323
DA:191,0
FN:199,MiniPoolAddressesProvider.getMiniPoolToAERC6909
FNDA:17839,MiniPoolAddressesProvider.getMiniPoolToAERC6909
DA:200,17839
DA:201,17839
FN:209,MiniPoolAddressesProvider.getMiniPoolToAERC6909
FNDA:0,MiniPoolAddressesProvider.getMiniPoolToAERC6909
DA:210,0
FN:217,MiniPoolAddressesProvider.getMiniPoolCod3xTreasury
FNDA:1562,MiniPoolAddressesProvider.getMiniPoolCod3xTreasury
DA:218,1562
FN:226,MiniPoolAddressesProvider.getMiniPoolOwnerTreasury
FNDA:509,MiniPoolAddressesProvider.getMiniPoolOwnerTreasury
DA:227,509
FN:234,MiniPoolAddressesProvider.getMiniPoolConfigurator
FNDA:4000,MiniPoolAddressesProvider.getMiniPoolConfigurator
DA:235,4000
FN:242,MiniPoolAddressesProvider.getMiniPoolList
FNDA:0,MiniPoolAddressesProvider.getMiniPoolList
DA:243,0
DA:244,0
DA:245,0
DA:247,0
FN:255,MiniPoolAddressesProvider.getAddress
FNDA:0,MiniPoolAddressesProvider.getAddress
DA:256,0
FN:262,MiniPoolAddressesProvider._onlyMiniPoolConfigurator
FNDA:2103,MiniPoolAddressesProvider._onlyMiniPoolConfigurator
DA:263,2103
BRDA:263,2,0,-
BRDA:263,2,1,-
FN:276,MiniPoolAddressesProvider.setMiniPoolImpl
FNDA:0,MiniPoolAddressesProvider.setMiniPoolImpl
DA:277,0
DA:278,0
DA:279,0
DA:280,0
FN:288,MiniPoolAddressesProvider.setAToken6909Impl
FNDA:0,MiniPoolAddressesProvider.setAToken6909Impl
DA:289,0
DA:290,0
DA:291,0
DA:292,0
FN:300,MiniPoolAddressesProvider.setAddress
FNDA:0,MiniPoolAddressesProvider.setAddress
DA:301,0
DA:302,0
FN:312,MiniPoolAddressesProvider.deployMiniPool
FNDA:38,MiniPoolAddressesProvider.deployMiniPool
DA:317,38
DA:318,38
DA:320,38
DA:322,38
DA:324,38
DA:326,38
DA:327,38
DA:329,0
FN:336,MiniPoolAddressesProvider.setMiniPoolConfigurator
FNDA:38,MiniPoolAddressesProvider.setMiniPoolConfigurator
DA:337,38
DA:338,38
FN:349,MiniPoolAddressesProvider.setFlowLimit
FNDA:528,MiniPoolAddressesProvider.setFlowLimit
DA:353,528
DA:354,528
FN:362,MiniPoolAddressesProvider.setPoolAdmin
FNDA:0,MiniPoolAddressesProvider.setPoolAdmin
DA:363,0
BRDA:363,3,0,-
BRDA:363,3,1,-
DA:364,0
DA:365,0
FN:372,MiniPoolAddressesProvider.setCod3xTreasury
FNDA:1051,MiniPoolAddressesProvider.setCod3xTreasury
DA:373,1051
DA:374,1051
FN:382,MiniPoolAddressesProvider.setMinipoolOwnerTreasuryToMiniPool
FNDA:524,MiniPoolAddressesProvider.setMinipoolOwnerTreasuryToMiniPool
DA:387,524
DA:388,524
FN:398,MiniPoolAddressesProvider._updateMiniPool
FNDA:0,MiniPoolAddressesProvider._updateMiniPool
DA:402,0
DA:403,0
DA:405,0
DA:406,0
FN:415,MiniPoolAddressesProvider._updateAToken
FNDA:0,MiniPoolAddressesProvider._updateAToken
DA:419,0
DA:420,0
DA:422,0
DA:424,0
FN:432,MiniPoolAddressesProvider._initMiniPool
FNDA:38,MiniPoolAddressesProvider._initMiniPool
DA:433,38
DA:434,38
DA:436,38
DA:438,38
DA:439,38
FN:447,MiniPoolAddressesProvider._initATokenPool
FNDA:38,MiniPoolAddressesProvider._initATokenPool
DA:448,38
DA:449,38
DA:451,38
DA:453,38
DA:454,38
FN:462,MiniPoolAddressesProvider._updateImpl
FNDA:38,MiniPoolAddressesProvider._updateImpl
DA:463,38
DA:465,38
DA:467,38
DA:468,38
BRDA:468,4,0,38
BRDA:468,4,1,-
DA:469,38
DA:470,38
DA:471,38
DA:472,38
DA:474,0
FNF:37
FNH:24
LF:87
LH:51
BRF:8
BRH:2
end_of_record
TN:
SF:contracts/protocol/core/Oracle.sol
FN:55,Oracle.
FNDA:51,Oracle.
DA:63,51
DA:64,51
DA:65,51
DA:66,51
DA:67,51
FN:76,Oracle.setAssetSources
FNDA:525,Oracle.setAssetSources
DA:81,525
FN:89,Oracle.setFallbackOracle
FNDA:0,Oracle.setFallbackOracle
DA:90,0
FN:99,Oracle._setAssetsSources
FNDA:576,Oracle._setAssetsSources
DA:104,576
BRDA:104,0,0,-
BRDA:104,0,1,-
DA:105,576
DA:106,2304
DA:107,2304
DA:108,2304
FN:116,Oracle._setFallbackOracle
FNDA:51,Oracle._setFallbackOracle
DA:117,51
DA:118,51
FN:127,Oracle.getAssetPrice
FNDA:110983,Oracle.getAssetPrice
DA:128,110983
DA:131,110983
DA:133,29677
DA:134,29677
DA:135,81306
DA:136,81306
DA:139,110983
DA:140,110983
DA:142,110983
BRDA:142,1,0,-
BRDA:142,1,1,-
DA:143,0
DA:144,110983
BRDA:144,2,0,-
BRDA:144,2,1,-
DA:145,0
DA:147,110983
DA:148,110983
DA:152,110983
DA:153,110983
DA:154,0
BRDA:154,3,0,-
BRDA:151,3,1,110983
DA:155,0
BRDA:155,4,0,-
BRDA:155,4,1,-
DA:156,0
DA:158,110983
DA:163,0
BRDA:163,5,0,29677
BRDA:163,5,1,-
DA:164,29677
DA:166,81306
FN:175,Oracle.getAssetsPrices
FNDA:0,Oracle.getAssetsPrices
DA:176,0
DA:177,0
DA:178,0
DA:180,0
FN:188,Oracle.getSourceOfAsset
FNDA:0,Oracle.getSourceOfAsset
DA:189,0
FN:196,Oracle.getFallbackOracle
FNDA:0,Oracle.getFallbackOracle
DA:197,0
FNF:9
FNH:5
LF:43
LH:30
BRF:12
BRH:2
end_of_record
TN:
SF:contracts/protocol/core/interestRateStrategies/BasePiReserveRateStrategy.sol
FN:85,BasePiReserveRateStrategy.
FNDA:95,BasePiReserveRateStrategy.
DA:95,95
BRDA:95,0,0,-
DA:96,0
DA:98,95
DA:99,95
DA:100,95
DA:101,95
DA:102,95
DA:103,95
DA:104,95
DA:105,95
DA:106,95
DA:108,95
BRDA:108,1,0,-
DA:109,0
FN:114,BasePiReserveRateStrategy.onlyLendingPool
FNDA:2413,BasePiReserveRateStrategy.onlyLendingPool
DA:115,2413
BRDA:115,2,0,-
DA:116,0
FN:125,BasePiReserveRateStrategy._getLendingPool
FNDA:0,BasePiReserveRateStrategy._getLendingPool
FN:135,BasePiReserveRateStrategy.getAvailableLiquidity
FNDA:0,BasePiReserveRateStrategy.getAvailableLiquidity
FN:149,BasePiReserveRateStrategy.getCurrentInterestRates
FNDA:0,BasePiReserveRateStrategy.getCurrentInterestRates
FN:155,BasePiReserveRateStrategy.setOptimalUtilizationRate
FNDA:0,BasePiReserveRateStrategy.setOptimalUtilizationRate
DA:156,0
BRDA:156,3,0,-
DA:157,0
DA:159,0
FN:166,BasePiReserveRateStrategy.setMinControllerError
FNDA:0,BasePiReserveRateStrategy.setMinControllerError
DA:167,0
DA:168,0
BRDA:168,4,0,-
DA:169,0
FN:179,BasePiReserveRateStrategy.setPidValues
FNDA:0,BasePiReserveRateStrategy.setPidValues
DA:180,0
DA:181,0
DA:182,0
FN:199,BasePiReserveRateStrategy._calculateInterestRates
FNDA:2413,BasePiReserveRateStrategy._calculateInterestRates
DA:216,2413
DA:217,2413
DA:218,2413
BRDA:218,5,0,-
DA:219,0
DA:221,2413
DA:222,2413
FN:234,BasePiReserveRateStrategy._calculateInterestRates
FNDA:2413,BasePiReserveRateStrategy._calculateInterestRates
DA:240,2413
DA:245,2413
BRDA:245,6,0,7
DA:246,7
DA:247,7
DA:248,7
DA:252,2406
DA:253,2406
DA:254,2406
BRDA:254,7,0,465
DA:255,2406
DA:256,2406
DA:257,2406
DA:258,2406
DA:259,2406
DA:261,2406
DA:264,2406
FN:275,BasePiReserveRateStrategy.getNormalizedError
FNDA:4821,BasePiReserveRateStrategy.getNormalizedError
DA:276,4821
DA:277,4821
DA:278,2415
BRDA:278,8,0,2415
BRDA:277,8,1,2406
DA:280,2406
FN:291,BasePiReserveRateStrategy.getLiquidityRate
FNDA:4821,BasePiReserveRateStrategy.getLiquidityRate
DA:296,4821
FN:306,BasePiReserveRateStrategy.getControllerError
FNDA:4821,BasePiReserveRateStrategy.getControllerError
DA:307,4821
DA:308,4821
FN:317,BasePiReserveRateStrategy.transferFunction
FNDA:4917,BasePiReserveRateStrategy.transferFunction
DA:318,4917
DA:319,2487
FN:328,BasePiReserveRateStrategy.getCod3xReserveFactor
FNDA:2415,BasePiReserveRateStrategy.getCod3xReserveFactor
DA:333,2415
FN:342,BasePiReserveRateStrategy.getMinipoolOwnerReserveFactor
FNDA:805,BasePiReserveRateStrategy.getMinipoolOwnerReserveFactor
DA:347,805
FNF:16
FNH:10
LF:56
LH:43
BRF:10
BRH:4
end_of_record
TN:
SF:contracts/protocol/core/interestRateStrategies/lendingpool/DefaultReserveInterestRateStrategy.sol
FN:59,DefaultReserveInterestRateStrategy.
FNDA:102,DefaultReserveInterestRateStrategy.
DA:66,102
DA:67,102
DA:68,102
DA:69,102
DA:70,102
DA:71,102
FN:75,DefaultReserveInterestRateStrategy.variableRateSlope1
FNDA:0,DefaultReserveInterestRateStrategy.variableRateSlope1
DA:76,0
FN:80,DefaultReserveInterestRateStrategy.variableRateSlope2
FNDA:0,DefaultReserveInterestRateStrategy.variableRateSlope2
DA:81,0
FN:85,DefaultReserveInterestRateStrategy.baseVariableBorrowRate
FNDA:0,DefaultReserveInterestRateStrategy.baseVariableBorrowRate
DA:86,0
FN:90,DefaultReserveInterestRateStrategy.getMaxVariableBorrowRate
FNDA:0,DefaultReserveInterestRateStrategy.getMaxVariableBorrowRate
DA:91,0
FN:104,DefaultReserveInterestRateStrategy.calculateInterestRates
FNDA:14127,DefaultReserveInterestRateStrategy.calculateInterestRates
DA:112,14127
DA:113,14127
BRDA:113,0,0,1
DA:114,1
DA:116,14126
DA:118,14126
FN:140,DefaultReserveInterestRateStrategy.calculateInterestRates
FNDA:14126,DefaultReserveInterestRateStrategy.calculateInterestRates
DA:146,14126
DA:148,14126
DA:149,14126
DA:150,14126
DA:152,14126
DA:155,14126
BRDA:155,1,0,1214
BRDA:155,1,1,12912
DA:156,1214
DA:157,1214
DA:159,1214
DA:162,12912
DA:166,14126
DA:169,14126
FNF:7
FNH:3
LF:27
LH:23
BRF:3
BRH:3
end_of_record
TN:
SF:contracts/protocol/core/interestRateStrategies/lendingpool/PiReserveInterestRateStrategy.sol
FN:46,PiReserveInterestRateStrategy.
FNDA:55,PiReserveInterestRateStrategy.
FN:69,PiReserveInterestRateStrategy._getLendingPool
FNDA:3218,PiReserveInterestRateStrategy._getLendingPool
DA:70,3218
FN:74,PiReserveInterestRateStrategy.getAvailableLiquidity
FNDA:3218,PiReserveInterestRateStrategy.getAvailableLiquidity
DA:80,3218
FN:86,PiReserveInterestRateStrategy.getCurrentInterestRates
FNDA:1610,PiReserveInterestRateStrategy.getCurrentInterestRates
DA:88,1610
DA:89,1610
DA:90,1610
DA:91,1610
DA:93,1610
DA:98,1610
DA:99,1610
DA:102,1610
DA:106,1610
FN:112,PiReserveInterestRateStrategy.baseVariableBorrowRate
FNDA:0,PiReserveInterestRateStrategy.baseVariableBorrowRate
DA:113,0
FN:117,PiReserveInterestRateStrategy.getMaxVariableBorrowRate
FNDA:0,PiReserveInterestRateStrategy.getMaxVariableBorrowRate
DA:118,0
FN:132,PiReserveInterestRateStrategy.calculateInterestRates
FNDA:1608,PiReserveInterestRateStrategy.calculateInterestRates
DA:145,1608
FNF:7
FNH:5
LF:14
LH:12
BRF:0
BRH:0
end_of_record
TN:
SF:contracts/protocol/core/interestRateStrategies/minipool/MiniPoolDefaultReserveInterestRate.sol
FN:71,MiniPoolDefaultReserveInterestRateStrategy.
FNDA:76,MiniPoolDefaultReserveInterestRateStrategy.
DA:78,76
DA:79,76
DA:80,76
DA:81,76
DA:82,76
DA:83,76
FN:87,MiniPoolDefaultReserveInterestRateStrategy.variableRateSlope1
FNDA:0,MiniPoolDefaultReserveInterestRateStrategy.variableRateSlope1
DA:88,0
FN:92,MiniPoolDefaultReserveInterestRateStrategy.variableRateSlope2
FNDA:0,MiniPoolDefaultReserveInterestRateStrategy.variableRateSlope2
DA:93,0
FN:97,MiniPoolDefaultReserveInterestRateStrategy.baseVariableBorrowRate
FNDA:0,MiniPoolDefaultReserveInterestRateStrategy.baseVariableBorrowRate
DA:98,0
FN:102,MiniPoolDefaultReserveInterestRateStrategy.getMaxVariableBorrowRate
FNDA:0,MiniPoolDefaultReserveInterestRateStrategy.getMaxVariableBorrowRate
DA:103,0
FN:130,MiniPoolDefaultReserveInterestRateStrategy.calculateInterestRates
FNDA:23715,MiniPoolDefaultReserveInterestRateStrategy.calculateInterestRates
DA:138,23715
DA:140,23715
DA:141,12243
BRDA:141,0,0,12243
BRDA:141,0,1,-
DA:142,12243
DA:143,12243
DA:144,12243
DA:145,12243
DA:147,12243
DA:151,11472
DA:154,23715
BRDA:154,1,0,-
DA:155,0
DA:159,23715
DA:161,23715
FN:195,MiniPoolDefaultReserveInterestRateStrategy.calculateInterestRates
FNDA:23715,MiniPoolDefaultReserveInterestRateStrategy.calculateInterestRates
DA:202,23715
DA:204,23715
DA:205,23715
DA:206,23715
DA:208,23715
DA:211,23715
BRDA:211,2,0,4309
BRDA:211,2,1,19406
DA:212,4309
DA:213,4309
DA:215,4309
DA:218,19406
DA:222,23715
DA:227,23715
BRDA:227,3,0,1044
DA:228,1044
DA:229,1044
DA:231,1044
DA:246,1044
BRDA:246,4,0,-
DA:247,0
DA:248,0
DA:256,23715
FNF:7
FNH:3
LF:42
LH:35
BRF:7
BRH:4
end_of_record
TN:
SF:contracts/protocol/core/interestRateStrategies/minipool/MiniPoolPiReserveInterestRateStrategy.sol
FN:60,MiniPoolPiReserveInterestRateStrategy.
FNDA:40,MiniPoolPiReserveInterestRateStrategy.
DA:82,40
FN:86,MiniPoolPiReserveInterestRateStrategy._getLendingPool
FNDA:2415,MiniPoolPiReserveInterestRateStrategy._getLendingPool
DA:87,2415
FN:91,MiniPoolPiReserveInterestRateStrategy.getAvailableLiquidity
FNDA:805,MiniPoolPiReserveInterestRateStrategy.getAvailableLiquidity
DA:97,805
DA:99,0
BRDA:99,0,0,-
BRDA:99,0,1,-
DA:100,0
DA:102,0
DA:103,0
DA:104,0
DA:106,0
DA:110,805
FN:117,MiniPoolPiReserveInterestRateStrategy.getCurrentInterestRates
FNDA:805,MiniPoolPiReserveInterestRateStrategy.getCurrentInterestRates
DA:119,805
DA:122,805
DA:123,805
DA:124,805
DA:125,805
DA:126,805
DA:131,805
DA:132,805
DA:135,805
DA:141,805
FN:150,MiniPoolPiReserveInterestRateStrategy.baseVariableBorrowRate
FNDA:0,MiniPoolPiReserveInterestRateStrategy.baseVariableBorrowRate
DA:151,0
FN:158,MiniPoolPiReserveInterestRateStrategy.getMaxVariableBorrowRate
FNDA:0,MiniPoolPiReserveInterestRateStrategy.getMaxVariableBorrowRate
DA:159,0
FN:174,MiniPoolPiReserveInterestRateStrategy.calculateInterestRates
FNDA:805,MiniPoolPiReserveInterestRateStrategy.calculateInterestRates
DA:187,805
DA:188,805
DA:189,805
DA:190,805
DA:197,805
BRDA:197,1,0,-
DA:198,0
DA:202,0
DA:217,0
BRDA:217,2,0,-
DA:218,0
DA:219,0
FNF:7
FNH:5
LF:32
LH:19
BRF:4
BRH:0
end_of_record
TN:
SF:contracts/protocol/core/lendingpool/LendingPool.sol
FN:65,LendingPool.whenNotPaused
FNDA:803,LendingPool.whenNotPaused
DA:66,0
FN:74,LendingPool.onlyLendingPoolConfigurator
FNDA:0,LendingPool.onlyLendingPoolConfigurator
DA:75,0
FN:83,LendingPool._whenNotPaused
FNDA:36156,LendingPool._whenNotPaused
DA:84,36156
BRDA:84,0,0,-
BRDA:84,0,1,-
FN:91,LendingPool._onlyLendingPoolConfigurator
FNDA:2182,LendingPool._onlyLendingPoolConfigurator
DA:92,2182
BRDA:92,1,0,2182
BRDA:92,1,1,-
FN:99,LendingPool.getRevision
FNDA:102,LendingPool.getRevision
DA:100,102
FN:110,LendingPool.initialize
FNDA:102,LendingPool.initialize
DA:111,102
DA:112,102
DA:113,102
FN:126,LendingPool.deposit
FNDA:12301,LendingPool.deposit
DA:131,12301
FN:151,LendingPool.withdraw
FNDA:1044,LendingPool.withdraw
DA:157,1044
FN:177,LendingPool.borrow
FNDA:1859,LendingPool.borrow
DA:182,1859
DA:184,1859
FN:215,LendingPool.repay
FNDA:803,LendingPool.repay
DA:221,803
FN:235,LendingPool.repayWithATokens
FNDA:1057,LendingPool.repayWithATokens
DA:241,1057
FN:255,LendingPool.setUserUseReserveAsCollateral
FNDA:522,LendingPool.setUserUseReserveAsCollateral
DA:260,522
DA:262,522
DA:274,522
DA:276,261
BRDA:276,2,0,261
BRDA:276,2,1,261
DA:277,261
DA:279,261
FN:296,LendingPool.liquidationCall
FNDA:523,LendingPool.liquidationCall
DA:305,523
BRDA:305,3,0,-
BRDA:305,3,1,-
DA:307,523
FN:341,LendingPool.flashLoan
FNDA:3,LendingPool.flashLoan
DA:347,3
FN:374,LendingPool.miniPoolBorrow
FNDA:1054,LendingPool.miniPoolBorrow
DA:379,1054
BRDA:379,4,0,-
BRDA:379,4,1,-
DA:381,1054
FN:400,LendingPool._isMiniPool
FNDA:1577,LendingPool._isMiniPool
DA:401,1577
DA:402,1577
DA:403,1054
FN:413,LendingPool.getReserveData
FNDA:82626,LendingPool.getReserveData
DA:419,82626
FN:432,LendingPool.getUserAccountData
FNDA:1566,LendingPool.getUserAccountData
DA:445,1566
DA:455,1566
FN:465,LendingPool.getConfiguration
FNDA:5522,LendingPool.getConfiguration
DA:471,5522
FN:479,LendingPool.getUserConfiguration
FNDA:1567,LendingPool.getUserConfiguration
DA:485,1567
FN:494,LendingPool.getReserveNormalizedIncome
FNDA:129763,LendingPool.getReserveNormalizedIncome
DA:501,129763
FN:510,LendingPool.getReserveNormalizedVariableDebt
FNDA:33140,LendingPool.getReserveNormalizedVariableDebt
DA:516,33140
FN:523,LendingPool.paused
FNDA:0,LendingPool.paused
DA:524,0
FN:532,LendingPool.getReservesList
FNDA:0,LendingPool.getReservesList
DA:533,0
DA:534,0
DA:536,0
DA:537,0
DA:538,0
DA:540,0
FN:547,LendingPool.getReservesCount
FNDA:0,LendingPool.getReservesCount
DA:548,0
FN:555,LendingPool.getAddressesProvider
FNDA:0,LendingPool.getAddressesProvider
DA:561,0
FN:568,LendingPool.FLASHLOAN_PREMIUM_TOTAL
FNDA:0,LendingPool.FLASHLOAN_PREMIUM_TOTAL
DA:569,0
FN:576,LendingPool.MAX_NUMBER_RESERVES
FNDA:152,LendingPool.MAX_NUMBER_RESERVES
DA:577,152
FN:591,LendingPool.finalizeTransfer
FNDA:16990,LendingPool.finalizeTransfer
DA:600,16990
FN:627,LendingPool.initReserve
FNDA:206,LendingPool.initReserve
DA:634,206
BRDA:634,6,0,-
BRDA:634,6,1,-
DA:635,206
DA:638,206
FN:648,LendingPool.setReserveInterestRateStrategyAddress
FNDA:525,LendingPool.setReserveInterestRateStrategyAddress
DA:653,525
FN:663,LendingPool.setConfiguration
FNDA:1349,LendingPool.setConfiguration
DA:668,1349
FN:676,LendingPool.setPause
FNDA:102,LendingPool.setPause
DA:677,102
DA:678,51
BRDA:678,7,0,51
BRDA:678,7,1,51
DA:679,51
DA:681,51
FN:690,LendingPool.setFarmingPct
FNDA:0,LendingPool.setFarmingPct
DA:695,0
FN:703,LendingPool.setClaimingThreshold
FNDA:0,LendingPool.setClaimingThreshold
DA:708,0
FN:716,LendingPool.setFarmingPctDrift
FNDA:0,LendingPool.setFarmingPctDrift
DA:721,0
FN:729,LendingPool.setProfitHandler
FNDA:0,LendingPool.setProfitHandler
DA:734,0
FN:742,LendingPool.setVault
FNDA:0,LendingPool.setVault
DA:747,0
FN:754,LendingPool.rebalance
FNDA:0,LendingPool.rebalance
DA:755,0
FN:763,LendingPool.getTotalManagedAssets
FNDA:0,LendingPool.getTotalManagedAssets
DA:769,0
FN:777,LendingPool._addReserveToList
FNDA:206,LendingPool._addReserveToList
DA:778,206
DA:780,206
BRDA:780,8,0,-
BRDA:780,8,1,-
DA:782,206
DA:783,206
DA:785,206
BRDA:785,9,0,206
DA:786,206
DA:787,206
DA:789,206
FN:797,LendingPool.updateFlashLoanFee
FNDA:0,LendingPool.updateFlashLoanFee
DA:802,0
FN:809,LendingPool._updateFlashLoanFee
FNDA:102,LendingPool._updateFlashLoanFee
DA:810,102
FN:819,LendingPool.setRewarderForReserve
FNDA:0,LendingPool.setRewarderForReserve
DA:824,0
DA:825,0
FN:835,LendingPool.setTreasury
FNDA:0,LendingPool.setTreasury
DA:840,0
FNF:45
FNH:29
LF:76
LH:53
BRF:17
BRH:6
end_of_record
TN:
SF:contracts/protocol/core/lendingpool/LendingPoolConfigurator.sol
FN:48,LendingPoolConfigurator.onlyPoolAdmin
FNDA:0,LendingPoolConfigurator.onlyPoolAdmin
DA:49,0
BRDA:49,0,0,-
BRDA:49,0,1,-
FN:57,LendingPoolConfigurator.onlyEmergencyAdmin
FNDA:0,LendingPoolConfigurator.onlyEmergencyAdmin
DA:58,0
BRDA:58,1,0,102
BRDA:58,1,1,-
FN:69,LendingPoolConfigurator.getRevision
FNDA:51,LendingPoolConfigurator.getRevision
DA:70,51
FN:77,LendingPoolConfigurator.initialize
FNDA:51,LendingPoolConfigurator.initialize
DA:78,51
DA:79,51
FN:86,LendingPoolConfigurator.batchInitReserve
FNDA:53,LendingPoolConfigurator.batchInitReserve
DA:87,53
DA:88,53
DA:89,206
FN:99,LendingPoolConfigurator._initReserve
FNDA:206,LendingPoolConfigurator._initReserve
DA:100,206
DA:116,206
DA:131,206
DA:139,206
DA:140,206
DA:142,206
DA:143,206
DA:144,206
DA:145,206
DA:146,206
DA:148,206
DA:150,206
FN:164,LendingPoolConfigurator.updateAToken
FNDA:0,LendingPoolConfigurator.updateAToken
DA:165,0
DA:167,0
DA:168,0
DA:170,0
DA:171,0
DA:173,0
DA:185,0
DA:187,0
FN:197,LendingPoolConfigurator.updateVariableDebtToken
FNDA:0,LendingPoolConfigurator.updateVariableDebtToken
DA:198,0
DA:200,0
DA:201,0
DA:203,0
DA:204,0
DA:206,0
DA:217,0
DA:221,0
FN:233,LendingPoolConfigurator.enableBorrowingOnReserve
FNDA:206,LendingPoolConfigurator.enableBorrowingOnReserve
DA:234,206
DA:235,206
DA:237,206
DA:239,206
DA:241,206
FN:251,LendingPoolConfigurator.disableBorrowingOnReserve
FNDA:0,LendingPoolConfigurator.disableBorrowingOnReserve
DA:252,0
DA:253,0
DA:255,0
DA:257,0
DA:258,0
FN:274,LendingPoolConfigurator.configureReserveAsCollateral
FNDA:206,LendingPoolConfigurator.configureReserveAsCollateral
DA:281,206
DA:282,206
DA:287,206
BRDA:287,2,0,-
BRDA:287,2,1,-
DA:289,206
BRDA:289,3,0,206
BRDA:289,3,1,-
DA:292,206
BRDA:292,4,0,-
BRDA:292,4,1,-
DA:299,206
BRDA:299,5,0,-
BRDA:299,5,1,-
DA:305,0
BRDA:305,6,0,-
BRDA:305,6,1,-
DA:309,0
DA:312,206
DA:313,206
DA:314,206
DA:316,206
DA:318,206
FN:330,LendingPoolConfigurator.activateReserve
FNDA:0,LendingPoolConfigurator.activateReserve
DA:331,0
DA:332,0
DA:334,0
DA:336,0
DA:338,0
FN:349,LendingPoolConfigurator.deactivateReserve
FNDA:0,LendingPoolConfigurator.deactivateReserve
DA:350,0
DA:352,0
DA:353,0
DA:355,0
DA:357,0
DA:359,0
FN:369,LendingPoolConfigurator.freezeReserve
FNDA:0,LendingPoolConfigurator.freezeReserve
DA:370,0
DA:371,0
DA:373,0
DA:375,0
DA:377,0
FN:387,LendingPoolConfigurator.unfreezeReserve
FNDA:0,LendingPoolConfigurator.unfreezeReserve
DA:388,0
DA:389,0
DA:391,0
DA:393,0
DA:395,0
FN:405,LendingPoolConfigurator.enableFlashloan
FNDA:0,LendingPoolConfigurator.enableFlashloan
DA:406,0
DA:407,0
DA:409,0
DA:411,0
DA:413,0
FN:423,LendingPoolConfigurator.disableFlashloan
FNDA:0,LendingPoolConfigurator.disableFlashloan
DA:424,0
DA:425,0
DA:427,0
DA:429,0
DA:431,0
FN:443,LendingPoolConfigurator.setCod3xReserveFactor
FNDA:731,LendingPoolConfigurator.setCod3xReserveFactor
DA:447,731
DA:448,731
DA:450,731
DA:452,731
DA:454,731
FN:465,LendingPoolConfigurator.setDepositCap
FNDA:0,LendingPoolConfigurator.setDepositCap
DA:469,0
DA:470,0
DA:472,0
DA:474,0
DA:476,0
FN:487,LendingPoolConfigurator.setReserveInterestRateStrategyAddress
FNDA:525,LendingPoolConfigurator.setReserveInterestRateStrategyAddress
DA:492,525
DA:493,525
FN:501,LendingPoolConfigurator.setPoolPause
FNDA:102,LendingPoolConfigurator.setPoolPause
DA:502,102
FN:512,LendingPoolConfigurator.updateFlashloanPremiumTotal
FNDA:0,LendingPoolConfigurator.updateFlashloanPremiumTotal
DA:513,0
BRDA:513,7,0,-
BRDA:513,7,1,-
DA:517,0
DA:518,0
DA:519,0
FN:528,LendingPoolConfigurator._initTokenWithProxy
FNDA:412,LendingPoolConfigurator._initTokenWithProxy
DA:532,412
DA:533,412
DA:535,412
DA:537,412
FN:546,LendingPoolConfigurator._upgradeTokenImplementation
FNDA:0,LendingPoolConfigurator._upgradeTokenImplementation
DA:551,0
DA:554,0
FN:563,LendingPoolConfigurator._checkNoLiquidity
FNDA:0,LendingPoolConfigurator._checkNoLiquidity
DA:564,0
DA:566,0
DA:568,0
BRDA:568,8,0,-
BRDA:568,8,1,-
FN:580,LendingPoolConfigurator.setFarmingPct
FNDA:0,LendingPoolConfigurator.setFarmingPct
DA:581,0
FN:590,LendingPoolConfigurator.setClaimingThreshold
FNDA:0,LendingPoolConfigurator.setClaimingThreshold
DA:594,0
FN:603,LendingPoolConfigurator.setFarmingPctDrift
FNDA:0,LendingPoolConfigurator.setFarmingPctDrift
DA:607,0
FN:616,LendingPoolConfigurator.setProfitHandler
FNDA:0,LendingPoolConfigurator.setProfitHandler
DA:620,0
FN:629,LendingPoolConfigurator.setVault
FNDA:0,LendingPoolConfigurator.setVault
DA:630,0
FN:638,LendingPoolConfigurator.rebalance
FNDA:0,LendingPoolConfigurator.rebalance
DA:639,0
FN:647,LendingPoolConfigurator.getTotalManagedAssets
FNDA:0,LendingPoolConfigurator.getTotalManagedAssets
DA:648,0
FN:658,LendingPoolConfigurator.setRewarderForReserve
FNDA:0,LendingPoolConfigurator.setRewarderForReserve
DA:662,0
FN:672,LendingPoolConfigurator.setTreasury
FNDA:0,LendingPoolConfigurator.setTreasury
DA:676,0
FNF:34
FNH:10
LF:125
LH:46
BRF:18
BRH:2
end_of_record
TN:
SF:contracts/protocol/core/lendingpool/logic/BorrowLogic.sol
FN:99,BorrowLogic.calculateUserAccountDataVolatile
FNDA:1859,BorrowLogic.calculateUserAccountDataVolatile
DA:105,1859
DA:107,1859
BRDA:107,0,0,261
DA:108,261
DA:111,1598
DA:112,6392
BRDA:112,1,0,3994
DA:113,3994
DA:116,2398
DA:117,2398
DA:118,2398
DA:121,2398
DA:124,2398
DA:125,2398
DA:127,2398
BRDA:127,2,0,1598
DA:128,1598
DA:131,1598
DA:132,1598
DA:134,1598
DA:136,1598
DA:137,1598
DA:141,2398
BRDA:141,3,0,800
DA:142,800
DA:145,800
DA:150,1598
DA:151,1598
DA:155,1598
DA:159,1598
FN:199,BorrowLogic.executeBorrow
FNDA:1859,BorrowLogic.executeBorrow
DA:205,1859
DA:206,1859
BRDA:206,4,0,-
BRDA:206,4,1,-
DA:208,1859
DA:210,1859
DA:212,1859
DA:214,1859
DA:215,1859
DA:216,1859
DA:218,1859
DA:219,1859
DA:220,1859
DA:224,1597
DA:227,1597
DA:229,1597
DA:233,797
BRDA:233,5,0,797
DA:234,797
DA:238,1597
DA:242,1596
BRDA:242,6,0,1596
DA:243,1596
DA:246,1596
FN:276,BorrowLogic.executeMiniPoolBorrow
FNDA:1054,BorrowLogic.executeMiniPoolBorrow
DA:280,1054
DA:281,1054
DA:282,1054
BRDA:282,7,0,-
BRDA:282,7,1,-
DA:285,1054
DA:286,1054
DA:287,0
BRDA:287,8,0,-
BRDA:284,8,1,-
DA:288,0
DA:290,1054
DA:292,1054
DA:299,1054
DA:301,1054
DA:305,1054
FN:323,BorrowLogic.amountInETH
FNDA:1859,BorrowLogic.amountInETH
DA:328,1859
FN:365,BorrowLogic.repay
FNDA:803,BorrowLogic.repay
DA:370,803
DA:372,803
DA:374,803
DA:376,803
DA:378,803
DA:380,0
FN:390,BorrowLogic.repayWithAtokens
FNDA:1057,BorrowLogic.repayWithAtokens
DA:395,1057
DA:397,1057
DA:399,1057
DA:401,1057
DA:403,1057
DA:405,0
FN:416,BorrowLogic._repay
FNDA:1860,BorrowLogic._repay
DA:421,1860
DA:423,1860
DA:425,1860
DA:427,1860
BRDA:427,9,0,1072
DA:428,1072
DA:431,1860
DA:433,1860
DA:437,1860
DA:438,1860
DA:440,1860
BRDA:440,10,0,788
DA:441,788
FNF:7
FNH:7
LF:82
LH:78
BRF:14
BRH:8
end_of_record
TN:
SF:contracts/protocol/core/lendingpool/logic/DepositLogic.sol
FN:72,DepositLogic.deposit
FNDA:12301,DepositLogic.deposit
DA:78,12301
DA:80,12301
DA:82,12301
DA:84,12301
DA:85,12301
DA:87,12301
DA:89,12301
DA:90,12301
DA:92,12178
BRDA:92,0,0,12178
DA:93,12178
DA:94,12178
DA:97,12301
FNF:1
FNH:1
LF:12
LH:12
BRF:1
BRH:1
end_of_record
TN:
SF:contracts/protocol/core/lendingpool/logic/FlashLoanLogic.sol
FN:121,FlashLoanLogic.flashLoan
FNDA:3,FlashLoanLogic.flashLoan
DA:127,3
DA:129,3
DA:133,3
DA:134,3
DA:136,3
DA:138,3
DA:148,3
BRDA:148,0,0,3
BRDA:148,0,1,-
DA:159,2
DA:160,5
DA:161,5
DA:162,5
DA:163,5
DA:164,5
DA:167,5
DA:169,5
BRDA:169,1,0,5
BRDA:166,1,1,-
DA:170,5
DA:184,0
DA:202,4
FN:225,FlashLoanLogic.getATokenAdressesAndPremiums
FNDA:3,FlashLoanLogic.getATokenAdressesAndPremiums
DA:234,3
DA:235,3
DA:236,3
DA:237,12
DA:239,12
DA:243,12
FN:253,FlashLoanLogic._handleFlashLoanRepayment
FNDA:5,FlashLoanLogic._handleFlashLoanRepayment
DA:257,5
DA:260,5
DA:261,5
DA:263,5
DA:265,5
DA:269,5
DA:273,4
FNF:3
FNH:3
LF:31
LH:30
BRF:4
BRH:2
end_of_record
TN:
SF:contracts/protocol/core/lendingpool/logic/GenericLogic.sol
FN:67,GenericLogic.balanceDecreaseAllowed
FNDA:1305,GenericLogic.balanceDecreaseAllowed
DA:79,1305
DA:80,0
DA:81,1305
BRDA:81,0,0,1305
DA:82,1305
DA:85,0
DA:87,0
DA:90,0
BRDA:90,1,0,-
DA:91,0
DA:94,0
DA:97,0
BRDA:97,2,0,-
DA:98,0
DA:101,0
DA:103,0
DA:106,0
BRDA:106,3,0,-
DA:107,0
DA:110,0
DA:115,0
DA:121,0
FN:133,GenericLogic.getAmountToDecreaseInEth
FNDA:0,GenericLogic.getAmountToDecreaseInEth
DA:139,0
FN:193,GenericLogic.calculateUserAccountData
FNDA:19079,GenericLogic.calculateUserAccountData
DA:201,19079
DA:203,19079
BRDA:203,4,0,-
DA:204,0
DA:206,19079
DA:207,76316
BRDA:207,5,0,48979
DA:208,48979
DA:211,27337
DA:212,27337
DA:213,27337
DA:216,27337
DA:219,27337
DA:220,27337
DA:222,27337
BRDA:222,6,0,25248
DA:223,25248
DA:226,25248
DA:227,25248
DA:229,25248
DA:231,25248
DA:232,25248
DA:236,27337
BRDA:236,7,0,2089
DA:237,2089
DA:240,2089
DA:245,19079
DA:246,19079
DA:250,19079
DA:253,10501
FN:270,GenericLogic.calculateHealthFactorFromBalances
FNDA:20677,GenericLogic.calculateHealthFactorFromBalances
DA:275,20677
DA:277,2889
FN:288,GenericLogic.calculateAvailableBorrowsETH
FNDA:1566,GenericLogic.calculateAvailableBorrowsETH
DA:293,1566
DA:295,1566
BRDA:295,9,0,855
DA:296,855
DA:299,711
DA:300,711
FNF:5
FNH:4
LF:52
LH:35
BRF:9
BRH:5
end_of_record
TN:
SF:contracts/protocol/core/lendingpool/logic/LiquidationLogic.sol
FN:137,LiquidationLogic.liquidationCall
FNDA:523,LiquidationLogic.liquidationCall
DA:143,523
DA:145,523
DA:146,523
DA:148,523
DA:149,523
DA:152,523
DA:161,523
DA:163,523
DA:167,522
DA:169,523
DA:171,522
DA:174,522
DA:178,522
DA:193,522
BRDA:193,0,0,-
DA:194,0
DA:199,522
BRDA:199,1,0,522
DA:200,522
DA:201,522
DA:202,522
BRDA:202,2,0,-
DA:203,0
DA:207,522
DA:209,522
BRDA:209,3,0,522
BRDA:209,3,1,-
DA:210,522
DA:214,0
DA:219,522
DA:223,0
BRDA:223,4,0,-
BRDA:223,4,1,-
DA:224,0
DA:226,0
DA:230,0
BRDA:230,5,0,-
DA:231,0
DA:232,0
DA:233,0
DA:236,522
DA:237,522
DA:245,522
DA:255,0
BRDA:255,6,0,-
DA:256,0
DA:257,0
DA:261,522
DA:265,0
DA:269,522
FN:313,LiquidationLogic._calculateAvailableCollateralToLiquidate
FNDA:522,LiquidationLogic._calculateAvailableCollateralToLiquidate
DA:322,522
DA:323,522
DA:324,522
DA:326,522
DA:328,522
DA:329,522
DA:331,522
DA:333,522
DA:337,522
DA:343,522
BRDA:343,7,0,-
BRDA:343,7,1,522
DA:344,0
DA:345,0
DA:350,522
DA:351,522
DA:353,522
FNF:2
FNH:2
LF:56
LH:40
BRF:11
BRH:3
end_of_record
TN:
SF:contracts/protocol/core/lendingpool/logic/ReserveLogic.sol
FN:55,ReserveLogic.getNormalizedIncome
FNDA:129763,ReserveLogic.getNormalizedIncome
DA:60,129763
DA:63,129763
BRDA:63,0,0,115239
DA:64,115239
DA:67,14524
DA:71,0
FN:81,ReserveLogic.getNormalizedDebt
FNDA:33140,ReserveLogic.getNormalizedDebt
DA:86,33140
DA:89,33140
BRDA:89,1,0,23102
DA:90,23102
DA:93,10038
DA:97,0
FN:104,ReserveLogic.updateState
FNDA:18905,ReserveLogic.updateState
DA:105,18905
DA:106,18905
DA:107,18905
DA:108,18905
DA:109,18905
DA:111,18905
DA:119,18905
FN:136,ReserveLogic.cumulateToLiquidityIndex
FNDA:5,ReserveLogic.cumulateToLiquidityIndex
DA:141,5
DA:143,5
DA:145,5
DA:146,5
BRDA:146,2,0,-
BRDA:146,2,1,-
DA:148,5
FN:158,ReserveLogic.init
FNDA:206,ReserveLogic.init
DA:164,206
BRDA:164,3,0,-
BRDA:164,3,1,-
DA:166,206
DA:167,206
DA:168,206
DA:169,206
DA:170,206
FN:187,ReserveLogic.updateInterestRates
FNDA:18905,ReserveLogic.updateInterestRates
DA:194,18905
DA:199,18905
DA:202,18905
DA:212,18904
BRDA:212,4,0,-
BRDA:212,4,1,-
DA:213,18904
BRDA:213,5,0,-
BRDA:213,5,1,-
DA:215,18904
DA:216,18904
DA:218,18904
FN:243,ReserveLogic._mintToTreasury
FNDA:18905,ReserveLogic._mintToTreasury
DA:251,18905
DA:253,18905
DA:255,18905
BRDA:255,6,0,3432
DA:256,3432
DA:260,15473
DA:263,15473
DA:266,15473
DA:268,15473
DA:270,15473
BRDA:270,7,0,1605
DA:271,1605
FN:284,ReserveLogic._updateIndexes
FNDA:18905,ReserveLogic._updateIndexes
DA:291,18905
DA:293,18905
DA:294,18905
DA:297,18905
BRDA:297,8,0,5554
DA:298,5554
DA:299,5554
DA:300,5554
DA:301,5554
BRDA:301,9,0,-
BRDA:301,9,1,-
DA:303,5554
DA:308,18905
BRDA:308,10,0,4241
DA:309,4241
DA:310,4241
DA:311,4241
DA:312,4241
BRDA:312,11,0,-
BRDA:312,11,1,-
DA:316,4241
DA:319,18905
DA:320,18905
FNF:8
FNH:8
LF:63
LH:61
BRF:18
BRH:6
end_of_record
TN:
SF:contracts/protocol/core/lendingpool/logic/ValidationLogic.sol
FN:43,ValidationLogic.validateDeposit
FNDA:12301,ValidationLogic.validateDeposit
DA:44,12301
DA:48,12301
DA:49,12301
BRDA:49,0,0,-
BRDA:49,0,1,-
DA:56,12301
BRDA:56,1,0,-
BRDA:56,1,1,-
DA:57,12301
BRDA:57,2,0,-
BRDA:57,2,1,-
DA:58,12301
BRDA:58,3,0,-
BRDA:58,3,1,-
FN:92,ValidationLogic.validateWithdraw
FNDA:1044,ValidationLogic.validateWithdraw
DA:98,1044
BRDA:98,4,0,-
BRDA:98,4,1,-
DA:99,1044
BRDA:99,5,0,-
BRDA:99,5,1,-
DA:104,1044
DA:107,1044
BRDA:107,6,0,-
BRDA:107,6,1,-
DA:109,1044
BRDA:109,7,0,1044
BRDA:109,7,1,-
FN:170,ValidationLogic.validateBorrow
FNDA:1859,ValidationLogic.validateBorrow
DA:177,1859
DA:178,1859
DA:179,1859
DA:180,1859
DA:181,1859
DA:183,1859
DA:185,1859
BRDA:185,8,0,-
BRDA:185,8,1,-
DA:186,1859
BRDA:186,9,0,-
BRDA:186,9,1,-
DA:187,1859
BRDA:187,10,0,-
BRDA:187,10,1,-
DA:188,1859
BRDA:188,11,0,-
BRDA:188,11,1,-
DA:190,1859
DA:198,1859
BRDA:198,12,0,-
BRDA:198,12,1,-
DA:200,1598
BRDA:200,13,0,-
BRDA:200,13,1,-
DA:206,1598
DA:209,1598
BRDA:209,14,0,-
BRDA:209,14,1,-
FN:226,ValidationLogic.validateRepay
FNDA:1860,ValidationLogic.validateRepay
DA:232,1860
DA:234,1860
BRDA:234,15,0,-
BRDA:234,15,1,-
DA:236,1860
BRDA:236,16,0,-
BRDA:236,16,1,-
DA:238,1860
BRDA:238,17,0,-
BRDA:238,17,1,-
DA:240,1860
BRDA:240,18,0,1860
BRDA:240,18,1,-
FN:258,ValidationLogic.validateSetUseReserveAsCollateral
FNDA:522,ValidationLogic.validateSetUseReserveAsCollateral
DA:269,522
DA:271,522
BRDA:271,19,0,-
BRDA:271,19,1,-
DA:273,522
BRDA:273,20,0,261
BRDA:273,20,1,-
FN:300,ValidationLogic.validateFlashloan
FNDA:3,ValidationLogic.validateFlashloan
DA:306,3
BRDA:306,21,0,-
BRDA:306,21,1,-
DA:307,3
DA:308,12
FN:320,ValidationLogic.validateFlashloanSimple
FNDA:12,ValidationLogic.validateFlashloanSimple
DA:321,12
DA:322,12
BRDA:322,22,0,-
BRDA:322,22,1,-
DA:323,12
BRDA:323,23,0,-
BRDA:323,23,1,-
DA:324,12
BRDA:324,24,0,-
BRDA:324,24,1,-
FN:340,ValidationLogic.validateLiquidationCall
FNDA:523,ValidationLogic.validateLiquidationCall
DA:348,523
DA:349,523
DA:350,0
BRDA:350,25,0,-
DA:351,0
DA:354,523
BRDA:354,26,0,1
DA:355,1
DA:358,522
DA:359,522
DA:362,522
BRDA:362,27,0,-
DA:363,0
DA:366,522
BRDA:366,28,0,-
DA:367,0
FN:381,ValidationLogic.validateTransfer
FNDA:16990,ValidationLogic.validateTransfer
DA:389,16990
DA:393,16990
BRDA:393,29,0,-
BRDA:393,29,1,-
FNF:9
FNH:9
LF:55
LH:51
BRF:56
BRH:4
end_of_record
TN:
SF:contracts/protocol/core/lendingpool/logic/WithdrawLogic.sol
FN:96,WithdrawLogic.withdraw
FNDA:1044,WithdrawLogic.withdraw
DA:103,1044
DA:104,1044
DA:107,1044
DA:109,1044
DA:111,1044
DA:113,1044
BRDA:113,0,0,-
DA:114,0
DA:117,1044
DA:131,1044
DA:133,1044
DA:135,1044
BRDA:135,1,0,1044
DA:136,1044
DA:137,1044
DA:140,1044
DA:144,1044
DA:146,1044
FN:179,WithdrawLogic.finalizeTransfer
FNDA:16990,WithdrawLogic.finalizeTransfer
DA:186,16990
BRDA:186,2,0,-
BRDA:186,2,1,-
DA:191,16990
DA:200,16990
DA:202,16990
BRDA:202,3,0,16990
DA:203,16990
BRDA:203,4,0,12650
DA:204,12650
DA:205,12650
DA:206,12650
DA:209,16990
BRDA:209,5,0,12205
DA:210,12205
DA:211,12205
DA:212,12205
FNF:2
FNH:2
LF:28
LH:27
BRF:7
BRH:4
end_of_record
TN:
SF:contracts/protocol/core/minipool/FlowLimiter.sol
FN:37,FlowLimiter.
FNDA:38,FlowLimiter.
DA:38,38
DA:39,38
FN:48,FlowLimiter.setFlowLimit
FNDA:1047,FlowLimiter.setFlowLimit
DA:49,1047
BRDA:49,0,0,-
BRDA:49,0,1,-
DA:50,1047
BRDA:50,1,0,-
BRDA:50,1,1,-
DA:51,1047
DA:53,1047
FN:62,FlowLimiter.getFlowLimit
FNDA:17780,FlowLimiter.getFlowLimit
DA:63,17780
DA:64,17780
DA:66,17780
FN:75,FlowLimiter.currentFlow
FNDA:63596,FlowLimiter.currentFlow
DA:77,63596
FNF:4
FNH:4
LF:10
LH:10
BRF:4
BRH:0
end_of_record
TN:
SF:contracts/protocol/core/minipool/MiniPool.sol
FN:76,MiniPool.whenNotPaused
FNDA:0,MiniPool.whenNotPaused
DA:77,0
FN:85,MiniPool.onlyMiniPoolConfigurator
FNDA:304,MiniPool.onlyMiniPoolConfigurator
DA:86,0
FN:94,MiniPool._whenNotPaused
FNDA:27659,MiniPool._whenNotPaused
DA:95,27659
BRDA:95,0,0,-
BRDA:95,0,1,-
FN:102,MiniPool._onlyMiniPoolConfigurator
FNDA:3093,MiniPool._onlyMiniPoolConfigurator
DA:103,3093
BRDA:103,1,0,3093
BRDA:103,1,1,-
FN:109,MiniPool.getRevision
FNDA:38,MiniPool.getRevision
DA:110,38
FN:120,MiniPool.initialize
FNDA:38,MiniPool.initialize
DA:124,38
DA:125,38
DA:126,38
DA:127,38
FN:140,MiniPool.deposit
FNDA:14333,MiniPool.deposit
DA:145,14333
DA:152,14333
FN:167,MiniPool.withdraw
FNDA:2336,MiniPool.withdraw
DA:173,2336
FN:203,MiniPool.borrow
FNDA:7189,MiniPool.borrow
DA:208,7189
DA:209,7189
DA:210,7189
DA:211,7189
BRDA:211,2,0,-
BRDA:211,2,1,-
DA:212,7189
DA:214,7189
DA:215,1054
DA:216,1054
BRDA:216,3,0,1054
DA:217,1054
DA:218,1054
DA:219,1054
DA:226,1054
DA:228,1054
DA:229,1054
DA:233,1054
DA:236,1054
DA:244,7189
FN:277,MiniPool.repay
FNDA:3025,MiniPool.repay
DA:283,3025
DA:290,3025
DA:291,0
FN:299,MiniPool.setUserUseReserveAsCollateral
FNDA:0,MiniPool.setUserUseReserveAsCollateral
DA:304,0
DA:306,0
DA:317,0
DA:319,0
BRDA:319,4,0,-
BRDA:319,4,1,-
DA:320,0
DA:322,0
FN:337,MiniPool.liquidationCall
FNDA:0,MiniPool.liquidationCall
DA:344,0
DA:358,0
FN:365,MiniPool._repayLendingPool
FNDA:17358,MiniPool._repayLendingPool
DA:366,17358
DA:367,17358
DA:368,17358
DA:370,17358
BRDA:370,5,0,9396
DA:371,9396
DA:372,9396
DA:373,9396
DA:375,9396
BRDA:375,6,0,1057
DA:376,1057
DA:386,1057
DA:392,9396
DA:393,9396
DA:396,9396
DA:397,9126
DA:398,525
DA:399,525
DA:400,524
BRDA:400,7,0,524
DA:403,524
FN:423,MiniPool.flashLoan
FNDA:8,MiniPool.flashLoan
DA:429,8
FN:452,MiniPool.getReserveData
FNDA:30598,MiniPool.getReserveData
DA:458,30598
FN:471,MiniPool.getUserAccountData
FNDA:12733,MiniPool.getUserAccountData
DA:484,12733
DA:494,12733
FN:503,MiniPool.getConfiguration
FNDA:2264,MiniPool.getConfiguration
DA:509,2264
FN:517,MiniPool.getUserConfiguration
FNDA:0,MiniPool.getUserConfiguration
DA:523,0
FN:531,MiniPool.getReserveNormalizedIncome
FNDA:180660,MiniPool.getReserveNormalizedIncome
DA:538,180660
FN:546,MiniPool.getReserveNormalizedVariableDebt
FNDA:59807,MiniPool.getReserveNormalizedVariableDebt
DA:552,59807
FN:559,MiniPool.paused
FNDA:0,MiniPool.paused
DA:560,0
FN:569,MiniPool.getReservesList
FNDA:0,MiniPool.getReservesList
DA:570,0
DA:571,0
DA:573,0
DA:574,0
DA:575,0
DA:577,0
FN:581,MiniPool.getReservesCount
FNDA:0,MiniPool.getReservesCount
DA:582,0
FN:589,MiniPool.getAddressesProvider
FNDA:0,MiniPool.getAddressesProvider
DA:590,0
FN:597,MiniPool.FLASHLOAN_PREMIUM_TOTAL
FNDA:1,MiniPool.FLASHLOAN_PREMIUM_TOTAL
DA:598,1
FN:605,MiniPool.MAX_NUMBER_RESERVES
FNDA:0,MiniPool.MAX_NUMBER_RESERVES
DA:606,0
FN:619,MiniPool.finalizeTransfer
FNDA:768,MiniPool.finalizeTransfer
DA:627,768
FN:648,MiniPool.initReserve
FNDA:304,MiniPool.initReserve
DA:655,304
BRDA:655,8,0,-
BRDA:655,8,1,-
DA:656,304
DA:659,304
FN:668,MiniPool.setReserveInterestRateStrategyAddress
FNDA:525,MiniPool.setReserveInterestRateStrategyAddress
DA:673,525
FN:682,MiniPool.setConfiguration
FNDA:2264,MiniPool.setConfiguration
DA:687,2264
FN:695,MiniPool.setPause
FNDA:0,MiniPool.setPause
DA:696,0
DA:697,0
BRDA:697,9,0,-
BRDA:697,9,1,-
DA:698,0
DA:700,0
FN:708,MiniPool._addReserveToList
FNDA:304,MiniPool._addReserveToList
DA:709,304
DA:711,304
BRDA:711,10,0,-
BRDA:711,10,1,-
DA:713,304
DA:715,304
BRDA:715,11,0,304
DA:716,304
DA:717,304
DA:719,304
FN:728,MiniPool.getCurrentLendingPoolDebt
FNDA:18792,MiniPool.getCurrentLendingPoolDebt
DA:729,18792
FN:737,MiniPool.setRewarderForReserve
FNDA:0,MiniPool.setRewarderForReserve
DA:741,0
FN:750,MiniPool.updateFlashLoanFee
FNDA:0,MiniPool.updateFlashLoanFee
DA:751,0
FN:758,MiniPool._updateFlashLoanFee
FNDA:38,MiniPool._updateFlashLoanFee
DA:759,38
FNF:36
FNH:24
LF:98
LH:70
BRF:19
BRH:6
end_of_record
TN:
SF:contracts/protocol/core/minipool/MiniPoolConfigurator.sol
FN:37,MiniPoolConfigurator.onlyPoolAdmin
FNDA:0,MiniPoolConfigurator.onlyPoolAdmin
DA:38,0
DA:39,0
BRDA:39,0,0,-
BRDA:39,0,1,-
FN:46,MiniPoolConfigurator.onlyMainPoolAdmin
FNDA:40,MiniPoolConfigurator.onlyMainPoolAdmin
DA:47,40
BRDA:47,1,0,-
BRDA:47,1,1,-
FN:54,MiniPoolConfigurator.onlyEmergencyAdmin
FNDA:0,MiniPoolConfigurator.onlyEmergencyAdmin
DA:55,0
BRDA:55,2,0,-
BRDA:55,2,1,-
FN:66,MiniPoolConfigurator.getRevision
FNDA:38,MiniPoolConfigurator.getRevision
DA:67,38
FN:74,MiniPoolConfigurator.initialize
FNDA:38,MiniPoolConfigurator.initialize
DA:75,38
FN:85,MiniPoolConfigurator.batchInitReserve
FNDA:40,MiniPoolConfigurator.batchInitReserve
DA:89,40
DA:90,306
FN:100,MiniPoolConfigurator.setRewarderForReserve
FNDA:0,MiniPoolConfigurator.setRewarderForReserve
DA:104,0
FN:112,MiniPoolConfigurator.updateFlashloanPremiumTotal
FNDA:0,MiniPoolConfigurator.updateFlashloanPremiumTotal
DA:116,0
BRDA:116,3,0,-
BRDA:116,3,1,-
DA:120,0
FN:127,MiniPoolConfigurator.setCod3xTreasury
FNDA:1051,MiniPoolConfigurator.setCod3xTreasury
DA:128,1051
FN:137,MiniPoolConfigurator.setFlowLimit
FNDA:528,MiniPoolConfigurator.setFlowLimit
DA:141,528
DA:143,528
FN:152,MiniPoolConfigurator.setReserveInterestRateStrategyAddress
FNDA:525,MiniPoolConfigurator.setReserveInterestRateStrategyAddress
DA:157,525
DA:158,525
FN:167,MiniPoolConfigurator.setCod3xReserveFactor
FNDA:524,MiniPoolConfigurator.setCod3xReserveFactor
DA:171,524
DA:173,524
DA:175,524
DA:177,524
FN:186,MiniPoolConfigurator.setDepositCap
FNDA:0,MiniPoolConfigurator.setDepositCap
DA:190,0
DA:192,0
DA:194,0
DA:196,0
FN:204,MiniPoolConfigurator._initReserve
FNDA:306,MiniPoolConfigurator._initReserve
DA:205,306
DA:206,306
DA:212,304
DA:219,304
DA:220,304
DA:222,304
DA:223,304
DA:224,304
DA:225,304
DA:227,304
DA:229,304
FN:241,MiniPoolConfigurator.setPoolPause
FNDA:0,MiniPoolConfigurator.setPoolPause
DA:242,0
FN:252,MiniPoolConfigurator.enableBorrowingOnReserve
FNDA:304,MiniPoolConfigurator.enableBorrowingOnReserve
DA:256,304
DA:258,304
DA:260,304
DA:262,304
FN:270,MiniPoolConfigurator.disableBorrowingOnReserve
FNDA:0,MiniPoolConfigurator.disableBorrowingOnReserve
DA:274,0
DA:276,0
DA:278,0
DA:279,0
FN:290,MiniPoolConfigurator.configureReserveAsCollateral
FNDA:304,MiniPoolConfigurator.configureReserveAsCollateral
DA:297,304
DA:302,304
BRDA:302,4,0,-
BRDA:302,4,1,-
DA:304,304
BRDA:304,5,0,304
BRDA:304,5,1,-
DA:307,304
BRDA:307,6,0,-
BRDA:307,6,1,-
DA:314,304
BRDA:314,7,0,-
BRDA:314,7,1,-
DA:320,0
BRDA:320,8,0,-
BRDA:320,8,1,-
DA:324,0
DA:327,304
DA:328,304
DA:329,304
DA:331,304
DA:333,304
FN:341,MiniPoolConfigurator.activateReserve
FNDA:304,MiniPoolConfigurator.activateReserve
DA:342,304
DA:344,304
DA:346,304
DA:348,304
FN:356,MiniPoolConfigurator.deactivateReserve
FNDA:0,MiniPoolConfigurator.deactivateReserve
DA:360,0
DA:362,0
DA:364,0
DA:366,0
DA:368,0
FN:376,MiniPoolConfigurator.freezeReserve
FNDA:0,MiniPoolConfigurator.freezeReserve
DA:377,0
DA:379,0
DA:381,0
DA:383,0
FN:391,MiniPoolConfigurator.unfreezeReserve
FNDA:0,MiniPoolConfigurator.unfreezeReserve
DA:392,0
DA:394,0
DA:396,0
DA:398,0
FN:406,MiniPoolConfigurator.enableFlashloan
FNDA:0,MiniPoolConfigurator.enableFlashloan
DA:407,0
DA:409,0
DA:411,0
DA:413,0
FN:421,MiniPoolConfigurator.disableFlashloan
FNDA:0,MiniPoolConfigurator.disableFlashloan
DA:425,0
DA:427,0
DA:429,0
DA:431,0
FN:439,MiniPoolConfigurator.setPoolAdmin
FNDA:0,MiniPoolConfigurator.setPoolAdmin
DA:440,0
DA:441,0
FN:449,MiniPoolConfigurator.setMinipoolOwnerTreasuryToMiniPool
FNDA:524,MiniPoolConfigurator.setMinipoolOwnerTreasuryToMiniPool
DA:453,524
DA:454,524
FN:463,MiniPoolConfigurator.setMinipoolOwnerReserveFactor
FNDA:524,MiniPoolConfigurator.setMinipoolOwnerReserveFactor
DA:467,524
DA:469,524
DA:471,524
DA:473,524
FN:481,MiniPoolConfigurator._checkNoLiquidity
FNDA:0,MiniPoolConfigurator._checkNoLiquidity
DA:482,0
DA:484,0
DA:486,0
BRDA:486,9,0,-
BRDA:486,9,1,-
FNF:28
FNH:14
LF:92
LH:49
BRF:20
BRH:1
end_of_record
TN:
SF:contracts/protocol/core/minipool/logic/MiniPoolBorrowLogic.sol
FN:101,MiniPoolBorrowLogic.calculateUserAccountDataVolatile
FNDA:7194,MiniPoolBorrowLogic.calculateUserAccountDataVolatile
DA:107,7194
DA:109,7194
BRDA:109,0,0,-
DA:110,0
DA:113,7194
DA:114,57552
BRDA:114,1,0,42245
DA:115,42245
DA:118,15307
DA:119,15307
DA:122,15307
DA:125,15307
DA:127,15307
DA:129,15307
BRDA:129,2,0,11880
DA:130,11880
DA:134,11880
DA:135,11880
DA:137,11880
DA:139,11880
DA:140,11880
DA:144,15307
BRDA:144,3,0,4318
DA:145,4318
DA:149,4318
DA:154,7194
DA:155,7194
DA:159,7194
DA:163,7194
FN:197,MiniPoolBorrowLogic.executeBorrow
FNDA:7194,MiniPoolBorrowLogic.executeBorrow
DA:204,7194
DA:205,7194
BRDA:205,4,0,-
BRDA:205,4,1,-
DA:207,7194
DA:209,7194
DA:212,7194
DA:214,7194
DA:215,7194
DA:216,7194
DA:218,7194
DA:219,7194
DA:220,7194
DA:225,7194
DA:228,7194
DA:230,7194
DA:231,7194
DA:232,7194
DA:233,7194
DA:235,7194
DA:239,5743
BRDA:239,5,0,5743
DA:240,5743
DA:244,7194
DA:246,7189
BRDA:246,6,0,7189
DA:247,7189
DA:252,7194
FN:265,MiniPoolBorrowLogic.amountInETH
FNDA:7194,MiniPoolBorrowLogic.amountInETH
DA:270,7194
FN:302,MiniPoolBorrowLogic.repay
FNDA:3025,MiniPoolBorrowLogic.repay
DA:308,3025
DA:310,3025
DA:312,3025
DA:316,3025
DA:318,3025
BRDA:318,7,0,937
DA:319,937
DA:322,3025
DA:324,3025
DA:333,3025
DA:334,3025
DA:336,3025
BRDA:336,8,0,2088
DA:337,2088
DA:340,0
BRDA:340,9,0,-
BRDA:340,9,1,-
DA:341,0
DA:342,0
DA:343,0
DA:344,0
DA:346,0
DA:347,0
DA:348,0
DA:350,3025
DA:353,0
DA:357,3025
DA:359,0
FNF:4
FNH:4
LF:74
LH:63
BRF:12
BRH:7
end_of_record
TN:
SF:contracts/protocol/core/minipool/logic/MiniPoolDepositLogic.sol
FN:75,MiniPoolDepositLogic.deposit
FNDA:14333,MiniPoolDepositLogic.deposit
DA:82,14333
DA:84,14333
DA:86,14333
DA:88,14333
DA:89,14333
DA:91,0
BRDA:91,0,0,-
BRDA:91,0,1,-
DA:92,0
DA:93,0
DA:94,0
DA:95,0
DA:97,0
DA:98,0
DA:99,0
DA:101,14333
DA:104,0
DA:108,11725
BRDA:108,1,0,11725
DA:109,11725
DA:110,11725
DA:113,14333
FN:123,MiniPoolDepositLogic.internalDeposit
FNDA:1054,MiniPoolDepositLogic.internalDeposit
DA:129,1054
DA:131,1054
DA:133,1054
DA:135,1054
DA:136,1054
DA:138,1054
DA:140,1054
DA:144,1054
FNF:2
FNH:2
LF:27
LH:18
BRF:3
BRH:1
end_of_record
TN:
SF:contracts/protocol/core/minipool/logic/MiniPoolFlashLoanLogic.sol
FN:104,MiniPoolFlashLoanLogic.flashLoan
FNDA:8,MiniPoolFlashLoanLogic.flashLoan
DA:110,8
DA:112,8
DA:116,6
DA:117,6
DA:119,6
DA:121,6
DA:130,6
BRDA:130,0,0,6
BRDA:130,0,1,-
DA:141,6
DA:142,9
DA:143,9
DA:144,9
DA:145,9
DA:147,9
DA:149,9
DA:151,4
BRDA:151,1,0,4
BRDA:148,1,1,-
DA:152,4
DA:166,5
DA:187,4
FN:209,MiniPoolFlashLoanLogic.getATokenAdressesAndPremiums
[...]
FNDA:16990,IncentivizedERC20._transfer
DA:180,16990
BRDA:180,2,0,-
BRDA:180,2,1,-
DA:181,16990
BRDA:181,3,0,-
BRDA:181,3,1,-
DA:183,0
DA:185,16990
DA:186,16990
BRDA:186,4,0,-
BRDA:186,4,1,-
DA:187,16990
DA:188,16990
DA:189,16990
DA:191,16990
BRDA:191,5,0,16990
DA:192,16990
DA:193,16990
DA:194,16990
BRDA:194,6,0,16990
DA:195,16990
FN:207,IncentivizedERC20._mint
FNDA:16557,IncentivizedERC20._mint
DA:208,16557
BRDA:208,7,0,-
BRDA:208,7,1,-
DA:210,0
DA:212,16557
DA:213,16557
DA:215,16557
DA:216,16557
DA:218,16557
BRDA:218,8,0,16557
DA:219,16557
FN:228,IncentivizedERC20._burn
FNDA:5005,IncentivizedERC20._burn
DA:229,5005
BRDA:229,9,0,-
BRDA:229,9,1,-
DA:231,0
DA:233,5005
DA:234,5005
DA:236,5005
DA:237,5005
BRDA:237,10,0,-
BRDA:237,10,1,-
DA:238,5005
DA:240,5005
BRDA:240,11,0,5005
DA:241,5005
FN:251,IncentivizedERC20._approve
FNDA:0,IncentivizedERC20._approve
DA:252,0
BRDA:252,12,0,-
BRDA:252,12,1,-
DA:253,0
BRDA:253,13,0,-
BRDA:253,13,1,-
DA:255,0
DA:256,0
FN:263,IncentivizedERC20._setName
FNDA:412,IncentivizedERC20._setName
DA:264,412
FN:271,IncentivizedERC20._setSymbol
FNDA:412,IncentivizedERC20._setSymbol
DA:272,412
FN:279,IncentivizedERC20._setDecimals
FNDA:412,IncentivizedERC20._setDecimals
DA:280,412
FN:289,IncentivizedERC20._beforeTokenTransfer
FNDA:0,IncentivizedERC20._beforeTokenTransfer
FNF:20
FNH:12
LF:63
LH:38
BRF:24
BRH:4
end_of_record
TN:
SF:contracts/protocol/tokenization/ERC20/VariableDebtToken.sol
FN:47,VariableDebtToken.onlyLendingPool
FNDA:2651,VariableDebtToken.onlyLendingPool
DA:48,2651
BRDA:48,0,0,-
BRDA:48,0,1,-
FN:64,VariableDebtToken.initialize
FNDA:206,VariableDebtToken.initialize
DA:74,206
DA:75,206
DA:76,206
DA:78,206
DA:79,206
DA:80,206
DA:82,206
DA:84,206
FN:100,VariableDebtToken.getRevision
FNDA:206,VariableDebtToken.getRevision
DA:101,206
FN:109,VariableDebtToken.balanceOf
FNDA:70177,VariableDebtToken.balanceOf
DA:110,70177
DA:112,70177
BRDA:112,1,0,47724
DA:113,47724
DA:116,22453
FN:130,VariableDebtToken.mint
FNDA:2651,VariableDebtToken.mint
DA:136,2651
BRDA:136,2,0,-
DA:137,0
DA:140,2651
DA:141,2651
DA:142,2651
BRDA:142,3,0,-
BRDA:142,3,1,-
DA:144,2651
DA:146,2651
DA:147,2651
DA:149,2651
FN:159,VariableDebtToken.burn
FNDA:2382,VariableDebtToken.burn
DA:160,2382
DA:161,2382
BRDA:161,4,0,-
BRDA:161,4,1,-
DA:163,2382
DA:165,2382
DA:166,2382
FN:175,VariableDebtToken.approveDelegation
FNDA:0,VariableDebtToken.approveDelegation
DA:176,0
DA:177,0
FN:186,VariableDebtToken.borrowAllowance
FNDA:0,VariableDebtToken.borrowAllowance
DA:192,0
FN:199,VariableDebtToken.transfer
FNDA:0,VariableDebtToken.transfer
DA:202,0
FN:209,VariableDebtToken.allowance
FNDA:0,VariableDebtToken.allowance
DA:218,0
FN:225,VariableDebtToken.approve
FNDA:0,VariableDebtToken.approve
DA:228,0
FN:235,VariableDebtToken.transferFrom
FNDA:0,VariableDebtToken.transferFrom
DA:244,0
FN:251,VariableDebtToken.increaseAllowance
FNDA:0,VariableDebtToken.increaseAllowance
DA:259,0
FN:266,VariableDebtToken.decreaseAllowance
FNDA:0,VariableDebtToken.decreaseAllowance
DA:274,0
FN:282,VariableDebtToken.scaledBalanceOf
FNDA:1044,VariableDebtToken.scaledBalanceOf
DA:283,1044
FN:290,VariableDebtToken.totalSupply
FNDA:10687,VariableDebtToken.totalSupply
DA:291,10687
FN:300,VariableDebtToken.scaledTotalSupply
FNDA:39420,VariableDebtToken.scaledTotalSupply
DA:301,39420
FN:310,VariableDebtToken.getScaledUserBalanceAndSupply
FNDA:0,VariableDebtToken.getScaledUserBalanceAndSupply
DA:316,0
FN:323,VariableDebtToken.UNDERLYING_ASSET_ADDRESS
FNDA:0,VariableDebtToken.UNDERLYING_ASSET_ADDRESS
DA:324,0
FN:331,VariableDebtToken.getIncentivesController
FNDA:0,VariableDebtToken.getIncentivesController
DA:332,0
FN:339,VariableDebtToken.POOL
FNDA:0,VariableDebtToken.POOL
DA:340,0
FN:347,VariableDebtToken._getIncentivesController
FNDA:10066,VariableDebtToken._getIncentivesController
DA:348,10066
FN:355,VariableDebtToken._getUnderlyingAssetAddress
FNDA:0,VariableDebtToken._getUnderlyingAssetAddress
DA:356,0
FN:363,VariableDebtToken._getLendingPool
FNDA:5033,VariableDebtToken._getLendingPool
DA:364,5033
FN:373,VariableDebtToken._decreaseBorrowAllowance
FNDA:0,VariableDebtToken._decreaseBorrowAllowance
DA:376,0
DA:377,0
BRDA:377,5,0,-
BRDA:377,5,1,-
DA:378,0
DA:380,0
DA:382,0
FN:392,VariableDebtToken.setIncentivesController
FNDA:0,VariableDebtToken.setIncentivesController
DA:393,0
BRDA:393,6,0,-
BRDA:393,6,1,-
DA:394,0
FNF:26
FNH:11
LF:54
LH:32
BRF:12
BRH:1
end_of_record
TN:
SF:contracts/protocol/tokenization/ERC6909/ATokenERC6909.sol
FN:90,ATokenERC6909.initialize
FNDA:38,ATokenERC6909.initialize
DA:91,38
BRDA:91,0,0,-
BRDA:91,0,1,-
DA:92,38
DA:95,0
DA:97,38
DA:98,38
DA:99,38
FN:112,ATokenERC6909.initReserve
FNDA:306,ATokenERC6909.initReserve
DA:118,306
BRDA:118,1,0,306
BRDA:118,1,1,-
DA:122,306
DA:123,152
BRDA:123,2,0,152
BRDA:123,2,1,-
DA:124,152
DA:125,152
DA:126,152
DA:129,152
BRDA:129,3,0,152
BRDA:129,3,1,-
DA:132,152
BRDA:132,4,0,152
BRDA:132,4,1,-
DA:137,152
DA:139,152
DA:140,152
FN:147,ATokenERC6909.setIncentivesController
FNDA:0,ATokenERC6909.setIncentivesController
DA:148,0
BRDA:148,5,0,-
BRDA:148,5,1,-
DA:149,0
FN:159,ATokenERC6909.transfer
FNDA:512,ATokenERC6909.transfer
DA:165,512
BRDA:165,6,0,512
BRDA:165,6,1,-
DA:166,512
DA:168,512
DA:169,512
DA:170,512
DA:172,512
DA:174,512
DA:183,0
DA:186,512
FN:197,ATokenERC6909.transferFrom
FNDA:256,ATokenERC6909.transferFrom
DA:203,256
BRDA:203,7,0,256
BRDA:203,7,1,-
DA:204,256
DA:206,256
DA:207,256
DA:208,256
DA:210,256
DA:212,256
DA:216,0
DA:219,256
FN:229,ATokenERC6909.transferUnderlyingTo
FNDA:10333,ATokenERC6909.transferUnderlyingTo
DA:230,10333
BRDA:230,8,0,-
BRDA:230,8,1,-
DA:232,0
BRDA:232,9,0,-
BRDA:232,9,1,-
DA:233,0
DA:234,0
DA:238,10333
FN:248,ATokenERC6909.mintToCod3xTreasury
FNDA:514,ATokenERC6909.mintToCod3xTreasury
DA:249,514
DA:250,514
FN:259,ATokenERC6909.mintToMinipoolOwnerTreasury
FNDA:509,ATokenERC6909.mintToMinipoolOwnerTreasury
DA:260,509
DA:261,509
FN:273,ATokenERC6909.mint
FNDA:22581,ATokenERC6909.mint
DA:277,22581
BRDA:277,10,0,-
BRDA:277,10,1,-
DA:278,22581
BRDA:278,11,0,-
DA:279,0
DA:282,22581
DA:284,22581
BRDA:284,12,0,7194
BRDA:284,12,1,-
DA:285,7194
BRDA:285,13,0,-
DA:286,0
BRDA:286,14,0,-
BRDA:286,14,1,-
DA:290,0
DA:292,7194
DA:293,7194
DA:294,7194
BRDA:294,15,0,-
BRDA:294,15,1,-
DA:295,7194
DA:297,15387
DA:298,15387
DA:299,15387
BRDA:299,16,0,-
BRDA:299,16,1,-
DA:300,15387
DA:303,22581
FN:315,ATokenERC6909.burn
FNDA:6160,ATokenERC6909.burn
DA:323,6160
BRDA:323,17,0,-
BRDA:323,17,1,-
DA:324,6160
BRDA:324,18,0,3025
BRDA:324,18,1,3135
DA:325,3025
DA:326,3025
BRDA:326,19,0,-
BRDA:326,19,1,-
DA:327,3025
DA:329,3135
DA:330,3135
BRDA:330,20,0,-
BRDA:330,20,1,-
DA:331,3135
DA:332,3135
FN:342,ATokenERC6909.approveDelegation
FNDA:0,ATokenERC6909.approveDelegation
DA:343,0
FN:353,ATokenERC6909.transferOnLiquidation
FNDA:0,ATokenERC6909.transferOnLiquidation
DA:354,0
BRDA:354,21,0,-
BRDA:354,21,1,-
DA:355,0
FN:361,ATokenERC6909.handleRepayment
FNDA:3029,ATokenERC6909.handleRepayment
DA:362,3029
BRDA:362,22,0,-
BRDA:362,22,1,-
FN:372,ATokenERC6909._setUnderlyingAsset
FNDA:608,ATokenERC6909._setUnderlyingAsset
DA:373,608
BRDA:373,23,0,-
BRDA:373,23,1,-
DA:374,608
FN:382,ATokenERC6909._beforeTokenTransfer
FNDA:30532,ATokenERC6909._beforeTokenTransfer
DA:383,30532
BRDA:383,24,0,10219
DA:384,10219
BRDA:384,25,0,-
BRDA:384,25,1,-
FN:396,ATokenERC6909._afterTokenTransfer
FNDA:30532,ATokenERC6909._afterTokenTransfer
DA:400,30532
DA:401,30532
DA:402,30532
DA:404,30532
BRDA:404,26,0,23604
BRDA:404,26,1,-
DA:405,23604
DA:406,23604
DA:407,23604
DA:408,23604
BRDA:408,27,0,-
DA:409,0
DA:412,6928
BRDA:412,28,0,6160
BRDA:412,28,1,-
DA:413,6160
DA:414,6160
DA:415,6160
DA:416,6160
BRDA:416,29,0,-
DA:417,0
DA:422,768
DA:423,768
DA:424,768
BRDA:424,30,0,-
DA:425,0
DA:427,0
BRDA:427,31,0,-
DA:428,0
FN:440,ATokenERC6909._determineIfAToken
FNDA:306,ATokenERC6909._determineIfAToken
DA:441,306
DA:442,154
DA:443,152
DA:444,152
FN:454,ATokenERC6909._getNextIdForUnderlying
FNDA:306,ATokenERC6909._getNextIdForUnderlying
DA:459,306
DA:460,306
BRDA:460,32,0,154
BRDA:460,32,1,-
DA:461,154
DA:464,154
BRDA:464,33,0,154
BRDA:464,33,1,-
DA:469,154
DA:471,152
DA:473,152
DA:474,152
DA:476,152
FN:488,ATokenERC6909._mintToTreasury
FNDA:1023,ATokenERC6909._mintToTreasury
DA:491,1023
BRDA:491,34,0,-
BRDA:491,34,1,-
DA:492,1023
BRDA:492,35,0,-
DA:493,0
DA:500,1023
FN:511,ATokenERC6909._decreaseBorrowAllowance
FNDA:0,ATokenERC6909._decreaseBorrowAllowance
DA:517,0
DA:518,0
BRDA:518,36,0,-
BRDA:518,36,1,-
DA:519,0
DA:520,0
FN:532,ATokenERC6909._initializeATokenID
FNDA:304,ATokenERC6909._initializeATokenID
DA:539,304
BRDA:539,37,0,-
BRDA:539,37,1,-
DA:540,304
BRDA:540,38,0,-
BRDA:540,38,1,-
DA:541,304
BRDA:541,39,0,-
BRDA:541,39,1,-
DA:542,304
BRDA:542,40,0,-
BRDA:542,40,1,-
DA:543,304
BRDA:543,41,0,-
BRDA:543,41,1,-
DA:544,304
DA:550,304
DA:556,304
DA:557,304
DA:558,304
FN:570,ATokenERC6909._initializeDebtTokenID
FNDA:304,ATokenERC6909._initializeDebtTokenID
DA:577,304
BRDA:577,42,0,-
BRDA:577,42,1,-
DA:578,304
BRDA:578,43,0,-
BRDA:578,43,1,-
DA:579,304
BRDA:579,44,0,-
BRDA:579,44,1,-
DA:580,304
BRDA:580,45,0,-
BRDA:580,45,1,-
DA:581,304
DA:582,304
DA:583,304
DA:584,304
DA:585,304
FN:596,ATokenERC6909._transferForLiquidation
FNDA:0,ATokenERC6909._transferForLiquidation
DA:599,0
BRDA:599,46,0,-
DA:600,0
DA:602,0
DA:604,0
FN:615,ATokenERC6909.totalSupply
FNDA:31341,ATokenERC6909.totalSupply
DA:616,31341
DA:618,31341
BRDA:618,47,0,16927
DA:619,16927
DA:622,14414
FN:633,ATokenERC6909.balanceOf
FNDA:212008,ATokenERC6909.balanceOf
DA:634,212008
BRDA:634,48,0,55121
BRDA:634,48,1,-
DA:635,55121
DA:639,156887
FN:650,ATokenERC6909.scaledTotalSupply
FNDA:106883,ATokenERC6909.scaledTotalSupply
DA:651,106883
FN:659,ATokenERC6909.isAToken
FNDA:768,ATokenERC6909.isAToken
DA:660,768
FN:668,ATokenERC6909.isDebtToken
FNDA:248700,ATokenERC6909.isDebtToken
DA:669,248700
FN:677,ATokenERC6909.isTranche
FNDA:47169,ATokenERC6909.isTranche
DA:678,47169
FN:687,ATokenERC6909.getScaledUserBalanceAndSupply
FNDA:0,ATokenERC6909.getScaledUserBalanceAndSupply
DA:692,0
FN:703,ATokenERC6909.getNextIdForUnderlying
FNDA:306,ATokenERC6909.getNextIdForUnderlying
DA:708,306
DA:710,304
BRDA:710,49,0,-
BRDA:710,49,1,-
FN:723,ATokenERC6909.getIdForUnderlying
FNDA:28745,ATokenERC6909.getIdForUnderlying
DA:728,28745
DA:729,28745
DA:730,28745
DA:731,28745
DA:732,28745
DA:734,28745
BRDA:734,50,0,-
BRDA:734,50,1,-
FN:744,ATokenERC6909.getUnderlyingAsset
FNDA:304,ATokenERC6909.getUnderlyingAsset
DA:745,304
FN:752,ATokenERC6909.getRevision
FNDA:38,ATokenERC6909.getRevision
DA:753,38
FN:760,ATokenERC6909.getMinipoolAddress
FNDA:20693,ATokenERC6909.getMinipoolAddress
DA:761,20693
FN:768,ATokenERC6909.getMinipoolId
FNDA:0,ATokenERC6909.getMinipoolId
DA:769,0
FN:776,ATokenERC6909.getIncentivesController
FNDA:0,ATokenERC6909.getIncentivesController
DA:777,0
FNF:37
FNH:29
LF:170
LH:139
BRF:92
BRH:16
end_of_record
TN:
SF:contracts/protocol/tokenization/ERC6909/IncentivizedERC6909.sol
FN:24,IncentivizedERC6909.
FNDA:0,IncentivizedERC6909.
FN:31,IncentivizedERC6909.name
FNDA:0,IncentivizedERC6909.name
DA:32,0
FN:40,IncentivizedERC6909.symbol
FNDA:0,IncentivizedERC6909.symbol
DA:41,0
FN:49,IncentivizedERC6909.decimals
FNDA:0,IncentivizedERC6909.decimals
DA:50,0
FN:58,IncentivizedERC6909.tokenURI
FNDA:0,IncentivizedERC6909.tokenURI
DA:59,0
FN:67,IncentivizedERC6909.totalSupply
FNDA:138224,IncentivizedERC6909.totalSupply
DA:68,138224
FN:77,IncentivizedERC6909._decrementTotalSupply
FNDA:6160,IncentivizedERC6909._decrementTotalSupply
DA:82,6160
DA:83,6160
FN:92,IncentivizedERC6909._incrementTotalSupply
FNDA:23604,IncentivizedERC6909._incrementTotalSupply
DA:97,23604
DA:98,23604
FN:106,IncentivizedERC6909._setTokenURI
FNDA:0,IncentivizedERC6909._setTokenURI
DA:107,0
FN:115,IncentivizedERC6909._setDecimals
FNDA:608,IncentivizedERC6909._setDecimals
DA:116,608
FN:124,IncentivizedERC6909._setSymbol
FNDA:608,IncentivizedERC6909._setSymbol
DA:125,608
FN:133,IncentivizedERC6909._setName
FNDA:608,IncentivizedERC6909._setName
DA:134,608
FNF:12
FNH:6
LF:13
LH:8
BRF:0
BRH:0
end_of_record
TN:
SF:tests/foundry/Common.sol
FN:250,Common.uintToString
FNDA:620,Common.uintToString
DA:252,620
BRDA:252,0,0,155
DA:253,155
DA:256,465
DA:257,465
DA:260,930
DA:261,465
DA:262,465
DA:265,465
DA:268,930
DA:269,465
DA:270,465
DA:271,465
DA:274,465
FN:277,Common.fixture_deployProtocol
FNDA:51,Common.fixture_deployProtocol
DA:278,51
DA:280,51
DA:281,51
DA:284,51
DA:285,51
DA:293,51
DA:295,51
DA:297,51
DA:298,51
DA:300,51
DA:301,51
DA:304,51
DA:305,51
DA:307,51
DA:308,51
DA:310,51
DA:311,51
DA:314,51
DA:316,51
DA:318,51
DA:319,51
DA:322,51
DA:328,51
DA:329,51
DA:330,51
DA:332,51
DA:333,51
DA:336,51
DA:337,51
DA:339,51
DA:342,51
DA:343,51
DA:350,51
DA:358,51
DA:367,51
DA:378,0
FN:381,Common.fixture_deployMocks
FNDA:51,Common.fixture_deployMocks
DA:383,51
DA:384,51
DA:385,51
DA:387,51
DA:388,51
DA:389,51
DA:390,51
DA:391,51
DA:392,51
DA:396,51
DA:398,51
DA:407,51
FN:410,Common.fixture_configureProtocol
FNDA:51,Common.fixture_configureProtocol
DA:417,51
DA:420,51
DA:422,51
DA:423,51
DA:425,51
DA:427,51
DA:430,51
DA:433,51
DA:434,204
DA:437,204
FN:444,Common.fixture_configureReserves
FNDA:51,Common.fixture_configureReserves
DA:450,51
DA:451,51
DA:452,51
DA:453,51
DA:455,51
DA:456,204
DA:457,204
DA:461,204
DA:479,51
DA:480,51
DA:482,51
DA:483,204
DA:494,51
DA:495,51
DA:498,51
FN:501,Common.fixture_getATokens
FNDA:55,Common.fixture_getATokens
DA:505,55
DA:506,55
DA:507,220
DA:509,220
FN:513,Common.fixture_getATokensWrapper
FNDA:51,Common.fixture_getATokensWrapper
DA:517,51
DA:518,51
DA:519,204
DA:521,204
FN:525,Common.fixture_getVarDebtTokens
FNDA:53,Common.fixture_getVarDebtTokens
DA:529,53
DA:530,53
DA:531,212
DA:533,212
DA:534,212
DA:535,212
DA:536,212
FN:540,Common.fixture_getErc20Tokens
FNDA:102,Common.fixture_getErc20Tokens
DA:545,102
DA:546,102
DA:547,408
FN:551,Common.fixture_getTokenPriceFeeds
FNDA:576,Common.fixture_getTokenPriceFeeds
DA:559,576
BRDA:559,1,0,-
BRDA:559,1,1,-
DA:561,576
DA:562,576
DA:563,576
DA:564,576
DA:565,2304
DA:567,2304
DA:568,2304
FN:572,Common.fixture_deployReaperVaultMocks
FNDA:97,Common.fixture_deployReaperVaultMocks
DA:576,97
DA:577,97
DA:578,388
DA:581,0
FN:584,Common.fixture_deployVaultUnits
FNDA:51,Common.fixture_deployVaultUnits
DA:588,51
DA:589,51
DA:590,204
DA:592,0
FN:595,Common.fixture_transferTokensToTestContract
FNDA:51,Common.fixture_transferTokensToTestContract
DA:600,51
DA:601,204
DA:602,204
DA:603,204
DA:604,204
DA:605,204
DA:606,204
DA:611,204
DA:616,204
FN:627,Common.fixture_deployMiniPoolSetup
FNDA:38,Common.fixture_deployMiniPoolSetup
DA:633,38
DA:634,38
BRDA:634,2,0,38
DA:635,38
DA:638,38
BRDA:638,3,0,38
DA:639,38
DA:642,38
BRDA:642,4,0,38
BRDA:642,4,1,-
DA:645,38
DA:648,38
DA:649,38
DA:650,38
DA:655,38
DA:659,38
DA:660,38
DA:661,38
DA:665,38
DA:667,38
DA:672,38
DA:679,38
DA:686,38
DA:697,38
DA:702,0
DA:709,38
FN:712,Common.fixture_convertWithDecimals
FNDA:0,Common.fixture_convertWithDecimals
DA:717,0
FN:722,Common.fixture_preciseConvertWithDecimals
FNDA:3128,Common.fixture_preciseConvertWithDecimals
DA:727,3128
FN:732,Common.fixture_configureMiniPoolReserves
FNDA:38,Common.fixture_configureMiniPoolReserves
DA:738,38
DA:739,38
DA:740,38
DA:741,38
DA:743,38
DA:744,38
DA:745,304
DA:746,304
DA:748,304
DA:752,304
DA:760,38
DA:761,38
DA:764,38
DA:768,38
DA:769,38
DA:770,304
DA:778,38
DA:779,38
FN:782,Common.prepareReserveForLending
FNDA:304,Common.prepareReserveForLending
DA:789,304
DA:793,304
DA:795,304
FN:798,Common.getUsdValOfToken
FNDA:0,Common.getUsdValOfToken
DA:799,0
FN:802,Common.fixture_changePriceOfToken
FNDA:0,Common.fixture_changePriceOfToken
DA:807,0
DA:808,0
DA:811,0
DA:812,0
DA:813,0
DA:814,0
DA:816,0
DA:818,0
DA:819,0
FN:825,Common.fixture_calcCompoundedInterest
FNDA:522,Common.fixture_calcCompoundedInterest
DA:830,522
DA:831,522
BRDA:831,5,0,522
DA:832,522
DA:834,0
DA:836,0
DA:837,0
DA:839,0
DA:840,0
DA:841,0
DA:842,0
DA:844,0
FN:847,Common.fixture_calcExpectedVariableDebtTokenBalance
FNDA:522,Common.fixture_calcExpectedVariableDebtTokenBalance
DA:854,522
BRDA:854,6,0,-
DA:855,0
DA:857,522
DA:858,522
DA:859,522
DA:861,522
DA:862,0
FN:865,Common.turnOnRehypothecation
FNDA:0,Common.turnOnRehypothecation
DA:874,0
DA:875,0
DA:876,0
DA:877,0
DA:878,0
DA:879,0
DA:880,0
FNF:23
FNH:19
LF:209
LH:177
BRF:9
BRH:5
end_of_record
TN:
SF:tests/foundry/LendingPoolFixtures.t.sol
FN:12,LendingPoolFixtures.setUp
FNDA:0,LendingPoolFixtures.setUp
FN:14,LendingPoolFixtures.fixture_deposit
FNDA:1046,LendingPoolFixtures.fixture_deposit
DA:21,1046
DA:22,1046
DA:23,1046
DA:24,1046
DA:25,1046
DA:26,1046
DA:27,1046
DA:28,1046
DA:29,1046
DA:30,1046
DA:31,1046
DA:32,1046
DA:38,1046
FN:45,LendingPoolFixtures.fixture_withdraw
FNDA:1044,LendingPoolFixtures.fixture_withdraw
DA:48,1044
DA:50,1044
DA:53,1044
DA:54,1044
DA:55,1044
FN:62,LendingPoolFixtures.fixture_getMaxValueToBorrow
FNDA:2,LendingPoolFixtures.fixture_getMaxValueToBorrow
DA:67,2
DA:68,2
DA:69,2
DA:70,2
DA:73,2
DA:75,2
DA:77,2
DA:78,2
DA:83,2
FN:86,LendingPoolFixtures.fixture_depositAndBorrow
FNDA:1,LendingPoolFixtures.fixture_depositAndBorrow
DA:94,1
DA:96,1
DA:97,1
DA:99,1
DA:101,1
BRDA:101,0,0,1
BRDA:101,0,1,-
DA:105,1
DA:107,1
DA:111,1
DA:112,1
DA:114,1
DA:118,1
DA:121,1
DA:129,1
DA:131,1
DA:132,1
DA:133,1
DA:140,1
DA:143,1
DA:144,1
DA:146,1
DA:151,1
DA:156,0
FNF:5
FNH:4
LF:49
LH:48
BRF:2
BRH:1
end_of_record
TN:
SF:tests/foundry/MiniPoolFixtures.t.sol
FN:22,MiniPoolFixtures.fixture_depositTokensToMainPool
FNDA:8598,MiniPoolFixtures.fixture_depositTokensToMainPool
DA:27,8598
DA:29,8598
DA:31,8598
DA:32,8598
DA:33,8598
DA:34,8598
DA:35,8598
DA:36,8598
DA:37,8598
DA:40,8598
DA:41,8598
DA:47,8598
FN:50,MiniPoolFixtures.fixture_depositATokensToMiniPool
FNDA:7547,MiniPoolFixtures.fixture_depositATokensToMiniPool
DA:57,7547
DA:58,7547
DA:60,7547
DA:61,7547
DA:62,7547
DA:63,7547
DA:64,7547
DA:65,7547
DA:66,7547
DA:67,7547
DA:68,7547
DA:71,7547
DA:72,7547
DA:75,7547
DA:76,7547
DA:77,7547
DA:78,7547
DA:83,7547
DA:84,7547
FN:87,MiniPoolFixtures.fixture_depositTokensToMiniPool
FNDA:6498,MiniPoolFixtures.fixture_depositTokensToMiniPool
DA:94,6498
DA:96,6498
DA:97,6498
DA:98,6498
DA:99,6498
DA:100,6498
DA:101,6498
DA:102,6498
DA:105,6498
DA:106,6498
FN:109,MiniPoolFixtures.fixture_MiniPoolDeposit
FNDA:5968,MiniPoolFixtures.fixture_MiniPoolDeposit
DA:116,5968
DA:117,5968
DA:118,5968
DA:119,5968
DA:120,5968
DA:122,5968
DA:125,5968
DA:126,5968
DA:128,5968
DA:129,5968
DA:130,5968
DA:133,5968
DA:135,5968
DA:136,5968
DA:137,5968
DA:140,5968
DA:143,5968
DA:144,5968
DA:146,5968
DA:148,5968
FN:157,MiniPoolFixtures.fixture_miniPoolBorrow
FNDA:2343,MiniPoolFixtures.fixture_miniPoolBorrow
DA:165,2343
DA:167,2343
DA:168,2343
DA:169,2343
DA:172,2343
DA:174,2343
DA:177,2343
DA:179,2343
DA:180,2343
DA:185,2343
DA:188,0
DA:196,2343
DA:197,2343
DA:202,2343
DA:205,2343
DA:206,2343
DA:207,2343
DA:212,2343
DA:213,2343
BRDA:213,0,0,2343
BRDA:213,0,1,-
DA:214,2343
BRDA:214,1,0,2343
BRDA:214,1,1,-
DA:215,2343
DA:216,2343
DA:217,2343
DA:224,2343
DA:225,2343
DA:227,2343
DA:229,2343
DA:230,2343
DA:231,2343
DA:233,2343
DA:234,2343
DA:240,2343
DA:241,2343
DA:246,2343
DA:253,2343
DA:256,2343
DA:257,2343
DA:261,2343
DA:262,2343
DA:263,2343
DA:264,2343
DA:266,2343
DA:271,2343
DA:275,2343
DA:277,2343
DA:282,2343
DA:283,2343
DA:286,2343
DA:287,2343
DA:290,2343
DA:291,2343
DA:296,2343
DA:297,2343
DA:298,2343
FN:301,MiniPoolFixtures.fixture_miniPoolBorrowWithFlowFromLendingPool
FNDA:258,MiniPoolFixtures.fixture_miniPoolBorrowWithFlowFromLendingPool
DA:308,258
DA:310,258
DA:311,258
DA:312,258
DA:315,258
DA:317,258
DA:320,258
DA:322,258
DA:323,258
DA:328,258
DA:334,258
DA:335,258
DA:337,258
DA:342,258
DA:345,258
DA:346,258
DA:347,258
DA:350,258
DA:353,258
DA:359,258
DA:363,258
DA:365,258
DA:366,258
DA:367,258
DA:368,258
DA:373,258
DA:377,258
DA:378,258
DA:380,258
DA:381,258
DA:382,258
DA:383,258
DA:384,258
DA:385,258
DA:388,258
DA:390,258
DA:395,258
DA:396,258
DA:398,258
DA:399,258
DA:400,258
DA:402,258
FNF:6
FNH:6
LF:157
LH:156
BRF:4
BRH:2
end_of_record
