TN:
SF:contracts/dependencies/openzeppelin/contracts/Address.sol
FN:27,Address.isContract
FNDA:3202,Address.isContract
DA:32,3202
DA:34,0
DA:36,3202
FN:70,Address.sendValue
FNDA:0,Address.sendValue
DA:71,0
BRDA:71,0,0,-
DA:72,0
DA:75,0
DA:76,0
BRDA:76,1,0,-
DA:77,0
FN:99,Address.functionCall
FNDA:40955,Address.functionCall
DA:100,40955
FN:112,Address.functionCallWithValue
FNDA:40955,Address.functionCallWithValue
DA:116,40955
BRDA:116,2,0,-
DA:117,0
DA:119,40955
DA:120,40955
FN:127,Address.functionStaticCall
FNDA:0,Address.functionStaticCall
DA:132,0
DA:133,0
FN:140,Address.functionDelegateCall
FNDA:0,Address.functionDelegateCall
DA:144,0
DA:145,0
FN:153,Address.verifyCallResultFromTarget
FNDA:40955,Address.verifyCallResultFromTarget
DA:158,40955
BRDA:158,3,0,-
BRDA:158,3,1,-
DA:159,0
DA:163,40955
BRDA:163,4,0,-
DA:164,0
DA:166,40955
FN:174,Address.verifyCallResult
FNDA:0,Address.verifyCallResult
DA:179,0
BRDA:179,5,0,-
BRDA:179,5,1,-
DA:180,0
DA:182,0
FN:189,Address._revert
FNDA:0,Address._revert
DA:191,0
BRDA:191,6,0,-
BRDA:191,6,1,-
DA:195,0
DA:196,0
DA:199,0
FNF:9
FNH:4
LF:29
LH:9
BRF:10
BRH:0
end_of_record
TN:
SF:contracts/dependencies/openzeppelin/contracts/Context.sol
FN:17,Context._msgSender
FNDA:33046,Context._msgSender
DA:18,33046
FN:21,Context._msgData
FNDA:0,Context._msgData
DA:22,0
FN:25,Context._contextSuffixLength
FNDA:0,Context._contextSuffixLength
DA:26,0
FNF:3
FNH:1
LF:3
LH:1
BRF:0
BRH:0
end_of_record
TN:
SF:contracts/dependencies/openzeppelin/contracts/ERC20.sol
FN:50,ERC20.
FNDA:643,ERC20.
DA:51,643
DA:52,643
FN:58,ERC20.name
FNDA:0,ERC20.name
DA:59,0
FN:66,ERC20.symbol
FNDA:3,ERC20.symbol
DA:67,3
FN:83,ERC20.decimals
FNDA:0,ERC20.decimals
DA:84,0
FN:90,ERC20.totalSupply
FNDA:4437,ERC20.totalSupply
DA:91,4437
FN:97,ERC20.balanceOf
FNDA:2611,ERC20.balanceOf
DA:98,2611
FN:109,ERC20.transfer
FNDA:1,ERC20.transfer
DA:110,1
DA:111,1
DA:112,1
FN:118,ERC20.allowance
FNDA:8,ERC20.allowance
DA:119,8
FN:132,ERC20.approve
FNDA:24,ERC20.approve
DA:133,24
DA:134,24
DA:135,24
FN:154,ERC20.transferFrom
FNDA:8,ERC20.transferFrom
DA:155,8
DA:156,8
DA:157,8
DA:158,8
FN:171,ERC20._transfer
FNDA:9,ERC20._transfer
DA:172,9
BRDA:172,0,0,-
DA:173,0
DA:175,9
BRDA:175,1,0,-
DA:176,0
DA:178,9
FN:188,ERC20._update
FNDA:1863,ERC20._update
DA:189,1863
BRDA:189,2,0,1071
BRDA:189,2,1,-
DA:191,1071
DA:193,792
DA:194,792
BRDA:194,3,0,-
DA:195,0
DA:199,792
DA:203,1071
BRDA:203,4,0,783
BRDA:203,4,1,1080
DA:206,783
DA:211,1080
DA:215,1071
FN:226,ERC20._mint
FNDA:1071,ERC20._mint
DA:227,1071
BRDA:227,5,0,-
DA:228,0
DA:230,1071
FN:241,ERC20._burn
FNDA:783,ERC20._burn
DA:242,783
BRDA:242,6,0,-
DA:243,0
DA:245,783
FN:263,ERC20._approve
FNDA:24,ERC20._approve
DA:264,24
FN:284,ERC20._approve
FNDA:24,ERC20._approve
DA:288,24
BRDA:288,7,0,-
DA:289,0
DA:291,24
BRDA:291,8,0,-
DA:292,0
DA:294,24
DA:295,24
BRDA:295,9,0,24
DA:296,24
FN:308,ERC20._spendAllowance
FNDA:8,ERC20._spendAllowance
DA:309,8
DA:310,8
BRDA:310,10,0,-
DA:311,0
BRDA:311,11,0,-
DA:312,0
DA:315,0
FNF:17
FNH:15
LF:52
LH:40
BRF:14
BRH:4
end_of_record
TN:
SF:contracts/dependencies/openzeppelin/contracts/Ownable.sol
FN:38,Ownable.
FNDA:557,Ownable.
DA:39,557
BRDA:39,0,0,-
DA:40,0
DA:42,557
FN:48,Ownable.onlyOwner
FNDA:796,Ownable.onlyOwner
DA:49,0
FN:56,Ownable.owner
FNDA:3685,Ownable.owner
DA:57,3685
FN:63,Ownable._checkOwner
FNDA:3685,Ownable._checkOwner
DA:64,3685
BRDA:64,1,0,1305
DA:65,1305
FN:76,Ownable.renounceOwnership
FNDA:0,Ownable.renounceOwnership
DA:77,0
FN:84,Ownable.transferOwnership
FNDA:0,Ownable.transferOwnership
DA:85,0
BRDA:85,2,0,-
DA:86,0
DA:88,0
FN:95,Ownable._transferOwnership
FNDA:557,Ownable._transferOwnership
DA:96,557
DA:97,557
DA:98,557
FNF:7
FNH:5
LF:14
LH:8
BRF:3
BRH:1
end_of_record
TN:
SF:contracts/dependencies/openzeppelin/contracts/ReentrancyGuard.sol
FN:44,ReentrancyGuard.
FNDA:0,ReentrancyGuard.
DA:45,0
FN:55,ReentrancyGuard.nonReentrant
FNDA:0,ReentrancyGuard.nonReentrant
DA:56,0
DA:58,0
FN:61,ReentrancyGuard._nonReentrantBefore
FNDA:0,ReentrancyGuard._nonReentrantBefore
DA:63,0
BRDA:63,0,0,-
DA:64,0
DA:68,0
FN:71,ReentrancyGuard._nonReentrantAfter
FNDA:0,ReentrancyGuard._nonReentrantAfter
DA:74,0
FN:81,ReentrancyGuard._reentrancyGuardEntered
FNDA:0,ReentrancyGuard._reentrancyGuardEntered
DA:82,0
FNF:5
FNH:0
LF:8
LH:0
BRF:1
BRH:0
end_of_record
TN:
SF:contracts/dependencies/openzeppelin/contracts/SafeERC20.sol
FN:38,SafeERC20.safeTransfer
FNDA:7046,SafeERC20.safeTransfer
DA:39,7046
FN:46,SafeERC20.safeTransferFrom
FNDA:33909,SafeERC20.safeTransferFrom
DA:47,33909
FN:54,SafeERC20.safeIncreaseAllowance
FNDA:0,SafeERC20.safeIncreaseAllowance
DA:55,0
DA:56,0
FN:63,SafeERC20.safeDecreaseAllowance
FNDA:0,SafeERC20.safeDecreaseAllowance
DA:67,0
DA:68,0
BRDA:68,0,0,-
DA:69,0
DA:73,0
FN:82,SafeERC20.forceApprove
FNDA:2349,SafeERC20.forceApprove
DA:83,2349
DA:85,2349
BRDA:85,1,0,-
DA:86,0
DA:87,0
FN:97,SafeERC20._callOptionalReturn
FNDA:40955,SafeERC20._callOptionalReturn
DA:102,40955
DA:103,40955
BRDA:103,2,0,-
DA:104,0
FN:116,SafeERC20._callOptionalReturnBool
FNDA:2349,SafeERC20._callOptionalReturnBool
DA:121,2349
DA:122,2349
DA:123,2349
FNF:7
FNH:5
LF:18
LH:9
BRF:3
BRH:0
end_of_record
TN:
SF:contracts/dependencies/openzeppelin/upgradeability/AdminUpgradeabilityProxy.sol
FN:21,AdminUpgradeabilityProxy.
FNDA:0,AdminUpgradeabilityProxy.
DA:25,0
BRDA:25,0,0,-
BRDA:25,0,1,-
DA:26,0
FN:32,AdminUpgradeabilityProxy._willFallback
FNDA:0,AdminUpgradeabilityProxy._willFallback
DA:33,0
FNF:2
FNH:0
LF:3
LH:0
BRF:2
BRH:0
end_of_record
TN:
SF:contracts/dependencies/openzeppelin/upgradeability/BaseAdminUpgradeabilityProxy.sol
FN:35,BaseAdminUpgradeabilityProxy.ifAdmin
FNDA:0,BaseAdminUpgradeabilityProxy.ifAdmin
DA:36,0
BRDA:36,0,0,-
BRDA:36,0,1,-
DA:39,0
FN:46,BaseAdminUpgradeabilityProxy.admin
FNDA:0,BaseAdminUpgradeabilityProxy.admin
DA:47,0
FN:53,BaseAdminUpgradeabilityProxy.implementation
FNDA:0,BaseAdminUpgradeabilityProxy.implementation
DA:54,0
FN:62,BaseAdminUpgradeabilityProxy.changeAdmin
FNDA:0,BaseAdminUpgradeabilityProxy.changeAdmin
DA:63,0
BRDA:63,1,0,-
BRDA:63,1,1,-
DA:64,0
DA:65,0
FN:73,BaseAdminUpgradeabilityProxy.upgradeTo
FNDA:0,BaseAdminUpgradeabilityProxy.upgradeTo
DA:74,0
FN:86,BaseAdminUpgradeabilityProxy.upgradeToAndCall
FNDA:0,BaseAdminUpgradeabilityProxy.upgradeToAndCall
DA:91,0
DA:92,0
DA:93,0
BRDA:93,2,0,-
BRDA:93,2,1,-
FN:99,BaseAdminUpgradeabilityProxy._admin
FNDA:0,BaseAdminUpgradeabilityProxy._admin
DA:100,0
DA:102,0
FN:110,BaseAdminUpgradeabilityProxy._setAdmin
FNDA:0,BaseAdminUpgradeabilityProxy._setAdmin
DA:111,0
DA:113,0
FN:120,BaseAdminUpgradeabilityProxy._willFallback
FNDA:0,BaseAdminUpgradeabilityProxy._willFallback
DA:121,0
BRDA:121,3,0,-
BRDA:121,3,1,-
DA:122,0
FNF:9
FNH:0
LF:17
LH:0
BRF:8
BRH:0
end_of_record
TN:
SF:contracts/dependencies/openzeppelin/upgradeability/BaseUpgradeabilityProxy.sol
FN:32,BaseUpgradeabilityProxy._implementation
FNDA:1441623,BaseUpgradeabilityProxy._implementation
DA:33,1441623
DA:35,0
FN:43,BaseUpgradeabilityProxy._upgradeTo
FNDA:791,BaseUpgradeabilityProxy._upgradeTo
DA:44,791
DA:45,791
FN:52,BaseUpgradeabilityProxy._setImplementation
FNDA:2543,BaseUpgradeabilityProxy._setImplementation
DA:53,2543
BRDA:53,0,0,-
BRDA:53,0,1,-
DA:58,2543
DA:61,0
FNF:3
FNH:3
LF:7
LH:5
BRF:2
BRH:0
end_of_record
TN:
SF:contracts/dependencies/openzeppelin/upgradeability/Initializable.sol
FN:30,Initializable.initializer
FNDA:0,Initializable.initializer
DA:31,0
BRDA:31,0,0,-
BRDA:31,0,1,-
DA:36,0
DA:37,0
BRDA:37,1,0,-
DA:38,0
DA:39,0
DA:44,0
BRDA:44,2,0,-
DA:45,0
FN:50,Initializable.isConstructor
FNDA:0,Initializable.isConstructor
DA:56,0
DA:59,0
DA:61,0
FNF:2
FNH:0
LF:10
LH:0
BRF:4
BRH:0
end_of_record
TN:
SF:contracts/dependencies/openzeppelin/upgradeability/InitializableAdminUpgradeabilityProxy.sol
FN:25,InitializableAdminUpgradeabilityProxy.initialize
FNDA:0,InitializableAdminUpgradeabilityProxy.initialize
DA:26,0
BRDA:26,0,0,-
BRDA:26,0,1,-
DA:27,0
DA:28,0
BRDA:28,1,0,-
BRDA:28,1,1,-
DA:29,0
FN:35,InitializableAdminUpgradeabilityProxy._willFallback
FNDA:0,InitializableAdminUpgradeabilityProxy._willFallback
DA:36,0
FNF:2
FNH:0
LF:5
LH:0
BRF:4
BRH:0
end_of_record
TN:
SF:contracts/dependencies/openzeppelin/upgradeability/InitializableUpgradeabilityProxy.sol
FN:20,InitializableUpgradeabilityProxy.initialize
FNDA:1752,InitializableUpgradeabilityProxy.initialize
DA:21,1752
BRDA:21,0,0,-
BRDA:21,0,1,-
DA:22,1752
BRDA:22,1,0,-
BRDA:22,1,1,-
DA:25,1752
DA:26,1752
BRDA:26,2,0,1752
DA:27,1752
DA:28,1752
BRDA:28,3,0,-
BRDA:28,3,1,-
FNF:1
FNH:1
LF:6
LH:6
BRF:7
BRH:1
end_of_record
TN:
SF:contracts/dependencies/openzeppelin/upgradeability/Proxy.sol
FN:17,Proxy.
FNDA:1439868,Proxy.
DA:18,0
FN:32,Proxy._delegate
FNDA:1439866,Proxy._delegate
DA:37,0
DA:41,0
DA:44,0
DA:48,0
DA:49,0
FN:58,Proxy._willFallback
FNDA:0,Proxy._willFallback
FN:64,Proxy._fallback
FNDA:1439868,Proxy._fallback
DA:65,0
DA:66,1439866
FNF:4
FNH:3
LF:8
LH:1
BRF:0
BRH:0
end_of_record
TN:
SF:contracts/dependencies/openzeppelin/upgradeability/UpgradeabilityProxy.sol
FN:20,UpgradeabilityProxy.
FNDA:0,UpgradeabilityProxy.
DA:21,0
BRDA:21,0,0,-
BRDA:21,0,1,-
DA:24,0
DA:25,0
BRDA:25,1,0,-
DA:26,0
DA:27,0
BRDA:27,2,0,-
BRDA:27,2,1,-
FNF:1
FNH:0
LF:5
LH:0
BRF:5
BRH:0
end_of_record
TN:
SF:contracts/deployments/ATokensAndRatesHelper.sol
FN:36,ATokensAndRatesHelper.
FNDA:54,ATokensAndRatesHelper.
DA:39,54
DA:40,54
DA:41,54
FN:44,ATokensAndRatesHelper.configureReserves
FNDA:57,ATokensAndRatesHelper.configureReserves
DA:45,57
DA:46,57
DA:47,219
DA:55,219
BRDA:55,0,0,219
DA:56,219
DA:60,219
FNF:2
FNH:2
LF:9
LH:9
BRF:1
BRH:1
end_of_record
TN:
SF:contracts/misc/Cod3xLendDataProvider.sol
FN:45,Cod3xLendDataProvider.lendingPoolSet
FNDA:3916,Cod3xLendDataProvider.lendingPoolSet
DA:46,3916
BRDA:46,0,0,-
BRDA:46,0,1,-
FN:50,Cod3xLendDataProvider.miniPoolSet
FNDA:0,Cod3xLendDataProvider.miniPoolSet
DA:51,0
BRDA:51,1,0,-
BRDA:51,1,1,-
FN:65,Cod3xLendDataProvider.
FNDA:54,Cod3xLendDataProvider.
DA:69,54
DA:71,54
FN:77,Cod3xLendDataProvider.setLendingPoolAddressProvider
FNDA:54,Cod3xLendDataProvider.setLendingPoolAddressProvider
DA:78,54
FN:81,Cod3xLendDataProvider.setMiniPoolAddressProvider
FNDA:49,Cod3xLendDataProvider.setMiniPoolAddressProvider
DA:82,49
FN:90,Cod3xLendDataProvider.getAllLpData
FNDA:0,Cod3xLendDataProvider.getAllLpData
DA:96,0
DA:101,0
DA:103,0
DA:105,0
DA:106,0
DA:107,0
DA:108,0
DA:109,0
DA:110,0
DA:112,0
DA:113,0
DA:114,0
DA:115,0
DA:116,0
DA:117,0
DA:118,0
DA:119,0
DA:120,0
DA:121,0
DA:123,0
DA:124,0
DA:125,0
DA:126,0
DA:127,0
DA:128,0
DA:129,0
DA:130,0
DA:131,0
DA:132,0
DA:134,0
DA:135,0
FN:145,Cod3xLendDataProvider.getLpReserveStaticData
FNDA:3916,Cod3xLendDataProvider.getLpReserveStaticData
DA:151,3916
FN:154,Cod3xLendDataProvider._getLpReserveStaticData
FNDA:3916,Cod3xLendDataProvider._getLpReserveStaticData
DA:159,3916
DA:163,3916
DA:165,3916
DA:175,3916
DA:182,3916
FN:198,Cod3xLendDataProvider.getLpReserveDynamicData
FNDA:8072,Cod3xLendDataProvider.getLpReserveDynamicData
DA:204,8072
FN:207,Cod3xLendDataProvider._getLpReserveDynamicData
FNDA:8072,Cod3xLendDataProvider._getLpReserveDynamicData
DA:212,8072
DA:216,8072
DA:217,8072
DA:219,8072
DA:220,8072
DA:221,8072
DA:222,8072
DA:223,8072
DA:225,8072
DA:226,8072
DA:227,8072
DA:229,0
FN:239,Cod3xLendDataProvider.getAllLpTokens
FNDA:0,Cod3xLendDataProvider.getAllLpTokens
DA:250,0
DA:251,0
DA:252,0
DA:253,0
DA:254,0
DA:255,0
FN:260,Cod3xLendDataProvider.getLpTokens
FNDA:651,Cod3xLendDataProvider.getLpTokens
DA:266,651
DA:267,651
FN:270,Cod3xLendDataProvider._getLpTokens
FNDA:651,Cod3xLendDataProvider._getLpTokens
DA:276,651
DA:277,651
DA:278,651
FN:285,Cod3xLendDataProvider.getAllLpUserData
FNDA:0,Cod3xLendDataProvider.getAllLpUserData
DA:291,0
DA:292,0
DA:293,0
DA:295,0
DA:296,0
FN:307,Cod3xLendDataProvider.getLpUserData
FNDA:0,Cod3xLendDataProvider.getLpUserData
DA:313,0
DA:314,0
FN:324,Cod3xLendDataProvider._getLpUserData
FNDA:0,Cod3xLendDataProvider._getLpUserData
DA:329,0
DA:330,0
DA:331,0
DA:332,0
DA:333,0
DA:335,0
DA:336,0
DA:337,0
DA:338,0
BRDA:338,2,0,-
DA:339,0
DA:341,0
FN:357,Cod3xLendDataProvider.getLpUserAccountData
FNDA:0,Cod3xLendDataProvider.getLpUserAccountData
DA:370,0
DA:371,0
FN:387,Cod3xLendDataProvider.getAllMpData
FNDA:0,Cod3xLendDataProvider.getAllMpData
DA:393,0
FN:401,Cod3xLendDataProvider.getAllMpData
FNDA:0,Cod3xLendDataProvider.getAllMpData
DA:407,0
FN:410,Cod3xLendDataProvider._getAllMpData
FNDA:0,Cod3xLendDataProvider._getAllMpData
DA:415,0
DA:420,0
DA:422,0
DA:424,0
DA:425,0
DA:426,0
DA:427,0
DA:428,0
DA:429,0
DA:431,0
DA:432,0
DA:433,0
DA:434,0
DA:435,0
DA:436,0
DA:437,0
DA:438,0
DA:439,0
DA:440,0
DA:442,0
DA:443,0
DA:444,0
DA:445,0
DA:446,0
DA:447,0
DA:448,0
DA:449,0
DA:451,0
DA:452,0
DA:453,0
FN:463,Cod3xLendDataProvider.getMpReserveStaticData
FNDA:0,Cod3xLendDataProvider.getMpReserveStaticData
DA:469,0
FN:478,Cod3xLendDataProvider.getMpReserveStaticData
FNDA:0,Cod3xLendDataProvider.getMpReserveStaticData
DA:484,0
FN:487,Cod3xLendDataProvider._getMpReserveStaticData
FNDA:0,Cod3xLendDataProvider._getMpReserveStaticData
DA:492,0
DA:493,0
DA:495,0
DA:497,0
DA:507,0
DA:514,0
FN:530,Cod3xLendDataProvider.getMpReserveDynamicData
FNDA:0,Cod3xLendDataProvider.getMpReserveDynamicData
DA:536,0
FN:552,Cod3xLendDataProvider.getMpReserveDynamicData
FNDA:1572,Cod3xLendDataProvider.getMpReserveDynamicData
DA:558,1572
FN:561,Cod3xLendDataProvider._getMpReserveDynamicData
FNDA:1572,Cod3xLendDataProvider._getMpReserveDynamicData
DA:566,1572
DA:567,1572
DA:569,1572
BRDA:569,3,0,-
BRDA:569,3,1,-
DA:571,1572
DA:572,1572
DA:573,1572
DA:575,1572
DA:576,1572
DA:577,1572
DA:578,1572
DA:579,1572
DA:581,1572
DA:582,1572
DA:584,0
FN:595,Cod3xLendDataProvider.getAllMpTokenInfo
FNDA:0,Cod3xLendDataProvider.getAllMpTokenInfo
DA:606,0
FN:617,Cod3xLendDataProvider.getAllMpTokenInfo
FNDA:0,Cod3xLendDataProvider.getAllMpTokenInfo
DA:628,0
FN:632,Cod3xLendDataProvider._getAllMpTokenInfo
FNDA:0,Cod3xLendDataProvider._getAllMpTokenInfo
DA:642,0
DA:643,0
DA:644,0
DA:645,0
DA:646,0
DA:647,0
DA:648,0
DA:649,0
DA:650,0
BRDA:650,4,0,-
BRDA:650,4,1,-
DA:651,0
DA:652,0
DA:653,0
FN:663,Cod3xLendDataProvider.getAllMpUserData
FNDA:0,Cod3xLendDataProvider.getAllMpUserData
DA:669,0
DA:670,0
DA:671,0
DA:673,0
DA:674,0
FN:684,Cod3xLendDataProvider.getAllMpUserData
FNDA:0,Cod3xLendDataProvider.getAllMpUserData
DA:690,0
DA:691,0
DA:692,0
DA:694,0
DA:695,0
FN:705,Cod3xLendDataProvider.getMpUserData
FNDA:0,Cod3xLendDataProvider.getMpUserData
DA:711,0
FN:720,Cod3xLendDataProvider.getMpUserData
FNDA:0,Cod3xLendDataProvider.getMpUserData
DA:726,0
DA:727,0
FN:737,Cod3xLendDataProvider._getMpUserData
FNDA:0,Cod3xLendDataProvider._getMpUserData
DA:743,0
DA:745,0
DA:746,0
DA:748,0
BRDA:748,5,0,-
BRDA:748,5,1,-
DA:750,0
DA:751,0
DA:752,0
DA:753,0
DA:755,0
DA:756,0
DA:757,0
BRDA:757,6,0,-
DA:758,0
FN:776,Cod3xLendDataProvider.getMpUserAccountData
FNDA:0,Cod3xLendDataProvider.getMpUserAccountData
DA:789,0
DA:790,0
FN:813,Cod3xLendDataProvider.getMpUserAccountData
FNDA:0,Cod3xLendDataProvider.getMpUserAccountData
DA:826,0
DA:827,0
FN:842,Cod3xLendDataProvider.getAllMpUnderlyingBalanceOf
FNDA:0,Cod3xLendDataProvider.getAllMpUnderlyingBalanceOf
DA:848,0
DA:849,0
DA:850,0
FN:860,Cod3xLendDataProvider.getMpUnderlyingBalanceOf
FNDA:0,Cod3xLendDataProvider.getMpUnderlyingBalanceOf
DA:866,0
DA:867,0
FN:878,Cod3xLendDataProvider.getMpUnderlyingBalanceOf
FNDA:0,Cod3xLendDataProvider.getMpUnderlyingBalanceOf
DA:884,0
DA:886,0
FN:897,Cod3xLendDataProvider.getUnderlyingAssetFromId
FNDA:0,Cod3xLendDataProvider.getUnderlyingAssetFromId
DA:903,0
DA:904,0
FN:913,Cod3xLendDataProvider.getUnderlyingAssetFromId
FNDA:0,Cod3xLendDataProvider.getUnderlyingAssetFromId
DA:919,0
DA:921,0
FN:930,Cod3xLendDataProvider.getMiniPoolsWithReserve
FNDA:0,Cod3xLendDataProvider.getMiniPoolsWithReserve
DA:936,0
DA:937,0
DA:938,0
DA:939,0
DA:941,0
DA:942,0
DA:943,0
BRDA:943,7,0,-
DA:944,0
DA:945,0
DA:946,0
DA:950,0
DA:951,0
DA:953,0
DA:954,0
DA:955,0
FN:965,Cod3xLendDataProvider.getMpRemainingFlow
FNDA:0,Cod3xLendDataProvider.getMpRemainingFlow
DA:970,0
DA:971,0
FN:982,Cod3xLendDataProvider.isReserveInMiniPool
FNDA:0,Cod3xLendDataProvider.isReserveInMiniPool
DA:988,0
DA:989,0
DA:990,0
DA:991,0
DA:992,0
BRDA:992,8,0,-
DA:993,0
FN:1005,Cod3xLendDataProvider.isMpReserveConfigured
FNDA:1572,Cod3xLendDataProvider.isMpReserveConfigured
DA:1010,1572
DA:1011,1572
FN:1014,Cod3xLendDataProvider.getBaseCurrencyInfo
FNDA:0,Cod3xLendDataProvider.getBaseCurrencyInfo
DA:1019,0
DA:1021,0
DA:1023,0
DA:1024,0
DA:1025,0
BRDA:1025,9,0,-
BRDA:1025,9,1,-
DA:1026,0
DA:1030,0
DA:1033,0
DA:1034,0
DA:1038,0
DA:1039,0
DA:1041,0
BRDA:1041,10,0,-
BRDA:1041,10,1,-
DA:1049,0
FNF:46
FNH:13
LF:235
LH:44
BRF:18
BRH:0
end_of_record
TN:
SF:contracts/misc/RewardsVault.sol
FN:19,RewardsVault.onlyPoolAdmin
FNDA:24,RewardsVault.onlyPoolAdmin
DA:20,24
BRDA:20,0,0,24
BRDA:20,0,1,-
FN:24,RewardsVault.
FNDA:24,RewardsVault.
DA:29,24
DA:30,24
DA:31,24
FN:34,RewardsVault.approveIncentivesController
FNDA:24,RewardsVault.approveIncentivesController
DA:35,24
FN:38,RewardsVault.emergencyEtherTransfer
FNDA:0,RewardsVault.emergencyEtherTransfer
DA:39,0
DA:40,0
BRDA:40,1,0,-
BRDA:40,1,1,-
FN:43,RewardsVault.emergencyTokenTransfer
FNDA:0,RewardsVault.emergencyTokenTransfer
DA:44,0
FNF:5
FNH:3
LF:8
LH:5
BRF:4
BRH:1
end_of_record
TN:
SF:contracts/misc/Treasury.sol
FN:23,Treasury.onlyPoolAdmin
FNDA:0,Treasury.onlyPoolAdmin
DA:24,0
BRDA:24,0,0,-
BRDA:24,0,1,-
FN:28,Treasury.
FNDA:54,Treasury.
DA:29,54
DA:30,54
DA:31,54
FN:34,Treasury.withdrawAllReserves
FNDA:0,Treasury.withdrawAllReserves
DA:35,0
DA:36,0
DA:37,0
DA:38,0
DA:39,0
FN:42,Treasury.withdrawReserves
FNDA:0,Treasury.withdrawReserves
DA:46,0
DA:47,0
DA:48,0
DA:49,0
DA:50,0
BRDA:50,1,0,-
DA:51,0
DA:54,0
FN:57,Treasury.transferToMultisig
FNDA:0,Treasury.transferToMultisig
DA:58,0
FN:61,Treasury.setTreasury
FNDA:0,Treasury.setTreasury
DA:62,0
FN:65,Treasury.setMultisig
FNDA:0,Treasury.setMultisig
DA:66,0
FNF:7
FNH:1
LF:19
LH:3
BRF:3
BRH:0
end_of_record
TN:
SF:contracts/misc/WETHGateway.sol
FN:31,WETHGateway.
FNDA:108,WETHGateway.
DA:32,108
FN:35,WETHGateway.authorizeLendingPool
FNDA:54,WETHGateway.authorizeLendingPool
DA:36,54
FN:45,WETHGateway.depositETH
FNDA:0,WETHGateway.depositETH
DA:50,0
DA:51,0
FN:60,WETHGateway.withdrawETH
FNDA:0,WETHGateway.withdrawETH
DA:64,0
DA:67,0
DA:68,0
DA:71,0
BRDA:71,0,0,-
DA:72,0
DA:74,0
DA:75,0
DA:78,0
DA:79,0
FN:88,WETHGateway.repayETH
FNDA:0,WETHGateway.repayETH
DA:93,0
DA:97,0
DA:99,0
BRDA:99,1,0,-
DA:100,0
DA:102,0
BRDA:102,2,0,-
BRDA:102,2,1,-
DA:103,0
DA:104,0
DA:107,0
BRDA:107,3,0,-
FN:115,WETHGateway.borrowETH
FNDA:0,WETHGateway.borrowETH
DA:116,0
DA:117,0
DA:118,0
FN:126,WETHGateway._safeTransferETH
FNDA:0,WETHGateway._safeTransferETH
DA:127,0
DA:128,0
BRDA:128,4,0,-
BRDA:128,4,1,-
FN:138,WETHGateway.emergencyTokenTransfer
FNDA:0,WETHGateway.emergencyTokenTransfer
DA:139,0
FN:148,WETHGateway.emergencyEtherTransfer
FNDA:0,WETHGateway.emergencyEtherTransfer
DA:149,0
FN:155,WETHGateway.getWETHAddress
FNDA:0,WETHGateway.getWETHAddress
DA:156,0
FN:169,WETHGateway.
FNDA:0,WETHGateway.
DA:170,0
FNF:11
FNH:2
LF:30
LH:2
BRF:7
BRH:0
end_of_record
TN:
SF:contracts/mocks/dependencies/FlashLoanReceiverBase.sol
FN:17,FlashLoanReceiverBase.
FNDA:0,FlashLoanReceiverBase.
DA:18,0
DA:19,0
FNF:1
FNH:0
LF:2
LH:0
BRF:0
BRH:0
end_of_record
TN:
SF:contracts/mocks/dependencies/MockedContractToUpdate.sol
FN:14,MockedContractToUpdate.getRevision
FNDA:1308,MockedContractToUpdate.getRevision
DA:15,1308
FN:18,MockedContractToUpdate.initialize
FNDA:262,MockedContractToUpdate.initialize
DA:19,262
FN:22,MockedContractToUpdate.initialize
FNDA:1046,MockedContractToUpdate.initialize
DA:23,1046
FNF:3
FNH:3
LF:3
LH:3
BRF:0
BRH:0
end_of_record
TN:
SF:contracts/mocks/dependencies/WETH9.sol
FN:37,WETH9.deposit
FNDA:0,WETH9.deposit
DA:38,0
DA:39,0
FN:42,WETH9.withdraw
FNDA:0,WETH9.withdraw
DA:43,0
BRDA:43,0,0,-
BRDA:43,0,1,-
DA:44,0
DA:45,0
DA:46,0
FN:49,WETH9.totalSupply
FNDA:0,WETH9.totalSupply
DA:50,0
FN:53,WETH9.approve
FNDA:0,WETH9.approve
DA:54,0
DA:55,0
DA:56,0
FN:59,WETH9.transfer
FNDA:0,WETH9.transfer
DA:60,0
FN:63,WETH9.transferFrom
FNDA:0,WETH9.transferFrom
DA:64,0
BRDA:64,1,0,-
BRDA:64,1,1,-
DA:66,0
BRDA:66,2,0,-
DA:67,0
BRDA:67,3,0,-
BRDA:67,3,1,-
DA:68,0
DA:71,0
DA:72,0
DA:74,0
DA:76,0
FNF:6
FNH:0
LF:19
LH:0
BRF:7
BRH:0
end_of_record
TN:
SF:contracts/mocks/interestRateStrategies/MockLendingpoolReserveInterestRateStrategy.sol
FN:32,MockLendingpoolReserveInterestRateStrategy.
FNDA:0,MockLendingpoolReserveInterestRateStrategy.
DA:37,0
DA:38,0
DA:39,0
FN:42,MockLendingpoolReserveInterestRateStrategy.setRates
FNDA:0,MockLendingpoolReserveInterestRateStrategy.setRates
DA:43,0
DA:44,0
FN:56,MockLendingpoolReserveInterestRateStrategy.calculateInterestRates
FNDA:0,MockLendingpoolReserveInterestRateStrategy.calculateInterestRates
DA:64,0
DA:65,0
BRDA:65,0,0,-
DA:66,0
DA:68,0
DA:70,0
FN:73,MockLendingpoolReserveInterestRateStrategy.calculateInterestRates
FNDA:0,MockLendingpoolReserveInterestRateStrategy.calculateInterestRates
DA:78,0
FN:81,MockLendingpoolReserveInterestRateStrategy.getCod3xReserveFactor
FNDA:0,MockLendingpoolReserveInterestRateStrategy.getCod3xReserveFactor
DA:82,0
DA:85,0
FN:88,MockLendingpoolReserveInterestRateStrategy.getCod3xReserveFactor
FNDA:0,MockLendingpoolReserveInterestRateStrategy.getCod3xReserveFactor
DA:93,0
FNF:6
FNH:0
LF:14
LH:0
BRF:1
BRH:0
end_of_record
TN:
SF:contracts/mocks/interestRateStrategies/MockMinipoolReserveInterestRateStrategy.sol
FN:40,MockMinipoolReserveInterestRateStrategy.
FNDA:0,MockMinipoolReserveInterestRateStrategy.
DA:45,0
DA:46,0
DA:47,0
FN:50,MockMinipoolReserveInterestRateStrategy.setRates
FNDA:0,MockMinipoolReserveInterestRateStrategy.setRates
DA:51,0
DA:52,0
FN:64,MockMinipoolReserveInterestRateStrategy.calculateInterestRates
FNDA:0,MockMinipoolReserveInterestRateStrategy.calculateInterestRates
DA:72,0
DA:73,0
DA:74,0
BRDA:74,0,0,-
BRDA:74,0,1,-
DA:75,0
DA:76,0
DA:77,0
DA:79,0
DA:83,0
DA:86,0
BRDA:86,1,0,-
DA:87,0
DA:91,0
DA:93,0
FN:96,MockMinipoolReserveInterestRateStrategy.calculateInterestRates
FNDA:0,MockMinipoolReserveInterestRateStrategy.calculateInterestRates
DA:101,0
DA:102,0
DA:103,0
DA:107,0
BRDA:107,2,0,-
DA:108,0
DA:109,0
DA:111,0
DA:123,0
BRDA:123,3,0,-
DA:124,0
DA:127,0
FN:130,MockMinipoolReserveInterestRateStrategy.getCod3xReserveFactor
FNDA:0,MockMinipoolReserveInterestRateStrategy.getCod3xReserveFactor
DA:135,0
DA:138,0
FN:141,MockMinipoolReserveInterestRateStrategy.getCod3xReserveFactor
FNDA:0,MockMinipoolReserveInterestRateStrategy.getCod3xReserveFactor
DA:146,0
FNF:6
FNH:0
LF:30
LH:0
BRF:5
BRH:0
end_of_record
TN:
SF:contracts/mocks/oracle/MockAggregator.sol
FN:10,MockAggregator.
FNDA:216,MockAggregator.
DA:11,216
DA:12,216
DA:13,216
FN:16,MockAggregator.latestAnswer
FNDA:1036,MockAggregator.latestAnswer
DA:17,1036
FN:20,MockAggregator.decimals
FNDA:0,MockAggregator.decimals
DA:21,0
FN:24,MockAggregator.getTokenType
FNDA:0,MockAggregator.getTokenType
DA:25,0
FN:28,MockAggregator.setLastAnswer
FNDA:518,MockAggregator.setLastAnswer
DA:29,518
DA:30,518
FN:33,MockAggregator.latestRoundData
FNDA:108115,MockAggregator.latestRoundData
DA:44,108115
FNF:6
FNH:4
LF:9
LH:7
BRF:0
BRH:0
end_of_record
TN:
SF:contracts/mocks/oracle/PriceOracle.sol
FN:11,PriceOracle.getAssetPrice
FNDA:0,PriceOracle.getAssetPrice
DA:12,0
FN:15,PriceOracle.setAssetPrice
FNDA:0,PriceOracle.setAssetPrice
DA:16,0
DA:17,0
FN:20,PriceOracle.getEthUsdPrice
FNDA:0,PriceOracle.getEthUsdPrice
DA:21,0
FN:24,PriceOracle.setEthUsdPrice
FNDA:0,PriceOracle.setEthUsdPrice
DA:25,0
DA:26,0
FNF:4
FNH:0
LF:6
LH:0
BRF:0
BRH:0
end_of_record
TN:
SF:contracts/mocks/tokens/ExternalContract.sol
FN:11,ExternalContract.
FNDA:0,ExternalContract.
DA:12,0
FN:15,ExternalContract.withdraw
FNDA:0,ExternalContract.withdraw
DA:16,0
DA:17,0
FN:20,ExternalContract.withdrawAll
FNDA:0,ExternalContract.withdrawAll
DA:21,0
DA:22,0
FN:25,ExternalContract.deposit
FNDA:0,ExternalContract.deposit
DA:26,0
FN:29,ExternalContract.balance
FNDA:0,ExternalContract.balance
DA:30,0
FNF:5
FNH:0
LF:7
LH:0
BRF:0
BRH:0
end_of_record
TN:
SF:contracts/mocks/tokens/MintableERC20.sol
FN:13,MintableERC20.
FNDA:15,MintableERC20.
DA:16,15
FN:23,MintableERC20.mint
FNDA:27,MintableERC20.mint
DA:24,27
FN:27,MintableERC20._setupDecimals
FNDA:15,MintableERC20._setupDecimals
DA:28,15
FN:31,MintableERC20.decimals
FNDA:3,MintableERC20.decimals
DA:32,3
FNF:4
FNH:4
LF:4
LH:4
BRF:0
BRH:0
end_of_record
TN:
SF:contracts/mocks/tokens/MockStrategy.sol
FN:15,MockStrategy.
FNDA:0,MockStrategy.
DA:16,0
DA:17,0
DA:18,0
FN:21,MockStrategy.harvest
FNDA:0,MockStrategy.harvest
DA:22,0
DA:25,0
DA:26,0
DA:27,0
DA:28,0
FN:32,MockStrategy.withdraw
FNDA:0,MockStrategy.withdraw
DA:33,0
DA:36,0
DA:37,0
FN:41,MockStrategy.balanceOf
FNDA:0,MockStrategy.balanceOf
DA:42,0
FN:46,MockStrategy.vault
FNDA:0,MockStrategy.vault
DA:47,0
FN:51,MockStrategy.want
FNDA:0,MockStrategy.want
DA:52,0
FNF:6
FNH:0
LF:14
LH:0
BRF:0
BRH:0
end_of_record
TN:
SF:contracts/mocks/tokens/MockVault.sol
FN:87,MockReaperVault2.
FNDA:412,MockReaperVault2.
DA:94,412
DA:95,412
DA:96,412
DA:97,412
DA:98,412
DA:99,412
FN:108,MockReaperVault2.addStrategy
FNDA:0,MockReaperVault2.addStrategy
DA:109,0
BRDA:109,0,0,-
BRDA:109,0,1,-
DA:110,0
BRDA:110,1,0,-
BRDA:110,1,1,-
DA:111,0
BRDA:111,2,0,-
BRDA:111,2,1,-
DA:112,0
BRDA:112,3,0,-
BRDA:112,3,1,-
DA:113,0
BRDA:113,4,0,-
BRDA:113,4,1,-
DA:114,0
BRDA:114,5,0,-
BRDA:114,5,1,-
DA:115,0
BRDA:115,6,0,-
BRDA:115,6,1,-
DA:117,0
DA:127,0
DA:128,0
DA:129,0
FN:137,MockReaperVault2.updateStrategyFeeBPS
FNDA:0,MockReaperVault2.updateStrategyFeeBPS
DA:138,0
BRDA:138,7,0,-
BRDA:138,7,1,-
DA:139,0
BRDA:139,8,0,-
BRDA:139,8,1,-
DA:140,0
DA:141,0
FN:149,MockReaperVault2.updateStrategyAllocBPS
FNDA:0,MockReaperVault2.updateStrategyAllocBPS
DA:150,0
BRDA:150,9,0,-
BRDA:150,9,1,-
DA:151,0
DA:152,0
DA:153,0
DA:154,0
DA:155,0
BRDA:155,10,0,-
BRDA:155,10,1,-
DA:156,0
FN:163,MockReaperVault2.revokeStrategy
FNDA:0,MockReaperVault2.revokeStrategy
DA:164,0
BRDA:164,11,0,-
DA:165,0
DA:168,0
DA:169,0
DA:170,0
FN:179,MockReaperVault2.availableCapital
FNDA:0,MockReaperVault2.availableCapital
DA:180,0
DA:181,0
BRDA:181,12,0,-
DA:182,0
DA:185,0
DA:186,0
DA:188,0
BRDA:188,13,0,-
BRDA:188,13,1,-
DA:189,0
DA:190,0
BRDA:190,14,0,-
BRDA:190,14,1,-
DA:191,0
DA:192,0
DA:194,0
BRDA:194,15,0,-
DA:195,0
DA:198,0
DA:199,0
DA:202,0
DA:204,0
DA:206,0
FN:214,MockReaperVault2.setWithdrawalQueue
FNDA:0,MockReaperVault2.setWithdrawalQueue
DA:215,0
DA:216,0
BRDA:216,16,0,-
BRDA:216,16,1,-
DA:218,0
DA:219,0
DA:220,0
DA:221,0
DA:222,0
BRDA:222,17,0,-
BRDA:222,17,1,-
DA:223,0
DA:225,0
FN:233,MockReaperVault2.balance
FNDA:0,MockReaperVault2.balance
DA:234,0
FN:242,MockReaperVault2._freeFunds
FNDA:0,MockReaperVault2._freeFunds
DA:243,0
FN:250,MockReaperVault2.getPricePerFullShare
FNDA:0,MockReaperVault2.getPricePerFullShare
DA:251,0
FN:259,MockReaperVault2.depositAll
FNDA:0,MockReaperVault2.depositAll
DA:260,0
FN:268,MockReaperVault2.deposit
FNDA:0,MockReaperVault2.deposit
DA:269,0
FN:274,MockReaperVault2._deposit
FNDA:0,MockReaperVault2._deposit
DA:275,0
BRDA:275,18,0,-
BRDA:275,18,1,-
DA:276,0
BRDA:276,19,0,-
BRDA:276,19,1,-
DA:277,0
BRDA:277,20,0,-
BRDA:277,20,1,-
DA:279,0
DA:280,0
BRDA:280,21,0,-
BRDA:280,21,1,-
DA:281,0
DA:283,0
DA:286,0
DA:287,0
DA:288,0
DA:289,0
FN:295,MockReaperVault2.withdrawAll
FNDA:0,MockReaperVault2.withdrawAll
DA:296,0
FN:305,MockReaperVault2.withdraw
FNDA:0,MockReaperVault2.withdraw
DA:306,0
FN:311,MockReaperVault2._withdraw
FNDA:0,MockReaperVault2._withdraw
DA:315,0
BRDA:315,22,0,-
BRDA:315,22,1,-
DA:316,0
DA:318,0
DA:319,0
BRDA:319,23,0,-
DA:320,0
DA:321,0
DA:322,0
DA:323,0
BRDA:323,24,0,-
DA:324,0
DA:327,0
DA:328,0
DA:329,0
BRDA:329,25,0,-
DA:330,0
DA:333,0
DA:334,0
DA:335,0
DA:336,0
DA:337,0
DA:338,0
DA:341,0
BRDA:341,26,0,-
DA:342,0
DA:343,0
DA:344,0
DA:347,0
DA:348,0
DA:351,0
DA:352,0
BRDA:352,27,0,-
DA:353,0
DA:354,0
DA:357,0
BRDA:357,28,0,-
BRDA:357,28,1,-
DA:363,0
DA:364,0
DA:365,0
DA:366,0
FN:373,MockReaperVault2._calculateLockedProfit
FNDA:0,MockReaperVault2._calculateLockedProfit
DA:374,0
DA:375,0
BRDA:375,29,0,-
DA:376,0
DA:379,0
FN:387,MockReaperVault2._reportLoss
FNDA:0,MockReaperVault2._reportLoss
DA:388,0
DA:390,0
DA:391,0
BRDA:391,30,0,-
BRDA:391,30,1,-
DA:393,0
BRDA:393,31,0,-
DA:395,0
DA:396,0
DA:397,0
DA:400,0
BRDA:400,32,0,-
DA:401,0
DA:402,0
DA:407,0
DA:408,0
DA:409,0
FN:419,MockReaperVault2._chargeFees
FNDA:0,MockReaperVault2._chargeFees
DA:420,0
DA:421,0
BRDA:421,33,0,-
DA:422,0
DA:423,0
DA:424,0
DA:426,0
FN:450,MockReaperVault2.report
FNDA:0,MockReaperVault2.report
DA:451,0
DA:452,0
DA:453,0
DA:454,0
BRDA:454,34,0,-
BRDA:454,34,1,-
DA:456,0
BRDA:456,35,0,-
BRDA:456,35,1,-
DA:457,0
DA:458,0
DA:459,0
BRDA:459,36,0,-
DA:460,0
DA:461,0
DA:462,0
DA:465,0
DA:466,0
BRDA:466,37,0,-
BRDA:466,37,1,-
DA:467,0
DA:468,0
DA:470,0
BRDA:470,38,0,-
DA:471,0
DA:472,0
DA:473,0
DA:475,0
BRDA:475,39,0,-
DA:476,0
DA:477,0
DA:478,0
DA:481,0
DA:482,0
BRDA:482,40,0,-
BRDA:482,40,1,-
DA:483,0
DA:484,0
DA:485,0
BRDA:485,41,0,-
DA:486,0
DA:487,0
DA:494,0
DA:495,0
BRDA:495,42,0,-
BRDA:495,42,1,-
DA:496,0
DA:498,0
DA:501,0
DA:502,0
DA:504,0
DA:516,0
BRDA:516,43,0,-
DA:517,0
DA:520,0
FN:527,MockReaperVault2.updateWithdrawMaxLoss
FNDA:0,MockReaperVault2.updateWithdrawMaxLoss
DA:528,0
BRDA:528,44,0,-
BRDA:528,44,1,-
DA:529,0
DA:530,0
FN:538,MockReaperVault2.updateTvlCap
FNDA:0,MockReaperVault2.updateTvlCap
DA:539,0
DA:540,0
FN:546,MockReaperVault2.removeTvlCap
FNDA:0,MockReaperVault2.removeTvlCap
DA:547,0
FN:562,MockReaperVault2.setEmergencyShutdown
FNDA:0,MockReaperVault2.setEmergencyShutdown
DA:563,0
DA:564,0
FN:571,MockReaperVault2.setLockedProfitDegradation
FNDA:0,MockReaperVault2.setLockedProfitDegradation
DA:572,0
BRDA:572,45,0,-
BRDA:572,45,1,-
DA:573,0
DA:574,0
FN:580,MockReaperVault2.updateTreasury
FNDA:0,MockReaperVault2.updateTreasury
DA:581,0
BRDA:581,46,0,-
BRDA:581,46,1,-
DA:582,0
FN:589,MockReaperVault2.inCaseTokensGetStuck
FNDA:0,MockReaperVault2.inCaseTokensGetStuck
DA:590,0
DA:591,0
BRDA:591,47,0,-
DA:592,0
DA:594,0
BRDA:594,48,0,-
BRDA:594,48,1,-
DA:596,0
DA:597,0
FN:604,MockReaperVault2.decimals
FNDA:0,MockReaperVault2.decimals
DA:605,0
FN:613,MockReaperVault2.uncheckedInc
FNDA:0,MockReaperVault2.uncheckedInc
DA:615,0
FN:619,MockReaperVault2.asset
FNDA:0,MockReaperVault2.asset
DA:620,0
FN:633,MockReaperVault2.convertToAssets
FNDA:0,MockReaperVault2.convertToAssets
DA:634,0
DA:635,0
FNF:31
FNH:1
LF:198
LH:6
BRF:80
BRH:0
end_of_record
TN:
SF:contracts/mocks/tokens/MockVaultUnit.sol
FN:27,MockVaultUnit.
FNDA:216,MockVaultUnit.
DA:28,216
DA:29,216
DA:30,216
FN:36,MockVaultUnit.totalAssets
FNDA:4437,MockVaultUnit.totalAssets
DA:37,4437
FN:43,MockVaultUnit.convertToShares
FNDA:0,MockVaultUnit.convertToShares
DA:44,0
FN:50,MockVaultUnit.convertToAssets
FNDA:1827,MockVaultUnit.convertToAssets
DA:51,1827
FN:57,MockVaultUnit.maxDeposit
FNDA:1044,MockVaultUnit.maxDeposit
DA:58,1044
FN:64,MockVaultUnit._convertToShares
FNDA:1827,MockVaultUnit._convertToShares
DA:70,1827
FN:76,MockVaultUnit._convertToAssets
FNDA:2610,MockVaultUnit._convertToAssets
DA:82,2610
FN:88,MockVaultUnit.previewDeposit
FNDA:1044,MockVaultUnit.previewDeposit
DA:89,1044
FN:95,MockVaultUnit._tryGetAssetDecimals
FNDA:216,MockVaultUnit._tryGetAssetDecimals
DA:96,216
DA:97,216
DA:98,216
BRDA:98,0,0,216
DA:99,216
DA:100,216
BRDA:100,1,0,216
DA:101,216
DA:104,0
FN:107,MockVaultUnit._decimalsOffset
FNDA:4437,MockVaultUnit._decimalsOffset
DA:108,4437
FN:114,MockVaultUnit.withdraw
FNDA:783,MockVaultUnit.withdraw
DA:119,783
DA:120,783
BRDA:120,2,0,-
DA:121,0
DA:124,783
DA:125,783
DA:127,0
FN:133,MockVaultUnit.previewWithdraw
FNDA:783,MockVaultUnit.previewWithdraw
DA:134,783
FN:140,MockVaultUnit._withdraw
FNDA:783,MockVaultUnit._withdraw
DA:147,783
BRDA:147,3,0,-
DA:148,0
DA:157,783
DA:158,783
FN:166,MockVaultUnit.deposit
FNDA:1044,MockVaultUnit.deposit
DA:167,1044
DA:168,1044
BRDA:168,4,0,-
DA:169,0
DA:172,1044
DA:173,1044
DA:175,0
FN:181,MockVaultUnit._deposit
FNDA:1044,MockVaultUnit._deposit
DA:192,1044
DA:193,1044
FN:199,MockVaultUnit.maxWithdraw
FNDA:783,MockVaultUnit.maxWithdraw
DA:200,783
FN:203,MockVaultUnit.asset
FNDA:522,MockVaultUnit.asset
DA:204,522
FNF:17
FNH:16
LF:39
LH:32
BRF:5
BRH:2
end_of_record
TN:
SF:contracts/mocks/tokens/WETH9Mocked.sol
FN:8,WETH9Mocked.mint
FNDA:0,WETH9Mocked.mint
DA:9,0
DA:10,0
FNF:1
FNH:0
LF:2
LH:0
BRF:0
BRH:0
end_of_record
TN:
SF:contracts/protocol/configuration/LendingPoolAddressesProvider.sol
FN:28,LendingPoolAddressesProvider.
FNDA:54,LendingPoolAddressesProvider.
FN:38,LendingPoolAddressesProvider.setAddressAsProxy
FNDA:0,LendingPoolAddressesProvider.setAddressAsProxy
DA:43,0
DA:44,0
FN:53,LendingPoolAddressesProvider.setAddress
FNDA:0,LendingPoolAddressesProvider.setAddress
DA:54,0
DA:55,0
FN:63,LendingPoolAddressesProvider.getAddress
FNDA:136483,LendingPoolAddressesProvider.getAddress
DA:64,136483
FN:71,LendingPoolAddressesProvider.getLendingPool
FNDA:18980,LendingPoolAddressesProvider.getLendingPool
DA:72,18980
FN:80,LendingPoolAddressesProvider.setLendingPoolImpl
FNDA:54,LendingPoolAddressesProvider.setLendingPoolImpl
DA:81,54
DA:82,54
FN:89,LendingPoolAddressesProvider.getLendingPoolConfigurator
FNDA:3867,LendingPoolAddressesProvider.getLendingPoolConfigurator
DA:90,3867
FN:98,LendingPoolAddressesProvider.setLendingPoolConfiguratorImpl
FNDA:54,LendingPoolAddressesProvider.setLendingPoolConfiguratorImpl
DA:99,54
DA:100,54
FN:112,LendingPoolAddressesProvider.getPoolAdmin
FNDA:18903,LendingPoolAddressesProvider.getPoolAdmin
DA:113,18903
FN:120,LendingPoolAddressesProvider.setPoolAdmin
FNDA:168,LendingPoolAddressesProvider.setPoolAdmin
DA:121,168
DA:122,168
FN:129,LendingPoolAddressesProvider.getEmergencyAdmin
FNDA:369,LendingPoolAddressesProvider.getEmergencyAdmin
DA:130,369
FN:137,LendingPoolAddressesProvider.setEmergencyAdmin
FNDA:54,LendingPoolAddressesProvider.setEmergencyAdmin
DA:138,54
DA:139,54
FN:146,LendingPoolAddressesProvider.getPriceOracle
FNDA:53696,LendingPoolAddressesProvider.getPriceOracle
DA:147,53696
FN:154,LendingPoolAddressesProvider.setPriceOracle
FNDA:54,LendingPoolAddressesProvider.setPriceOracle
DA:155,54
DA:156,54
FN:168,LendingPoolAddressesProvider._updateImpl
FNDA:108,LendingPoolAddressesProvider._updateImpl
DA:169,108
DA:171,108
DA:173,108
DA:175,108
BRDA:175,0,0,108
BRDA:175,0,1,-
DA:176,108
DA:177,108
DA:178,108
DA:179,108
DA:181,0
FN:189,LendingPoolAddressesProvider.getMiniPoolAddressesProvider
FNDA:783,LendingPoolAddressesProvider.getMiniPoolAddressesProvider
DA:190,783
FN:197,LendingPoolAddressesProvider.setMiniPoolAddressesProvider
FNDA:49,LendingPoolAddressesProvider.setMiniPoolAddressesProvider
DA:198,49
FN:205,LendingPoolAddressesProvider.getFlowLimiter
FNDA:39885,LendingPoolAddressesProvider.getFlowLimiter
DA:206,39885
FN:213,LendingPoolAddressesProvider.setFlowLimiter
FNDA:49,LendingPoolAddressesProvider.setFlowLimiter
DA:214,49
FNF:19
FNH:17
LF:33
LH:28
BRF:2
BRH:1
end_of_record
TN:
SF:contracts/protocol/configuration/MiniPoolAddressProvider.sol
FN:41,MiniPoolAddressesProvider.poolIdCheck
FNDA:1308,MiniPoolAddressesProvider.poolIdCheck
DA:42,1308
BRDA:42,0,0,-
DA:43,0
FN:51,MiniPoolAddressesProvider.onlyMiniPoolConfigurator
FNDA:525,MiniPoolAddressesProvider.onlyMiniPoolConfigurator
DA:52,0
FN:78,MiniPoolAddressesProvider.
FNDA:52,MiniPoolAddressesProvider.
DA:79,52
FN:87,MiniPoolAddressesProvider.getMiniPoolCount
FNDA:34,MiniPoolAddressesProvider.getMiniPoolCount
DA:88,34
FN:95,MiniPoolAddressesProvider.getLendingPoolAddressesProvider
FNDA:0,MiniPoolAddressesProvider.getLendingPoolAddressesProvider
DA:96,0
FN:103,MiniPoolAddressesProvider.getLendingPool
FNDA:4095,MiniPoolAddressesProvider.getLendingPool
DA:104,4095
FN:113,MiniPoolAddressesProvider.getPoolAdmin
FNDA:11104,MiniPoolAddressesProvider.getPoolAdmin
DA:114,11104
FN:121,MiniPoolAddressesProvider.getMainPoolAdmin
FNDA:15531,MiniPoolAddressesProvider.getMainPoolAdmin
DA:122,15531
FN:130,MiniPoolAddressesProvider.getEmergencyAdmin
FNDA:261,MiniPoolAddressesProvider.getEmergencyAdmin
DA:131,261
FN:139,MiniPoolAddressesProvider.getPriceOracle
FNDA:24493,MiniPoolAddressesProvider.getPriceOracle
DA:140,24493
FN:148,MiniPoolAddressesProvider.getFlowLimiter
FNDA:22156,MiniPoolAddressesProvider.getFlowLimiter
DA:149,22156
FN:158,MiniPoolAddressesProvider.getAToken6909
FNDA:6,MiniPoolAddressesProvider.getAToken6909
DA:159,6
FN:167,MiniPoolAddressesProvider.getMiniPool
FNDA:2480,MiniPoolAddressesProvider.getMiniPool
DA:168,2480
FN:176,MiniPoolAddressesProvider.getMiniPoolId
FNDA:8157,MiniPoolAddressesProvider.getMiniPoolId
DA:177,8157
FN:185,MiniPoolAddressesProvider._getMiniPoolId
FNDA:23726,MiniPoolAddressesProvider._getMiniPoolId
DA:186,23726
DA:187,27671
BRDA:187,1,0,23725
DA:188,23725
DA:191,1
FN:199,MiniPoolAddressesProvider.getMiniPoolToAERC6909
FNDA:15569,MiniPoolAddressesProvider.getMiniPoolToAERC6909
DA:200,15569
DA:201,15569
FN:209,MiniPoolAddressesProvider.getMiniPoolToAERC6909
FNDA:0,MiniPoolAddressesProvider.getMiniPoolToAERC6909
DA:210,0
FN:217,MiniPoolAddressesProvider.getMiniPoolCod3xTreasury
FNDA:1820,MiniPoolAddressesProvider.getMiniPoolCod3xTreasury
DA:218,1820
FN:226,MiniPoolAddressesProvider.getMiniPoolOwnerTreasury
FNDA:1028,MiniPoolAddressesProvider.getMiniPoolOwnerTreasury
DA:227,1028
FN:234,MiniPoolAddressesProvider.getMiniPoolConfigurator
FNDA:7997,MiniPoolAddressesProvider.getMiniPoolConfigurator
DA:235,7997
FN:242,MiniPoolAddressesProvider.getMiniPoolList
FNDA:2,MiniPoolAddressesProvider.getMiniPoolList
DA:243,2
DA:244,2
DA:245,3
DA:247,0
FN:255,MiniPoolAddressesProvider.getAddress
FNDA:0,MiniPoolAddressesProvider.getAddress
DA:256,0
FN:262,MiniPoolAddressesProvider._onlyMiniPoolConfigurator
FNDA:3925,MiniPoolAddressesProvider._onlyMiniPoolConfigurator
DA:263,3925
BRDA:263,2,0,-
BRDA:263,2,1,-
FN:276,MiniPoolAddressesProvider.setMiniPoolImpl
FNDA:266,MiniPoolAddressesProvider.setMiniPoolImpl
DA:277,266
DA:278,266
DA:279,266
DA:280,266
FN:288,MiniPoolAddressesProvider.setAToken6909Impl
FNDA:266,MiniPoolAddressesProvider.setAToken6909Impl
DA:289,266
DA:290,266
DA:291,266
DA:292,266
FN:300,MiniPoolAddressesProvider.setAddress
FNDA:261,MiniPoolAddressesProvider.setAddress
DA:301,261
DA:302,261
FN:312,MiniPoolAddressesProvider.deployMiniPool
FNDA:578,MiniPoolAddressesProvider.deployMiniPool
DA:317,578
DA:318,578
DA:320,578
DA:322,578
DA:324,578
DA:326,578
DA:327,578
DA:329,0
FN:336,MiniPoolAddressesProvider.setMiniPoolConfigurator
FNDA:313,MiniPoolAddressesProvider.setMiniPoolConfigurator
DA:337,313
DA:338,313
FN:349,MiniPoolAddressesProvider.setFlowLimit
FNDA:264,MiniPoolAddressesProvider.setFlowLimit
DA:353,264
DA:354,264
FN:362,MiniPoolAddressesProvider.setPoolAdmin
FNDA:261,MiniPoolAddressesProvider.setPoolAdmin
DA:363,261
BRDA:363,3,0,-
BRDA:363,3,1,-
DA:364,261
DA:365,261
FN:372,MiniPoolAddressesProvider.setCod3xTreasury
FNDA:1309,MiniPoolAddressesProvider.setCod3xTreasury
DA:373,1309
DA:374,1309
FN:382,MiniPoolAddressesProvider.setMinipoolOwnerTreasuryToMiniPool
FNDA:1047,MiniPoolAddressesProvider.setMinipoolOwnerTreasuryToMiniPool
DA:387,1047
DA:388,1047
FN:398,MiniPoolAddressesProvider._updateMiniPool
FNDA:264,MiniPoolAddressesProvider._updateMiniPool
DA:402,264
DA:403,264
DA:405,264
DA:406,262
FN:415,MiniPoolAddressesProvider._updateAToken
FNDA:264,MiniPoolAddressesProvider._updateAToken
DA:419,264
DA:420,264
DA:422,264
DA:424,262
FN:432,MiniPoolAddressesProvider._initMiniPool
FNDA:578,MiniPoolAddressesProvider._initMiniPool
DA:433,578
DA:434,578
DA:436,578
DA:438,578
DA:439,578
FN:447,MiniPoolAddressesProvider._initATokenPool
FNDA:578,MiniPoolAddressesProvider._initATokenPool
DA:448,578
DA:449,578
DA:451,578
DA:453,578
DA:454,578
FN:462,MiniPoolAddressesProvider._updateImpl
FNDA:313,MiniPoolAddressesProvider._updateImpl
DA:463,313
DA:465,313
DA:467,313
DA:468,313
BRDA:468,4,0,50
BRDA:468,4,1,-
DA:469,50
DA:470,50
DA:471,50
DA:472,50
DA:474,263
FNF:37
FNH:34
LF:87
LH:80
BRF:8
BRH:2
end_of_record
TN:
SF:contracts/protocol/core/Oracle.sol
FN:55,Oracle.
FNDA:54,Oracle.
DA:63,54
DA:64,54
DA:65,54
DA:66,54
DA:67,54
FN:76,Oracle.setAssetSources
FNDA:0,Oracle.setAssetSources
DA:81,0
FN:89,Oracle.setFallbackOracle
FNDA:0,Oracle.setFallbackOracle
DA:90,0
FN:99,Oracle._setAssetsSources
FNDA:54,Oracle._setAssetsSources
DA:104,54
BRDA:104,0,0,-
BRDA:104,0,1,-
DA:105,54
DA:106,216
DA:107,216
DA:108,216
FN:116,Oracle._setFallbackOracle
FNDA:54,Oracle._setFallbackOracle
DA:117,54
DA:118,54
FN:127,Oracle.getAssetPrice
FNDA:108115,Oracle.getAssetPrice
DA:128,108115
DA:131,108115
DA:133,34222
DA:134,34222
DA:135,73893
DA:136,73893
DA:139,108115
DA:140,108115
DA:142,108115
BRDA:142,1,0,-
BRDA:142,1,1,-
DA:143,0
DA:144,108115
BRDA:144,2,0,-
BRDA:144,2,1,-
DA:145,0
DA:147,108115
DA:148,108115
DA:152,108115
DA:153,108115
DA:154,0
BRDA:154,3,0,-
BRDA:151,3,1,108115
DA:155,0
BRDA:155,4,0,-
BRDA:155,4,1,-
DA:156,0
DA:158,108115
DA:163,0
BRDA:163,5,0,34222
BRDA:163,5,1,-
DA:164,34222
DA:166,73893
FN:175,Oracle.getAssetsPrices
FNDA:0,Oracle.getAssetsPrices
DA:176,0
DA:177,0
DA:178,0
DA:180,0
FN:188,Oracle.getSourceOfAsset
FNDA:518,Oracle.getSourceOfAsset
DA:189,518
FN:196,Oracle.getFallbackOracle
FNDA:0,Oracle.getFallbackOracle
DA:197,0
FNF:9
FNH:5
LF:43
LH:30
BRF:12
BRH:2
end_of_record
TN:
SF:contracts/protocol/core/interestRateStrategies/BasePiReserveRateStrategy.sol
FN:85,BasePiReserveRateStrategy.
FNDA:103,BasePiReserveRateStrategy.
DA:95,103
BRDA:95,0,0,-
DA:96,0
DA:98,103
DA:99,103
DA:100,103
DA:101,103
DA:102,103
DA:103,103
DA:104,103
DA:105,103
DA:106,103
DA:108,103
BRDA:108,1,0,-
DA:109,0
FN:114,BasePiReserveRateStrategy.onlyLendingPool
FNDA:0,BasePiReserveRateStrategy.onlyLendingPool
DA:115,0
BRDA:115,2,0,-
DA:116,0
FN:125,BasePiReserveRateStrategy._getLendingPool
FNDA:0,BasePiReserveRateStrategy._getLendingPool
FN:135,BasePiReserveRateStrategy.getAvailableLiquidity
FNDA:0,BasePiReserveRateStrategy.getAvailableLiquidity
FN:149,BasePiReserveRateStrategy.getCurrentInterestRates
FNDA:0,BasePiReserveRateStrategy.getCurrentInterestRates
FN:155,BasePiReserveRateStrategy.setOptimalUtilizationRate
FNDA:0,BasePiReserveRateStrategy.setOptimalUtilizationRate
DA:156,0
BRDA:156,3,0,-
DA:157,0
DA:159,0
FN:166,BasePiReserveRateStrategy.setMinControllerError
FNDA:0,BasePiReserveRateStrategy.setMinControllerError
DA:167,0
DA:168,0
BRDA:168,4,0,-
DA:169,0
FN:179,BasePiReserveRateStrategy.setPidValues
FNDA:0,BasePiReserveRateStrategy.setPidValues
DA:180,0
DA:181,0
DA:182,0
FN:199,BasePiReserveRateStrategy._calculateInterestRates
FNDA:0,BasePiReserveRateStrategy._calculateInterestRates
DA:216,0
DA:217,0
DA:218,0
BRDA:218,5,0,-
DA:219,0
DA:221,0
DA:222,0
FN:234,BasePiReserveRateStrategy._calculateInterestRates
FNDA:0,BasePiReserveRateStrategy._calculateInterestRates
DA:240,0
DA:245,0
BRDA:245,6,0,-
DA:246,0
DA:247,0
DA:248,0
DA:252,0
DA:253,0
DA:254,0
BRDA:254,7,0,-
DA:255,0
DA:256,0
DA:257,0
DA:258,0
DA:259,0
DA:261,0
DA:264,0
FN:275,BasePiReserveRateStrategy.getNormalizedError
FNDA:0,BasePiReserveRateStrategy.getNormalizedError
DA:276,0
DA:277,0
DA:278,0
BRDA:278,8,0,-
BRDA:277,8,1,-
DA:280,0
FN:291,BasePiReserveRateStrategy.getLiquidityRate
FNDA:0,BasePiReserveRateStrategy.getLiquidityRate
DA:296,0
FN:306,BasePiReserveRateStrategy.getControllerError
FNDA:0,BasePiReserveRateStrategy.getControllerError
DA:307,0
DA:308,0
FN:317,BasePiReserveRateStrategy.transferFunction
FNDA:103,BasePiReserveRateStrategy.transferFunction
DA:318,103
DA:319,0
FN:328,BasePiReserveRateStrategy.getCod3xReserveFactor
FNDA:0,BasePiReserveRateStrategy.getCod3xReserveFactor
DA:333,0
FN:342,BasePiReserveRateStrategy.getMinipoolOwnerReserveFactor
FNDA:0,BasePiReserveRateStrategy.getMinipoolOwnerReserveFactor
DA:347,0
FNF:16
FNH:2
LF:56
LH:12
BRF:10
BRH:0
end_of_record
TN:
SF:contracts/protocol/core/interestRateStrategies/lendingpool/DefaultReserveInterestRateStrategy.sol
FN:59,DefaultReserveInterestRateStrategy.
FNDA:108,DefaultReserveInterestRateStrategy.
DA:66,108
DA:67,108
DA:68,108
DA:69,108
DA:70,108
DA:71,108
FN:75,DefaultReserveInterestRateStrategy.variableRateSlope1
FNDA:0,DefaultReserveInterestRateStrategy.variableRateSlope1
DA:76,0
FN:80,DefaultReserveInterestRateStrategy.variableRateSlope2
FNDA:0,DefaultReserveInterestRateStrategy.variableRateSlope2
DA:81,0
FN:85,DefaultReserveInterestRateStrategy.baseVariableBorrowRate
FNDA:0,DefaultReserveInterestRateStrategy.baseVariableBorrowRate
DA:86,0
FN:90,DefaultReserveInterestRateStrategy.getMaxVariableBorrowRate
FNDA:0,DefaultReserveInterestRateStrategy.getMaxVariableBorrowRate
DA:91,0
FN:104,DefaultReserveInterestRateStrategy.calculateInterestRates
FNDA:20091,DefaultReserveInterestRateStrategy.calculateInterestRates
DA:112,20091
DA:113,20091
BRDA:113,0,0,1
DA:114,1
DA:116,20090
DA:118,20090
FN:140,DefaultReserveInterestRateStrategy.calculateInterestRates
FNDA:20090,DefaultReserveInterestRateStrategy.calculateInterestRates
DA:146,20090
DA:148,20090
DA:149,20090
DA:150,20090
DA:152,20090
DA:155,20090
BRDA:155,1,0,1708
BRDA:155,1,1,18382
DA:156,1708
DA:157,1708
DA:159,1708
DA:162,18382
DA:166,20090
DA:169,20090
FNF:7
FNH:3
LF:27
LH:23
BRF:3
BRH:3
end_of_record
TN:
SF:contracts/protocol/core/interestRateStrategies/lendingpool/PiReserveInterestRateStrategy.sol
FN:46,PiReserveInterestRateStrategy.
FNDA:54,PiReserveInterestRateStrategy.
FN:69,PiReserveInterestRateStrategy._getLendingPool
FNDA:0,PiReserveInterestRateStrategy._getLendingPool
DA:70,0
FN:74,PiReserveInterestRateStrategy.getAvailableLiquidity
FNDA:0,PiReserveInterestRateStrategy.getAvailableLiquidity
DA:80,0
FN:86,PiReserveInterestRateStrategy.getCurrentInterestRates
FNDA:0,PiReserveInterestRateStrategy.getCurrentInterestRates
DA:88,0
DA:89,0
DA:90,0
DA:91,0
DA:93,0
DA:98,0
DA:99,0
DA:102,0
DA:106,0
FN:112,PiReserveInterestRateStrategy.baseVariableBorrowRate
FNDA:0,PiReserveInterestRateStrategy.baseVariableBorrowRate
DA:113,0
FN:117,PiReserveInterestRateStrategy.getMaxVariableBorrowRate
FNDA:0,PiReserveInterestRateStrategy.getMaxVariableBorrowRate
DA:118,0
FN:132,PiReserveInterestRateStrategy.calculateInterestRates
FNDA:0,PiReserveInterestRateStrategy.calculateInterestRates
DA:145,0
FNF:7
FNH:1
LF:14
LH:0
BRF:0
BRH:0
end_of_record
TN:
SF:contracts/protocol/core/interestRateStrategies/minipool/MiniPoolDefaultReserveInterestRate.sol
FN:71,MiniPoolDefaultReserveInterestRateStrategy.
FNDA:98,MiniPoolDefaultReserveInterestRateStrategy.
DA:78,98
DA:79,98
DA:80,98
DA:81,98
DA:82,98
DA:83,98
FN:87,MiniPoolDefaultReserveInterestRateStrategy.variableRateSlope1
FNDA:0,MiniPoolDefaultReserveInterestRateStrategy.variableRateSlope1
DA:88,0
FN:92,MiniPoolDefaultReserveInterestRateStrategy.variableRateSlope2
FNDA:0,MiniPoolDefaultReserveInterestRateStrategy.variableRateSlope2
DA:93,0
FN:97,MiniPoolDefaultReserveInterestRateStrategy.baseVariableBorrowRate
FNDA:0,MiniPoolDefaultReserveInterestRateStrategy.baseVariableBorrowRate
DA:98,0
FN:102,MiniPoolDefaultReserveInterestRateStrategy.getMaxVariableBorrowRate
FNDA:0,MiniPoolDefaultReserveInterestRateStrategy.getMaxVariableBorrowRate
DA:103,0
FN:130,MiniPoolDefaultReserveInterestRateStrategy.calculateInterestRates
FNDA:28164,MiniPoolDefaultReserveInterestRateStrategy.calculateInterestRates
DA:138,28164
DA:140,28164
DA:141,16946
BRDA:141,0,0,16946
BRDA:141,0,1,-
DA:142,16946
DA:143,16946
DA:144,16946
DA:145,16946
DA:147,16946
DA:151,11218
DA:154,28164
BRDA:154,1,0,-
DA:155,0
DA:159,28164
DA:161,28164
FN:195,MiniPoolDefaultReserveInterestRateStrategy.calculateInterestRates
FNDA:28164,MiniPoolDefaultReserveInterestRateStrategy.calculateInterestRates
DA:202,28164
DA:204,28164
DA:205,28164
DA:206,28164
DA:208,28164
DA:211,28164
BRDA:211,2,0,6615
BRDA:211,2,1,21549
DA:212,6615
DA:213,6615
DA:215,6615
DA:218,21549
DA:222,28164
DA:227,28164
BRDA:227,3,0,2084
DA:228,2084
DA:229,2084
DA:231,2084
DA:246,2084
BRDA:246,4,0,115
DA:247,115
DA:248,115
DA:256,28164
FNF:7
FNH:3
LF:42
LH:37
BRF:7
BRH:5
end_of_record
TN:
SF:contracts/protocol/core/interestRateStrategies/minipool/MiniPoolPiReserveInterestRateStrategy.sol
FN:60,MiniPoolPiReserveInterestRateStrategy.
FNDA:49,MiniPoolPiReserveInterestRateStrategy.
DA:82,49
FN:86,MiniPoolPiReserveInterestRateStrategy._getLendingPool
FNDA:0,MiniPoolPiReserveInterestRateStrategy._getLendingPool
DA:87,0
FN:91,MiniPoolPiReserveInterestRateStrategy.getAvailableLiquidity
FNDA:0,MiniPoolPiReserveInterestRateStrategy.getAvailableLiquidity
DA:97,0
DA:99,0
BRDA:99,0,0,-
BRDA:99,0,1,-
DA:100,0
DA:102,0
DA:103,0
DA:104,0
DA:106,0
DA:110,0
FN:117,MiniPoolPiReserveInterestRateStrategy.getCurrentInterestRates
FNDA:0,MiniPoolPiReserveInterestRateStrategy.getCurrentInterestRates
DA:119,0
DA:122,0
DA:123,0
DA:124,0
DA:125,0
DA:126,0
DA:131,0
DA:132,0
DA:135,0
DA:141,0
FN:150,MiniPoolPiReserveInterestRateStrategy.baseVariableBorrowRate
FNDA:0,MiniPoolPiReserveInterestRateStrategy.baseVariableBorrowRate
DA:151,0
FN:158,MiniPoolPiReserveInterestRateStrategy.getMaxVariableBorrowRate
FNDA:0,MiniPoolPiReserveInterestRateStrategy.getMaxVariableBorrowRate
DA:159,0
FN:174,MiniPoolPiReserveInterestRateStrategy.calculateInterestRates
FNDA:0,MiniPoolPiReserveInterestRateStrategy.calculateInterestRates
DA:187,0
DA:188,0
DA:189,0
DA:190,0
DA:197,0
BRDA:197,1,0,-
DA:198,0
DA:202,0
DA:217,0
BRDA:217,2,0,-
DA:218,0
DA:219,0
FNF:7
FNH:1
LF:32
LH:1
BRF:4
BRH:0
end_of_record
TN:
SF:contracts/protocol/core/lendingpool/LendingPool.sol
FN:65,LendingPool.whenNotPaused
FNDA:1,LendingPool.whenNotPaused
DA:66,0
FN:74,LendingPool.onlyLendingPoolConfigurator
FNDA:522,LendingPool.onlyLendingPoolConfigurator
DA:75,0
FN:83,LendingPool._whenNotPaused
FNDA:34949,LendingPool._whenNotPaused
DA:84,34949
BRDA:84,0,0,-
BRDA:84,0,1,-
FN:91,LendingPool._onlyLendingPoolConfigurator
FNDA:3813,LendingPool._onlyLendingPoolConfigurator
DA:92,3813
BRDA:92,1,0,3813
BRDA:92,1,1,-
FN:99,LendingPool.getRevision
FNDA:108,LendingPool.getRevision
DA:100,108
FN:110,LendingPool.initialize
FNDA:108,LendingPool.initialize
DA:111,108
DA:112,108
DA:113,108
FN:126,LendingPool.deposit
FNDA:14347,LendingPool.deposit
DA:131,14347
FN:151,LendingPool.withdraw
FNDA:2088,LendingPool.withdraw
DA:157,2088
FN:177,LendingPool.borrow
FNDA:2613,LendingPool.borrow
DA:182,2613
DA:184,2613
FN:215,LendingPool.repay
FNDA:1,LendingPool.repay
DA:221,1
FN:235,LendingPool.repayWithATokens
FNDA:259,LendingPool.repayWithATokens
DA:241,259
FN:255,LendingPool.setUserUseReserveAsCollateral
FNDA:522,LendingPool.setUserUseReserveAsCollateral
DA:260,522
DA:262,522
DA:274,522
DA:276,261
BRDA:276,2,0,261
BRDA:276,2,1,261
DA:277,261
DA:279,261
FN:296,LendingPool.liquidationCall
FNDA:0,LendingPool.liquidationCall
DA:305,0
BRDA:305,3,0,-
BRDA:305,3,1,-
DA:307,0
FN:341,LendingPool.flashLoan
FNDA:0,LendingPool.flashLoan
DA:347,0
FN:374,LendingPool.miniPoolBorrow
FNDA:783,LendingPool.miniPoolBorrow
DA:379,783
BRDA:379,4,0,-
BRDA:379,4,1,-
DA:381,783
FN:400,LendingPool._isMiniPool
FNDA:783,LendingPool._isMiniPool
DA:401,783
DA:402,783
DA:403,783
FN:413,LendingPool.getReserveData
FNDA:72515,LendingPool.getReserveData
DA:419,72515
FN:432,LendingPool.getUserAccountData
FNDA:0,LendingPool.getUserAccountData
DA:445,0
DA:455,0
FN:465,LendingPool.getConfiguration
FNDA:4792,LendingPool.getConfiguration
DA:471,4792
FN:479,LendingPool.getUserConfiguration
FNDA:0,LendingPool.getUserConfiguration
DA:485,0
FN:494,LendingPool.getReserveNormalizedIncome
FNDA:130711,LendingPool.getReserveNormalizedIncome
DA:501,130711
FN:510,LendingPool.getReserveNormalizedVariableDebt
FNDA:17457,LendingPool.getReserveNormalizedVariableDebt
DA:516,17457
FN:523,LendingPool.paused
FNDA:0,LendingPool.paused
DA:524,0
FN:532,LendingPool.getReservesList
FNDA:0,LendingPool.getReservesList
DA:533,0
DA:534,0
DA:536,0
DA:537,0
DA:538,0
DA:540,0
FN:547,LendingPool.getReservesCount
FNDA:0,LendingPool.getReservesCount
DA:548,0
FN:555,LendingPool.getAddressesProvider
FNDA:0,LendingPool.getAddressesProvider
DA:561,0
FN:568,LendingPool.FLASHLOAN_PREMIUM_TOTAL
FNDA:0,LendingPool.FLASHLOAN_PREMIUM_TOTAL
DA:569,0
FN:576,LendingPool.MAX_NUMBER_RESERVES
FNDA:220,LendingPool.MAX_NUMBER_RESERVES
DA:577,220
FN:591,LendingPool.finalizeTransfer
FNDA:14336,LendingPool.finalizeTransfer
DA:600,14336
FN:627,LendingPool.initReserve
FNDA:219,LendingPool.initReserve
DA:634,219
BRDA:634,6,0,-
BRDA:634,6,1,-
DA:635,219
DA:638,219
FN:648,LendingPool.setReserveInterestRateStrategyAddress
FNDA:0,LendingPool.setReserveInterestRateStrategyAddress
DA:653,0
FN:663,LendingPool.setConfiguration
FNDA:876,LendingPool.setConfiguration
DA:668,876
FN:676,LendingPool.setPause
FNDA:108,LendingPool.setPause
DA:677,108
DA:678,54
BRDA:678,7,0,54
BRDA:678,7,1,54
DA:679,54
DA:681,54
FN:690,LendingPool.setFarmingPct
FNDA:522,LendingPool.setFarmingPct
DA:695,522
FN:703,LendingPool.setClaimingThreshold
FNDA:522,LendingPool.setClaimingThreshold
DA:708,522
FN:716,LendingPool.setFarmingPctDrift
FNDA:522,LendingPool.setFarmingPctDrift
DA:721,522
FN:729,LendingPool.setProfitHandler
FNDA:522,LendingPool.setProfitHandler
DA:734,522
FN:742,LendingPool.setVault
FNDA:522,LendingPool.setVault
DA:747,522
FN:754,LendingPool.rebalance
FNDA:0,LendingPool.rebalance
DA:755,0
FN:763,LendingPool.getTotalManagedAssets
FNDA:0,LendingPool.getTotalManagedAssets
DA:769,0
FN:777,LendingPool._addReserveToList
FNDA:219,LendingPool._addReserveToList
DA:778,219
DA:780,219
BRDA:780,8,0,-
BRDA:780,8,1,-
DA:782,219
DA:783,219
DA:785,219
BRDA:785,9,0,219
DA:786,219
DA:787,219
DA:789,219
FN:797,LendingPool.updateFlashLoanFee
FNDA:0,LendingPool.updateFlashLoanFee
DA:802,0
FN:809,LendingPool._updateFlashLoanFee
FNDA:108,LendingPool._updateFlashLoanFee
DA:810,108
FN:819,LendingPool.setRewarderForReserve
FNDA:0,LendingPool.setRewarderForReserve
DA:824,0
DA:825,0
FN:835,LendingPool.setTreasury
FNDA:0,LendingPool.setTreasury
DA:840,0
FNF:45
FNH:30
LF:76
LH:51
BRF:17
BRH:6
end_of_record
TN:
SF:contracts/protocol/core/lendingpool/LendingPoolConfigurator.sol
FN:48,LendingPoolConfigurator.onlyPoolAdmin
FNDA:522,LendingPoolConfigurator.onlyPoolAdmin
DA:49,522
BRDA:49,0,0,-
BRDA:49,0,1,-
FN:57,LendingPoolConfigurator.onlyEmergencyAdmin
FNDA:0,LendingPoolConfigurator.onlyEmergencyAdmin
DA:58,0
BRDA:58,1,0,108
BRDA:58,1,1,-
FN:69,LendingPoolConfigurator.getRevision
FNDA:54,LendingPoolConfigurator.getRevision
DA:70,54
FN:77,LendingPoolConfigurator.initialize
FNDA:54,LendingPoolConfigurator.initialize
DA:78,54
DA:79,54
FN:86,LendingPoolConfigurator.batchInitReserve
FNDA:57,LendingPoolConfigurator.batchInitReserve
DA:87,57
DA:88,57
DA:89,219
FN:99,LendingPoolConfigurator._initReserve
FNDA:219,LendingPoolConfigurator._initReserve
DA:100,219
DA:116,219
DA:131,219
DA:139,219
DA:140,219
DA:142,219
DA:143,219
DA:144,219
DA:145,219
DA:146,219
DA:148,219
DA:150,219
FN:164,LendingPoolConfigurator.updateAToken
FNDA:0,LendingPoolConfigurator.updateAToken
DA:165,0
DA:167,0
DA:168,0
DA:170,0
DA:171,0
DA:173,0
DA:185,0
DA:187,0
FN:197,LendingPoolConfigurator.updateVariableDebtToken
FNDA:0,LendingPoolConfigurator.updateVariableDebtToken
DA:198,0
DA:200,0
DA:201,0
DA:203,0
DA:204,0
DA:206,0
DA:217,0
DA:221,0
FN:233,LendingPoolConfigurator.enableBorrowingOnReserve
FNDA:219,LendingPoolConfigurator.enableBorrowingOnReserve
DA:234,219
DA:235,219
DA:237,219
DA:239,219
DA:241,219
FN:251,LendingPoolConfigurator.disableBorrowingOnReserve
FNDA:0,LendingPoolConfigurator.disableBorrowingOnReserve
DA:252,0
DA:253,0
DA:255,0
DA:257,0
DA:258,0
FN:274,LendingPoolConfigurator.configureReserveAsCollateral
FNDA:219,LendingPoolConfigurator.configureReserveAsCollateral
DA:281,219
DA:282,219
DA:287,219
BRDA:287,2,0,-
BRDA:287,2,1,-
DA:289,219
BRDA:289,3,0,219
BRDA:289,3,1,-
DA:292,219
BRDA:292,4,0,-
BRDA:292,4,1,-
DA:299,219
BRDA:299,5,0,-
BRDA:299,5,1,-
DA:305,0
BRDA:305,6,0,-
BRDA:305,6,1,-
DA:309,0
DA:312,219
DA:313,219
DA:314,219
DA:316,219
DA:318,219
FN:330,LendingPoolConfigurator.activateReserve
FNDA:0,LendingPoolConfigurator.activateReserve
DA:331,0
DA:332,0
DA:334,0
DA:336,0
DA:338,0
FN:349,LendingPoolConfigurator.deactivateReserve
FNDA:0,LendingPoolConfigurator.deactivateReserve
DA:350,0
DA:352,0
DA:353,0
DA:355,0
DA:357,0
DA:359,0
FN:369,LendingPoolConfigurator.freezeReserve
FNDA:0,LendingPoolConfigurator.freezeReserve
DA:370,0
DA:371,0
DA:373,0
DA:375,0
DA:377,0
FN:387,LendingPoolConfigurator.unfreezeReserve
FNDA:0,LendingPoolConfigurator.unfreezeReserve
DA:388,0
DA:389,0
DA:391,0
DA:393,0
DA:395,0
FN:405,LendingPoolConfigurator.enableFlashloan
FNDA:0,LendingPoolConfigurator.enableFlashloan
DA:406,0
DA:407,0
DA:409,0
DA:411,0
DA:413,0
FN:423,LendingPoolConfigurator.disableFlashloan
FNDA:0,LendingPoolConfigurator.disableFlashloan
DA:424,0
DA:425,0
DA:427,0
DA:429,0
DA:431,0
FN:443,LendingPoolConfigurator.setCod3xReserveFactor
FNDA:219,LendingPoolConfigurator.setCod3xReserveFactor
DA:447,219
DA:448,219
DA:450,219
DA:452,219
DA:454,219
FN:465,LendingPoolConfigurator.setDepositCap
FNDA:0,LendingPoolConfigurator.setDepositCap
DA:469,0
DA:470,0
DA:472,0
DA:474,0
DA:476,0
FN:487,LendingPoolConfigurator.setReserveInterestRateStrategyAddress
FNDA:0,LendingPoolConfigurator.setReserveInterestRateStrategyAddress
DA:492,0
DA:493,0
FN:501,LendingPoolConfigurator.setPoolPause
FNDA:108,LendingPoolConfigurator.setPoolPause
DA:502,108
FN:512,LendingPoolConfigurator.updateFlashloanPremiumTotal
FNDA:0,LendingPoolConfigurator.updateFlashloanPremiumTotal
DA:513,0
BRDA:513,7,0,-
BRDA:513,7,1,-
DA:517,0
DA:518,0
DA:519,0
FN:528,LendingPoolConfigurator._initTokenWithProxy
FNDA:438,LendingPoolConfigurator._initTokenWithProxy
DA:532,438
DA:533,438
DA:535,438
DA:537,438
FN:546,LendingPoolConfigurator._upgradeTokenImplementation
FNDA:0,LendingPoolConfigurator._upgradeTokenImplementation
DA:551,0
DA:554,0
FN:563,LendingPoolConfigurator._checkNoLiquidity
FNDA:0,LendingPoolConfigurator._checkNoLiquidity
DA:564,0
DA:566,0
DA:568,0
BRDA:568,8,0,-
BRDA:568,8,1,-
FN:580,LendingPoolConfigurator.setFarmingPct
FNDA:522,LendingPoolConfigurator.setFarmingPct
DA:581,522
FN:590,LendingPoolConfigurator.setClaimingThreshold
FNDA:522,LendingPoolConfigurator.setClaimingThreshold
DA:594,522
FN:603,LendingPoolConfigurator.setFarmingPctDrift
FNDA:522,LendingPoolConfigurator.setFarmingPctDrift
DA:607,522
FN:616,LendingPoolConfigurator.setProfitHandler
FNDA:522,LendingPoolConfigurator.setProfitHandler
DA:620,522
FN:629,LendingPoolConfigurator.setVault
FNDA:522,LendingPoolConfigurator.setVault
DA:630,522
FN:638,LendingPoolConfigurator.rebalance
FNDA:0,LendingPoolConfigurator.rebalance
DA:639,0
FN:647,LendingPoolConfigurator.getTotalManagedAssets
FNDA:0,LendingPoolConfigurator.getTotalManagedAssets
DA:648,0
FN:658,LendingPoolConfigurator.setRewarderForReserve
FNDA:0,LendingPoolConfigurator.setRewarderForReserve
DA:662,0
FN:672,LendingPoolConfigurator.setTreasury
FNDA:0,LendingPoolConfigurator.setTreasury
DA:676,0
FNF:34
FNH:15
LF:125
LH:50
BRF:18
BRH:2
end_of_record
TN:
SF:contracts/protocol/core/lendingpool/logic/BorrowLogic.sol
FN:99,BorrowLogic.calculateUserAccountDataVolatile
FNDA:2613,BorrowLogic.calculateUserAccountDataVolatile
DA:105,2613
DA:107,2613
BRDA:107,0,0,261
DA:108,261
DA:111,2352
DA:112,9408
BRDA:112,1,0,4968
DA:113,4968
DA:116,4440
DA:117,4440
DA:118,4440
DA:121,4440
DA:124,4440
DA:125,4440
DA:127,4440
BRDA:127,2,0,4440
DA:128,4440
DA:131,4440
DA:132,4440
DA:134,4440
DA:136,4440
DA:137,4440
DA:141,4440
BRDA:141,3,0,1044
DA:142,1044
DA:145,1044
DA:150,2352
DA:151,2352
DA:155,2352
DA:159,2352
FN:199,BorrowLogic.executeBorrow
FNDA:2613,BorrowLogic.executeBorrow
DA:205,2613
DA:206,2613
BRDA:206,4,0,-
BRDA:206,4,1,-
DA:208,2613
DA:210,2613
DA:212,2613
DA:214,2613
DA:215,2613
DA:216,2613
DA:218,2613
DA:219,2613
DA:220,2613
DA:224,2351
DA:227,2351
DA:229,2351
DA:233,1307
BRDA:233,5,0,1307
DA:234,1307
DA:238,2351
DA:242,2350
BRDA:242,6,0,2350
DA:243,2350
DA:246,2350
FN:276,BorrowLogic.executeMiniPoolBorrow
FNDA:783,BorrowLogic.executeMiniPoolBorrow
DA:280,783
DA:281,783
DA:282,783
BRDA:282,7,0,-
BRDA:282,7,1,-
DA:285,783
DA:286,783
DA:287,0
BRDA:287,8,0,-
BRDA:284,8,1,-
DA:288,0
DA:290,783
DA:292,783
DA:299,783
DA:301,783
DA:305,783
FN:323,BorrowLogic.amountInETH
FNDA:2613,BorrowLogic.amountInETH
DA:328,2613
FN:365,BorrowLogic.repay
FNDA:1,BorrowLogic.repay
DA:370,1
DA:372,1
DA:374,1
DA:376,1
DA:378,1
DA:380,0
FN:390,BorrowLogic.repayWithAtokens
FNDA:259,BorrowLogic.repayWithAtokens
DA:395,259
DA:397,259
DA:399,259
DA:401,259
DA:403,259
DA:405,0
FN:416,BorrowLogic._repay
FNDA:260,BorrowLogic._repay
DA:421,260
DA:423,260
DA:425,260
DA:427,260
BRDA:427,9,0,258
DA:428,258
DA:431,260
DA:433,260
DA:437,260
DA:438,260
DA:440,260
BRDA:440,10,0,2
DA:441,2
FNF:7
FNH:7
LF:82
LH:78
BRF:14
BRH:8
end_of_record
TN:
SF:contracts/protocol/core/lendingpool/logic/DepositLogic.sol
FN:72,DepositLogic.deposit
FNDA:14347,DepositLogic.deposit
DA:78,14347
DA:80,14347
DA:82,14347
DA:84,14347
DA:85,14347
DA:87,14347
DA:89,14347
DA:90,14347
DA:92,14150
BRDA:92,0,0,14150
DA:93,14150
DA:94,14150
DA:97,14347
FNF:1
FNH:1
LF:12
LH:12
BRF:1
BRH:1
end_of_record
TN:
SF:contracts/protocol/core/lendingpool/logic/FlashLoanLogic.sol
FN:121,FlashLoanLogic.flashLoan
FNDA:0,FlashLoanLogic.flashLoan
DA:127,0
DA:129,0
DA:133,0
DA:134,0
DA:136,0
DA:138,0
DA:148,0
BRDA:148,0,0,-
BRDA:148,0,1,-
DA:159,0
DA:160,0
DA:161,0
DA:162,0
DA:163,0
DA:164,0
DA:167,0
DA:169,0
BRDA:169,1,0,-
BRDA:166,1,1,-
DA:170,0
DA:184,0
DA:202,0
FN:225,FlashLoanLogic.getATokenAdressesAndPremiums
FNDA:0,FlashLoanLogic.getATokenAdressesAndPremiums
DA:234,0
DA:235,0
DA:236,0
DA:237,0
DA:239,0
DA:243,0
FN:253,FlashLoanLogic._handleFlashLoanRepayment
FNDA:0,FlashLoanLogic._handleFlashLoanRepayment
DA:257,0
DA:260,0
DA:261,0
DA:263,0
DA:265,0
DA:269,0
DA:273,0
FNF:3
FNH:0
LF:31
LH:0
BRF:4
BRH:0
end_of_record
TN:
SF:contracts/protocol/core/lendingpool/logic/GenericLogic.sol
FN:67,GenericLogic.balanceDecreaseAllowed
FNDA:2349,GenericLogic.balanceDecreaseAllowed
DA:79,2349
DA:80,0
DA:81,2349
BRDA:81,0,0,2349
DA:82,2349
DA:85,0
DA:87,0
DA:90,0
BRDA:90,1,0,-
DA:91,0
DA:94,0
DA:97,0
BRDA:97,2,0,-
DA:98,0
DA:101,0
DA:103,0
DA:106,0
BRDA:106,3,0,-
DA:107,0
DA:110,0
DA:115,0
DA:121,0
FN:133,GenericLogic.getAmountToDecreaseInEth
FNDA:0,GenericLogic.getAmountToDecreaseInEth
DA:139,0
FN:193,GenericLogic.calculateUserAccountData
FNDA:14336,GenericLogic.calculateUserAccountData
DA:201,14336
DA:203,14336
BRDA:203,4,0,-
DA:204,0
DA:206,14336
DA:207,57344
BRDA:207,5,0,37782
DA:208,37782
DA:211,19562
DA:212,19562
DA:213,19562
DA:216,19562
DA:219,19562
DA:220,19562
DA:222,19562
BRDA:222,6,0,19301
DA:223,19301
DA:226,19301
DA:227,19301
DA:229,19301
DA:231,19301
DA:232,19301
DA:236,19562
BRDA:236,7,0,1305
DA:237,1305
DA:240,1305
DA:245,14336
DA:246,14336
DA:250,14336
DA:253,6264
FN:270,GenericLogic.calculateHealthFactorFromBalances
FNDA:16688,GenericLogic.calculateHealthFactorFromBalances
DA:275,16688
DA:277,2349
FN:288,GenericLogic.calculateAvailableBorrowsETH
FNDA:0,GenericLogic.calculateAvailableBorrowsETH
DA:293,0
DA:295,0
BRDA:295,9,0,-
DA:296,0
DA:299,0
DA:300,0
FNF:5
FNH:3
LF:52
LH:30
BRF:9
BRH:4
end_of_record
TN:
SF:contracts/protocol/core/lendingpool/logic/LiquidationLogic.sol
FN:137,LiquidationLogic.liquidationCall
FNDA:0,LiquidationLogic.liquidationCall
DA:143,0
DA:145,0
DA:146,0
DA:148,0
DA:149,0
DA:152,0
DA:161,0
DA:163,0
DA:167,0
DA:169,0
DA:171,0
DA:174,0
DA:178,0
DA:193,0
BRDA:193,0,0,-
DA:194,0
DA:199,0
BRDA:199,1,0,-
DA:200,0
DA:201,0
DA:202,0
BRDA:202,2,0,-
DA:203,0
DA:207,0
DA:209,0
BRDA:209,3,0,-
BRDA:209,3,1,-
DA:210,0
DA:214,0
DA:219,0
DA:223,0
BRDA:223,4,0,-
BRDA:223,4,1,-
DA:224,0
DA:226,0
DA:230,0
BRDA:230,5,0,-
DA:231,0
DA:232,0
DA:233,0
DA:236,0
DA:237,0
DA:245,0
DA:255,0
BRDA:255,6,0,-
DA:256,0
DA:257,0
DA:261,0
DA:265,0
DA:269,0
FN:313,LiquidationLogic._calculateAvailableCollateralToLiquidate
FNDA:0,LiquidationLogic._calculateAvailableCollateralToLiquidate
DA:322,0
DA:323,0
DA:324,0
DA:326,0
DA:328,0
DA:329,0
DA:331,0
DA:333,0
DA:337,0
DA:343,0
BRDA:343,7,0,-
BRDA:343,7,1,-
DA:344,0
DA:345,0
DA:350,0
DA:351,0
DA:353,0
FNF:2
FNH:0
LF:56
LH:0
BRF:11
BRH:0
end_of_record
TN:
SF:contracts/protocol/core/lendingpool/logic/ReserveLogic.sol
FN:55,ReserveLogic.getNormalizedIncome
FNDA:130711,ReserveLogic.getNormalizedIncome
DA:60,130711
DA:63,130711
BRDA:63,0,0,123923
DA:64,123923
DA:67,6788
DA:71,0
FN:81,ReserveLogic.getNormalizedDebt
FNDA:17457,ReserveLogic.getNormalizedDebt
DA:86,17457
DA:89,17457
BRDA:89,1,0,16413
DA:90,16413
DA:93,1044
DA:97,0
FN:104,ReserveLogic.updateState
FNDA:19829,ReserveLogic.updateState
DA:105,19829
DA:106,19829
DA:107,19829
DA:108,19829
DA:109,19829
DA:111,19829
DA:119,19829
FN:136,ReserveLogic.cumulateToLiquidityIndex
FNDA:0,ReserveLogic.cumulateToLiquidityIndex
DA:141,0
DA:143,0
DA:145,0
DA:146,0
BRDA:146,2,0,-
BRDA:146,2,1,-
DA:148,0
FN:158,ReserveLogic.init
FNDA:219,ReserveLogic.init
DA:164,219
BRDA:164,3,0,-
BRDA:164,3,1,-
DA:166,219
DA:167,219
DA:168,219
DA:169,219
DA:170,219
FN:187,ReserveLogic.updateInterestRates
FNDA:19829,ReserveLogic.updateInterestRates
DA:194,19829
DA:199,19829
DA:202,19829
DA:212,19828
BRDA:212,4,0,-
BRDA:212,4,1,-
DA:213,19828
BRDA:213,5,0,-
BRDA:213,5,1,-
DA:215,19828
DA:216,19828
DA:218,19828
FN:243,ReserveLogic._mintToTreasury
FNDA:19829,ReserveLogic._mintToTreasury
DA:251,19829
DA:253,19829
DA:255,19829
BRDA:255,6,0,-
DA:256,0
DA:260,19829
DA:263,19829
DA:266,19829
DA:268,19829
DA:270,19829
BRDA:270,7,0,1305
DA:271,1305
FN:284,ReserveLogic._updateIndexes
FNDA:19829,ReserveLogic._updateIndexes
DA:291,19829
DA:293,19829
DA:294,19829
DA:297,19829
BRDA:297,8,0,4172
DA:298,4172
DA:299,4172
DA:300,4172
DA:301,4172
BRDA:301,9,0,-
BRDA:301,9,1,-
DA:303,4172
DA:308,19829
BRDA:308,10,0,4172
DA:309,4172
DA:310,4172
DA:311,4172
DA:312,4172
BRDA:312,11,0,-
BRDA:312,11,1,-
DA:316,4172
DA:319,19829
DA:320,19829
FNF:8
FNH:7
LF:63
LH:55
BRF:18
BRH:5
end_of_record
TN:
SF:contracts/protocol/core/lendingpool/logic/ValidationLogic.sol
FN:43,ValidationLogic.validateDeposit
FNDA:14347,ValidationLogic.validateDeposit
DA:44,14347
DA:48,14347
DA:49,14347
BRDA:49,0,0,-
BRDA:49,0,1,-
DA:56,14347
BRDA:56,1,0,-
BRDA:56,1,1,-
DA:57,14347
BRDA:57,2,0,-
BRDA:57,2,1,-
DA:58,14347
BRDA:58,3,0,-
BRDA:58,3,1,-
FN:92,ValidationLogic.validateWithdraw
FNDA:2088,ValidationLogic.validateWithdraw
DA:98,2088
BRDA:98,4,0,-
BRDA:98,4,1,-
DA:99,2088
BRDA:99,5,0,-
BRDA:99,5,1,-
DA:104,2088
DA:107,2088
BRDA:107,6,0,-
BRDA:107,6,1,-
DA:109,2088
BRDA:109,7,0,2088
BRDA:109,7,1,-
FN:170,ValidationLogic.validateBorrow
FNDA:2613,ValidationLogic.validateBorrow
DA:177,2613
DA:178,2613
DA:179,2613
DA:180,2613
DA:181,2613
DA:183,2613
DA:185,2613
BRDA:185,8,0,-
BRDA:185,8,1,-
DA:186,2613
BRDA:186,9,0,-
BRDA:186,9,1,-
DA:187,2613
BRDA:187,10,0,-
BRDA:187,10,1,-
DA:188,2613
BRDA:188,11,0,-
BRDA:188,11,1,-
DA:190,2613
DA:198,2613
BRDA:198,12,0,-
BRDA:198,12,1,-
DA:200,2352
BRDA:200,13,0,-
BRDA:200,13,1,-
DA:206,2352
DA:209,2352
BRDA:209,14,0,-
BRDA:209,14,1,-
FN:226,ValidationLogic.validateRepay
FNDA:260,ValidationLogic.validateRepay
DA:232,260
DA:234,260
BRDA:234,15,0,-
BRDA:234,15,1,-
DA:236,260
BRDA:236,16,0,-
BRDA:236,16,1,-
DA:238,260
BRDA:238,17,0,-
BRDA:238,17,1,-
DA:240,260
BRDA:240,18,0,260
BRDA:240,18,1,-
FN:258,ValidationLogic.validateSetUseReserveAsCollateral
FNDA:522,ValidationLogic.validateSetUseReserveAsCollateral
DA:269,522
DA:271,522
BRDA:271,19,0,-
BRDA:271,19,1,-
DA:273,522
BRDA:273,20,0,261
BRDA:273,20,1,-
FN:300,ValidationLogic.validateFlashloan
FNDA:0,ValidationLogic.validateFlashloan
DA:306,0
BRDA:306,21,0,-
BRDA:306,21,1,-
DA:307,0
DA:308,0
FN:320,ValidationLogic.validateFlashloanSimple
FNDA:0,ValidationLogic.validateFlashloanSimple
DA:321,0
DA:322,0
BRDA:322,22,0,-
BRDA:322,22,1,-
DA:323,0
BRDA:323,23,0,-
BRDA:323,23,1,-
DA:324,0
BRDA:324,24,0,-
BRDA:324,24,1,-
FN:340,ValidationLogic.validateLiquidationCall
FNDA:0,ValidationLogic.validateLiquidationCall
DA:348,0
DA:349,0
DA:350,0
BRDA:350,25,0,-
DA:351,0
DA:354,0
BRDA:354,26,0,-
DA:355,0
DA:358,0
DA:359,0
DA:362,0
BRDA:362,27,0,-
DA:363,0
DA:366,0
BRDA:366,28,0,-
DA:367,0
FN:381,ValidationLogic.validateTransfer
FNDA:14336,ValidationLogic.validateTransfer
DA:389,14336
DA:393,14336
BRDA:393,29,0,-
BRDA:393,29,1,-
FNF:9
FNH:6
LF:55
LH:36
BRF:56
BRH:3
end_of_record
TN:
SF:contracts/protocol/core/lendingpool/logic/WithdrawLogic.sol
FN:96,WithdrawLogic.withdraw
FNDA:2088,WithdrawLogic.withdraw
DA:103,2088
DA:104,2088
DA:107,2088
DA:109,2088
DA:111,2088
DA:113,2088
BRDA:113,0,0,-
DA:114,0
DA:117,2088
DA:131,2088
DA:133,2088
DA:135,2088
BRDA:135,1,0,1044
DA:136,1044
DA:137,1044
DA:140,2088
DA:144,2088
DA:146,2088
FN:179,WithdrawLogic.finalizeTransfer
FNDA:14336,WithdrawLogic.finalizeTransfer
DA:186,14336
BRDA:186,2,0,-
BRDA:186,2,1,-
DA:191,14336
DA:200,14336
DA:202,14336
BRDA:202,3,0,14336
DA:203,14336
BRDA:203,4,0,13037
DA:204,13037
DA:205,13037
DA:206,13037
DA:209,14336
BRDA:209,5,0,9970
DA:210,9970
DA:211,9970
DA:212,9970
FNF:2
FNH:2
LF:28
LH:27
BRF:7
BRH:4
end_of_record
TN:
SF:contracts/protocol/core/minipool/FlowLimiter.sol
FN:37,FlowLimiter.
FNDA:49,FlowLimiter.
DA:38,49
DA:39,49
FN:48,FlowLimiter.setFlowLimit
FNDA:1045,FlowLimiter.setFlowLimit
DA:49,1045
BRDA:49,0,0,-
BRDA:49,0,1,-
DA:50,1045
BRDA:50,1,0,-
BRDA:50,1,1,-
DA:51,1045
DA:53,1045
FN:62,FlowLimiter.getFlowLimit
FNDA:19295,FlowLimiter.getFlowLimit
DA:63,19295
DA:64,19295
DA:66,19295
FN:75,FlowLimiter.currentFlow
FNDA:61264,FlowLimiter.currentFlow
DA:77,61264
FNF:4
FNH:4
LF:10
LH:10
BRF:4
BRH:0
end_of_record
TN:
SF:contracts/protocol/core/minipool/MiniPool.sol
FN:76,MiniPool.whenNotPaused
FNDA:518,MiniPool.whenNotPaused
DA:77,0
FN:85,MiniPool.onlyMiniPoolConfigurator
FNDA:440,MiniPool.onlyMiniPoolConfigurator
DA:86,0
FN:94,MiniPool._whenNotPaused
FNDA:27387,MiniPool._whenNotPaused
DA:95,27387
BRDA:95,0,0,-
BRDA:95,0,1,-
FN:102,MiniPool._onlyMiniPoolConfigurator
FNDA:7446,MiniPool._onlyMiniPoolConfigurator
DA:103,7446
BRDA:103,1,0,7446
BRDA:103,1,1,-
FN:109,MiniPool.getRevision
FNDA:318,MiniPool.getRevision
DA:110,318
FN:120,MiniPool.initialize
FNDA:317,MiniPool.initialize
DA:124,317
DA:125,317
DA:126,317
DA:127,317
FN:140,MiniPool.deposit
FNDA:17468,MiniPool.deposit
DA:145,17468
DA:152,17468
FN:167,MiniPool.withdraw
FNDA:522,MiniPool.withdraw
DA:173,522
FN:203,MiniPool.borrow
FNDA:7834,MiniPool.borrow
DA:208,7834
DA:209,7834
DA:210,7834
DA:211,7834
BRDA:211,2,0,-
BRDA:211,2,1,-
DA:212,7834
DA:214,7834
DA:215,783
DA:216,783
BRDA:216,3,0,783
DA:217,783
DA:218,783
DA:219,783
DA:226,783
DA:228,783
DA:229,783
DA:233,783
DA:236,783
DA:244,7834
FN:277,MiniPool.repay
FNDA:523,MiniPool.repay
DA:283,523
DA:290,523
DA:291,0
FN:299,MiniPool.setUserUseReserveAsCollateral
FNDA:522,MiniPool.setUserUseReserveAsCollateral
DA:304,522
DA:306,522
DA:317,522
DA:319,0
BRDA:319,4,0,-
BRDA:319,4,1,522
DA:320,0
DA:322,522
FN:337,MiniPool.liquidationCall
FNDA:518,MiniPool.liquidationCall
DA:344,518
DA:358,518
FN:365,MiniPool._repayLendingPool
FNDA:18509,MiniPool._repayLendingPool
DA:366,18509
DA:367,18509
DA:368,18509
DA:370,18509
BRDA:370,5,0,10946
DA:371,10946
DA:372,10946
DA:373,10946
DA:375,10946
BRDA:375,6,0,259
DA:376,259
DA:386,259
DA:392,10946
DA:393,10946
DA:396,10946
DA:397,10688
DA:398,0
DA:399,0
DA:400,0
BRDA:400,7,0,-
DA:403,0
FN:423,MiniPool.flashLoan
FNDA:0,MiniPool.flashLoan
DA:429,0
FN:452,MiniPool.getReserveData
FNDA:30788,MiniPool.getReserveData
DA:458,30788
FN:471,MiniPool.getUserAccountData
FNDA:14320,MiniPool.getUserAccountData
DA:484,14320
DA:494,14320
FN:503,MiniPool.getConfiguration
FNDA:11442,MiniPool.getConfiguration
DA:509,11442
FN:517,MiniPool.getUserConfiguration
FNDA:0,MiniPool.getUserConfiguration
DA:523,0
FN:531,MiniPool.getReserveNormalizedIncome
FNDA:184741,MiniPool.getReserveNormalizedIncome
DA:538,184741
FN:546,MiniPool.getReserveNormalizedVariableDebt
FNDA:52945,MiniPool.getReserveNormalizedVariableDebt
DA:552,52945
FN:559,MiniPool.paused
FNDA:0,MiniPool.paused
DA:560,0
FN:569,MiniPool.getReservesList
FNDA:0,MiniPool.getReservesList
DA:570,0
DA:571,0
DA:573,0
DA:574,0
DA:575,0
DA:577,0
FN:581,MiniPool.getReservesCount
FNDA:0,MiniPool.getReservesCount
DA:582,0
FN:589,MiniPool.getAddressesProvider
FNDA:0,MiniPool.getAddressesProvider
DA:590,0
FN:597,MiniPool.FLASHLOAN_PREMIUM_TOTAL
FNDA:0,MiniPool.FLASHLOAN_PREMIUM_TOTAL
DA:598,0
FN:605,MiniPool.MAX_NUMBER_RESERVES
FNDA:0,MiniPool.MAX_NUMBER_RESERVES
DA:606,0
FN:619,MiniPool.finalizeTransfer
FNDA:0,MiniPool.finalizeTransfer
DA:627,0
FN:648,MiniPool.initReserve
FNDA:440,MiniPool.initReserve
DA:655,440
BRDA:655,8,0,-
BRDA:655,8,1,-
DA:656,440
DA:659,440
FN:668,MiniPool.setReserveInterestRateStrategyAddress
FNDA:0,MiniPool.setReserveInterestRateStrategyAddress
DA:673,0
FN:682,MiniPool.setConfiguration
FNDA:7006,MiniPool.setConfiguration
DA:687,7006
FN:695,MiniPool.setPause
FNDA:0,MiniPool.setPause
DA:696,0
DA:697,0
BRDA:697,9,0,-
BRDA:697,9,1,-
DA:698,0
DA:700,0
FN:708,MiniPool._addReserveToList
FNDA:440,MiniPool._addReserveToList
DA:709,440
DA:711,440
BRDA:711,10,0,-
BRDA:711,10,1,-
DA:713,440
DA:715,440
BRDA:715,11,0,440
DA:716,440
DA:717,440
DA:719,440
FN:728,MiniPool.getCurrentLendingPoolDebt
FNDA:21892,MiniPool.getCurrentLendingPoolDebt
DA:729,21892
FN:737,MiniPool.setRewarderForReserve
FNDA:0,MiniPool.setRewarderForReserve
DA:741,0
FN:750,MiniPool.updateFlashLoanFee
FNDA:0,MiniPool.updateFlashLoanFee
DA:751,0
FN:758,MiniPool._updateFlashLoanFee
FNDA:317,MiniPool._updateFlashLoanFee
DA:759,317
FNF:36
FNH:23
LF:98
LH:68
BRF:19
BRH:6
end_of_record
TN:
SF:contracts/protocol/core/minipool/MiniPoolConfigurator.sol
FN:37,MiniPoolConfigurator.onlyPoolAdmin
FNDA:269,MiniPoolConfigurator.onlyPoolAdmin
DA:38,269
DA:39,269
BRDA:39,0,0,261
BRDA:39,0,1,-
FN:46,MiniPoolConfigurator.onlyMainPoolAdmin
FNDA:319,MiniPoolConfigurator.onlyMainPoolAdmin
DA:47,319
BRDA:47,1,0,2349
BRDA:47,1,1,-
FN:54,MiniPoolConfigurator.onlyEmergencyAdmin
FNDA:261,MiniPoolConfigurator.onlyEmergencyAdmin
DA:55,261
BRDA:55,2,0,261
BRDA:55,2,1,-
FN:66,MiniPoolConfigurator.getRevision
FNDA:51,MiniPoolConfigurator.getRevision
DA:67,51
FN:74,MiniPoolConfigurator.initialize
FNDA:50,MiniPoolConfigurator.initialize
DA:75,50
FN:85,MiniPoolConfigurator.batchInitReserve
FNDA:58,MiniPoolConfigurator.batchInitReserve
DA:89,58
DA:90,443
FN:100,MiniPoolConfigurator.setRewarderForReserve
FNDA:0,MiniPoolConfigurator.setRewarderForReserve
DA:104,0
FN:112,MiniPoolConfigurator.updateFlashloanPremiumTotal
FNDA:0,MiniPoolConfigurator.updateFlashloanPremiumTotal
DA:116,0
BRDA:116,3,0,-
BRDA:116,3,1,-
DA:120,0
FN:127,MiniPoolConfigurator.setCod3xTreasury
FNDA:1047,MiniPoolConfigurator.setCod3xTreasury
DA:128,1047
FN:137,MiniPoolConfigurator.setFlowLimit
FNDA:2,MiniPoolConfigurator.setFlowLimit
DA:141,2
DA:143,2
FN:152,MiniPoolConfigurator.setReserveInterestRateStrategyAddress
FNDA:0,MiniPoolConfigurator.setReserveInterestRateStrategyAddress
DA:157,0
DA:158,0
FN:167,MiniPoolConfigurator.setCod3xReserveFactor
FNDA:3135,MiniPoolConfigurator.setCod3xReserveFactor
DA:171,3135
DA:173,3135
DA:175,3135
DA:177,2091
FN:186,MiniPoolConfigurator.setDepositCap
FNDA:2088,MiniPoolConfigurator.setDepositCap
DA:190,2088
DA:192,2088
DA:194,2088
DA:196,1044
FN:204,MiniPoolConfigurator._initReserve
FNDA:443,MiniPoolConfigurator._initReserve
DA:205,443
DA:206,443
DA:212,440
DA:219,440
DA:220,440
DA:222,440
DA:223,440
DA:224,440
DA:225,440
DA:227,440
DA:229,440
FN:241,MiniPoolConfigurator.setPoolPause
FNDA:0,MiniPoolConfigurator.setPoolPause
DA:242,0
FN:252,MiniPoolConfigurator.enableBorrowingOnReserve
FNDA:701,MiniPoolConfigurator.enableBorrowingOnReserve
DA:256,440
DA:258,440
DA:260,440
DA:262,440
FN:270,MiniPoolConfigurator.disableBorrowingOnReserve
FNDA:269,MiniPoolConfigurator.disableBorrowingOnReserve
DA:274,4
DA:276,4
DA:278,4
DA:279,4
FN:290,MiniPoolConfigurator.configureReserveAsCollateral
FNDA:701,MiniPoolConfigurator.configureReserveAsCollateral
DA:297,440
DA:302,440
BRDA:302,4,0,-
BRDA:302,4,1,-
DA:304,440
BRDA:304,5,0,440
BRDA:304,5,1,-
DA:307,440
BRDA:307,6,0,-
BRDA:307,6,1,-
DA:314,440
BRDA:314,7,0,-
BRDA:314,7,1,-
DA:320,0
BRDA:320,8,0,-
BRDA:320,8,1,-
DA:324,0
DA:327,440
DA:328,440
DA:329,440
DA:331,440
DA:333,440
FN:341,MiniPoolConfigurator.activateReserve
FNDA:721,MiniPoolConfigurator.activateReserve
DA:342,444
DA:344,444
DA:346,444
DA:348,444
FN:356,MiniPoolConfigurator.deactivateReserve
FNDA:265,MiniPoolConfigurator.deactivateReserve
DA:360,4
DA:362,4
DA:364,4
DA:366,4
DA:368,4
FN:376,MiniPoolConfigurator.freezeReserve
FNDA:265,MiniPoolConfigurator.freezeReserve
DA:377,4
DA:379,4
DA:381,4
DA:383,4
FN:391,MiniPoolConfigurator.unfreezeReserve
FNDA:265,MiniPoolConfigurator.unfreezeReserve
DA:392,4
DA:394,4
DA:396,4
DA:398,4
FN:406,MiniPoolConfigurator.enableFlashloan
FNDA:261,MiniPoolConfigurator.enableFlashloan
DA:407,0
DA:409,0
DA:411,0
DA:413,0
FN:421,MiniPoolConfigurator.disableFlashloan
FNDA:261,MiniPoolConfigurator.disableFlashloan
DA:425,0
DA:427,0
DA:429,0
DA:431,0
FN:439,MiniPoolConfigurator.setPoolAdmin
FNDA:261,MiniPoolConfigurator.setPoolAdmin
DA:440,0
DA:441,0
FN:449,MiniPoolConfigurator.setMinipoolOwnerTreasuryToMiniPool
FNDA:1047,MiniPoolConfigurator.setMinipoolOwnerTreasuryToMiniPool
DA:453,786
DA:454,786
FN:463,MiniPoolConfigurator.setMinipoolOwnerReserveFactor
FNDA:2352,MiniPoolConfigurator.setMinipoolOwnerReserveFactor
DA:467,2091
DA:469,2091
DA:471,2091
DA:473,2091
FN:481,MiniPoolConfigurator._checkNoLiquidity
FNDA:4,MiniPoolConfigurator._checkNoLiquidity
DA:482,4
DA:484,4
DA:486,4
BRDA:486,9,0,4
BRDA:486,9,1,4
FNF:28
FNH:24
LF:92
LH:74
BRF:20
BRH:6
end_of_record
TN:
SF:contracts/protocol/core/minipool/logic/MiniPoolBorrowLogic.sol
FN:101,MiniPoolBorrowLogic.calculateUserAccountDataVolatile
FNDA:7834,MiniPoolBorrowLogic.calculateUserAccountDataVolatile
DA:107,7834
DA:109,7834
BRDA:109,0,0,261
DA:110,261
DA:113,7573
DA:114,60584
BRDA:114,1,0,42245
DA:115,42245
DA:118,18339
DA:119,18339
DA:122,18339
DA:125,18339
DA:127,18339
DA:129,18339
BRDA:129,2,0,14357
DA:130,14357
DA:134,14357
DA:135,14357
DA:137,14357
DA:139,14357
DA:140,14357
DA:144,18339
BRDA:144,3,0,5744
DA:145,5744
DA:149,5744
DA:154,7573
DA:155,7573
DA:159,7573
DA:163,7573
FN:197,MiniPoolBorrowLogic.executeBorrow
FNDA:7834,MiniPoolBorrowLogic.executeBorrow
DA:204,7834
DA:205,7834
BRDA:205,4,0,-
BRDA:205,4,1,-
DA:207,7834
DA:209,7834
DA:212,7834
DA:214,7834
DA:215,7834
DA:216,7834
DA:218,7834
DA:219,7834
DA:220,7834
DA:225,7573
DA:228,7573
DA:230,7573
DA:231,7573
DA:232,7573
DA:233,7573
DA:235,7573
DA:239,5221
BRDA:239,5,0,5221
DA:240,5221
DA:244,7573
DA:246,7573
BRDA:246,6,0,7573
DA:247,7573
DA:252,7573
FN:265,MiniPoolBorrowLogic.amountInETH
FNDA:7834,MiniPoolBorrowLogic.amountInETH
DA:270,7834
FN:302,MiniPoolBorrowLogic.repay
FNDA:523,MiniPoolBorrowLogic.repay
DA:308,523
DA:310,523
DA:312,523
DA:316,523
DA:318,523
BRDA:318,7,0,261
DA:319,261
DA:322,523
DA:324,523
DA:333,523
DA:334,523
DA:336,523
BRDA:336,8,0,262
DA:337,262
DA:340,261
BRDA:340,9,0,261
BRDA:340,9,1,-
DA:341,261
DA:342,261
DA:343,261
DA:344,261
DA:346,261
DA:347,261
DA:348,261
DA:350,262
DA:353,261
DA:357,523
DA:359,0
FNF:4
FNH:4
LF:74
LH:73
BRF:12
BRH:9
end_of_record
TN:
SF:contracts/protocol/core/minipool/logic/MiniPoolDepositLogic.sol
FN:75,MiniPoolDepositLogic.deposit
FNDA:17468,MiniPoolDepositLogic.deposit
DA:82,17468
DA:84,17468
DA:86,17468
DA:88,17468
DA:89,17468
DA:91,1566
BRDA:91,0,0,1566
BRDA:91,0,1,-
DA:92,1566
DA:93,1566
DA:94,1566
DA:95,1566
DA:97,1566
DA:98,1566
DA:99,1566
DA:101,15902
DA:104,1566
DA:108,13286
BRDA:108,1,0,13286
DA:109,13286
DA:110,13286
DA:113,17468
FN:123,MiniPoolDepositLogic.internalDeposit
FNDA:783,MiniPoolDepositLogic.internalDeposit
DA:129,783
DA:131,783
DA:133,783
DA:135,783
DA:136,783
DA:138,783
DA:140,783
DA:144,783
FNF:2
FNH:2
LF:27
LH:27
BRF:3
BRH:2
end_of_record
TN:
SF:contracts/protocol/core/minipool/logic/MiniPoolFlashLoanLogic.sol
FN:104,MiniPoolFlashLoanLogic.flashLoan
FNDA:0,MiniPoolFlashLoanLogic.flashLoan
DA:110,0
DA:112,0
DA:116,0
DA:117,0
DA:119,0
DA:121,0
DA:130,0
BRDA:130,0,0,-
BRDA:130,0,1,-
DA:141,0
DA:142,0
DA:143,0
DA:144,0
DA:145,0
DA:147,0
DA:149,0
DA:151,0
BRDA:151,1,0,-
BRDA:148,1,1,-
DA:152,0
DA:166,0
DA:187,0
FN:209,MiniPoolFlashLoanLogic.getATokenAdressesAndPremiums
FNDA:0,MiniPoolFlashLoanLogic.getATokenAdressesAndPremiums
DA:217,0
DA:218,0
DA:219,0
DA:220,0
DA:221,0
DA:223,0
DA:227,0
DA:228,0
[...]
FNDA:14336,IncentivizedERC20._transfer
DA:180,14336
BRDA:180,2,0,-
BRDA:180,2,1,-
DA:181,14336
BRDA:181,3,0,-
BRDA:181,3,1,-
DA:183,0
DA:185,14336
DA:186,14336
BRDA:186,4,0,-
BRDA:186,4,1,-
DA:187,14336
DA:188,14336
DA:189,14336
DA:191,14336
BRDA:191,5,0,14336
DA:192,14336
DA:193,14336
DA:194,14336
BRDA:194,6,0,14336
DA:195,14336
FN:207,IncentivizedERC20._mint
FNDA:18786,IncentivizedERC20._mint
DA:208,18786
BRDA:208,7,0,-
BRDA:208,7,1,-
DA:210,0
DA:212,18786
DA:213,18786
DA:215,18786
DA:216,18786
DA:218,18786
BRDA:218,8,0,18786
DA:219,18786
FN:228,IncentivizedERC20._burn
FNDA:2607,IncentivizedERC20._burn
DA:229,2607
BRDA:229,9,0,-
BRDA:229,9,1,-
DA:231,0
DA:233,2607
DA:234,2607
DA:236,2607
DA:237,2607
BRDA:237,10,0,-
BRDA:237,10,1,-
DA:238,2607
DA:240,2607
BRDA:240,11,0,2607
DA:241,2607
FN:251,IncentivizedERC20._approve
FNDA:0,IncentivizedERC20._approve
DA:252,0
BRDA:252,12,0,-
BRDA:252,12,1,-
DA:253,0
BRDA:253,13,0,-
BRDA:253,13,1,-
DA:255,0
DA:256,0
FN:263,IncentivizedERC20._setName
FNDA:438,IncentivizedERC20._setName
DA:264,438
FN:271,IncentivizedERC20._setSymbol
FNDA:438,IncentivizedERC20._setSymbol
DA:272,438
FN:279,IncentivizedERC20._setDecimals
FNDA:438,IncentivizedERC20._setDecimals
DA:280,438
FN:289,IncentivizedERC20._beforeTokenTransfer
FNDA:0,IncentivizedERC20._beforeTokenTransfer
FNF:20
FNH:12
LF:63
LH:38
BRF:24
BRH:4
end_of_record
TN:
SF:contracts/protocol/tokenization/ERC20/VariableDebtToken.sol
FN:47,VariableDebtToken.onlyLendingPool
FNDA:3134,VariableDebtToken.onlyLendingPool
DA:48,3134
BRDA:48,0,0,-
BRDA:48,0,1,-
FN:64,VariableDebtToken.initialize
FNDA:219,VariableDebtToken.initialize
DA:74,219
DA:75,219
DA:76,219
DA:78,219
DA:79,219
DA:80,219
DA:82,219
DA:84,219
FN:100,VariableDebtToken.getRevision
FNDA:219,VariableDebtToken.getRevision
DA:101,219
FN:109,VariableDebtToken.balanceOf
FNDA:64141,VariableDebtToken.balanceOf
DA:110,64141
DA:112,64141
BRDA:112,1,0,54756
DA:113,54756
DA:116,9385
FN:130,VariableDebtToken.mint
FNDA:3134,VariableDebtToken.mint
DA:136,3134
BRDA:136,2,0,-
DA:137,0
DA:140,3134
DA:141,3134
DA:142,3134
BRDA:142,3,0,-
BRDA:142,3,1,-
DA:144,3134
DA:146,3134
DA:147,3134
DA:149,3134
FN:159,VariableDebtToken.burn
FNDA:260,VariableDebtToken.burn
DA:160,260
DA:161,260
BRDA:161,4,0,-
BRDA:161,4,1,-
DA:163,260
DA:165,260
DA:166,260
FN:175,VariableDebtToken.approveDelegation
FNDA:0,VariableDebtToken.approveDelegation
DA:176,0
DA:177,0
FN:186,VariableDebtToken.borrowAllowance
FNDA:0,VariableDebtToken.borrowAllowance
DA:192,0
FN:199,VariableDebtToken.transfer
FNDA:0,VariableDebtToken.transfer
DA:202,0
FN:209,VariableDebtToken.allowance
FNDA:0,VariableDebtToken.allowance
DA:218,0
FN:225,VariableDebtToken.approve
FNDA:0,VariableDebtToken.approve
DA:228,0
FN:235,VariableDebtToken.transferFrom
FNDA:0,VariableDebtToken.transferFrom
DA:244,0
FN:251,VariableDebtToken.increaseAllowance
FNDA:0,VariableDebtToken.increaseAllowance
DA:259,0
FN:266,VariableDebtToken.decreaseAllowance
FNDA:0,VariableDebtToken.decreaseAllowance
DA:274,0
FN:282,VariableDebtToken.scaledBalanceOf
FNDA:1,VariableDebtToken.scaledBalanceOf
DA:283,1
FN:290,VariableDebtToken.totalSupply
FNDA:8072,VariableDebtToken.totalSupply
DA:291,8072
FN:300,VariableDebtToken.scaledTotalSupply
FNDA:39658,VariableDebtToken.scaledTotalSupply
DA:301,39658
FN:310,VariableDebtToken.getScaledUserBalanceAndSupply
FNDA:10,VariableDebtToken.getScaledUserBalanceAndSupply
DA:316,10
FN:323,VariableDebtToken.UNDERLYING_ASSET_ADDRESS
FNDA:0,VariableDebtToken.UNDERLYING_ASSET_ADDRESS
DA:324,0
FN:331,VariableDebtToken.getIncentivesController
FNDA:0,VariableDebtToken.getIncentivesController
DA:332,0
FN:339,VariableDebtToken.POOL
FNDA:0,VariableDebtToken.POOL
DA:340,0
FN:347,VariableDebtToken._getIncentivesController
FNDA:6788,VariableDebtToken._getIncentivesController
DA:348,6788
FN:355,VariableDebtToken._getUnderlyingAssetAddress
FNDA:0,VariableDebtToken._getUnderlyingAssetAddress
DA:356,0
FN:363,VariableDebtToken._getLendingPool
FNDA:3394,VariableDebtToken._getLendingPool
DA:364,3394
FN:373,VariableDebtToken._decreaseBorrowAllowance
FNDA:0,VariableDebtToken._decreaseBorrowAllowance
DA:376,0
DA:377,0
BRDA:377,5,0,-
BRDA:377,5,1,-
DA:378,0
DA:380,0
DA:382,0
FN:392,VariableDebtToken.setIncentivesController
FNDA:0,VariableDebtToken.setIncentivesController
DA:393,0
BRDA:393,6,0,-
BRDA:393,6,1,-
DA:394,0
FNF:26
FNH:12
LF:54
LH:33
BRF:12
BRH:1
end_of_record
TN:
SF:contracts/protocol/tokenization/ERC6909/ATokenERC6909.sol
FN:90,ATokenERC6909.initialize
FNDA:317,ATokenERC6909.initialize
DA:91,317
BRDA:91,0,0,-
BRDA:91,0,1,-
DA:92,317
DA:95,0
DA:97,317
DA:98,317
DA:99,317
FN:112,ATokenERC6909.initReserve
FNDA:443,ATokenERC6909.initReserve
DA:118,443
BRDA:118,1,0,443
BRDA:118,1,1,-
DA:122,443
DA:123,220
BRDA:123,2,0,220
BRDA:123,2,1,-
DA:124,220
DA:125,220
DA:126,220
DA:129,220
BRDA:129,3,0,220
BRDA:129,3,1,-
DA:132,220
BRDA:132,4,0,220
BRDA:132,4,1,-
DA:137,220
DA:139,220
DA:140,220
FN:147,ATokenERC6909.setIncentivesController
FNDA:0,ATokenERC6909.setIncentivesController
DA:148,0
BRDA:148,5,0,-
BRDA:148,5,1,-
DA:149,0
FN:159,ATokenERC6909.transfer
FNDA:0,ATokenERC6909.transfer
DA:165,0
BRDA:165,6,0,-
BRDA:165,6,1,-
DA:166,0
DA:168,0
DA:169,0
DA:170,0
DA:172,0
DA:174,0
DA:183,0
DA:186,0
FN:197,ATokenERC6909.transferFrom
FNDA:0,ATokenERC6909.transferFrom
DA:203,0
BRDA:203,7,0,-
BRDA:203,7,1,-
DA:204,0
DA:206,0
DA:207,0
DA:208,0
DA:210,0
DA:212,0
DA:216,0
DA:219,0
FN:229,ATokenERC6909.transferUnderlyingTo
FNDA:8872,ATokenERC6909.transferUnderlyingTo
DA:230,8872
BRDA:230,8,0,-
BRDA:230,8,1,-
DA:232,783
BRDA:232,9,0,783
BRDA:232,9,1,-
DA:233,783
DA:234,783
DA:238,8089
FN:248,ATokenERC6909.mintToCod3xTreasury
FNDA:1034,ATokenERC6909.mintToCod3xTreasury
DA:249,1034
DA:250,1034
FN:259,ATokenERC6909.mintToMinipoolOwnerTreasury
FNDA:1028,ATokenERC6909.mintToMinipoolOwnerTreasury
DA:260,1028
DA:261,1028
FN:273,ATokenERC6909.mint
FNDA:25824,ATokenERC6909.mint
DA:277,25824
BRDA:277,10,0,-
BRDA:277,10,1,-
DA:278,25824
BRDA:278,11,0,-
DA:279,0
DA:282,25824
DA:284,25824
BRDA:284,12,0,7573
BRDA:284,12,1,-
DA:285,7573
BRDA:285,13,0,-
DA:286,0
BRDA:286,14,0,-
BRDA:286,14,1,-
DA:290,0
DA:292,7573
DA:293,7573
DA:294,7573
BRDA:294,15,0,-
BRDA:294,15,1,-
DA:295,7573
DA:297,18251
DA:298,18251
DA:299,18251
BRDA:299,16,0,-
BRDA:299,16,1,-
DA:300,18251
DA:303,25824
FN:315,ATokenERC6909.burn
FNDA:2340,ATokenERC6909.burn
DA:323,2340
BRDA:323,17,0,-
BRDA:323,17,1,-
DA:324,2340
BRDA:324,18,0,1041
BRDA:324,18,1,1299
DA:325,1041
DA:326,1041
BRDA:326,19,0,-
BRDA:326,19,1,-
DA:327,1041
DA:329,1299
DA:330,1299
BRDA:330,20,0,-
BRDA:330,20,1,-
DA:331,1299
DA:332,1299
FN:342,ATokenERC6909.approveDelegation
FNDA:0,ATokenERC6909.approveDelegation
DA:343,0
FN:353,ATokenERC6909.transferOnLiquidation
FNDA:0,ATokenERC6909.transferOnLiquidation
DA:354,0
BRDA:354,21,0,-
BRDA:354,21,1,-
DA:355,0
FN:361,ATokenERC6909.handleRepayment
FNDA:1041,ATokenERC6909.handleRepayment
DA:362,1041
BRDA:362,22,0,-
BRDA:362,22,1,-
FN:372,ATokenERC6909._setUnderlyingAsset
FNDA:880,ATokenERC6909._setUnderlyingAsset
DA:373,880
BRDA:373,23,0,-
BRDA:373,23,1,-
DA:374,880
FN:382,ATokenERC6909._beforeTokenTransfer
FNDA:30226,ATokenERC6909._beforeTokenTransfer
DA:383,30226
BRDA:383,24,0,8614
DA:384,8614
BRDA:384,25,0,-
BRDA:384,25,1,-
FN:396,ATokenERC6909._afterTokenTransfer
FNDA:30226,ATokenERC6909._afterTokenTransfer
DA:400,30226
DA:401,30226
DA:402,30226
DA:404,30226
BRDA:404,26,0,27625
BRDA:404,26,1,-
DA:405,27625
DA:406,27625
DA:407,27625
DA:408,27625
BRDA:408,27,0,-
DA:409,0
DA:412,2601
BRDA:412,28,0,2340
BRDA:412,28,1,-
DA:413,2340
DA:414,2340
DA:415,2340
DA:416,2340
BRDA:416,29,0,-
DA:417,0
DA:422,261
DA:423,261
DA:424,261
BRDA:424,30,0,-
DA:425,0
DA:427,0
BRDA:427,31,0,-
DA:428,0
FN:440,ATokenERC6909._determineIfAToken
FNDA:443,ATokenERC6909._determineIfAToken
DA:441,443
DA:442,223
DA:443,220
DA:444,220
FN:454,ATokenERC6909._getNextIdForUnderlying
FNDA:443,ATokenERC6909._getNextIdForUnderlying
DA:459,443
DA:460,443
BRDA:460,32,0,223
BRDA:460,32,1,-
DA:461,223
DA:464,223
BRDA:464,33,0,223
BRDA:464,33,1,-
DA:469,223
DA:471,220
DA:473,220
DA:474,220
DA:476,220
FN:488,ATokenERC6909._mintToTreasury
FNDA:2062,ATokenERC6909._mintToTreasury
DA:491,2062
BRDA:491,34,0,-
BRDA:491,34,1,-
DA:492,2062
BRDA:492,35,0,-
DA:493,0
DA:500,2062
FN:511,ATokenERC6909._decreaseBorrowAllowance
FNDA:0,ATokenERC6909._decreaseBorrowAllowance
DA:517,0
DA:518,0
BRDA:518,36,0,-
BRDA:518,36,1,-
DA:519,0
DA:520,0
FN:532,ATokenERC6909._initializeATokenID
FNDA:440,ATokenERC6909._initializeATokenID
DA:539,440
BRDA:539,37,0,-
BRDA:539,37,1,-
DA:540,440
BRDA:540,38,0,-
BRDA:540,38,1,-
DA:541,440
BRDA:541,39,0,-
BRDA:541,39,1,-
DA:542,440
BRDA:542,40,0,-
BRDA:542,40,1,-
DA:543,440
BRDA:543,41,0,-
BRDA:543,41,1,-
DA:544,440
DA:550,440
DA:556,440
DA:557,440
DA:558,440
FN:570,ATokenERC6909._initializeDebtTokenID
FNDA:440,ATokenERC6909._initializeDebtTokenID
DA:577,440
BRDA:577,42,0,-
BRDA:577,42,1,-
DA:578,440
BRDA:578,43,0,-
BRDA:578,43,1,-
DA:579,440
BRDA:579,44,0,-
BRDA:579,44,1,-
DA:580,440
BRDA:580,45,0,-
BRDA:580,45,1,-
DA:581,440
DA:582,440
DA:583,440
DA:584,440
DA:585,440
FN:596,ATokenERC6909._transferForLiquidation
FNDA:0,ATokenERC6909._transferForLiquidation
DA:599,0
BRDA:599,46,0,-
DA:600,0
DA:602,0
DA:604,0
FN:615,ATokenERC6909.totalSupply
FNDA:30226,ATokenERC6909.totalSupply
DA:616,30226
DA:618,30226
BRDA:618,47,0,18261
DA:619,18261
DA:622,11965
FN:633,ATokenERC6909.balanceOf
FNDA:212951,ATokenERC6909.balanceOf
DA:634,212951
BRDA:634,48,0,47727
BRDA:634,48,1,-
DA:635,47727
DA:639,165224
FN:650,ATokenERC6909.scaledTotalSupply
FNDA:108524,ATokenERC6909.scaledTotalSupply
DA:651,108524
FN:659,ATokenERC6909.isAToken
FNDA:0,ATokenERC6909.isAToken
DA:660,0
FN:668,ATokenERC6909.isDebtToken
FNDA:245517,ATokenERC6909.isDebtToken
DA:669,245517
FN:677,ATokenERC6909.isTranche
FNDA:47463,ATokenERC6909.isTranche
DA:678,47463
FN:687,ATokenERC6909.getScaledUserBalanceAndSupply
FNDA:802,ATokenERC6909.getScaledUserBalanceAndSupply
DA:692,802
FN:703,ATokenERC6909.getNextIdForUnderlying
FNDA:443,ATokenERC6909.getNextIdForUnderlying
DA:708,443
DA:710,440
BRDA:710,49,0,-
BRDA:710,49,1,-
FN:723,ATokenERC6909.getIdForUnderlying
FNDA:28171,ATokenERC6909.getIdForUnderlying
DA:728,28171
DA:729,28171
DA:730,28171
DA:731,28171
DA:732,28171
DA:734,28171
BRDA:734,50,0,-
BRDA:734,50,1,-
FN:744,ATokenERC6909.getUnderlyingAsset
FNDA:440,ATokenERC6909.getUnderlyingAsset
DA:745,440
FN:752,ATokenERC6909.getRevision
FNDA:318,ATokenERC6909.getRevision
DA:753,318
FN:760,ATokenERC6909.getMinipoolAddress
FNDA:16946,ATokenERC6909.getMinipoolAddress
DA:761,16946
FN:768,ATokenERC6909.getMinipoolId
FNDA:0,ATokenERC6909.getMinipoolId
DA:769,0
FN:776,ATokenERC6909.getIncentivesController
FNDA:0,ATokenERC6909.getIncentivesController
DA:777,0
FNF:37
FNH:27
LF:170
LH:126
BRF:92
BRH:15
end_of_record
TN:
SF:contracts/protocol/tokenization/ERC6909/IncentivizedERC6909.sol
FN:24,IncentivizedERC6909.
FNDA:0,IncentivizedERC6909.
FN:31,IncentivizedERC6909.name
FNDA:0,IncentivizedERC6909.name
DA:32,0
FN:40,IncentivizedERC6909.symbol
FNDA:0,IncentivizedERC6909.symbol
DA:41,0
FN:49,IncentivizedERC6909.decimals
FNDA:64,IncentivizedERC6909.decimals
DA:50,64
FN:58,IncentivizedERC6909.tokenURI
FNDA:0,IncentivizedERC6909.tokenURI
DA:59,0
FN:67,IncentivizedERC6909.totalSupply
FNDA:139552,IncentivizedERC6909.totalSupply
DA:68,139552
FN:77,IncentivizedERC6909._decrementTotalSupply
FNDA:2340,IncentivizedERC6909._decrementTotalSupply
DA:82,2340
DA:83,2340
FN:92,IncentivizedERC6909._incrementTotalSupply
FNDA:27625,IncentivizedERC6909._incrementTotalSupply
DA:97,27625
DA:98,27625
FN:106,IncentivizedERC6909._setTokenURI
FNDA:0,IncentivizedERC6909._setTokenURI
DA:107,0
FN:115,IncentivizedERC6909._setDecimals
FNDA:880,IncentivizedERC6909._setDecimals
DA:116,880
FN:124,IncentivizedERC6909._setSymbol
FNDA:880,IncentivizedERC6909._setSymbol
DA:125,880
FN:133,IncentivizedERC6909._setName
FNDA:880,IncentivizedERC6909._setName
DA:134,880
FNF:12
FNH:7
LF:13
LH:9
BRF:0
BRH:0
end_of_record
TN:
SF:tests/foundry/Common.sol
FN:250,Common.uintToString
FNDA:708,Common.uintToString
DA:252,708
BRDA:252,0,0,182
DA:253,182
DA:256,526
DA:257,526
DA:260,1052
DA:261,526
DA:262,526
DA:265,526
DA:268,1052
DA:269,526
DA:270,526
DA:271,526
DA:274,526
FN:277,Common.fixture_deployProtocol
FNDA:54,Common.fixture_deployProtocol
DA:278,54
DA:280,54
DA:281,54
DA:284,54
DA:285,54
DA:293,54
DA:295,54
DA:297,54
DA:298,54
DA:300,54
DA:301,54
DA:304,54
DA:305,54
DA:307,54
DA:308,54
DA:310,54
DA:311,54
DA:314,54
DA:316,54
DA:318,54
DA:319,54
DA:322,54
DA:328,54
DA:329,54
DA:330,54
DA:332,54
DA:333,54
DA:336,54
DA:337,54
DA:339,54
DA:342,54
DA:343,54
DA:350,54
DA:358,54
DA:367,54
DA:378,0
FN:381,Common.fixture_deployMocks
FNDA:54,Common.fixture_deployMocks
DA:383,54
DA:384,54
DA:385,54
DA:387,54
DA:388,54
DA:389,54
DA:390,54
DA:391,54
DA:392,54
DA:396,54
DA:398,54
DA:407,54
FN:410,Common.fixture_configureProtocol
FNDA:54,Common.fixture_configureProtocol
DA:417,54
DA:420,54
DA:422,54
DA:423,54
DA:425,54
DA:427,54
DA:430,54
DA:433,54
DA:434,216
DA:437,216
FN:444,Common.fixture_configureReserves
FNDA:54,Common.fixture_configureReserves
DA:450,54
DA:451,54
DA:452,54
DA:453,54
DA:455,54
DA:456,216
DA:457,216
DA:461,216
DA:479,54
DA:480,54
DA:482,54
DA:483,216
DA:494,54
DA:495,54
DA:498,54
FN:501,Common.fixture_getATokens
FNDA:54,Common.fixture_getATokens
DA:505,54
DA:506,54
DA:507,216
DA:509,216
FN:513,Common.fixture_getATokensWrapper
FNDA:54,Common.fixture_getATokensWrapper
DA:517,54
DA:518,54
DA:519,216
DA:521,216
FN:525,Common.fixture_getVarDebtTokens
FNDA:54,Common.fixture_getVarDebtTokens
DA:529,54
DA:530,54
DA:531,216
DA:533,216
DA:534,216
DA:535,216
DA:536,216
FN:540,Common.fixture_getErc20Tokens
FNDA:108,Common.fixture_getErc20Tokens
DA:545,108
DA:546,108
DA:547,432
FN:551,Common.fixture_getTokenPriceFeeds
FNDA:54,Common.fixture_getTokenPriceFeeds
DA:559,54
BRDA:559,1,0,-
BRDA:559,1,1,-
DA:561,54
DA:562,54
DA:563,54
DA:564,54
DA:565,216
DA:567,216
DA:568,216
FN:572,Common.fixture_deployReaperVaultMocks
FNDA:103,Common.fixture_deployReaperVaultMocks
DA:576,103
DA:577,103
DA:578,412
DA:581,0
FN:584,Common.fixture_deployVaultUnits
FNDA:54,Common.fixture_deployVaultUnits
DA:588,54
DA:589,54
DA:590,216
DA:592,0
FN:595,Common.fixture_transferTokensToTestContract
FNDA:54,Common.fixture_transferTokensToTestContract
DA:600,54
DA:601,216
DA:602,216
DA:603,216
DA:604,216
DA:605,216
DA:606,216
DA:611,216
DA:616,216
FN:627,Common.fixture_deployMiniPoolSetup
FNDA:55,Common.fixture_deployMiniPoolSetup
DA:633,55
DA:634,55
BRDA:634,2,0,49
DA:635,49
DA:638,55
BRDA:638,3,0,49
DA:639,49
DA:642,55
BRDA:642,4,0,49
BRDA:642,4,1,-
DA:645,49
DA:648,49
DA:649,49
DA:650,49
DA:655,49
DA:659,49
DA:660,49
DA:661,49
DA:665,49
DA:667,49
DA:672,49
DA:679,49
DA:686,49
DA:697,49
DA:702,6
DA:709,55
FN:712,Common.fixture_convertWithDecimals
FNDA:0,Common.fixture_convertWithDecimals
DA:717,0
FN:722,Common.fixture_preciseConvertWithDecimals
FNDA:3393,Common.fixture_preciseConvertWithDecimals
DA:727,3393
FN:732,Common.fixture_configureMiniPoolReserves
FNDA:55,Common.fixture_configureMiniPoolReserves
DA:738,55
DA:739,55
DA:740,55
DA:741,55
DA:743,55
DA:744,55
DA:745,440
DA:746,440
DA:748,440
DA:752,440
DA:760,55
DA:761,55
DA:764,55
DA:768,55
DA:769,55
DA:770,440
DA:778,55
DA:779,55
FN:782,Common.prepareReserveForLending
FNDA:440,Common.prepareReserveForLending
DA:789,440
DA:793,440
DA:795,440
FN:798,Common.getUsdValOfToken
FNDA:0,Common.getUsdValOfToken
DA:799,0
FN:802,Common.fixture_changePriceOfToken
FNDA:518,Common.fixture_changePriceOfToken
DA:807,518
DA:808,518
DA:811,518
DA:812,518
DA:813,518
DA:814,518
DA:816,518
DA:818,518
DA:819,518
FN:825,Common.fixture_calcCompoundedInterest
FNDA:260,Common.fixture_calcCompoundedInterest
DA:830,260
DA:831,260
BRDA:831,5,0,260
DA:832,260
DA:834,0
DA:836,0
DA:837,0
DA:839,0
DA:840,0
DA:841,0
DA:842,0
DA:844,0
FN:847,Common.fixture_calcExpectedVariableDebtTokenBalance
FNDA:260,Common.fixture_calcExpectedVariableDebtTokenBalance
DA:854,260
BRDA:854,6,0,-
DA:855,0
DA:857,260
DA:858,260
DA:859,260
DA:861,260
DA:862,0
FN:865,Common.turnOnRehypothecation
FNDA:522,Common.turnOnRehypothecation
DA:874,522
DA:875,522
DA:876,522
DA:877,522
DA:878,522
DA:879,522
DA:880,522
FNF:23
FNH:21
LF:209
LH:194
BRF:9
BRH:5
end_of_record
TN:
SF:tests/foundry/LendingPoolFixtures.t.sol
FN:12,LendingPoolFixtures.setUp
FNDA:0,LendingPoolFixtures.setUp
FN:14,LendingPoolFixtures.fixture_deposit
FNDA:1046,LendingPoolFixtures.fixture_deposit
DA:21,1046
DA:22,1046
DA:23,1046
DA:24,1046
DA:25,1046
DA:26,1046
DA:27,1046
DA:28,1046
DA:29,1046
DA:30,1046
DA:31,1046
DA:32,1046
DA:38,1046
FN:45,LendingPoolFixtures.fixture_withdraw
FNDA:1044,LendingPoolFixtures.fixture_withdraw
DA:48,1044
DA:50,1044
DA:53,1044
DA:54,1044
DA:55,1044
FN:62,LendingPoolFixtures.fixture_getMaxValueToBorrow
FNDA:2,LendingPoolFixtures.fixture_getMaxValueToBorrow
DA:67,2
DA:68,2
DA:69,2
DA:70,2
DA:73,2
DA:75,2
DA:77,2
DA:78,2
DA:83,2
FN:86,LendingPoolFixtures.fixture_depositAndBorrow
FNDA:1,LendingPoolFixtures.fixture_depositAndBorrow
DA:94,1
DA:96,1
DA:97,1
DA:99,1
DA:101,1
BRDA:101,0,0,1
BRDA:101,0,1,-
DA:105,1
DA:107,1
DA:111,1
DA:112,1
DA:114,1
DA:118,1
DA:121,1
DA:129,1
DA:131,1
DA:132,1
DA:133,1
DA:140,1
DA:143,1
DA:144,1
DA:146,1
DA:151,1
DA:156,0
FNF:5
FNH:4
LF:49
LH:48
BRF:2
BRH:1
end_of_record
TN:
SF:tests/foundry/MiniPoolFixtures.t.sol
FN:22,MiniPoolFixtures.fixture_depositTokensToMainPool
FNDA:8071,MiniPoolFixtures.fixture_depositTokensToMainPool
DA:27,8071
DA:29,8071
DA:31,8071
DA:32,8071
DA:33,8071
DA:34,8071
DA:35,8071
DA:36,8071
DA:37,8071
DA:40,8071
DA:41,8071
DA:47,8071
FN:50,MiniPoolFixtures.fixture_depositATokensToMiniPool
FNDA:7552,MiniPoolFixtures.fixture_depositATokensToMiniPool
DA:57,7552
DA:58,7552
DA:60,7552
DA:61,7552
DA:62,7552
DA:63,7552
DA:64,7552
DA:65,7552
DA:66,7552
DA:67,7552
DA:68,7552
DA:71,7552
DA:72,7552
DA:75,7552
DA:76,7552
DA:77,7552
DA:78,7552
DA:83,7552
DA:84,7552
FN:87,MiniPoolFixtures.fixture_depositTokensToMiniPool
FNDA:7042,MiniPoolFixtures.fixture_depositTokensToMiniPool
DA:94,7042
DA:96,7042
DA:97,7042
DA:98,7042
DA:99,7042
DA:100,7042
DA:101,7042
DA:102,7042
DA:105,7042
DA:106,7042
FN:109,MiniPoolFixtures.fixture_MiniPoolDeposit
FNDA:7030,MiniPoolFixtures.fixture_MiniPoolDeposit
DA:116,7030
DA:117,7030
DA:118,7030
DA:119,7030
DA:120,7030
DA:122,7030
DA:125,7030
DA:126,7030
DA:128,7030
DA:129,7030
DA:130,7030
DA:133,7030
DA:135,7030
DA:136,7030
DA:137,7030
DA:140,7030
DA:143,7030
DA:144,7030
DA:146,7030
DA:148,7030
FN:157,MiniPoolFixtures.fixture_miniPoolBorrow
FNDA:2609,MiniPoolFixtures.fixture_miniPoolBorrow
DA:165,2609
DA:167,2609
DA:168,2609
DA:169,2609
DA:172,2609
DA:174,2609
DA:177,2609
DA:179,2609
DA:180,2609
DA:185,2609
DA:188,0
DA:196,2609
DA:197,2609
DA:202,2609
DA:205,2609
DA:206,2609
DA:207,2609
DA:212,2609
DA:213,2609
BRDA:213,0,0,2609
BRDA:213,0,1,-
DA:214,2609
BRDA:214,1,0,2609
BRDA:214,1,1,-
DA:215,2609
DA:216,2609
DA:217,2609
DA:224,2609
DA:225,2609
DA:227,2609
DA:229,2609
DA:230,2609
DA:231,2609
DA:233,2609
DA:234,2609
DA:240,2609
DA:241,2609
DA:246,2609
DA:253,2609
DA:256,2609
DA:257,2609
DA:261,2609
DA:262,2609
DA:263,2609
DA:264,2609
DA:266,2609
DA:271,2609
DA:275,2609
DA:277,2609
DA:282,2609
DA:283,2609
DA:286,2609
DA:287,2609
DA:290,2609
DA:291,2609
DA:296,2609
DA:297,2609
DA:298,2609
FN:301,MiniPoolFixtures.fixture_miniPoolBorrowWithFlowFromLendingPool
FNDA:258,MiniPoolFixtures.fixture_miniPoolBorrowWithFlowFromLendingPool
DA:308,258
DA:310,258
DA:311,258
DA:312,258
DA:315,258
DA:317,258
DA:320,258
DA:322,258
DA:323,258
DA:328,258
DA:334,258
DA:335,258
DA:337,258
DA:342,258
DA:345,258
DA:346,258
DA:347,258
DA:350,258
DA:353,258
DA:359,258
DA:363,258
DA:365,258
DA:366,258
DA:367,258
DA:368,258
DA:373,258
DA:377,258
DA:378,258
DA:380,258
DA:381,258
DA:382,258
DA:383,258
DA:384,258
DA:385,258
DA:388,258
DA:390,258
DA:395,258
DA:396,258
DA:398,258
DA:399,258
DA:400,258
DA:402,258
FNF:6
FNH:6
LF:157
LH:156
BRF:4
BRH:2
end_of_record
