TN:
SF:contracts/dependencies/openzeppelin/contracts/Address.sol
FN:27,Address.isContract
FNDA:6117,Address.isContract
DA:32,6117
DA:34,0
DA:36,6117
FN:70,Address.sendValue
FNDA:0,Address.sendValue
DA:71,0
BRDA:71,0,0,-
DA:72,0
DA:75,0
DA:76,0
BRDA:76,1,0,-
DA:77,0
FN:99,Address.functionCall
FNDA:49637,Address.functionCall
DA:100,49637
FN:112,Address.functionCallWithValue
FNDA:49637,Address.functionCallWithValue
DA:116,49637
BRDA:116,2,0,-
DA:117,0
DA:119,49637
DA:120,49637
FN:127,Address.functionStaticCall
FNDA:0,Address.functionStaticCall
DA:132,0
DA:133,0
FN:140,Address.functionDelegateCall
FNDA:0,Address.functionDelegateCall
DA:144,0
DA:145,0
FN:153,Address.verifyCallResultFromTarget
FNDA:49637,Address.verifyCallResultFromTarget
DA:158,49637
BRDA:158,3,0,-
BRDA:158,3,1,-
DA:159,0
DA:163,49637
BRDA:163,4,0,-
DA:164,0
DA:166,49637
FN:174,Address.verifyCallResult
FNDA:0,Address.verifyCallResult
DA:179,0
BRDA:179,5,0,-
BRDA:179,5,1,-
DA:180,0
DA:182,0
FN:189,Address._revert
FNDA:0,Address._revert
DA:191,0
BRDA:191,6,0,-
BRDA:191,6,1,-
DA:195,0
DA:196,0
DA:199,0
FNF:9
FNH:4
LF:29
LH:9
BRF:10
BRH:0
end_of_record
TN:
SF:contracts/dependencies/openzeppelin/contracts/Context.sol
FN:17,Context._msgSender
FNDA:90746,Context._msgSender
DA:18,90746
FN:21,Context._msgData
FNDA:0,Context._msgData
DA:22,0
FN:25,Context._contextSuffixLength
FNDA:0,Context._contextSuffixLength
DA:26,0
FNF:3
FNH:1
LF:3
LH:1
BRF:0
BRH:0
end_of_record
TN:
SF:contracts/dependencies/openzeppelin/contracts/ERC20.sol
FN:50,ERC20.
FNDA:978,ERC20.
DA:51,978
DA:52,978
FN:58,ERC20.name
FNDA:0,ERC20.name
DA:59,0
FN:66,ERC20.symbol
FNDA:2,ERC20.symbol
DA:67,2
FN:83,ERC20.decimals
FNDA:0,ERC20.decimals
DA:84,0
FN:90,ERC20.totalSupply
FNDA:0,ERC20.totalSupply
DA:91,0
FN:97,ERC20.balanceOf
FNDA:0,ERC20.balanceOf
DA:98,0
FN:109,ERC20.transfer
FNDA:0,ERC20.transfer
DA:110,0
DA:111,0
DA:112,0
FN:118,ERC20.allowance
FNDA:0,ERC20.allowance
DA:119,0
FN:132,ERC20.approve
FNDA:0,ERC20.approve
DA:133,0
DA:134,0
DA:135,0
FN:154,ERC20.transferFrom
FNDA:0,ERC20.transferFrom
DA:155,0
DA:156,0
DA:157,0
DA:158,0
FN:171,ERC20._transfer
FNDA:0,ERC20._transfer
DA:172,0
BRDA:172,0,0,-
DA:173,0
DA:175,0
BRDA:175,1,0,-
DA:176,0
DA:178,0
FN:188,ERC20._update
FNDA:2,ERC20._update
DA:189,2
BRDA:189,2,0,2
BRDA:189,2,1,-
DA:191,2
DA:193,0
DA:194,0
BRDA:194,3,0,-
DA:195,0
DA:199,0
DA:203,2
BRDA:203,4,0,-
BRDA:203,4,1,2
DA:206,0
DA:211,2
DA:215,2
FN:226,ERC20._mint
FNDA:2,ERC20._mint
DA:227,2
BRDA:227,5,0,-
DA:228,0
DA:230,2
FN:241,ERC20._burn
FNDA:0,ERC20._burn
DA:242,0
BRDA:242,6,0,-
DA:243,0
DA:245,0
FN:263,ERC20._approve
FNDA:0,ERC20._approve
DA:264,0
FN:284,ERC20._approve
FNDA:0,ERC20._approve
DA:288,0
BRDA:288,7,0,-
DA:289,0
DA:291,0
BRDA:291,8,0,-
DA:292,0
DA:294,0
DA:295,0
BRDA:295,9,0,-
DA:296,0
FN:308,ERC20._spendAllowance
FNDA:0,ERC20._spendAllowance
DA:309,0
DA:310,0
BRDA:310,10,0,-
DA:311,0
BRDA:311,11,0,-
DA:312,0
DA:315,0
FNF:17
FNH:4
LF:52
LH:10
BRF:14
BRH:2
end_of_record
TN:
SF:contracts/dependencies/openzeppelin/contracts/Ownable.sol
FN:38,Ownable.
FNDA:763,Ownable.
DA:39,763
BRDA:39,0,0,-
DA:40,0
DA:42,763
FN:48,Ownable.onlyOwner
FNDA:907,Ownable.onlyOwner
DA:49,0
FN:56,Ownable.owner
FNDA:4217,Ownable.owner
DA:57,4217
FN:63,Ownable._checkOwner
FNDA:4217,Ownable._checkOwner
DA:64,4217
BRDA:64,1,0,1305
DA:65,1305
FN:76,Ownable.renounceOwnership
FNDA:0,Ownable.renounceOwnership
DA:77,0
FN:84,Ownable.transferOwnership
FNDA:0,Ownable.transferOwnership
DA:85,0
BRDA:85,2,0,-
DA:86,0
DA:88,0
FN:95,Ownable._transferOwnership
FNDA:763,Ownable._transferOwnership
DA:96,763
DA:97,763
DA:98,763
FNF:7
FNH:5
LF:14
LH:8
BRF:3
BRH:1
end_of_record
TN:
SF:contracts/dependencies/openzeppelin/contracts/ReentrancyGuard.sol
FN:44,ReentrancyGuard.
FNDA:0,ReentrancyGuard.
DA:45,0
FN:55,ReentrancyGuard.nonReentrant
FNDA:0,ReentrancyGuard.nonReentrant
DA:56,0
DA:58,0
FN:61,ReentrancyGuard._nonReentrantBefore
FNDA:0,ReentrancyGuard._nonReentrantBefore
DA:63,0
BRDA:63,0,0,-
DA:64,0
DA:68,0
FN:71,ReentrancyGuard._nonReentrantAfter
FNDA:0,ReentrancyGuard._nonReentrantAfter
DA:74,0
FN:81,ReentrancyGuard._reentrancyGuardEntered
FNDA:0,ReentrancyGuard._reentrancyGuardEntered
DA:82,0
FNF:5
FNH:0
LF:8
LH:0
BRF:1
BRH:0
end_of_record
TN:
SF:contracts/dependencies/openzeppelin/contracts/SafeERC20.sol
FN:38,SafeERC20.safeTransfer
FNDA:24338,SafeERC20.safeTransfer
DA:39,24338
FN:46,SafeERC20.safeTransferFrom
FNDA:25299,SafeERC20.safeTransferFrom
DA:47,25299
FN:54,SafeERC20.safeIncreaseAllowance
FNDA:0,SafeERC20.safeIncreaseAllowance
DA:55,0
DA:56,0
FN:63,SafeERC20.safeDecreaseAllowance
FNDA:0,SafeERC20.safeDecreaseAllowance
DA:67,0
DA:68,0
BRDA:68,0,0,-
DA:69,0
DA:73,0
FN:82,SafeERC20.forceApprove
FNDA:261,SafeERC20.forceApprove
DA:83,261
DA:85,261
BRDA:85,1,0,-
DA:86,0
DA:87,0
FN:97,SafeERC20._callOptionalReturn
FNDA:49637,SafeERC20._callOptionalReturn
DA:102,49637
DA:103,49637
BRDA:103,2,0,-
DA:104,0
FN:116,SafeERC20._callOptionalReturnBool
FNDA:261,SafeERC20._callOptionalReturnBool
DA:121,261
DA:122,261
DA:123,261
FNF:7
FNH:5
LF:18
LH:9
BRF:3
BRH:0
end_of_record
TN:
SF:contracts/dependencies/openzeppelin/upgradeability/AdminUpgradeabilityProxy.sol
FN:21,AdminUpgradeabilityProxy.
FNDA:0,AdminUpgradeabilityProxy.
DA:25,0
BRDA:25,0,0,-
BRDA:25,0,1,-
DA:26,0
FN:32,AdminUpgradeabilityProxy._willFallback
FNDA:0,AdminUpgradeabilityProxy._willFallback
DA:33,0
FNF:2
FNH:0
LF:3
LH:0
BRF:2
BRH:0
end_of_record
TN:
SF:contracts/dependencies/openzeppelin/upgradeability/BaseAdminUpgradeabilityProxy.sol
FN:35,BaseAdminUpgradeabilityProxy.ifAdmin
FNDA:0,BaseAdminUpgradeabilityProxy.ifAdmin
DA:36,0
BRDA:36,0,0,-
BRDA:36,0,1,-
DA:39,0
FN:46,BaseAdminUpgradeabilityProxy.admin
FNDA:0,BaseAdminUpgradeabilityProxy.admin
DA:47,0
FN:53,BaseAdminUpgradeabilityProxy.implementation
FNDA:0,BaseAdminUpgradeabilityProxy.implementation
DA:54,0
FN:62,BaseAdminUpgradeabilityProxy.changeAdmin
FNDA:0,BaseAdminUpgradeabilityProxy.changeAdmin
DA:63,0
BRDA:63,1,0,-
BRDA:63,1,1,-
DA:64,0
DA:65,0
FN:73,BaseAdminUpgradeabilityProxy.upgradeTo
FNDA:0,BaseAdminUpgradeabilityProxy.upgradeTo
DA:74,0
FN:86,BaseAdminUpgradeabilityProxy.upgradeToAndCall
FNDA:0,BaseAdminUpgradeabilityProxy.upgradeToAndCall
DA:91,0
DA:92,0
DA:93,0
BRDA:93,2,0,-
BRDA:93,2,1,-
FN:99,BaseAdminUpgradeabilityProxy._admin
FNDA:0,BaseAdminUpgradeabilityProxy._admin
DA:100,0
DA:102,0
FN:110,BaseAdminUpgradeabilityProxy._setAdmin
FNDA:0,BaseAdminUpgradeabilityProxy._setAdmin
DA:111,0
DA:113,0
FN:120,BaseAdminUpgradeabilityProxy._willFallback
FNDA:0,BaseAdminUpgradeabilityProxy._willFallback
DA:121,0
BRDA:121,3,0,-
BRDA:121,3,1,-
DA:122,0
FNF:9
FNH:0
LF:17
LH:0
BRF:8
BRH:0
end_of_record
TN:
SF:contracts/dependencies/openzeppelin/upgradeability/BaseUpgradeabilityProxy.sol
FN:32,BaseUpgradeabilityProxy._implementation
FNDA:1788290,BaseUpgradeabilityProxy._implementation
DA:33,1788290
DA:35,0
FN:43,BaseUpgradeabilityProxy._upgradeTo
FNDA:791,BaseUpgradeabilityProxy._upgradeTo
DA:44,791
DA:45,791
FN:52,BaseUpgradeabilityProxy._setImplementation
FNDA:3334,BaseUpgradeabilityProxy._setImplementation
DA:53,3334
BRDA:53,0,0,-
BRDA:53,0,1,-
DA:58,3334
DA:61,0
FNF:3
FNH:3
LF:7
LH:5
BRF:2
BRH:0
end_of_record
TN:
SF:contracts/dependencies/openzeppelin/upgradeability/Initializable.sol
FN:30,Initializable.initializer
FNDA:0,Initializable.initializer
DA:31,0
BRDA:31,0,0,-
BRDA:31,0,1,-
DA:36,0
DA:37,0
BRDA:37,1,0,-
DA:38,0
DA:39,0
DA:44,0
BRDA:44,2,0,-
DA:45,0
FN:50,Initializable.isConstructor
FNDA:0,Initializable.isConstructor
DA:56,0
DA:59,0
DA:61,0
FNF:2
FNH:0
LF:10
LH:0
BRF:4
BRH:0
end_of_record
TN:
SF:contracts/dependencies/openzeppelin/upgradeability/InitializableAdminUpgradeabilityProxy.sol
FN:25,InitializableAdminUpgradeabilityProxy.initialize
FNDA:0,InitializableAdminUpgradeabilityProxy.initialize
DA:26,0
BRDA:26,0,0,-
BRDA:26,0,1,-
DA:27,0
DA:28,0
BRDA:28,1,0,-
BRDA:28,1,1,-
DA:29,0
FN:35,InitializableAdminUpgradeabilityProxy._willFallback
FNDA:0,InitializableAdminUpgradeabilityProxy._willFallback
DA:36,0
FNF:2
FNH:0
LF:5
LH:0
BRF:4
BRH:0
end_of_record
TN:
SF:contracts/dependencies/openzeppelin/upgradeability/InitializableUpgradeabilityProxy.sol
FN:20,InitializableUpgradeabilityProxy.initialize
FNDA:2543,InitializableUpgradeabilityProxy.initialize
DA:21,2543
BRDA:21,0,0,-
BRDA:21,0,1,-
DA:22,2543
BRDA:22,1,0,-
BRDA:22,1,1,-
DA:25,2543
DA:26,2543
BRDA:26,2,0,2543
DA:27,2543
DA:28,2543
BRDA:28,3,0,-
BRDA:28,3,1,-
FNF:1
FNH:1
LF:6
LH:6
BRF:7
BRH:1
end_of_record
TN:
SF:contracts/dependencies/openzeppelin/upgradeability/Proxy.sol
FN:17,Proxy.
FNDA:1785744,Proxy.
DA:18,0
FN:32,Proxy._delegate
FNDA:1785742,Proxy._delegate
DA:37,0
DA:41,0
DA:44,0
DA:48,0
DA:49,0
FN:58,Proxy._willFallback
FNDA:0,Proxy._willFallback
FN:64,Proxy._fallback
FNDA:1785744,Proxy._fallback
DA:65,0
DA:66,1785742
FNF:4
FNH:3
LF:8
LH:1
BRF:0
BRH:0
end_of_record
TN:
SF:contracts/dependencies/openzeppelin/upgradeability/UpgradeabilityProxy.sol
FN:20,UpgradeabilityProxy.
FNDA:0,UpgradeabilityProxy.
DA:21,0
BRDA:21,0,0,-
BRDA:21,0,1,-
DA:24,0
DA:25,0
BRDA:25,1,0,-
DA:26,0
DA:27,0
BRDA:27,2,0,-
BRDA:27,2,1,-
FNF:1
FNH:0
LF:5
LH:0
BRF:5
BRH:0
end_of_record
TN:
SF:contracts/deployments/ATokensAndRatesHelper.sol
FN:36,ATokensAndRatesHelper.
FNDA:83,ATokensAndRatesHelper.
DA:39,83
DA:40,83
DA:41,83
FN:44,ATokensAndRatesHelper.configureReserves
FNDA:85,ATokensAndRatesHelper.configureReserves
DA:45,85
DA:46,85
DA:47,334
DA:55,334
BRDA:55,0,0,334
DA:56,334
DA:60,334
FNF:2
FNH:2
LF:9
LH:9
BRF:1
BRH:1
end_of_record
TN:
SF:contracts/misc/Cod3xLendDataProvider.sol
FN:45,Cod3xLendDataProvider.lendingPoolSet
FNDA:4463,Cod3xLendDataProvider.lendingPoolSet
DA:46,4463
BRDA:46,0,0,-
BRDA:46,0,1,-
FN:50,Cod3xLendDataProvider.miniPoolSet
FNDA:0,Cod3xLendDataProvider.miniPoolSet
DA:51,0
BRDA:51,1,0,-
BRDA:51,1,1,-
FN:65,Cod3xLendDataProvider.
FNDA:83,Cod3xLendDataProvider.
DA:69,83
DA:71,83
FN:77,Cod3xLendDataProvider.setLendingPoolAddressProvider
FNDA:83,Cod3xLendDataProvider.setLendingPoolAddressProvider
DA:78,83
FN:81,Cod3xLendDataProvider.setMiniPoolAddressProvider
FNDA:45,Cod3xLendDataProvider.setMiniPoolAddressProvider
DA:82,45
FN:90,Cod3xLendDataProvider.getAllLpData
FNDA:0,Cod3xLendDataProvider.getAllLpData
DA:96,0
DA:101,0
DA:103,0
DA:105,0
DA:106,0
DA:107,0
DA:108,0
DA:109,0
DA:110,0
DA:112,0
DA:113,0
DA:114,0
DA:115,0
DA:116,0
DA:117,0
DA:118,0
DA:119,0
DA:120,0
DA:121,0
DA:123,0
DA:124,0
DA:125,0
DA:126,0
DA:127,0
DA:128,0
DA:129,0
DA:130,0
DA:131,0
DA:132,0
DA:134,0
DA:135,0
FN:145,Cod3xLendDataProvider.getLpReserveStaticData
FNDA:4463,Cod3xLendDataProvider.getLpReserveStaticData
DA:151,4463
FN:154,Cod3xLendDataProvider._getLpReserveStaticData
FNDA:4463,Cod3xLendDataProvider._getLpReserveStaticData
DA:159,4463
DA:163,4463
DA:165,4463
DA:175,4463
DA:182,4463
FN:198,Cod3xLendDataProvider.getLpReserveDynamicData
FNDA:6261,Cod3xLendDataProvider.getLpReserveDynamicData
DA:204,6261
FN:207,Cod3xLendDataProvider._getLpReserveDynamicData
FNDA:6261,Cod3xLendDataProvider._getLpReserveDynamicData
DA:212,6261
DA:216,6261
DA:217,6261
DA:219,6261
DA:220,6261
DA:221,6261
DA:222,6261
DA:223,6261
DA:225,6261
DA:226,6261
DA:227,6261
DA:229,0
FN:239,Cod3xLendDataProvider.getAllLpTokens
FNDA:1,Cod3xLendDataProvider.getAllLpTokens
DA:250,1
DA:251,1
DA:252,1
DA:253,1
DA:254,1
DA:255,4
FN:260,Cod3xLendDataProvider.getLpTokens
FNDA:1022,Cod3xLendDataProvider.getLpTokens
DA:266,1022
DA:267,1022
FN:270,Cod3xLendDataProvider._getLpTokens
FNDA:1026,Cod3xLendDataProvider._getLpTokens
DA:276,1026
DA:277,1026
DA:278,1026
FN:285,Cod3xLendDataProvider.getAllLpUserData
FNDA:0,Cod3xLendDataProvider.getAllLpUserData
DA:291,0
DA:292,0
DA:293,0
DA:295,0
DA:296,0
FN:307,Cod3xLendDataProvider.getLpUserData
FNDA:2,Cod3xLendDataProvider.getLpUserData
DA:313,2
DA:314,2
FN:324,Cod3xLendDataProvider._getLpUserData
FNDA:2,Cod3xLendDataProvider._getLpUserData
DA:329,2
DA:330,2
DA:331,2
DA:332,2
DA:333,2
DA:335,2
DA:336,2
DA:337,2
DA:338,0
BRDA:338,2,0,-
DA:339,0
DA:341,0
FN:357,Cod3xLendDataProvider.getLpUserAccountData
FNDA:0,Cod3xLendDataProvider.getLpUserAccountData
DA:370,0
DA:371,0
FN:387,Cod3xLendDataProvider.getAllMpData
FNDA:0,Cod3xLendDataProvider.getAllMpData
DA:393,0
FN:401,Cod3xLendDataProvider.getAllMpData
FNDA:0,Cod3xLendDataProvider.getAllMpData
DA:407,0
FN:410,Cod3xLendDataProvider._getAllMpData
FNDA:0,Cod3xLendDataProvider._getAllMpData
DA:415,0
DA:420,0
DA:422,0
DA:424,0
DA:425,0
DA:426,0
DA:427,0
DA:428,0
DA:429,0
DA:431,0
DA:432,0
DA:433,0
DA:434,0
DA:435,0
DA:436,0
DA:437,0
DA:438,0
DA:439,0
DA:440,0
DA:442,0
DA:443,0
DA:444,0
DA:445,0
DA:446,0
DA:447,0
DA:448,0
DA:449,0
DA:451,0
DA:452,0
DA:453,0
FN:463,Cod3xLendDataProvider.getMpReserveStaticData
FNDA:0,Cod3xLendDataProvider.getMpReserveStaticData
DA:469,0
FN:478,Cod3xLendDataProvider.getMpReserveStaticData
FNDA:522,Cod3xLendDataProvider.getMpReserveStaticData
DA:484,522
FN:487,Cod3xLendDataProvider._getMpReserveStaticData
FNDA:522,Cod3xLendDataProvider._getMpReserveStaticData
DA:492,522
DA:493,522
DA:495,522
DA:497,522
DA:507,522
DA:514,522
FN:530,Cod3xLendDataProvider.getMpReserveDynamicData
FNDA:0,Cod3xLendDataProvider.getMpReserveDynamicData
DA:536,0
FN:552,Cod3xLendDataProvider.getMpReserveDynamicData
FNDA:1570,Cod3xLendDataProvider.getMpReserveDynamicData
DA:558,1570
FN:561,Cod3xLendDataProvider._getMpReserveDynamicData
FNDA:1570,Cod3xLendDataProvider._getMpReserveDynamicData
DA:566,1570
DA:567,1570
DA:569,1570
BRDA:569,3,0,-
BRDA:569,3,1,-
DA:571,1570
DA:572,1570
DA:573,1570
DA:575,1570
DA:576,1570
DA:577,1570
DA:578,1570
DA:579,1570
DA:581,1570
DA:582,1570
DA:584,0
FN:595,Cod3xLendDataProvider.getAllMpTokenInfo
FNDA:0,Cod3xLendDataProvider.getAllMpTokenInfo
DA:606,0
FN:617,Cod3xLendDataProvider.getAllMpTokenInfo
FNDA:261,Cod3xLendDataProvider.getAllMpTokenInfo
DA:628,261
FN:632,Cod3xLendDataProvider._getAllMpTokenInfo
FNDA:261,Cod3xLendDataProvider._getAllMpTokenInfo
DA:642,261
DA:643,261
DA:644,261
DA:645,261
DA:646,261
DA:647,261
DA:648,2088
DA:649,2088
DA:650,2088
BRDA:650,4,0,-
BRDA:650,4,1,-
DA:651,2088
DA:652,2088
DA:653,2088
FN:663,Cod3xLendDataProvider.getAllMpUserData
FNDA:0,Cod3xLendDataProvider.getAllMpUserData
DA:669,0
DA:670,0
DA:671,0
DA:673,0
DA:674,0
FN:684,Cod3xLendDataProvider.getAllMpUserData
FNDA:0,Cod3xLendDataProvider.getAllMpUserData
DA:690,0
DA:691,0
DA:692,0
DA:694,0
DA:695,0
FN:705,Cod3xLendDataProvider.getMpUserData
FNDA:0,Cod3xLendDataProvider.getMpUserData
DA:711,0
FN:720,Cod3xLendDataProvider.getMpUserData
FNDA:522,Cod3xLendDataProvider.getMpUserData
DA:726,522
DA:727,522
FN:737,Cod3xLendDataProvider._getMpUserData
FNDA:522,Cod3xLendDataProvider._getMpUserData
DA:743,522
DA:745,522
DA:746,522
DA:748,522
BRDA:748,5,0,-
BRDA:748,5,1,-
DA:750,522
DA:751,522
DA:752,522
DA:753,522
DA:755,522
DA:756,522
DA:757,261
BRDA:757,6,0,261
DA:758,261
FN:776,Cod3xLendDataProvider.getMpUserAccountData
FNDA:0,Cod3xLendDataProvider.getMpUserAccountData
DA:789,0
DA:790,0
FN:813,Cod3xLendDataProvider.getMpUserAccountData
FNDA:0,Cod3xLendDataProvider.getMpUserAccountData
DA:826,0
DA:827,0
FN:842,Cod3xLendDataProvider.getAllMpUnderlyingBalanceOf
FNDA:0,Cod3xLendDataProvider.getAllMpUnderlyingBalanceOf
DA:848,0
DA:849,0
DA:850,0
FN:860,Cod3xLendDataProvider.getMpUnderlyingBalanceOf
FNDA:0,Cod3xLendDataProvider.getMpUnderlyingBalanceOf
DA:866,0
DA:867,0
FN:878,Cod3xLendDataProvider.getMpUnderlyingBalanceOf
FNDA:522,Cod3xLendDataProvider.getMpUnderlyingBalanceOf
DA:884,522
DA:886,522
FN:897,Cod3xLendDataProvider.getUnderlyingAssetFromId
FNDA:0,Cod3xLendDataProvider.getUnderlyingAssetFromId
DA:903,0
DA:904,0
FN:913,Cod3xLendDataProvider.getUnderlyingAssetFromId
FNDA:522,Cod3xLendDataProvider.getUnderlyingAssetFromId
DA:919,522
DA:921,522
FN:930,Cod3xLendDataProvider.getMiniPoolsWithReserve
FNDA:783,Cod3xLendDataProvider.getMiniPoolsWithReserve
DA:936,783
DA:937,783
DA:938,783
DA:939,783
DA:941,783
DA:942,1566
DA:943,1566
BRDA:943,7,0,1044
DA:944,1044
DA:945,1044
DA:946,1044
DA:950,783
DA:951,783
DA:953,783
DA:954,1044
DA:955,1044
FN:965,Cod3xLendDataProvider.getMpRemainingFlow
FNDA:0,Cod3xLendDataProvider.getMpRemainingFlow
DA:970,0
DA:971,0
FN:982,Cod3xLendDataProvider.isReserveInMiniPool
FNDA:1566,Cod3xLendDataProvider.isReserveInMiniPool
DA:988,1566
DA:989,1566
DA:990,1566
DA:991,1566
DA:992,12528
BRDA:992,8,0,1044
DA:993,1044
FN:1005,Cod3xLendDataProvider.isMpReserveConfigured
FNDA:4180,Cod3xLendDataProvider.isMpReserveConfigured
DA:1010,4180
DA:1011,4180
FN:1014,Cod3xLendDataProvider.getBaseCurrencyInfo
FNDA:0,Cod3xLendDataProvider.getBaseCurrencyInfo
DA:1019,0
DA:1021,0
DA:1023,0
DA:1024,0
DA:1025,0
BRDA:1025,9,0,-
BRDA:1025,9,1,-
DA:1026,0
DA:1030,0
DA:1033,0
DA:1034,0
DA:1038,0
DA:1039,0
DA:1041,0
BRDA:1041,10,0,-
BRDA:1041,10,1,-
DA:1049,0
FNF:46
FNH:26
LF:235
LH:119
BRF:18
BRH:3
end_of_record
TN:
SF:contracts/misc/RewardsVault.sol
FN:19,RewardsVault.onlyPoolAdmin
FNDA:0,RewardsVault.onlyPoolAdmin
DA:20,0
BRDA:20,0,0,-
BRDA:20,0,1,-
FN:24,RewardsVault.
FNDA:0,RewardsVault.
DA:29,0
DA:30,0
DA:31,0
FN:34,RewardsVault.approveIncentivesController
FNDA:0,RewardsVault.approveIncentivesController
DA:35,0
FN:38,RewardsVault.emergencyEtherTransfer
FNDA:0,RewardsVault.emergencyEtherTransfer
DA:39,0
DA:40,0
BRDA:40,1,0,-
BRDA:40,1,1,-
FN:43,RewardsVault.emergencyTokenTransfer
FNDA:0,RewardsVault.emergencyTokenTransfer
DA:44,0
FNF:5
FNH:0
LF:8
LH:0
BRF:4
BRH:0
end_of_record
TN:
SF:contracts/misc/Treasury.sol
FN:23,Treasury.onlyPoolAdmin
FNDA:0,Treasury.onlyPoolAdmin
DA:24,0
BRDA:24,0,0,-
BRDA:24,0,1,-
FN:28,Treasury.
FNDA:83,Treasury.
DA:29,83
DA:30,83
DA:31,83
FN:34,Treasury.withdrawAllReserves
FNDA:0,Treasury.withdrawAllReserves
DA:35,0
DA:36,0
DA:37,0
DA:38,0
DA:39,0
FN:42,Treasury.withdrawReserves
FNDA:0,Treasury.withdrawReserves
DA:46,0
DA:47,0
DA:48,0
DA:49,0
DA:50,0
BRDA:50,1,0,-
DA:51,0
DA:54,0
FN:57,Treasury.transferToMultisig
FNDA:0,Treasury.transferToMultisig
DA:58,0
FN:61,Treasury.setTreasury
FNDA:0,Treasury.setTreasury
DA:62,0
FN:65,Treasury.setMultisig
FNDA:0,Treasury.setMultisig
DA:66,0
FNF:7
FNH:1
LF:19
LH:3
BRF:3
BRH:0
end_of_record
TN:
SF:contracts/misc/WETHGateway.sol
FN:31,WETHGateway.
FNDA:166,WETHGateway.
DA:32,166
FN:35,WETHGateway.authorizeLendingPool
FNDA:83,WETHGateway.authorizeLendingPool
DA:36,83
FN:45,WETHGateway.depositETH
FNDA:0,WETHGateway.depositETH
DA:50,0
DA:51,0
FN:60,WETHGateway.withdrawETH
FNDA:0,WETHGateway.withdrawETH
DA:64,0
DA:67,0
DA:68,0
DA:71,0
BRDA:71,0,0,-
DA:72,0
DA:74,0
DA:75,0
DA:78,0
DA:79,0
FN:88,WETHGateway.repayETH
FNDA:0,WETHGateway.repayETH
DA:93,0
DA:97,0
DA:99,0
BRDA:99,1,0,-
DA:100,0
DA:102,0
BRDA:102,2,0,-
BRDA:102,2,1,-
DA:103,0
DA:104,0
DA:107,0
BRDA:107,3,0,-
FN:115,WETHGateway.borrowETH
FNDA:0,WETHGateway.borrowETH
DA:116,0
DA:117,0
DA:118,0
FN:126,WETHGateway._safeTransferETH
FNDA:0,WETHGateway._safeTransferETH
DA:127,0
DA:128,0
BRDA:128,4,0,-
BRDA:128,4,1,-
FN:138,WETHGateway.emergencyTokenTransfer
FNDA:0,WETHGateway.emergencyTokenTransfer
DA:139,0
FN:148,WETHGateway.emergencyEtherTransfer
FNDA:0,WETHGateway.emergencyEtherTransfer
DA:149,0
FN:155,WETHGateway.getWETHAddress
FNDA:0,WETHGateway.getWETHAddress
DA:156,0
FN:169,WETHGateway.
FNDA:0,WETHGateway.
DA:170,0
FNF:11
FNH:2
LF:30
LH:2
BRF:7
BRH:0
end_of_record
TN:
SF:contracts/mocks/dependencies/FlashLoanReceiverBase.sol
FN:17,FlashLoanReceiverBase.
FNDA:0,FlashLoanReceiverBase.
DA:18,0
DA:19,0
FNF:1
FNH:0
LF:2
LH:0
BRF:0
BRH:0
end_of_record
TN:
SF:contracts/mocks/dependencies/MockedContractToUpdate.sol
FN:14,MockedContractToUpdate.getRevision
FNDA:1308,MockedContractToUpdate.getRevision
DA:15,1308
FN:18,MockedContractToUpdate.initialize
FNDA:262,MockedContractToUpdate.initialize
DA:19,262
FN:22,MockedContractToUpdate.initialize
FNDA:1046,MockedContractToUpdate.initialize
DA:23,1046
FNF:3
FNH:3
LF:3
LH:3
BRF:0
BRH:0
end_of_record
TN:
SF:contracts/mocks/dependencies/WETH9.sol
FN:37,WETH9.deposit
FNDA:0,WETH9.deposit
DA:38,0
DA:39,0
FN:42,WETH9.withdraw
FNDA:0,WETH9.withdraw
DA:43,0
BRDA:43,0,0,-
BRDA:43,0,1,-
DA:44,0
DA:45,0
DA:46,0
FN:49,WETH9.totalSupply
FNDA:0,WETH9.totalSupply
DA:50,0
FN:53,WETH9.approve
FNDA:0,WETH9.approve
DA:54,0
DA:55,0
DA:56,0
FN:59,WETH9.transfer
FNDA:0,WETH9.transfer
DA:60,0
FN:63,WETH9.transferFrom
FNDA:0,WETH9.transferFrom
DA:64,0
BRDA:64,1,0,-
BRDA:64,1,1,-
DA:66,0
BRDA:66,2,0,-
DA:67,0
BRDA:67,3,0,-
BRDA:67,3,1,-
DA:68,0
DA:71,0
DA:72,0
DA:74,0
DA:76,0
FNF:6
FNH:0
LF:19
LH:0
BRF:7
BRH:0
end_of_record
TN:
SF:contracts/mocks/interestRateStrategies/MockLendingpoolReserveInterestRateStrategy.sol
FN:32,MockLendingpoolReserveInterestRateStrategy.
FNDA:0,MockLendingpoolReserveInterestRateStrategy.
DA:37,0
DA:38,0
DA:39,0
FN:42,MockLendingpoolReserveInterestRateStrategy.setRates
FNDA:0,MockLendingpoolReserveInterestRateStrategy.setRates
DA:43,0
DA:44,0
FN:56,MockLendingpoolReserveInterestRateStrategy.calculateInterestRates
FNDA:0,MockLendingpoolReserveInterestRateStrategy.calculateInterestRates
DA:64,0
DA:65,0
BRDA:65,0,0,-
DA:66,0
DA:68,0
DA:70,0
FN:73,MockLendingpoolReserveInterestRateStrategy.calculateInterestRates
FNDA:0,MockLendingpoolReserveInterestRateStrategy.calculateInterestRates
DA:78,0
FN:81,MockLendingpoolReserveInterestRateStrategy.getCod3xReserveFactor
FNDA:0,MockLendingpoolReserveInterestRateStrategy.getCod3xReserveFactor
DA:82,0
DA:85,0
FN:88,MockLendingpoolReserveInterestRateStrategy.getCod3xReserveFactor
FNDA:0,MockLendingpoolReserveInterestRateStrategy.getCod3xReserveFactor
DA:93,0
FNF:6
FNH:0
LF:14
LH:0
BRF:1
BRH:0
end_of_record
TN:
SF:contracts/mocks/interestRateStrategies/MockMinipoolReserveInterestRateStrategy.sol
FN:40,MockMinipoolReserveInterestRateStrategy.
FNDA:0,MockMinipoolReserveInterestRateStrategy.
DA:45,0
DA:46,0
DA:47,0
FN:50,MockMinipoolReserveInterestRateStrategy.setRates
FNDA:0,MockMinipoolReserveInterestRateStrategy.setRates
DA:51,0
DA:52,0
FN:64,MockMinipoolReserveInterestRateStrategy.calculateInterestRates
FNDA:0,MockMinipoolReserveInterestRateStrategy.calculateInterestRates
DA:72,0
DA:73,0
DA:74,0
BRDA:74,0,0,-
BRDA:74,0,1,-
DA:75,0
DA:76,0
DA:77,0
DA:79,0
DA:83,0
DA:86,0
BRDA:86,1,0,-
DA:87,0
DA:91,0
DA:93,0
FN:96,MockMinipoolReserveInterestRateStrategy.calculateInterestRates
FNDA:0,MockMinipoolReserveInterestRateStrategy.calculateInterestRates
DA:101,0
DA:102,0
DA:103,0
DA:107,0
BRDA:107,2,0,-
DA:108,0
DA:109,0
DA:111,0
DA:123,0
BRDA:123,3,0,-
DA:124,0
DA:127,0
FN:130,MockMinipoolReserveInterestRateStrategy.getCod3xReserveFactor
FNDA:0,MockMinipoolReserveInterestRateStrategy.getCod3xReserveFactor
DA:135,0
DA:138,0
FN:141,MockMinipoolReserveInterestRateStrategy.getCod3xReserveFactor
FNDA:0,MockMinipoolReserveInterestRateStrategy.getCod3xReserveFactor
DA:146,0
FNF:6
FNH:0
LF:30
LH:0
BRF:5
BRH:0
end_of_record
TN:
SF:contracts/mocks/oracle/MockAggregator.sol
FN:10,MockAggregator.
FNDA:332,MockAggregator.
DA:11,332
DA:12,332
DA:13,332
FN:16,MockAggregator.latestAnswer
FNDA:0,MockAggregator.latestAnswer
DA:17,0
FN:20,MockAggregator.decimals
FNDA:0,MockAggregator.decimals
DA:21,0
FN:24,MockAggregator.getTokenType
FNDA:0,MockAggregator.getTokenType
DA:25,0
FN:28,MockAggregator.setLastAnswer
FNDA:0,MockAggregator.setLastAnswer
DA:29,0
DA:30,0
FN:33,MockAggregator.latestRoundData
FNDA:118768,MockAggregator.latestRoundData
DA:44,118768
FNF:6
FNH:2
LF:9
LH:4
BRF:0
BRH:0
end_of_record
TN:
SF:contracts/mocks/oracle/PriceOracle.sol
FN:11,PriceOracle.getAssetPrice
FNDA:0,PriceOracle.getAssetPrice
DA:12,0
FN:15,PriceOracle.setAssetPrice
FNDA:0,PriceOracle.setAssetPrice
DA:16,0
DA:17,0
FN:20,PriceOracle.getEthUsdPrice
FNDA:0,PriceOracle.getEthUsdPrice
DA:21,0
FN:24,PriceOracle.setEthUsdPrice
FNDA:0,PriceOracle.setEthUsdPrice
DA:25,0
DA:26,0
FNF:4
FNH:0
LF:6
LH:0
BRF:0
BRH:0
end_of_record
TN:
SF:contracts/mocks/tokens/ExternalContract.sol
FN:11,ExternalContract.
FNDA:0,ExternalContract.
DA:12,0
FN:15,ExternalContract.withdraw
FNDA:0,ExternalContract.withdraw
DA:16,0
DA:17,0
FN:20,ExternalContract.withdrawAll
FNDA:0,ExternalContract.withdrawAll
DA:21,0
DA:22,0
FN:25,ExternalContract.deposit
FNDA:0,ExternalContract.deposit
DA:26,0
FN:29,ExternalContract.balance
FNDA:0,ExternalContract.balance
DA:30,0
FNF:5
FNH:0
LF:7
LH:0
BRF:0
BRH:0
end_of_record
TN:
SF:contracts/mocks/tokens/MintableERC20.sol
FN:13,MintableERC20.
FNDA:2,MintableERC20.
DA:16,2
FN:23,MintableERC20.mint
FNDA:2,MintableERC20.mint
DA:24,2
FN:27,MintableERC20._setupDecimals
FNDA:2,MintableERC20._setupDecimals
DA:28,2
FN:31,MintableERC20.decimals
FNDA:2,MintableERC20.decimals
DA:32,2
FNF:4
FNH:4
LF:4
LH:4
BRF:0
BRH:0
end_of_record
TN:
SF:contracts/mocks/tokens/MockStrategy.sol
FN:15,MockStrategy.
FNDA:0,MockStrategy.
DA:16,0
DA:17,0
DA:18,0
FN:21,MockStrategy.harvest
FNDA:0,MockStrategy.harvest
DA:22,0
DA:25,0
DA:26,0
DA:27,0
DA:28,0
FN:32,MockStrategy.withdraw
FNDA:0,MockStrategy.withdraw
DA:33,0
DA:36,0
DA:37,0
FN:41,MockStrategy.balanceOf
FNDA:0,MockStrategy.balanceOf
DA:42,0
FN:46,MockStrategy.vault
FNDA:0,MockStrategy.vault
DA:47,0
FN:51,MockStrategy.want
FNDA:0,MockStrategy.want
DA:52,0
FNF:6
FNH:0
LF:14
LH:0
BRF:0
BRH:0
end_of_record
TN:
SF:contracts/mocks/tokens/MockVault.sol
FN:87,MockReaperVault2.
FNDA:644,MockReaperVault2.
DA:94,644
DA:95,644
DA:96,644
DA:97,644
DA:98,644
DA:99,644
FN:108,MockReaperVault2.addStrategy
FNDA:0,MockReaperVault2.addStrategy
DA:109,0
BRDA:109,0,0,-
BRDA:109,0,1,-
DA:110,0
BRDA:110,1,0,-
BRDA:110,1,1,-
DA:111,0
BRDA:111,2,0,-
BRDA:111,2,1,-
DA:112,0
BRDA:112,3,0,-
BRDA:112,3,1,-
DA:113,0
BRDA:113,4,0,-
BRDA:113,4,1,-
DA:114,0
BRDA:114,5,0,-
BRDA:114,5,1,-
DA:115,0
BRDA:115,6,0,-
BRDA:115,6,1,-
DA:117,0
DA:127,0
DA:128,0
DA:129,0
FN:137,MockReaperVault2.updateStrategyFeeBPS
FNDA:0,MockReaperVault2.updateStrategyFeeBPS
DA:138,0
BRDA:138,7,0,-
BRDA:138,7,1,-
DA:139,0
BRDA:139,8,0,-
BRDA:139,8,1,-
DA:140,0
DA:141,0
FN:149,MockReaperVault2.updateStrategyAllocBPS
FNDA:0,MockReaperVault2.updateStrategyAllocBPS
DA:150,0
BRDA:150,9,0,-
BRDA:150,9,1,-
DA:151,0
DA:152,0
DA:153,0
DA:154,0
DA:155,0
BRDA:155,10,0,-
BRDA:155,10,1,-
DA:156,0
FN:163,MockReaperVault2.revokeStrategy
FNDA:0,MockReaperVault2.revokeStrategy
DA:164,0
BRDA:164,11,0,-
DA:165,0
DA:168,0
DA:169,0
DA:170,0
FN:179,MockReaperVault2.availableCapital
FNDA:0,MockReaperVault2.availableCapital
DA:180,0
DA:181,0
BRDA:181,12,0,-
DA:182,0
DA:185,0
DA:186,0
DA:188,0
BRDA:188,13,0,-
BRDA:188,13,1,-
DA:189,0
DA:190,0
BRDA:190,14,0,-
BRDA:190,14,1,-
DA:191,0
DA:192,0
DA:194,0
BRDA:194,15,0,-
DA:195,0
DA:198,0
DA:199,0
DA:202,0
DA:204,0
DA:206,0
FN:214,MockReaperVault2.setWithdrawalQueue
FNDA:0,MockReaperVault2.setWithdrawalQueue
DA:215,0
DA:216,0
BRDA:216,16,0,-
BRDA:216,16,1,-
DA:218,0
DA:219,0
DA:220,0
DA:221,0
DA:222,0
BRDA:222,17,0,-
BRDA:222,17,1,-
DA:223,0
DA:225,0
FN:233,MockReaperVault2.balance
FNDA:0,MockReaperVault2.balance
DA:234,0
FN:242,MockReaperVault2._freeFunds
FNDA:0,MockReaperVault2._freeFunds
DA:243,0
FN:250,MockReaperVault2.getPricePerFullShare
FNDA:0,MockReaperVault2.getPricePerFullShare
DA:251,0
FN:259,MockReaperVault2.depositAll
FNDA:0,MockReaperVault2.depositAll
DA:260,0
FN:268,MockReaperVault2.deposit
FNDA:0,MockReaperVault2.deposit
DA:269,0
FN:274,MockReaperVault2._deposit
FNDA:0,MockReaperVault2._deposit
DA:275,0
BRDA:275,18,0,-
BRDA:275,18,1,-
DA:276,0
BRDA:276,19,0,-
BRDA:276,19,1,-
DA:277,0
BRDA:277,20,0,-
BRDA:277,20,1,-
DA:279,0
DA:280,0
BRDA:280,21,0,-
BRDA:280,21,1,-
DA:281,0
DA:283,0
DA:286,0
DA:287,0
DA:288,0
DA:289,0
FN:295,MockReaperVault2.withdrawAll
FNDA:0,MockReaperVault2.withdrawAll
DA:296,0
FN:305,MockReaperVault2.withdraw
FNDA:0,MockReaperVault2.withdraw
DA:306,0
FN:311,MockReaperVault2._withdraw
FNDA:0,MockReaperVault2._withdraw
DA:315,0
BRDA:315,22,0,-
BRDA:315,22,1,-
DA:316,0
DA:318,0
DA:319,0
BRDA:319,23,0,-
DA:320,0
DA:321,0
DA:322,0
DA:323,0
BRDA:323,24,0,-
DA:324,0
DA:327,0
DA:328,0
DA:329,0
BRDA:329,25,0,-
DA:330,0
DA:333,0
DA:334,0
DA:335,0
DA:336,0
DA:337,0
DA:338,0
DA:341,0
BRDA:341,26,0,-
DA:342,0
DA:343,0
DA:344,0
DA:347,0
DA:348,0
DA:351,0
DA:352,0
BRDA:352,27,0,-
DA:353,0
DA:354,0
DA:357,0
BRDA:357,28,0,-
BRDA:357,28,1,-
DA:363,0
DA:364,0
DA:365,0
DA:366,0
FN:373,MockReaperVault2._calculateLockedProfit
FNDA:0,MockReaperVault2._calculateLockedProfit
DA:374,0
DA:375,0
BRDA:375,29,0,-
DA:376,0
DA:379,0
FN:387,MockReaperVault2._reportLoss
FNDA:0,MockReaperVault2._reportLoss
DA:388,0
DA:390,0
DA:391,0
BRDA:391,30,0,-
BRDA:391,30,1,-
DA:393,0
BRDA:393,31,0,-
DA:395,0
DA:396,0
DA:397,0
DA:400,0
BRDA:400,32,0,-
DA:401,0
DA:402,0
DA:407,0
DA:408,0
DA:409,0
FN:419,MockReaperVault2._chargeFees
FNDA:0,MockReaperVault2._chargeFees
DA:420,0
DA:421,0
BRDA:421,33,0,-
DA:422,0
DA:423,0
DA:424,0
DA:426,0
FN:450,MockReaperVault2.report
FNDA:0,MockReaperVault2.report
DA:451,0
DA:452,0
DA:453,0
DA:454,0
BRDA:454,34,0,-
BRDA:454,34,1,-
DA:456,0
BRDA:456,35,0,-
BRDA:456,35,1,-
DA:457,0
DA:458,0
DA:459,0
BRDA:459,36,0,-
DA:460,0
DA:461,0
DA:462,0
DA:465,0
DA:466,0
BRDA:466,37,0,-
BRDA:466,37,1,-
DA:467,0
DA:468,0
DA:470,0
BRDA:470,38,0,-
DA:471,0
DA:472,0
DA:473,0
DA:475,0
BRDA:475,39,0,-
DA:476,0
DA:477,0
DA:478,0
DA:481,0
DA:482,0
BRDA:482,40,0,-
BRDA:482,40,1,-
DA:483,0
DA:484,0
DA:485,0
BRDA:485,41,0,-
DA:486,0
DA:487,0
DA:494,0
DA:495,0
BRDA:495,42,0,-
BRDA:495,42,1,-
DA:496,0
DA:498,0
DA:501,0
DA:502,0
DA:504,0
DA:516,0
BRDA:516,43,0,-
DA:517,0
DA:520,0
FN:527,MockReaperVault2.updateWithdrawMaxLoss
FNDA:0,MockReaperVault2.updateWithdrawMaxLoss
DA:528,0
BRDA:528,44,0,-
BRDA:528,44,1,-
DA:529,0
DA:530,0
FN:538,MockReaperVault2.updateTvlCap
FNDA:0,MockReaperVault2.updateTvlCap
DA:539,0
DA:540,0
FN:546,MockReaperVault2.removeTvlCap
FNDA:0,MockReaperVault2.removeTvlCap
DA:547,0
FN:562,MockReaperVault2.setEmergencyShutdown
FNDA:0,MockReaperVault2.setEmergencyShutdown
DA:563,0
DA:564,0
FN:571,MockReaperVault2.setLockedProfitDegradation
FNDA:0,MockReaperVault2.setLockedProfitDegradation
DA:572,0
BRDA:572,45,0,-
BRDA:572,45,1,-
DA:573,0
DA:574,0
FN:580,MockReaperVault2.updateTreasury
FNDA:0,MockReaperVault2.updateTreasury
DA:581,0
BRDA:581,46,0,-
BRDA:581,46,1,-
DA:582,0
FN:589,MockReaperVault2.inCaseTokensGetStuck
FNDA:0,MockReaperVault2.inCaseTokensGetStuck
DA:590,0
DA:591,0
BRDA:591,47,0,-
DA:592,0
DA:594,0
BRDA:594,48,0,-
BRDA:594,48,1,-
DA:596,0
DA:597,0
FN:604,MockReaperVault2.decimals
FNDA:0,MockReaperVault2.decimals
DA:605,0
FN:613,MockReaperVault2.uncheckedInc
FNDA:0,MockReaperVault2.uncheckedInc
DA:615,0
FN:619,MockReaperVault2.asset
FNDA:261,MockReaperVault2.asset
DA:620,261
FN:633,MockReaperVault2.convertToAssets
FNDA:0,MockReaperVault2.convertToAssets
DA:634,0
DA:635,0
FNF:31
FNH:2
LF:198
LH:7
BRF:80
BRH:0
end_of_record
TN:
SF:contracts/mocks/tokens/MockVaultUnit.sol
FN:27,MockVaultUnit.
FNDA:332,MockVaultUnit.
DA:28,332
DA:29,332
DA:30,332
FN:36,MockVaultUnit.totalAssets
FNDA:0,MockVaultUnit.totalAssets
DA:37,0
FN:43,MockVaultUnit.convertToShares
FNDA:0,MockVaultUnit.convertToShares
DA:44,0
FN:50,MockVaultUnit.convertToAssets
FNDA:0,MockVaultUnit.convertToAssets
DA:51,0
FN:57,MockVaultUnit.maxDeposit
FNDA:0,MockVaultUnit.maxDeposit
DA:58,0
FN:64,MockVaultUnit._convertToShares
FNDA:0,MockVaultUnit._convertToShares
DA:70,0
FN:76,MockVaultUnit._convertToAssets
FNDA:0,MockVaultUnit._convertToAssets
DA:82,0
FN:88,MockVaultUnit.previewDeposit
FNDA:0,MockVaultUnit.previewDeposit
DA:89,0
FN:95,MockVaultUnit._tryGetAssetDecimals
FNDA:332,MockVaultUnit._tryGetAssetDecimals
DA:96,332
DA:97,332
DA:98,332
BRDA:98,0,0,332
DA:99,332
DA:100,332
BRDA:100,1,0,332
DA:101,332
DA:104,0
FN:107,MockVaultUnit._decimalsOffset
FNDA:0,MockVaultUnit._decimalsOffset
DA:108,0
FN:114,MockVaultUnit.withdraw
FNDA:0,MockVaultUnit.withdraw
DA:119,0
DA:120,0
BRDA:120,2,0,-
DA:121,0
DA:124,0
DA:125,0
DA:127,0
FN:133,MockVaultUnit.previewWithdraw
FNDA:0,MockVaultUnit.previewWithdraw
DA:134,0
FN:140,MockVaultUnit._withdraw
FNDA:0,MockVaultUnit._withdraw
DA:147,0
BRDA:147,3,0,-
DA:148,0
DA:157,0
DA:158,0
FN:166,MockVaultUnit.deposit
FNDA:0,MockVaultUnit.deposit
DA:167,0
DA:168,0
BRDA:168,4,0,-
DA:169,0
DA:172,0
DA:173,0
DA:175,0
FN:181,MockVaultUnit._deposit
FNDA:0,MockVaultUnit._deposit
DA:192,0
DA:193,0
FN:199,MockVaultUnit.maxWithdraw
FNDA:0,MockVaultUnit.maxWithdraw
DA:200,0
FN:203,MockVaultUnit.asset
FNDA:0,MockVaultUnit.asset
DA:204,0
FNF:17
FNH:2
LF:39
LH:9
BRF:5
BRH:2
end_of_record
TN:
SF:contracts/mocks/tokens/WETH9Mocked.sol
FN:8,WETH9Mocked.mint
FNDA:0,WETH9Mocked.mint
DA:9,0
DA:10,0
FNF:1
FNH:0
LF:2
LH:0
BRF:0
BRH:0
end_of_record
TN:
SF:contracts/protocol/configuration/LendingPoolAddressesProvider.sol
FN:28,LendingPoolAddressesProvider.
FNDA:89,LendingPoolAddressesProvider.
FN:38,LendingPoolAddressesProvider.setAddressAsProxy
FNDA:1,LendingPoolAddressesProvider.setAddressAsProxy
DA:43,1
DA:44,1
FN:53,LendingPoolAddressesProvider.setAddress
FNDA:3,LendingPoolAddressesProvider.setAddress
DA:54,3
DA:55,3
FN:63,LendingPoolAddressesProvider.getAddress
FNDA:178437,LendingPoolAddressesProvider.getAddress
DA:64,178437
FN:71,LendingPoolAddressesProvider.getLendingPool
FNDA:14458,LendingPoolAddressesProvider.getLendingPool
DA:72,14458
FN:80,LendingPoolAddressesProvider.setLendingPoolImpl
FNDA:84,LendingPoolAddressesProvider.setLendingPoolImpl
DA:81,84
DA:82,84
FN:89,LendingPoolAddressesProvider.getLendingPoolConfigurator
FNDA:6651,LendingPoolAddressesProvider.getLendingPoolConfigurator
DA:90,6651
FN:98,LendingPoolAddressesProvider.setLendingPoolConfiguratorImpl
FNDA:84,LendingPoolAddressesProvider.setLendingPoolConfiguratorImpl
DA:99,84
DA:100,84
FN:112,LendingPoolAddressesProvider.getPoolAdmin
FNDA:24193,LendingPoolAddressesProvider.getPoolAdmin
DA:113,24193
FN:120,LendingPoolAddressesProvider.setPoolAdmin
FNDA:254,LendingPoolAddressesProvider.setPoolAdmin
DA:121,254
DA:122,254
FN:129,LendingPoolAddressesProvider.getEmergencyAdmin
FNDA:432,LendingPoolAddressesProvider.getEmergencyAdmin
DA:130,432
FN:137,LendingPoolAddressesProvider.setEmergencyAdmin
FNDA:84,LendingPoolAddressesProvider.setEmergencyAdmin
DA:138,84
DA:139,84
FN:146,LendingPoolAddressesProvider.getPriceOracle
FNDA:107446,LendingPoolAddressesProvider.getPriceOracle
DA:147,107446
FN:154,LendingPoolAddressesProvider.setPriceOracle
FNDA:84,LendingPoolAddressesProvider.setPriceOracle
DA:155,84
DA:156,84
FN:168,LendingPoolAddressesProvider._updateImpl
FNDA:169,LendingPoolAddressesProvider._updateImpl
DA:169,169
DA:171,169
DA:173,169
DA:175,169
BRDA:175,0,0,169
BRDA:175,0,1,-
DA:176,169
DA:177,169
DA:178,169
DA:179,169
DA:181,0
FN:189,LendingPoolAddressesProvider.getMiniPoolAddressesProvider
FNDA:1,LendingPoolAddressesProvider.getMiniPoolAddressesProvider
DA:190,1
FN:197,LendingPoolAddressesProvider.setMiniPoolAddressesProvider
FNDA:45,LendingPoolAddressesProvider.setMiniPoolAddressesProvider
DA:198,45
FN:205,LendingPoolAddressesProvider.getFlowLimiter
FNDA:25254,LendingPoolAddressesProvider.getFlowLimiter
DA:206,25254
FN:213,LendingPoolAddressesProvider.setFlowLimiter
FNDA:45,LendingPoolAddressesProvider.setFlowLimiter
DA:214,45
FNF:19
FNH:19
LF:33
LH:32
BRF:2
BRH:1
end_of_record
TN:
SF:contracts/protocol/configuration/MiniPoolAddressProvider.sol
FN:41,MiniPoolAddressesProvider.poolIdCheck
FNDA:1046,MiniPoolAddressesProvider.poolIdCheck
DA:42,1046
BRDA:42,0,0,-
DA:43,0
FN:51,MiniPoolAddressesProvider.onlyMiniPoolConfigurator
FNDA:523,MiniPoolAddressesProvider.onlyMiniPoolConfigurator
DA:52,0
FN:78,MiniPoolAddressesProvider.
FNDA:48,MiniPoolAddressesProvider.
DA:79,48
FN:87,MiniPoolAddressesProvider.getMiniPoolCount
FNDA:783,MiniPoolAddressesProvider.getMiniPoolCount
DA:88,783
FN:95,MiniPoolAddressesProvider.getLendingPoolAddressesProvider
FNDA:0,MiniPoolAddressesProvider.getLendingPoolAddressesProvider
DA:96,0
FN:103,MiniPoolAddressesProvider.getLendingPool
FNDA:2453,MiniPoolAddressesProvider.getLendingPool
DA:104,2453
FN:113,MiniPoolAddressesProvider.getPoolAdmin
FNDA:16335,MiniPoolAddressesProvider.getPoolAdmin
DA:114,16335
FN:121,MiniPoolAddressesProvider.getMainPoolAdmin
FNDA:16020,MiniPoolAddressesProvider.getMainPoolAdmin
DA:122,16020
FN:130,MiniPoolAddressesProvider.getEmergencyAdmin
FNDA:261,MiniPoolAddressesProvider.getEmergencyAdmin
DA:131,261
FN:139,MiniPoolAddressesProvider.getPriceOracle
FNDA:28572,MiniPoolAddressesProvider.getPriceOracle
DA:140,28572
FN:148,MiniPoolAddressesProvider.getFlowLimiter
FNDA:14838,MiniPoolAddressesProvider.getFlowLimiter
DA:149,14838
FN:158,MiniPoolAddressesProvider.getAToken6909
FNDA:6,MiniPoolAddressesProvider.getAToken6909
DA:159,6
FN:167,MiniPoolAddressesProvider.getMiniPool
FNDA:6109,MiniPoolAddressesProvider.getMiniPool
DA:168,6109
FN:176,MiniPoolAddressesProvider.getMiniPoolId
FNDA:13398,MiniPoolAddressesProvider.getMiniPoolId
DA:177,13398
FN:185,MiniPoolAddressesProvider._getMiniPoolId
FNDA:25513,MiniPoolAddressesProvider._getMiniPoolId
DA:186,25513
DA:187,37783
BRDA:187,1,0,25512
DA:188,25512
DA:191,1
FN:199,MiniPoolAddressesProvider.getMiniPoolToAERC6909
FNDA:12115,MiniPoolAddressesProvider.getMiniPoolToAERC6909
DA:200,12115
DA:201,12115
FN:209,MiniPoolAddressesProvider.getMiniPoolToAERC6909
FNDA:1044,MiniPoolAddressesProvider.getMiniPoolToAERC6909
DA:210,1044
FN:217,MiniPoolAddressesProvider.getMiniPoolCod3xTreasury
FNDA:6730,MiniPoolAddressesProvider.getMiniPoolCod3xTreasury
DA:218,6730
FN:226,MiniPoolAddressesProvider.getMiniPoolOwnerTreasury
FNDA:775,MiniPoolAddressesProvider.getMiniPoolOwnerTreasury
DA:227,775
FN:234,MiniPoolAddressesProvider.getMiniPoolConfigurator
FNDA:20035,MiniPoolAddressesProvider.getMiniPoolConfigurator
DA:235,20035
FN:242,MiniPoolAddressesProvider.getMiniPoolList
FNDA:2,MiniPoolAddressesProvider.getMiniPoolList
DA:243,2
DA:244,2
DA:245,3
DA:247,0
FN:255,MiniPoolAddressesProvider.getAddress
FNDA:0,MiniPoolAddressesProvider.getAddress
DA:256,0
FN:262,MiniPoolAddressesProvider._onlyMiniPoolConfigurator
FNDA:3657,MiniPoolAddressesProvider._onlyMiniPoolConfigurator
DA:263,3657
BRDA:263,2,0,-
BRDA:263,2,1,-
FN:276,MiniPoolAddressesProvider.setMiniPoolImpl
FNDA:266,MiniPoolAddressesProvider.setMiniPoolImpl
DA:277,266
DA:278,266
DA:279,266
DA:280,266
FN:288,MiniPoolAddressesProvider.setAToken6909Impl
FNDA:266,MiniPoolAddressesProvider.setAToken6909Impl
DA:289,266
DA:290,266
DA:291,266
DA:292,266
FN:300,MiniPoolAddressesProvider.setAddress
FNDA:261,MiniPoolAddressesProvider.setAddress
DA:301,261
DA:302,261
FN:312,MiniPoolAddressesProvider.deployMiniPool
FNDA:830,MiniPoolAddressesProvider.deployMiniPool
DA:317,830
DA:318,830
DA:320,830
DA:322,830
DA:324,830
DA:326,830
DA:327,830
DA:329,0
FN:336,MiniPoolAddressesProvider.setMiniPoolConfigurator
FNDA:309,MiniPoolAddressesProvider.setMiniPoolConfigurator
DA:337,309
DA:338,309
FN:349,MiniPoolAddressesProvider.setFlowLimit
FNDA:262,MiniPoolAddressesProvider.setFlowLimit
DA:353,262
DA:354,262
FN:362,MiniPoolAddressesProvider.setPoolAdmin
FNDA:261,MiniPoolAddressesProvider.setPoolAdmin
DA:363,261
BRDA:363,3,0,-
BRDA:363,3,1,-
DA:364,261
DA:365,261
FN:372,MiniPoolAddressesProvider.setCod3xTreasury
FNDA:1305,MiniPoolAddressesProvider.setCod3xTreasury
DA:373,1305
DA:374,1305
FN:382,MiniPoolAddressesProvider.setMinipoolOwnerTreasuryToMiniPool
FNDA:785,MiniPoolAddressesProvider.setMinipoolOwnerTreasuryToMiniPool
DA:387,785
DA:388,785
FN:398,MiniPoolAddressesProvider._updateMiniPool
FNDA:264,MiniPoolAddressesProvider._updateMiniPool
DA:402,264
DA:403,264
DA:405,264
DA:406,262
FN:415,MiniPoolAddressesProvider._updateAToken
FNDA:264,MiniPoolAddressesProvider._updateAToken
DA:419,264
DA:420,264
DA:422,264
DA:424,262
FN:432,MiniPoolAddressesProvider._initMiniPool
FNDA:830,MiniPoolAddressesProvider._initMiniPool
DA:433,830
DA:434,830
DA:436,830
DA:438,830
DA:439,830
FN:447,MiniPoolAddressesProvider._initATokenPool
FNDA:830,MiniPoolAddressesProvider._initATokenPool
DA:448,830
DA:449,830
DA:451,830
DA:453,830
DA:454,830
FN:462,MiniPoolAddressesProvider._updateImpl
FNDA:309,MiniPoolAddressesProvider._updateImpl
DA:463,309
DA:465,309
DA:467,309
DA:468,309
BRDA:468,4,0,46
BRDA:468,4,1,-
DA:469,46
DA:470,46
DA:471,46
DA:472,46
DA:474,263
FNF:37
FNH:35
LF:87
LH:81
BRF:8
BRH:2
end_of_record
TN:
SF:contracts/protocol/core/Oracle.sol
FN:55,Oracle.
FNDA:83,Oracle.
DA:63,83
DA:64,83
DA:65,83
DA:66,83
DA:67,83
FN:76,Oracle.setAssetSources
FNDA:0,Oracle.setAssetSources
DA:81,0
FN:89,Oracle.setFallbackOracle
FNDA:0,Oracle.setFallbackOracle
DA:90,0
FN:99,Oracle._setAssetsSources
FNDA:83,Oracle._setAssetsSources
DA:104,83
BRDA:104,0,0,-
BRDA:104,0,1,-
DA:105,83
DA:106,332
DA:107,332
DA:108,332
FN:116,Oracle._setFallbackOracle
FNDA:83,Oracle._setFallbackOracle
DA:117,83
DA:118,83
FN:127,Oracle.getAssetPrice
FNDA:118768,Oracle.getAssetPrice
DA:128,118768
DA:131,118768
DA:133,30649
DA:134,30649
DA:135,88119
DA:136,88119
DA:139,118768
DA:140,118768
DA:142,118768
BRDA:142,1,0,-
BRDA:142,1,1,-
DA:143,0
DA:144,118768
BRDA:144,2,0,-
BRDA:144,2,1,-
DA:145,0
DA:147,118768
DA:148,118768
DA:152,118768
DA:153,118768
DA:154,0
BRDA:154,3,0,-
BRDA:151,3,1,118768
DA:155,0
BRDA:155,4,0,-
BRDA:155,4,1,-
DA:156,0
DA:158,118768
DA:163,0
BRDA:163,5,0,30649
BRDA:163,5,1,-
DA:164,30649
DA:166,88119
FN:175,Oracle.getAssetsPrices
FNDA:0,Oracle.getAssetsPrices
DA:176,0
DA:177,0
DA:178,0
DA:180,0
FN:188,Oracle.getSourceOfAsset
FNDA:258,Oracle.getSourceOfAsset
DA:189,258
FN:196,Oracle.getFallbackOracle
FNDA:0,Oracle.getFallbackOracle
DA:197,0
FNF:9
FNH:5
LF:43
LH:30
BRF:12
BRH:2
end_of_record
TN:
SF:contracts/protocol/core/interestRateStrategies/BasePiReserveRateStrategy.sol
FN:85,BasePiReserveRateStrategy.
FNDA:128,BasePiReserveRateStrategy.
DA:95,128
BRDA:95,0,0,-
DA:96,0
DA:98,128
DA:99,128
DA:100,128
DA:101,128
DA:102,128
DA:103,128
DA:104,128
DA:105,128
DA:106,128
DA:108,128
BRDA:108,1,0,-
DA:109,0
FN:114,BasePiReserveRateStrategy.onlyLendingPool
FNDA:0,BasePiReserveRateStrategy.onlyLendingPool
DA:115,0
BRDA:115,2,0,-
DA:116,0
FN:125,BasePiReserveRateStrategy._getLendingPool
FNDA:0,BasePiReserveRateStrategy._getLendingPool
FN:135,BasePiReserveRateStrategy.getAvailableLiquidity
FNDA:0,BasePiReserveRateStrategy.getAvailableLiquidity
FN:149,BasePiReserveRateStrategy.getCurrentInterestRates
FNDA:0,BasePiReserveRateStrategy.getCurrentInterestRates
FN:155,BasePiReserveRateStrategy.setOptimalUtilizationRate
FNDA:0,BasePiReserveRateStrategy.setOptimalUtilizationRate
DA:156,0
BRDA:156,3,0,-
DA:157,0
DA:159,0
FN:166,BasePiReserveRateStrategy.setMinControllerError
FNDA:0,BasePiReserveRateStrategy.setMinControllerError
DA:167,0
DA:168,0
BRDA:168,4,0,-
DA:169,0
FN:179,BasePiReserveRateStrategy.setPidValues
FNDA:0,BasePiReserveRateStrategy.setPidValues
DA:180,0
DA:181,0
DA:182,0
FN:199,BasePiReserveRateStrategy._calculateInterestRates
FNDA:0,BasePiReserveRateStrategy._calculateInterestRates
DA:216,0
DA:217,0
DA:218,0
BRDA:218,5,0,-
DA:219,0
DA:221,0
DA:222,0
FN:234,BasePiReserveRateStrategy._calculateInterestRates
FNDA:0,BasePiReserveRateStrategy._calculateInterestRates
DA:240,0
DA:245,0
BRDA:245,6,0,-
DA:246,0
DA:247,0
DA:248,0
DA:252,0
DA:253,0
DA:254,0
BRDA:254,7,0,-
DA:255,0
DA:256,0
DA:257,0
DA:258,0
DA:259,0
DA:261,0
DA:264,0
FN:275,BasePiReserveRateStrategy.getNormalizedError
FNDA:0,BasePiReserveRateStrategy.getNormalizedError
DA:276,0
DA:277,0
DA:278,0
BRDA:278,8,0,-
BRDA:277,8,1,-
DA:280,0
FN:291,BasePiReserveRateStrategy.getLiquidityRate
FNDA:0,BasePiReserveRateStrategy.getLiquidityRate
DA:296,0
FN:306,BasePiReserveRateStrategy.getControllerError
FNDA:0,BasePiReserveRateStrategy.getControllerError
DA:307,0
DA:308,0
FN:317,BasePiReserveRateStrategy.transferFunction
FNDA:128,BasePiReserveRateStrategy.transferFunction
DA:318,128
DA:319,0
FN:328,BasePiReserveRateStrategy.getCod3xReserveFactor
FNDA:0,BasePiReserveRateStrategy.getCod3xReserveFactor
DA:333,0
FN:342,BasePiReserveRateStrategy.getMinipoolOwnerReserveFactor
FNDA:0,BasePiReserveRateStrategy.getMinipoolOwnerReserveFactor
DA:347,0
FNF:16
FNH:2
LF:56
LH:12
BRF:10
BRH:0
end_of_record
TN:
SF:contracts/protocol/core/interestRateStrategies/lendingpool/DefaultReserveInterestRateStrategy.sol
FN:59,DefaultReserveInterestRateStrategy.
FNDA:166,DefaultReserveInterestRateStrategy.
DA:66,166
DA:67,166
DA:68,166
DA:69,166
DA:70,166
DA:71,166
FN:75,DefaultReserveInterestRateStrategy.variableRateSlope1
FNDA:8,DefaultReserveInterestRateStrategy.variableRateSlope1
DA:76,8
FN:80,DefaultReserveInterestRateStrategy.variableRateSlope2
FNDA:4,DefaultReserveInterestRateStrategy.variableRateSlope2
DA:81,4
FN:85,DefaultReserveInterestRateStrategy.baseVariableBorrowRate
FNDA:8,DefaultReserveInterestRateStrategy.baseVariableBorrowRate
DA:86,8
FN:90,DefaultReserveInterestRateStrategy.getMaxVariableBorrowRate
FNDA:0,DefaultReserveInterestRateStrategy.getMaxVariableBorrowRate
DA:91,0
FN:104,DefaultReserveInterestRateStrategy.calculateInterestRates
FNDA:36364,DefaultReserveInterestRateStrategy.calculateInterestRates
DA:112,36364
DA:113,36364
BRDA:113,0,0,1
DA:114,1
DA:116,36363
DA:118,36363
FN:140,DefaultReserveInterestRateStrategy.calculateInterestRates
FNDA:36363,DefaultReserveInterestRateStrategy.calculateInterestRates
DA:146,36363
DA:148,36363
DA:149,36363
DA:150,36363
DA:152,36363
DA:155,36363
BRDA:155,1,0,1059
BRDA:155,1,1,35304
DA:156,1059
DA:157,1059
DA:159,1059
DA:162,35304
DA:166,36363
DA:169,36363
FNF:7
FNH:6
LF:27
LH:26
BRF:3
BRH:3
end_of_record
TN:
SF:contracts/protocol/core/interestRateStrategies/lendingpool/PiReserveInterestRateStrategy.sol
FN:46,PiReserveInterestRateStrategy.
FNDA:83,PiReserveInterestRateStrategy.
FN:69,PiReserveInterestRateStrategy._getLendingPool
FNDA:0,PiReserveInterestRateStrategy._getLendingPool
DA:70,0
FN:74,PiReserveInterestRateStrategy.getAvailableLiquidity
FNDA:0,PiReserveInterestRateStrategy.getAvailableLiquidity
DA:80,0
FN:86,PiReserveInterestRateStrategy.getCurrentInterestRates
FNDA:0,PiReserveInterestRateStrategy.getCurrentInterestRates
DA:88,0
DA:89,0
DA:90,0
DA:91,0
DA:93,0
DA:98,0
DA:99,0
DA:102,0
DA:106,0
FN:112,PiReserveInterestRateStrategy.baseVariableBorrowRate
FNDA:0,PiReserveInterestRateStrategy.baseVariableBorrowRate
DA:113,0
FN:117,PiReserveInterestRateStrategy.getMaxVariableBorrowRate
FNDA:0,PiReserveInterestRateStrategy.getMaxVariableBorrowRate
DA:118,0
FN:132,PiReserveInterestRateStrategy.calculateInterestRates
FNDA:0,PiReserveInterestRateStrategy.calculateInterestRates
DA:145,0
FNF:7
FNH:1
LF:14
LH:0
BRF:0
BRH:0
end_of_record
TN:
SF:contracts/protocol/core/interestRateStrategies/minipool/MiniPoolDefaultReserveInterestRate.sol
FN:71,MiniPoolDefaultReserveInterestRateStrategy.
FNDA:90,MiniPoolDefaultReserveInterestRateStrategy.
DA:78,90
DA:79,90
DA:80,90
DA:81,90
DA:82,90
DA:83,90
FN:87,MiniPoolDefaultReserveInterestRateStrategy.variableRateSlope1
FNDA:0,MiniPoolDefaultReserveInterestRateStrategy.variableRateSlope1
DA:88,0
FN:92,MiniPoolDefaultReserveInterestRateStrategy.variableRateSlope2
FNDA:0,MiniPoolDefaultReserveInterestRateStrategy.variableRateSlope2
DA:93,0
FN:97,MiniPoolDefaultReserveInterestRateStrategy.baseVariableBorrowRate
FNDA:0,MiniPoolDefaultReserveInterestRateStrategy.baseVariableBorrowRate
DA:98,0
FN:102,MiniPoolDefaultReserveInterestRateStrategy.getMaxVariableBorrowRate
FNDA:0,MiniPoolDefaultReserveInterestRateStrategy.getMaxVariableBorrowRate
DA:103,0
FN:130,MiniPoolDefaultReserveInterestRateStrategy.calculateInterestRates
FNDA:19553,MiniPoolDefaultReserveInterestRateStrategy.calculateInterestRates
DA:138,19553
DA:140,19553
DA:141,10415
BRDA:141,0,0,10415
BRDA:141,0,1,-
DA:142,10415
DA:143,10415
DA:144,10415
DA:145,10415
DA:147,10415
DA:151,9138
DA:154,19553
BRDA:154,1,0,-
DA:155,0
DA:159,19553
DA:161,19553
FN:195,MiniPoolDefaultReserveInterestRateStrategy.calculateInterestRates
FNDA:19553,MiniPoolDefaultReserveInterestRateStrategy.calculateInterestRates
DA:202,19553
DA:204,19553
DA:205,19553
DA:206,19553
DA:208,19553
DA:211,19553
BRDA:211,2,0,4485
BRDA:211,2,1,15068
DA:212,4485
DA:213,4485
DA:215,4485
DA:218,15068
DA:222,19553
DA:227,19553
BRDA:227,3,0,4
DA:228,4
DA:229,4
DA:231,4
DA:246,4
BRDA:246,4,0,-
DA:247,0
DA:248,0
DA:256,19553
FNF:7
FNH:3
LF:42
LH:35
BRF:7
BRH:4
end_of_record
TN:
SF:contracts/protocol/core/interestRateStrategies/minipool/MiniPoolPiReserveInterestRateStrategy.sol
FN:60,MiniPoolPiReserveInterestRateStrategy.
FNDA:45,MiniPoolPiReserveInterestRateStrategy.
DA:82,45
FN:86,MiniPoolPiReserveInterestRateStrategy._getLendingPool
FNDA:0,MiniPoolPiReserveInterestRateStrategy._getLendingPool
DA:87,0
FN:91,MiniPoolPiReserveInterestRateStrategy.getAvailableLiquidity
FNDA:0,MiniPoolPiReserveInterestRateStrategy.getAvailableLiquidity
DA:97,0
DA:99,0
BRDA:99,0,0,-
BRDA:99,0,1,-
DA:100,0
DA:102,0
DA:103,0
DA:104,0
DA:106,0
DA:110,0
FN:117,MiniPoolPiReserveInterestRateStrategy.getCurrentInterestRates
FNDA:0,MiniPoolPiReserveInterestRateStrategy.getCurrentInterestRates
DA:119,0
DA:122,0
DA:123,0
DA:124,0
DA:125,0
DA:126,0
DA:131,0
DA:132,0
DA:135,0
DA:141,0
FN:150,MiniPoolPiReserveInterestRateStrategy.baseVariableBorrowRate
FNDA:0,MiniPoolPiReserveInterestRateStrategy.baseVariableBorrowRate
DA:151,0
FN:158,MiniPoolPiReserveInterestRateStrategy.getMaxVariableBorrowRate
FNDA:0,MiniPoolPiReserveInterestRateStrategy.getMaxVariableBorrowRate
DA:159,0
FN:174,MiniPoolPiReserveInterestRateStrategy.calculateInterestRates
FNDA:0,MiniPoolPiReserveInterestRateStrategy.calculateInterestRates
DA:187,0
DA:188,0
DA:189,0
DA:190,0
DA:197,0
BRDA:197,1,0,-
DA:198,0
DA:202,0
DA:217,0
BRDA:217,2,0,-
DA:218,0
DA:219,0
FNF:7
FNH:1
LF:32
LH:1
BRF:4
BRH:0
end_of_record
TN:
SF:contracts/protocol/core/lendingpool/LendingPool.sol
FN:65,LendingPool.whenNotPaused
FNDA:1,LendingPool.whenNotPaused
DA:66,0
FN:74,LendingPool.onlyLendingPoolConfigurator
FNDA:261,LendingPool.onlyLendingPoolConfigurator
DA:75,0
FN:83,LendingPool._whenNotPaused
FNDA:82792,LendingPool._whenNotPaused
DA:84,82792
BRDA:84,0,0,-
BRDA:84,0,1,-
FN:91,LendingPool._onlyLendingPoolConfigurator
FNDA:6567,LendingPool._onlyLendingPoolConfigurator
DA:92,6567
BRDA:92,1,0,6567
BRDA:92,1,1,-
FN:99,LendingPool.getRevision
FNDA:167,LendingPool.getRevision
DA:100,167
FN:110,LendingPool.initialize
FNDA:167,LendingPool.initialize
DA:111,167
DA:112,167
DA:113,167
FN:126,LendingPool.deposit
FNDA:11747,LendingPool.deposit
DA:131,11747
FN:151,LendingPool.withdraw
FNDA:23028,LendingPool.withdraw
DA:157,23028
FN:177,LendingPool.borrow
FNDA:1570,LendingPool.borrow
DA:182,1570
DA:184,1570
FN:215,LendingPool.repay
FNDA:1,LendingPool.repay
DA:221,1
FN:235,LendingPool.repayWithATokens
FNDA:1,LendingPool.repayWithATokens
DA:241,1
FN:255,LendingPool.setUserUseReserveAsCollateral
FNDA:522,LendingPool.setUserUseReserveAsCollateral
DA:260,522
DA:262,522
DA:274,522
DA:276,261
BRDA:276,2,0,261
BRDA:276,2,1,261
DA:277,261
DA:279,261
FN:296,LendingPool.liquidationCall
FNDA:0,LendingPool.liquidationCall
DA:305,0
BRDA:305,3,0,-
BRDA:305,3,1,-
DA:307,0
FN:341,LendingPool.flashLoan
FNDA:0,LendingPool.flashLoan
DA:347,0
FN:374,LendingPool.miniPoolBorrow
FNDA:1,LendingPool.miniPoolBorrow
DA:379,1
BRDA:379,4,0,-
BRDA:379,4,1,-
DA:381,1
FN:400,LendingPool._isMiniPool
FNDA:1,LendingPool._isMiniPool
DA:401,1
DA:402,1
DA:403,1
FN:413,LendingPool.getReserveData
FNDA:45427,LendingPool.getReserveData
DA:419,45427
FN:432,LendingPool.getUserAccountData
FNDA:0,LendingPool.getUserAccountData
DA:445,0
DA:455,0
FN:465,LendingPool.getConfiguration
FNDA:9997,LendingPool.getConfiguration
DA:471,9997
FN:479,LendingPool.getUserConfiguration
FNDA:2,LendingPool.getUserConfiguration
DA:485,2
FN:494,LendingPool.getReserveNormalizedIncome
FNDA:200566,LendingPool.getReserveNormalizedIncome
DA:501,200566
FN:510,LendingPool.getReserveNormalizedVariableDebt
FNDA:8100,LendingPool.getReserveNormalizedVariableDebt
DA:516,8100
FN:523,LendingPool.paused
FNDA:2,LendingPool.paused
DA:524,2
FN:532,LendingPool.getReservesList
FNDA:1,LendingPool.getReservesList
DA:533,1
DA:534,1
DA:536,1
DA:537,4
DA:538,4
DA:540,1
FN:547,LendingPool.getReservesCount
FNDA:0,LendingPool.getReservesCount
DA:548,0
FN:555,LendingPool.getAddressesProvider
FNDA:0,LendingPool.getAddressesProvider
DA:561,0
FN:568,LendingPool.FLASHLOAN_PREMIUM_TOTAL
FNDA:516,LendingPool.FLASHLOAN_PREMIUM_TOTAL
DA:569,516
FN:576,LendingPool.MAX_NUMBER_RESERVES
FNDA:1225,LendingPool.MAX_NUMBER_RESERVES
DA:577,1225
FN:591,LendingPool.finalizeTransfer
FNDA:45922,LendingPool.finalizeTransfer
DA:600,45922
FN:627,LendingPool.initReserve
FNDA:334,LendingPool.initReserve
DA:634,334
BRDA:634,6,0,-
BRDA:634,6,1,-
DA:635,334
DA:638,334
FN:648,LendingPool.setReserveInterestRateStrategyAddress
FNDA:4,LendingPool.setReserveInterestRateStrategyAddress
DA:653,4
FN:663,LendingPool.setConfiguration
FNDA:3446,LendingPool.setConfiguration
DA:668,3446
FN:676,LendingPool.setPause
FNDA:168,LendingPool.setPause
DA:677,168
DA:678,84
BRDA:678,7,0,84
BRDA:678,7,1,84
DA:679,84
DA:681,84
FN:690,LendingPool.setFarmingPct
FNDA:522,LendingPool.setFarmingPct
DA:695,522
FN:703,LendingPool.setClaimingThreshold
FNDA:261,LendingPool.setClaimingThreshold
DA:708,261
FN:716,LendingPool.setFarmingPctDrift
FNDA:522,LendingPool.setFarmingPctDrift
DA:721,522
FN:729,LendingPool.setProfitHandler
FNDA:522,LendingPool.setProfitHandler
DA:734,522
FN:742,LendingPool.setVault
FNDA:522,LendingPool.setVault
DA:747,522
FN:754,LendingPool.rebalance
FNDA:0,LendingPool.rebalance
DA:755,0
FN:763,LendingPool.getTotalManagedAssets
FNDA:4,LendingPool.getTotalManagedAssets
DA:769,4
FN:777,LendingPool._addReserveToList
FNDA:334,LendingPool._addReserveToList
DA:778,334
DA:780,334
BRDA:780,8,0,-
BRDA:780,8,1,-
DA:782,334
DA:783,334
DA:785,334
BRDA:785,9,0,334
DA:786,334
DA:787,334
DA:789,334
FN:797,LendingPool.updateFlashLoanFee
FNDA:258,LendingPool.updateFlashLoanFee
DA:802,258
FN:809,LendingPool._updateFlashLoanFee
FNDA:425,LendingPool._updateFlashLoanFee
DA:810,425
FN:819,LendingPool.setRewarderForReserve
FNDA:4,LendingPool.setRewarderForReserve
DA:824,4
DA:825,4
FN:835,LendingPool.setTreasury
FNDA:4,LendingPool.setTreasury
DA:840,4
FNF:45
FNH:39
LF:76
LH:66
BRF:17
BRH:6
end_of_record
TN:
SF:contracts/protocol/core/lendingpool/LendingPoolConfigurator.sol
FN:48,LendingPoolConfigurator.onlyPoolAdmin
FNDA:262,LendingPoolConfigurator.onlyPoolAdmin
DA:49,262
BRDA:49,0,0,-
BRDA:49,0,1,-
FN:57,LendingPoolConfigurator.onlyEmergencyAdmin
FNDA:1,LendingPoolConfigurator.onlyEmergencyAdmin
DA:58,1
BRDA:58,1,0,169
BRDA:58,1,1,-
FN:69,LendingPoolConfigurator.getRevision
FNDA:85,LendingPoolConfigurator.getRevision
DA:70,85
FN:77,LendingPoolConfigurator.initialize
FNDA:85,LendingPoolConfigurator.initialize
DA:78,85
DA:79,85
FN:86,LendingPoolConfigurator.batchInitReserve
FNDA:85,LendingPoolConfigurator.batchInitReserve
DA:87,85
DA:88,85
DA:89,334
FN:99,LendingPoolConfigurator._initReserve
FNDA:334,LendingPoolConfigurator._initReserve
DA:100,334
DA:116,334
DA:131,334
DA:139,334
DA:140,334
DA:142,334
DA:143,334
DA:144,334
DA:145,334
DA:146,334
DA:148,334
DA:150,334
FN:164,LendingPoolConfigurator.updateAToken
FNDA:0,LendingPoolConfigurator.updateAToken
DA:165,0
DA:167,0
DA:168,0
DA:170,0
DA:171,0
DA:173,0
DA:185,0
DA:187,0
FN:197,LendingPoolConfigurator.updateVariableDebtToken
FNDA:0,LendingPoolConfigurator.updateVariableDebtToken
DA:198,0
DA:200,0
DA:201,0
DA:203,0
DA:204,0
DA:206,0
DA:217,0
DA:221,0
FN:233,LendingPoolConfigurator.enableBorrowingOnReserve
FNDA:334,LendingPoolConfigurator.enableBorrowingOnReserve
DA:234,334
DA:235,334
DA:237,334
DA:239,334
DA:241,334
FN:251,LendingPoolConfigurator.disableBorrowingOnReserve
FNDA:4,LendingPoolConfigurator.disableBorrowingOnReserve
DA:252,4
DA:253,4
DA:255,4
DA:257,4
DA:258,4
FN:274,LendingPoolConfigurator.configureReserveAsCollateral
FNDA:334,LendingPoolConfigurator.configureReserveAsCollateral
DA:281,334
DA:282,334
DA:287,334
BRDA:287,2,0,-
BRDA:287,2,1,-
DA:289,334
BRDA:289,3,0,334
BRDA:289,3,1,-
DA:292,334
BRDA:292,4,0,-
BRDA:292,4,1,-
DA:299,334
BRDA:299,5,0,-
BRDA:299,5,1,-
DA:305,0
BRDA:305,6,0,-
BRDA:305,6,1,-
DA:309,0
DA:312,334
DA:313,334
DA:314,334
DA:316,334
DA:318,334
FN:330,LendingPoolConfigurator.activateReserve
FNDA:4,LendingPoolConfigurator.activateReserve
DA:331,4
DA:332,4
DA:334,4
DA:336,4
DA:338,4
FN:349,LendingPoolConfigurator.deactivateReserve
FNDA:4,LendingPoolConfigurator.deactivateReserve
DA:350,4
DA:352,4
DA:353,4
DA:355,4
DA:357,4
DA:359,4
FN:369,LendingPoolConfigurator.freezeReserve
FNDA:4,LendingPoolConfigurator.freezeReserve
DA:370,4
DA:371,4
DA:373,4
DA:375,4
DA:377,4
FN:387,LendingPoolConfigurator.unfreezeReserve
FNDA:4,LendingPoolConfigurator.unfreezeReserve
DA:388,4
DA:389,4
DA:391,4
DA:393,4
DA:395,4
FN:405,LendingPoolConfigurator.enableFlashloan
FNDA:0,LendingPoolConfigurator.enableFlashloan
DA:406,0
DA:407,0
DA:409,0
DA:411,0
DA:413,0
FN:423,LendingPoolConfigurator.disableFlashloan
FNDA:0,LendingPoolConfigurator.disableFlashloan
DA:424,0
DA:425,0
DA:427,0
DA:429,0
DA:431,0
FN:443,LendingPoolConfigurator.setCod3xReserveFactor
FNDA:2422,LendingPoolConfigurator.setCod3xReserveFactor
DA:447,2422
DA:448,2422
DA:450,2422
DA:452,1378
DA:454,1378
FN:465,LendingPoolConfigurator.setDepositCap
FNDA:2090,LendingPoolConfigurator.setDepositCap
DA:469,2090
DA:470,2090
DA:472,2090
DA:474,1046
DA:476,1046
FN:487,LendingPoolConfigurator.setReserveInterestRateStrategyAddress
FNDA:4,LendingPoolConfigurator.setReserveInterestRateStrategyAddress
DA:492,4
DA:493,4
FN:501,LendingPoolConfigurator.setPoolPause
FNDA:168,LendingPoolConfigurator.setPoolPause
DA:502,168
FN:512,LendingPoolConfigurator.updateFlashloanPremiumTotal
FNDA:517,LendingPoolConfigurator.updateFlashloanPremiumTotal
DA:513,517
BRDA:513,7,0,-
BRDA:513,7,1,-
DA:517,258
DA:518,258
DA:519,258
FN:528,LendingPoolConfigurator._initTokenWithProxy
FNDA:668,LendingPoolConfigurator._initTokenWithProxy
DA:532,668
DA:533,668
DA:535,668
DA:537,668
FN:546,LendingPoolConfigurator._upgradeTokenImplementation
FNDA:0,LendingPoolConfigurator._upgradeTokenImplementation
DA:551,0
DA:554,0
FN:563,LendingPoolConfigurator._checkNoLiquidity
FNDA:4,LendingPoolConfigurator._checkNoLiquidity
DA:564,4
DA:566,4
DA:568,4
BRDA:568,8,0,4
BRDA:568,8,1,4
FN:580,LendingPoolConfigurator.setFarmingPct
FNDA:522,LendingPoolConfigurator.setFarmingPct
DA:581,522
FN:590,LendingPoolConfigurator.setClaimingThreshold
FNDA:261,LendingPoolConfigurator.setClaimingThreshold
DA:594,261
FN:603,LendingPoolConfigurator.setFarmingPctDrift
FNDA:522,LendingPoolConfigurator.setFarmingPctDrift
DA:607,522
FN:616,LendingPoolConfigurator.setProfitHandler
FNDA:522,LendingPoolConfigurator.setProfitHandler
DA:620,522
FN:629,LendingPoolConfigurator.setVault
FNDA:522,LendingPoolConfigurator.setVault
DA:630,522
FN:638,LendingPoolConfigurator.rebalance
FNDA:0,LendingPoolConfigurator.rebalance
DA:639,0
FN:647,LendingPoolConfigurator.getTotalManagedAssets
FNDA:4,LendingPoolConfigurator.getTotalManagedAssets
DA:648,4
FN:658,LendingPoolConfigurator.setRewarderForReserve
FNDA:4,LendingPoolConfigurator.setRewarderForReserve
DA:662,4
FN:672,LendingPoolConfigurator.setTreasury
FNDA:4,LendingPoolConfigurator.setTreasury
DA:676,4
FNF:34
FNH:28
LF:125
LH:94
BRF:18
BRH:4
end_of_record
TN:
SF:contracts/protocol/core/lendingpool/logic/BorrowLogic.sol
FN:99,BorrowLogic.calculateUserAccountDataVolatile
FNDA:1570,BorrowLogic.calculateUserAccountDataVolatile
DA:105,1570
DA:107,1570
BRDA:107,0,0,261
DA:108,261
DA:111,1309
DA:112,5236
BRDA:112,1,0,2367
DA:113,2367
DA:116,2869
DA:117,2869
DA:118,2869
DA:121,2869
DA:124,2869
DA:125,2869
DA:127,2869
BRDA:127,2,0,2869
DA:128,2869
DA:131,2869
DA:132,2869
DA:134,2869
DA:136,2869
DA:137,2869
DA:141,2869
BRDA:141,3,0,1560
DA:142,1560
DA:145,1560
DA:150,1309
DA:151,1309
DA:155,1309
DA:159,1309
FN:199,BorrowLogic.executeBorrow
FNDA:1570,BorrowLogic.executeBorrow
DA:205,1570
DA:206,1570
BRDA:206,4,0,-
BRDA:206,4,1,-
DA:208,1570
DA:210,1570
DA:212,1570
DA:214,1570
DA:215,1570
DA:216,1570
DA:218,1570
DA:219,1570
DA:220,1570
DA:224,1308
DA:227,1308
DA:229,1308
DA:233,1308
BRDA:233,5,0,1308
DA:234,1308
DA:238,1308
DA:242,1307
BRDA:242,6,0,1307
DA:243,1307
DA:246,1307
FN:276,BorrowLogic.executeMiniPoolBorrow
FNDA:1,BorrowLogic.executeMiniPoolBorrow
DA:280,1
DA:281,1
DA:282,1
BRDA:282,7,0,-
BRDA:282,7,1,-
DA:285,1
DA:286,1
DA:287,0
BRDA:287,8,0,-
BRDA:284,8,1,-
DA:288,0
DA:290,1
DA:292,1
DA:299,1
DA:301,1
DA:305,1
FN:323,BorrowLogic.amountInETH
FNDA:1570,BorrowLogic.amountInETH
DA:328,1570
FN:365,BorrowLogic.repay
FNDA:1,BorrowLogic.repay
DA:370,1
DA:372,1
DA:374,1
DA:376,1
DA:378,1
DA:380,0
FN:390,BorrowLogic.repayWithAtokens
FNDA:1,BorrowLogic.repayWithAtokens
DA:395,1
DA:397,1
DA:399,1
DA:401,1
DA:403,1
DA:405,0
FN:416,BorrowLogic._repay
FNDA:2,BorrowLogic._repay
DA:421,2
DA:423,2
DA:425,2
DA:427,2
BRDA:427,9,0,-
DA:428,0
DA:431,2
DA:433,2
DA:437,2
DA:438,2
DA:440,2
BRDA:440,10,0,2
DA:441,2
FNF:7
FNH:7
LF:82
LH:77
BRF:14
BRH:7
end_of_record
TN:
SF:contracts/protocol/core/lendingpool/logic/DepositLogic.sol
FN:72,DepositLogic.deposit
FNDA:11747,DepositLogic.deposit
DA:78,11747
DA:80,11747
DA:82,11747
DA:84,11747
DA:85,11747
DA:87,11747
DA:89,11747
DA:90,11747
DA:92,11620
BRDA:92,0,0,11620
DA:93,11620
DA:94,11620
DA:97,11747
FNF:1
FNH:1
LF:12
LH:12
BRF:1
BRH:1
end_of_record
TN:
SF:contracts/protocol/core/lendingpool/logic/FlashLoanLogic.sol
FN:121,FlashLoanLogic.flashLoan
FNDA:0,FlashLoanLogic.flashLoan
DA:127,0
DA:129,0
DA:133,0
DA:134,0
DA:136,0
DA:138,0
DA:148,0
BRDA:148,0,0,-
BRDA:148,0,1,-
DA:159,0
DA:160,0
DA:161,0
DA:162,0
DA:163,0
DA:164,0
DA:167,0
DA:169,0
BRDA:169,1,0,-
BRDA:166,1,1,-
DA:170,0
DA:184,0
DA:202,0
FN:225,FlashLoanLogic.getATokenAdressesAndPremiums
FNDA:0,FlashLoanLogic.getATokenAdressesAndPremiums
DA:234,0
DA:235,0
DA:236,0
DA:237,0
DA:239,0
DA:243,0
FN:253,FlashLoanLogic._handleFlashLoanRepayment
FNDA:0,FlashLoanLogic._handleFlashLoanRepayment
DA:257,0
DA:260,0
DA:261,0
DA:263,0
DA:265,0
DA:269,0
DA:273,0
FNF:3
FNH:0
LF:31
LH:0
BRF:4
BRH:0
end_of_record
TN:
SF:contracts/protocol/core/lendingpool/logic/GenericLogic.sol
FN:67,GenericLogic.balanceDecreaseAllowed
FNDA:23289,GenericLogic.balanceDecreaseAllowed
DA:79,23289
DA:80,0
DA:81,23289
BRDA:81,0,0,23289
DA:82,23289
DA:85,0
DA:87,0
DA:90,0
BRDA:90,1,0,-
DA:91,0
DA:94,0
DA:97,0
BRDA:97,2,0,-
DA:98,0
DA:101,0
DA:103,0
DA:106,0
BRDA:106,3,0,-
DA:107,0
DA:110,0
DA:115,0
DA:121,0
FN:133,GenericLogic.getAmountToDecreaseInEth
FNDA:0,GenericLogic.getAmountToDecreaseInEth
DA:139,0
FN:193,GenericLogic.calculateUserAccountData
FNDA:45922,GenericLogic.calculateUserAccountData
DA:201,45922
DA:203,45922
BRDA:203,4,0,13
DA:204,13
DA:206,45909
DA:207,183636
BRDA:207,5,0,135344
DA:208,135344
DA:211,48292
DA:212,48292
DA:213,48292
DA:216,48292
DA:219,48292
DA:220,48292
DA:222,48292
BRDA:222,6,0,48292
DA:223,48292
DA:226,48292
DA:227,48292
DA:229,48292
DA:231,48292
DA:232,48292
DA:236,48292
BRDA:236,7,0,-
DA:237,0
DA:240,0
DA:245,45909
DA:246,45909
DA:250,45909
DA:253,25582
FN:270,GenericLogic.calculateHealthFactorFromBalances
FNDA:47218,GenericLogic.calculateHealthFactorFromBalances
DA:275,47218
DA:277,780
FN:288,GenericLogic.calculateAvailableBorrowsETH
FNDA:0,GenericLogic.calculateAvailableBorrowsETH
DA:293,0
DA:295,0
BRDA:295,9,0,-
DA:296,0
DA:299,0
DA:300,0
FNF:5
FNH:3
LF:52
LH:29
BRF:9
BRH:4
end_of_record
TN:
SF:contracts/protocol/core/lendingpool/logic/LiquidationLogic.sol
FN:137,LiquidationLogic.liquidationCall
FNDA:0,LiquidationLogic.liquidationCall
DA:143,0
DA:145,0
DA:146,0
DA:148,0
DA:149,0
DA:152,0
DA:161,0
DA:163,0
DA:167,0
DA:169,0
DA:171,0
DA:174,0
DA:178,0
DA:193,0
BRDA:193,0,0,-
DA:194,0
DA:199,0
BRDA:199,1,0,-
DA:200,0
DA:201,0
DA:202,0
BRDA:202,2,0,-
DA:203,0
DA:207,0
DA:209,0
BRDA:209,3,0,-
BRDA:209,3,1,-
DA:210,0
DA:214,0
DA:219,0
DA:223,0
BRDA:223,4,0,-
BRDA:223,4,1,-
DA:224,0
DA:226,0
DA:230,0
BRDA:230,5,0,-
DA:231,0
DA:232,0
DA:233,0
DA:236,0
DA:237,0
DA:245,0
DA:255,0
BRDA:255,6,0,-
DA:256,0
DA:257,0
DA:261,0
DA:265,0
DA:269,0
FN:313,LiquidationLogic._calculateAvailableCollateralToLiquidate
FNDA:0,LiquidationLogic._calculateAvailableCollateralToLiquidate
DA:322,0
DA:323,0
DA:324,0
DA:326,0
DA:328,0
DA:329,0
DA:331,0
DA:333,0
DA:337,0
DA:343,0
BRDA:343,7,0,-
BRDA:343,7,1,-
DA:344,0
DA:345,0
DA:350,0
DA:351,0
DA:353,0
FNF:2
FNH:0
LF:56
LH:0
BRF:11
BRH:0
end_of_record
TN:
SF:contracts/protocol/core/lendingpool/logic/ReserveLogic.sol
FN:55,ReserveLogic.getNormalizedIncome
FNDA:200566,ReserveLogic.getNormalizedIncome
DA:60,200566
DA:63,200566
BRDA:63,0,0,178570
DA:64,178570
DA:67,21996
DA:71,0
FN:81,ReserveLogic.getNormalizedDebt
FNDA:8100,ReserveLogic.getNormalizedDebt
DA:86,8100
DA:89,8100
BRDA:89,1,0,8100
DA:90,8100
DA:93,0
DA:97,0
FN:104,ReserveLogic.updateState
FNDA:36086,ReserveLogic.updateState
DA:105,36086
DA:106,36086
DA:107,36086
DA:108,36086
DA:109,36086
DA:111,36086
DA:119,36086
FN:136,ReserveLogic.cumulateToLiquidityIndex
FNDA:0,ReserveLogic.cumulateToLiquidityIndex
DA:141,0
DA:143,0
DA:145,0
DA:146,0
BRDA:146,2,0,-
BRDA:146,2,1,-
DA:148,0
FN:158,ReserveLogic.init
FNDA:334,ReserveLogic.init
DA:164,334
BRDA:164,3,0,-
BRDA:164,3,1,-
DA:166,334
DA:167,334
DA:168,334
DA:169,334
DA:170,334
FN:187,ReserveLogic.updateInterestRates
FNDA:36086,ReserveLogic.updateInterestRates
DA:194,36086
DA:199,36086
DA:202,36086
DA:212,36085
BRDA:212,4,0,-
BRDA:212,4,1,-
DA:213,36085
BRDA:213,5,0,-
BRDA:213,5,1,-
DA:215,36085
DA:216,36085
DA:218,36085
FN:243,ReserveLogic._mintToTreasury
FNDA:36086,ReserveLogic._mintToTreasury
DA:251,36086
DA:253,36086
DA:255,36086
BRDA:255,6,0,-
DA:256,0
DA:260,36086
DA:263,36086
DA:266,36086
DA:268,36086
DA:270,36086
BRDA:270,7,0,1
DA:271,1
FN:284,ReserveLogic._updateIndexes
FNDA:36086,ReserveLogic._updateIndexes
DA:291,36086
DA:293,36086
DA:294,36086
DA:297,36086
BRDA:297,8,0,11
DA:298,11
DA:299,11
DA:300,11
DA:301,11
BRDA:301,9,0,-
BRDA:301,9,1,-
DA:303,11
DA:308,36086
BRDA:308,10,0,11
DA:309,11
DA:310,11
DA:311,11
DA:312,11
BRDA:312,11,0,-
BRDA:312,11,1,-
DA:316,11
DA:319,36086
DA:320,36086
FNF:8
FNH:7
LF:63
LH:54
BRF:18
BRH:5
end_of_record
TN:
SF:contracts/protocol/core/lendingpool/logic/ValidationLogic.sol
FN:43,ValidationLogic.validateDeposit
FNDA:11747,ValidationLogic.validateDeposit
DA:44,11747
DA:48,11747
DA:49,11747
BRDA:49,0,0,-
BRDA:49,0,1,-
DA:56,11747
BRDA:56,1,0,-
BRDA:56,1,1,-
DA:57,11747
BRDA:57,2,0,-
BRDA:57,2,1,-
DA:58,11747
BRDA:58,3,0,-
BRDA:58,3,1,-
FN:92,ValidationLogic.validateWithdraw
FNDA:23028,ValidationLogic.validateWithdraw
DA:98,23028
BRDA:98,4,0,-
BRDA:98,4,1,-
DA:99,23028
BRDA:99,5,0,-
BRDA:99,5,1,-
DA:104,23028
DA:107,23028
BRDA:107,6,0,-
BRDA:107,6,1,-
DA:109,23028
BRDA:109,7,0,23028
BRDA:109,7,1,-
FN:170,ValidationLogic.validateBorrow
FNDA:1570,ValidationLogic.validateBorrow
DA:177,1570
DA:178,1570
DA:179,1570
DA:180,1570
DA:181,1570
DA:183,1570
DA:185,1570
BRDA:185,8,0,-
BRDA:185,8,1,-
DA:186,1570
BRDA:186,9,0,-
BRDA:186,9,1,-
DA:187,1570
BRDA:187,10,0,-
BRDA:187,10,1,-
DA:188,1570
BRDA:188,11,0,-
BRDA:188,11,1,-
DA:190,1570
DA:198,1570
BRDA:198,12,0,-
BRDA:198,12,1,-
DA:200,1309
BRDA:200,13,0,-
BRDA:200,13,1,-
DA:206,1309
DA:209,1309
BRDA:209,14,0,-
BRDA:209,14,1,-
FN:226,ValidationLogic.validateRepay
FNDA:2,ValidationLogic.validateRepay
DA:232,2
DA:234,2
BRDA:234,15,0,-
BRDA:234,15,1,-
DA:236,2
BRDA:236,16,0,-
BRDA:236,16,1,-
DA:238,2
BRDA:238,17,0,-
BRDA:238,17,1,-
DA:240,2
BRDA:240,18,0,2
BRDA:240,18,1,-
FN:258,ValidationLogic.validateSetUseReserveAsCollateral
FNDA:522,ValidationLogic.validateSetUseReserveAsCollateral
DA:269,522
DA:271,522
BRDA:271,19,0,-
BRDA:271,19,1,-
DA:273,522
BRDA:273,20,0,261
BRDA:273,20,1,-
FN:300,ValidationLogic.validateFlashloan
FNDA:0,ValidationLogic.validateFlashloan
DA:306,0
BRDA:306,21,0,-
BRDA:306,21,1,-
DA:307,0
DA:308,0
FN:320,ValidationLogic.validateFlashloanSimple
FNDA:0,ValidationLogic.validateFlashloanSimple
DA:321,0
DA:322,0
BRDA:322,22,0,-
BRDA:322,22,1,-
DA:323,0
BRDA:323,23,0,-
BRDA:323,23,1,-
DA:324,0
BRDA:324,24,0,-
BRDA:324,24,1,-
FN:340,ValidationLogic.validateLiquidationCall
FNDA:0,ValidationLogic.validateLiquidationCall
DA:348,0
DA:349,0
DA:350,0
BRDA:350,25,0,-
DA:351,0
DA:354,0
BRDA:354,26,0,-
DA:355,0
DA:358,0
DA:359,0
DA:362,0
BRDA:362,27,0,-
DA:363,0
DA:366,0
BRDA:366,28,0,-
DA:367,0
FN:381,ValidationLogic.validateTransfer
FNDA:45922,ValidationLogic.validateTransfer
DA:389,45922
DA:393,45922
BRDA:393,29,0,-
BRDA:393,29,1,-
FNF:9
FNH:6
LF:55
LH:36
BRF:56
BRH:3
end_of_record
TN:
SF:contracts/protocol/core/lendingpool/logic/WithdrawLogic.sol
FN:96,WithdrawLogic.withdraw
FNDA:23028,WithdrawLogic.withdraw
DA:103,23028
DA:104,23028
DA:107,23028
DA:109,23028
DA:111,23028
DA:113,23028
BRDA:113,0,0,-
DA:114,0
DA:117,23028
DA:131,23028
DA:133,23028
DA:135,23028
BRDA:135,1,0,2088
DA:136,2088
DA:137,2088
DA:140,23028
DA:144,23028
DA:146,23028
FN:179,WithdrawLogic.finalizeTransfer
FNDA:45922,WithdrawLogic.finalizeTransfer
DA:186,45922
BRDA:186,2,0,-
BRDA:186,2,1,-
DA:191,45922
DA:200,45922
DA:202,45922
BRDA:202,3,0,45922
DA:203,45922
BRDA:203,4,0,11488
DA:204,11488
DA:205,11488
DA:206,11488
DA:209,45922
BRDA:209,5,0,12273
DA:210,12273
DA:211,12273
DA:212,12273
FNF:2
FNH:2
LF:28
LH:27
BRF:7
BRH:4
end_of_record
TN:
SF:contracts/protocol/core/minipool/FlowLimiter.sol
FN:37,FlowLimiter.
FNDA:45,FlowLimiter.
DA:38,45
DA:39,45
FN:48,FlowLimiter.setFlowLimit
FNDA:263,FlowLimiter.setFlowLimit
DA:49,263
BRDA:49,0,0,-
BRDA:49,0,1,-
DA:50,263
BRDA:50,1,0,-
BRDA:50,1,1,-
DA:51,263
DA:53,263
FN:62,FlowLimiter.getFlowLimit
FNDA:10419,FlowLimiter.getFlowLimit
DA:63,10419
DA:64,10419
DA:66,10419
FN:75,FlowLimiter.currentFlow
FNDA:35675,FlowLimiter.currentFlow
DA:77,35675
FNF:4
FNH:4
LF:10
LH:10
BRF:4
BRH:0
end_of_record
TN:
SF:contracts/protocol/core/minipool/MiniPool.sol
FN:76,MiniPool.whenNotPaused
FNDA:0,MiniPool.whenNotPaused
DA:77,0
FN:85,MiniPool.onlyMiniPoolConfigurator
FNDA:2449,MiniPool.onlyMiniPoolConfigurator
DA:86,0
FN:94,MiniPool._whenNotPaused
FNDA:31170,MiniPool._whenNotPaused
DA:95,31170
BRDA:95,0,0,-
BRDA:95,0,1,-
FN:102,MiniPool._onlyMiniPoolConfigurator
FNDA:17228,MiniPool._onlyMiniPoolConfigurator
DA:103,17228
BRDA:103,1,0,17228
BRDA:103,1,1,-
FN:109,MiniPool.getRevision
FNDA:570,MiniPool.getRevision
DA:110,570
FN:120,MiniPool.initialize
FNDA:569,MiniPool.initialize
DA:124,569
DA:125,569
DA:126,569
DA:127,569
FN:140,MiniPool.deposit
FNDA:13550,MiniPool.deposit
DA:145,13550
DA:152,13550
FN:167,MiniPool.withdraw
FNDA:0,MiniPool.withdraw
DA:173,0
FN:203,MiniPool.borrow
FNDA:6261,MiniPool.borrow
DA:208,6261
DA:209,6261
DA:210,6261
DA:211,6261
BRDA:211,2,0,-
BRDA:211,2,1,-
DA:212,6261
DA:214,6261
DA:215,1
DA:216,1
BRDA:216,3,0,1
DA:217,1
DA:218,1
DA:219,1
DA:226,1
DA:228,1
DA:229,1
DA:233,1
DA:236,1
DA:244,6261
FN:277,MiniPool.repay
FNDA:1,MiniPool.repay
DA:283,1
DA:290,1
DA:291,0
FN:299,MiniPool.setUserUseReserveAsCollateral
FNDA:522,MiniPool.setUserUseReserveAsCollateral
DA:304,522
DA:306,522
DA:317,522
DA:319,0
BRDA:319,4,0,-
BRDA:319,4,1,522
DA:320,0
DA:322,522
FN:337,MiniPool.liquidationCall
FNDA:0,MiniPool.liquidationCall
DA:344,0
DA:358,0
FN:365,MiniPool._repayLendingPool
FNDA:13551,MiniPool._repayLendingPool
DA:366,13551
DA:367,13551
DA:368,13551
DA:370,13551
BRDA:370,5,0,7288
DA:371,7288
DA:372,7288
DA:373,7288
DA:375,7288
BRDA:375,6,0,1
DA:376,1
DA:386,1
DA:392,7288
DA:393,7288
DA:396,7288
DA:397,7288
DA:398,0
DA:399,0
DA:400,0
BRDA:400,7,0,-
DA:403,0
FN:423,MiniPool.flashLoan
FNDA:0,MiniPool.flashLoan
DA:429,0
FN:452,MiniPool.getReserveData
FNDA:23738,MiniPool.getReserveData
DA:458,23738
FN:471,MiniPool.getUserAccountData
FNDA:10952,MiniPool.getUserAccountData
DA:484,10952
DA:494,10952
FN:503,MiniPool.getConfiguration
FNDA:19477,MiniPool.getConfiguration
DA:509,19477
FN:517,MiniPool.getUserConfiguration
FNDA:522,MiniPool.getUserConfiguration
DA:523,522
FN:531,MiniPool.getReserveNormalizedIncome
FNDA:306504,MiniPool.getReserveNormalizedIncome
DA:538,306504
FN:546,MiniPool.getReserveNormalizedVariableDebt
FNDA:54089,MiniPool.getReserveNormalizedVariableDebt
DA:552,54089
FN:559,MiniPool.paused
FNDA:0,MiniPool.paused
DA:560,0
FN:569,MiniPool.getReservesList
FNDA:1827,MiniPool.getReservesList
DA:570,1827
DA:571,1827
DA:573,1827
DA:574,14616
DA:575,14616
DA:577,1827
FN:581,MiniPool.getReservesCount
FNDA:0,MiniPool.getReservesCount
DA:582,0
FN:589,MiniPool.getAddressesProvider
FNDA:0,MiniPool.getAddressesProvider
DA:590,0
FN:597,MiniPool.FLASHLOAN_PREMIUM_TOTAL
FNDA:0,MiniPool.FLASHLOAN_PREMIUM_TOTAL
DA:598,0
FN:605,MiniPool.MAX_NUMBER_RESERVES
FNDA:0,MiniPool.MAX_NUMBER_RESERVES
DA:606,0
FN:619,MiniPool.finalizeTransfer
FNDA:10836,MiniPool.finalizeTransfer
DA:627,10836
FN:648,MiniPool.initReserve
FNDA:2449,MiniPool.initReserve
DA:655,2449
BRDA:655,8,0,-
BRDA:655,8,1,-
DA:656,2449
DA:659,2449
FN:668,MiniPool.setReserveInterestRateStrategyAddress
FNDA:0,MiniPool.setReserveInterestRateStrategyAddress
DA:673,0
FN:682,MiniPool.setConfiguration
FNDA:14779,MiniPool.setConfiguration
DA:687,14779
FN:695,MiniPool.setPause
FNDA:0,MiniPool.setPause
DA:696,0
DA:697,0
BRDA:697,9,0,-
BRDA:697,9,1,-
DA:698,0
DA:700,0
FN:708,MiniPool._addReserveToList
FNDA:2449,MiniPool._addReserveToList
DA:709,2449
DA:711,2449
BRDA:711,10,0,-
BRDA:711,10,1,-
DA:713,2449
DA:715,2449
BRDA:715,11,0,2448
DA:716,2448
DA:717,2448
DA:719,2448
FN:728,MiniPool.getCurrentLendingPoolDebt
FNDA:14576,MiniPool.getCurrentLendingPoolDebt
DA:729,14576
FN:737,MiniPool.setRewarderForReserve
FNDA:0,MiniPool.setRewarderForReserve
DA:741,0
FN:750,MiniPool.updateFlashLoanFee
FNDA:0,MiniPool.updateFlashLoanFee
DA:751,0
FN:758,MiniPool._updateFlashLoanFee
FNDA:569,MiniPool._updateFlashLoanFee
DA:759,569
FNF:36
FNH:23
LF:98
LH:73
BRF:19
BRH:6
end_of_record
TN:
SF:contracts/protocol/core/minipool/MiniPoolConfigurator.sol
FN:37,MiniPoolConfigurator.onlyPoolAdmin
FNDA:269,MiniPoolConfigurator.onlyPoolAdmin
DA:38,269
DA:39,269
BRDA:39,0,0,261
BRDA:39,0,1,-
FN:46,MiniPoolConfigurator.onlyMainPoolAdmin
FNDA:570,MiniPoolConfigurator.onlyMainPoolAdmin
DA:47,570
BRDA:47,1,0,2610
BRDA:47,1,1,-
FN:54,MiniPoolConfigurator.onlyEmergencyAdmin
FNDA:261,MiniPoolConfigurator.onlyEmergencyAdmin
DA:55,261
BRDA:55,2,0,261
BRDA:55,2,1,-
FN:66,MiniPoolConfigurator.getRevision
FNDA:47,MiniPoolConfigurator.getRevision
DA:67,47
FN:74,MiniPoolConfigurator.initialize
FNDA:46,MiniPoolConfigurator.initialize
DA:75,46
FN:85,MiniPoolConfigurator.batchInitReserve
FNDA:309,MiniPoolConfigurator.batchInitReserve
DA:89,309
DA:90,2451
FN:100,MiniPoolConfigurator.setRewarderForReserve
FNDA:0,MiniPoolConfigurator.setRewarderForReserve
DA:104,0
FN:112,MiniPoolConfigurator.updateFlashloanPremiumTotal
FNDA:0,MiniPoolConfigurator.updateFlashloanPremiumTotal
DA:116,0
BRDA:116,3,0,-
BRDA:116,3,1,-
DA:120,0
FN:127,MiniPoolConfigurator.setCod3xTreasury
FNDA:1043,MiniPoolConfigurator.setCod3xTreasury
DA:128,1043
FN:137,MiniPoolConfigurator.setFlowLimit
FNDA:0,MiniPoolConfigurator.setFlowLimit
DA:141,0
DA:143,0
FN:152,MiniPoolConfigurator.setReserveInterestRateStrategyAddress
FNDA:0,MiniPoolConfigurator.setReserveInterestRateStrategyAddress
DA:157,0
DA:158,0
FN:167,MiniPoolConfigurator.setCod3xReserveFactor
FNDA:2873,MiniPoolConfigurator.setCod3xReserveFactor
DA:171,2873
DA:173,2873
DA:175,2873
DA:177,1829
FN:186,MiniPoolConfigurator.setDepositCap
FNDA:2349,MiniPoolConfigurator.setDepositCap
DA:190,2349
DA:192,2349
DA:194,2349
DA:196,1305
FN:204,MiniPoolConfigurator._initReserve
FNDA:2451,MiniPoolConfigurator._initReserve
DA:205,2451
DA:206,2451
DA:212,2449
DA:219,2449
DA:220,2449
DA:222,2449
DA:223,2449
DA:224,2449
DA:225,2449
DA:227,2449
DA:229,2449
FN:241,MiniPoolConfigurator.setPoolPause
FNDA:0,MiniPoolConfigurator.setPoolPause
DA:242,0
FN:252,MiniPoolConfigurator.enableBorrowingOnReserve
FNDA:2710,MiniPoolConfigurator.enableBorrowingOnReserve
DA:256,2449
DA:258,2449
DA:260,2449
DA:262,2449
FN:270,MiniPoolConfigurator.disableBorrowingOnReserve
FNDA:269,MiniPoolConfigurator.disableBorrowingOnReserve
DA:274,4
DA:276,4
DA:278,4
DA:279,4
FN:290,MiniPoolConfigurator.configureReserveAsCollateral
FNDA:2710,MiniPoolConfigurator.configureReserveAsCollateral
DA:297,2449
DA:302,2449
BRDA:302,4,0,-
BRDA:302,4,1,-
DA:304,2449
BRDA:304,5,0,2449
BRDA:304,5,1,-
DA:307,2449
BRDA:307,6,0,-
BRDA:307,6,1,-
DA:314,2449
BRDA:314,7,0,-
BRDA:314,7,1,-
DA:320,0
BRDA:320,8,0,-
BRDA:320,8,1,-
DA:324,0
DA:327,2449
DA:328,2449
DA:329,2449
DA:331,2449
DA:333,2449
FN:341,MiniPoolConfigurator.activateReserve
FNDA:2730,MiniPoolConfigurator.activateReserve
DA:342,2453
DA:344,2453
DA:346,2453
DA:348,2453
FN:356,MiniPoolConfigurator.deactivateReserve
FNDA:265,MiniPoolConfigurator.deactivateReserve
DA:360,4
DA:362,4
DA:364,4
DA:366,4
DA:368,4
FN:376,MiniPoolConfigurator.freezeReserve
FNDA:265,MiniPoolConfigurator.freezeReserve
DA:377,4
DA:379,4
DA:381,4
DA:383,4
FN:391,MiniPoolConfigurator.unfreezeReserve
FNDA:265,MiniPoolConfigurator.unfreezeReserve
DA:392,4
DA:394,4
DA:396,4
DA:398,4
FN:406,MiniPoolConfigurator.enableFlashloan
FNDA:261,MiniPoolConfigurator.enableFlashloan
DA:407,0
DA:409,0
DA:411,0
DA:413,0
FN:421,MiniPoolConfigurator.disableFlashloan
FNDA:261,MiniPoolConfigurator.disableFlashloan
DA:425,0
DA:427,0
DA:429,0
DA:431,0
FN:439,MiniPoolConfigurator.setPoolAdmin
FNDA:261,MiniPoolConfigurator.setPoolAdmin
DA:440,0
DA:441,0
FN:449,MiniPoolConfigurator.setMinipoolOwnerTreasuryToMiniPool
FNDA:785,MiniPoolConfigurator.setMinipoolOwnerTreasuryToMiniPool
DA:453,524
DA:454,524
FN:463,MiniPoolConfigurator.setMinipoolOwnerReserveFactor
FNDA:2090,MiniPoolConfigurator.setMinipoolOwnerReserveFactor
DA:467,1829
DA:469,1829
DA:471,1829
DA:473,1829
FN:481,MiniPoolConfigurator._checkNoLiquidity
FNDA:4,MiniPoolConfigurator._checkNoLiquidity
DA:482,4
DA:484,4
DA:486,4
BRDA:486,9,0,4
BRDA:486,9,1,4
FNF:28
FNH:23
LF:92
LH:72
BRF:20
BRH:6
end_of_record
TN:
SF:contracts/protocol/core/minipool/logic/MiniPoolBorrowLogic.sol
FN:101,MiniPoolBorrowLogic.calculateUserAccountDataVolatile
FNDA:6261,MiniPoolBorrowLogic.calculateUserAccountDataVolatile
DA:107,6261
DA:109,6261
BRDA:109,0,0,261
DA:110,261
DA:113,6000
DA:114,48000
BRDA:114,1,0,33403
DA:115,33403
DA:118,14597
DA:119,14597
DA:122,14597
DA:125,14597
DA:127,14597
DA:129,14597
BRDA:129,2,0,11220
DA:130,11220
DA:134,11220
DA:135,11220
DA:137,11220
DA:139,11220
DA:140,11220
DA:144,14597
BRDA:144,3,0,4178
DA:145,4178
DA:149,4178
DA:154,6000
DA:155,6000
DA:159,6000
DA:163,6000
FN:197,MiniPoolBorrowLogic.executeBorrow
FNDA:6261,MiniPoolBorrowLogic.executeBorrow
DA:204,6261
DA:205,6261
BRDA:205,4,0,-
BRDA:205,4,1,-
DA:207,6261
DA:209,6261
DA:212,6261
DA:214,6261
DA:215,6261
DA:216,6261
DA:218,6261
DA:219,6261
DA:220,6261
DA:225,6000
DA:228,6000
DA:230,6000
DA:231,6000
DA:232,6000
DA:233,6000
DA:235,6000
DA:239,4693
BRDA:239,5,0,4693
DA:240,4693
DA:244,6000
DA:246,6000
BRDA:246,6,0,6000
DA:247,6000
DA:252,6000
FN:265,MiniPoolBorrowLogic.amountInETH
FNDA:6261,MiniPoolBorrowLogic.amountInETH
DA:270,6261
FN:302,MiniPoolBorrowLogic.repay
FNDA:1,MiniPoolBorrowLogic.repay
DA:308,1
DA:310,1
DA:312,1
DA:316,1
DA:318,1
BRDA:318,7,0,-
DA:319,0
DA:322,1
DA:324,1
DA:333,1
DA:334,1
DA:336,1
BRDA:336,8,0,1
DA:337,1
DA:340,0
BRDA:340,9,0,-
BRDA:340,9,1,-
DA:341,0
DA:342,0
DA:343,0
DA:344,0
DA:346,0
DA:347,0
DA:348,0
DA:350,1
DA:353,0
DA:357,1
DA:359,0
FNF:4
FNH:4
LF:74
LH:63
BRF:12
BRH:7
end_of_record
TN:
SF:contracts/protocol/core/minipool/logic/MiniPoolDepositLogic.sol
FN:75,MiniPoolDepositLogic.deposit
FNDA:13550,MiniPoolDepositLogic.deposit
DA:82,13550
DA:84,13550
DA:86,13550
DA:88,13550
DA:89,13550
DA:91,0
BRDA:91,0,0,-
BRDA:91,0,1,-
DA:92,0
DA:93,0
DA:94,0
DA:95,0
DA:97,0
DA:98,0
DA:99,0
DA:101,13550
DA:104,0
DA:108,11458
BRDA:108,1,0,11458
DA:109,11458
DA:110,11458
DA:113,13550
FN:123,MiniPoolDepositLogic.internalDeposit
FNDA:1,MiniPoolDepositLogic.internalDeposit
DA:129,1
DA:131,1
DA:133,1
DA:135,1
DA:136,1
DA:138,1
DA:140,1
DA:144,1
FNF:2
FNH:2
LF:27
LH:18
BRF:3
BRH:1
end_of_record
TN:
SF:contracts/protocol/core/minipool/logic/MiniPoolFlashLoanLogic.sol
FN:104,MiniPoolFlashLoanLogic.flashLoan
FNDA:0,MiniPoolFlashLoanLogic.flashLoan
DA:110,0
DA:112,0
DA:116,0
DA:117,0
DA:119,0
DA:121,0
DA:130,0
BRDA:130,0,0,-
BRDA:130,0,1,-
DA:141,0
DA:142,0
DA:143,0
DA:144,0
DA:145,0
DA:147,0
DA:149,0
DA:151,0
BRDA:151,1,0,-
BRDA:148,1,1,-
DA:152,0
DA:166,0
DA:187,0
FN:209,MiniPoolFlashLoanLogic.getATokenAdressesAndPremiums
FNDA:0,MiniPoolFlashLoanLogic.getATokenAdressesAndPremiums
DA:217,0
DA:218,0
DA:219,0
DA:220,0
DA:221,0
DA:223,0
DA:227,0
DA:228,0
FN:238,MiniPoolFlashLoanLogic._handleFlashLoanRepayment
FNDA:0,MiniPoolFlashLoanLogic._handleFlashLoanRepayment
DA:242,0
DA:244,0
DA:246,0
DA:247,0
DA:251,0
DA:253,0
DA:257,0
[...]
FN:595,Common.fixture_transferTokensToTestContract
FNDA:65,Common.fixture_transferTokensToTestContract
DA:600,65
DA:601,260
DA:602,260
DA:603,260
DA:604,260
DA:605,260
DA:606,260
DA:611,260
DA:616,260
FN:627,Common.fixture_deployMiniPoolSetup
FNDA:306,Common.fixture_deployMiniPoolSetup
DA:633,306
DA:634,306
BRDA:634,2,0,45
DA:635,45
DA:638,306
BRDA:638,3,0,45
DA:639,45
DA:642,306
BRDA:642,4,0,45
BRDA:642,4,1,-
DA:645,45
DA:648,45
DA:649,45
DA:650,45
DA:655,45
DA:659,45
DA:660,45
DA:661,45
DA:665,45
DA:667,45
DA:672,45
DA:679,45
DA:686,45
DA:697,45
DA:702,261
DA:709,306
FN:712,Common.fixture_convertWithDecimals
FNDA:4,Common.fixture_convertWithDecimals
DA:717,4
FN:722,Common.fixture_preciseConvertWithDecimals
FNDA:2881,Common.fixture_preciseConvertWithDecimals
DA:727,2881
FN:732,Common.fixture_configureMiniPoolReserves
FNDA:307,Common.fixture_configureMiniPoolReserves
DA:738,307
DA:739,307
DA:740,307
DA:741,307
DA:743,307
DA:744,307
DA:745,2449
DA:746,2449
DA:748,2449
DA:752,2449
DA:760,307
DA:761,307
DA:764,307
DA:768,307
DA:769,307
DA:770,2449
DA:778,307
DA:779,307
FN:782,Common.prepareReserveForLending
FNDA:2449,Common.prepareReserveForLending
DA:789,2449
DA:793,2449
DA:795,2449
FN:798,Common.getUsdValOfToken
FNDA:0,Common.getUsdValOfToken
DA:799,0
FN:802,Common.fixture_changePriceOfToken
FNDA:0,Common.fixture_changePriceOfToken
DA:807,0
DA:808,0
DA:811,0
DA:812,0
DA:813,0
DA:814,0
DA:816,0
DA:818,0
DA:819,0
FN:825,Common.fixture_calcCompoundedInterest
FNDA:0,Common.fixture_calcCompoundedInterest
DA:830,0
DA:831,0
BRDA:831,5,0,-
DA:832,0
DA:834,0
DA:836,0
DA:837,0
DA:839,0
DA:840,0
DA:841,0
DA:842,0
DA:844,0
FN:847,Common.fixture_calcExpectedVariableDebtTokenBalance
FNDA:0,Common.fixture_calcExpectedVariableDebtTokenBalance
DA:854,0
BRDA:854,6,0,-
DA:855,0
DA:857,0
DA:858,0
DA:859,0
DA:861,0
DA:862,0
FN:865,Common.turnOnRehypothecation
FNDA:0,Common.turnOnRehypothecation
DA:874,0
DA:875,0
DA:876,0
DA:877,0
DA:878,0
DA:879,0
DA:880,0
FNF:23
FNH:18
LF:208
LH:170
BRF:9
BRH:4
end_of_record
TN:
SF:tests/foundry/LendingPoolFixtures.t.sol
FN:12,LendingPoolFixtures.setUp
FNDA:0,LendingPoolFixtures.setUp
FN:14,LendingPoolFixtures.fixture_deposit
FNDA:1054,LendingPoolFixtures.fixture_deposit
DA:21,1054
DA:22,1054
DA:23,1054
DA:24,1054
DA:25,1054
DA:26,1054
DA:27,1054
DA:28,1054
DA:29,1054
DA:30,1054
DA:31,1054
DA:32,1054
DA:38,1054
FN:45,LendingPoolFixtures.fixture_withdraw
FNDA:1044,LendingPoolFixtures.fixture_withdraw
DA:48,1044
DA:50,1044
DA:53,1044
DA:54,1044
DA:55,1044
FN:62,LendingPoolFixtures.fixture_getMaxValueToBorrow
FNDA:8,LendingPoolFixtures.fixture_getMaxValueToBorrow
DA:67,8
DA:68,8
DA:69,8
DA:70,8
DA:73,8
DA:75,8
DA:77,8
DA:78,8
DA:83,8
FN:86,LendingPoolFixtures.fixture_depositAndBorrow
FNDA:5,LendingPoolFixtures.fixture_depositAndBorrow
DA:94,5
DA:96,5
DA:97,5
DA:99,5
DA:101,5
BRDA:101,0,0,5
BRDA:101,0,1,-
DA:105,5
DA:107,5
DA:111,5
DA:112,5
DA:114,5
DA:118,5
DA:121,5
DA:129,5
DA:131,5
DA:132,5
DA:133,5
DA:140,5
DA:143,5
DA:144,5
DA:146,5
DA:151,5
DA:156,0
FNF:5
FNH:4
LF:49
LH:48
BRF:2
BRH:1
end_of_record
TN:
SF:tests/foundry/MiniPoolFixtures.t.sol
FN:22,MiniPoolFixtures.fixture_depositTokensToMainPool
FNDA:6254,MiniPoolFixtures.fixture_depositTokensToMainPool
DA:27,6254
DA:29,6254
DA:31,6254
DA:32,6254
DA:33,6254
DA:34,6254
DA:35,6254
DA:36,6254
DA:37,6254
DA:40,6254
DA:41,6254
DA:47,6254
FN:50,MiniPoolFixtures.fixture_depositATokensToMiniPool
FNDA:6254,MiniPoolFixtures.fixture_depositATokensToMiniPool
DA:57,6254
DA:58,6254
DA:60,6254
DA:61,6254
DA:62,6254
DA:63,6254
DA:64,6254
DA:65,6254
DA:66,6254
DA:67,6254
DA:68,6254
DA:71,6254
DA:72,6254
DA:75,6254
DA:76,6254
DA:77,6254
DA:78,6254
DA:83,6254
DA:84,6254
FN:87,MiniPoolFixtures.fixture_depositTokensToMiniPool
FNDA:6262,MiniPoolFixtures.fixture_depositTokensToMiniPool
DA:94,6262
DA:96,6262
DA:97,6262
DA:98,6262
DA:99,6262
DA:100,6262
DA:101,6262
DA:102,6262
DA:105,6262
DA:106,6262
FN:109,MiniPoolFixtures.fixture_MiniPoolDeposit
FNDA:6254,MiniPoolFixtures.fixture_MiniPoolDeposit
DA:116,6254
DA:117,6254
DA:118,6254
DA:119,6254
DA:120,6254
DA:122,6254
DA:125,6254
DA:126,6254
DA:128,6254
DA:129,6254
DA:130,6254
DA:133,6254
DA:135,6254
DA:136,6254
DA:137,6254
DA:140,6254
DA:143,6254
DA:144,6254
DA:146,6254
DA:148,6254
FN:157,MiniPoolFixtures.fixture_miniPoolBorrow
FNDA:2349,MiniPoolFixtures.fixture_miniPoolBorrow
DA:165,2349
DA:167,2349
DA:168,2349
DA:169,2349
DA:172,2349
DA:174,2349
DA:177,2349
DA:179,2349
DA:180,2349
DA:185,2349
DA:188,0
DA:196,2349
DA:197,2349
DA:202,2349
DA:205,2349
DA:206,2349
DA:207,2349
DA:212,2349
DA:213,2349
BRDA:213,0,0,2349
BRDA:213,0,1,-
DA:214,2349
BRDA:214,1,0,2349
BRDA:214,1,1,-
DA:215,2349
DA:216,2349
DA:217,2349
DA:224,2349
DA:225,2349
DA:227,2349
DA:229,2349
DA:230,2349
DA:231,2349
DA:233,2349
DA:234,2349
DA:240,2349
DA:241,2349
DA:246,2349
DA:253,2349
DA:256,2349
DA:257,2349
DA:261,2349
DA:262,2349
DA:263,2349
DA:264,2349
DA:266,2349
DA:271,2349
DA:275,2349
DA:277,2349
DA:282,2349
DA:283,2349
DA:286,2349
DA:287,2349
DA:290,2349
DA:291,2349
DA:296,2349
DA:297,2349
DA:298,2349
FN:301,MiniPoolFixtures.fixture_miniPoolBorrowWithFlowFromLendingPool
FNDA:0,MiniPoolFixtures.fixture_miniPoolBorrowWithFlowFromLendingPool
DA:308,0
DA:310,0
DA:311,0
DA:312,0
DA:315,0
DA:317,0
DA:320,0
DA:322,0
DA:323,0
DA:328,0
DA:334,0
DA:335,0
DA:337,0
DA:342,0
DA:345,0
DA:346,0
DA:347,0
DA:350,0
DA:353,0
DA:359,0
DA:363,0
DA:365,0
DA:366,0
DA:367,0
DA:368,0
DA:373,0
DA:377,0
DA:378,0
DA:380,0
DA:381,0
DA:382,0
DA:383,0
DA:384,0
DA:385,0
DA:388,0
DA:390,0
DA:395,0
DA:396,0
DA:398,0
DA:399,0
DA:400,0
DA:402,0
FNF:6
FNH:5
LF:157
LH:114
BRF:4
BRH:2
end_of_record
TN:
SF:tests/foundry/helpers/ATokenERC6909V2.sol
FN:87,ATokenERC6909V2.initialize
FNDA:0,ATokenERC6909V2.initialize
DA:88,0
BRDA:88,0,0,-
BRDA:88,0,1,-
DA:89,0
DA:92,0
DA:94,0
DA:95,0
DA:96,0
FN:109,ATokenERC6909V2.initReserve
FNDA:0,ATokenERC6909V2.initReserve
DA:115,0
BRDA:115,1,0,-
BRDA:115,1,1,-
DA:119,0
DA:120,0
BRDA:120,2,0,-
BRDA:120,2,1,-
DA:121,0
DA:122,0
DA:123,0
DA:126,0
BRDA:126,3,0,-
BRDA:126,3,1,-
DA:129,0
BRDA:129,4,0,-
BRDA:129,4,1,-
DA:134,0
DA:136,0
DA:137,0
FN:144,ATokenERC6909V2.setIncentivesController
FNDA:0,ATokenERC6909V2.setIncentivesController
DA:145,0
BRDA:145,5,0,-
BRDA:145,5,1,-
DA:146,0
FN:156,ATokenERC6909V2.transfer
FNDA:0,ATokenERC6909V2.transfer
DA:162,0
BRDA:162,6,0,-
BRDA:162,6,1,-
DA:163,0
DA:165,0
DA:166,0
DA:167,0
DA:169,0
DA:171,0
DA:180,0
DA:183,0
FN:194,ATokenERC6909V2.transferFrom
FNDA:0,ATokenERC6909V2.transferFrom
DA:200,0
BRDA:200,7,0,-
BRDA:200,7,1,-
DA:201,0
DA:203,0
DA:204,0
DA:205,0
DA:207,0
DA:209,0
DA:213,0
DA:216,0
FN:226,ATokenERC6909V2.transferUnderlyingTo
FNDA:0,ATokenERC6909V2.transferUnderlyingTo
DA:227,0
BRDA:227,8,0,-
BRDA:227,8,1,-
DA:229,0
BRDA:229,9,0,-
BRDA:229,9,1,-
DA:230,0
DA:231,0
DA:235,0
FN:245,ATokenERC6909V2.mintToCod3xTreasury
FNDA:0,ATokenERC6909V2.mintToCod3xTreasury
DA:246,0
DA:247,0
FN:256,ATokenERC6909V2.mintToMinipoolOwnerTreasury
FNDA:0,ATokenERC6909V2.mintToMinipoolOwnerTreasury
DA:257,0
DA:258,0
FN:270,ATokenERC6909V2.mint
FNDA:0,ATokenERC6909V2.mint
DA:274,0
BRDA:274,10,0,-
BRDA:274,10,1,-
DA:275,0
BRDA:275,11,0,-
DA:276,0
DA:279,0
DA:281,0
BRDA:281,12,0,-
BRDA:281,12,1,-
DA:282,0
BRDA:282,13,0,-
DA:283,0
BRDA:283,14,0,-
BRDA:283,14,1,-
DA:287,0
DA:289,0
DA:290,0
DA:291,0
BRDA:291,15,0,-
BRDA:291,15,1,-
DA:292,0
DA:294,0
DA:295,0
DA:296,0
BRDA:296,16,0,-
BRDA:296,16,1,-
DA:297,0
DA:300,0
FN:312,ATokenERC6909V2.burn
FNDA:0,ATokenERC6909V2.burn
DA:320,0
BRDA:320,17,0,-
BRDA:320,17,1,-
DA:321,0
BRDA:321,18,0,-
BRDA:321,18,1,-
DA:322,0
DA:323,0
BRDA:323,19,0,-
BRDA:323,19,1,-
DA:324,0
DA:326,0
DA:327,0
BRDA:327,20,0,-
BRDA:327,20,1,-
DA:328,0
DA:329,0
FN:339,ATokenERC6909V2.approveDelegation
FNDA:0,ATokenERC6909V2.approveDelegation
DA:340,0
FN:350,ATokenERC6909V2.transferOnLiquidation
FNDA:0,ATokenERC6909V2.transferOnLiquidation
DA:351,0
BRDA:351,21,0,-
BRDA:351,21,1,-
DA:352,0
FN:358,ATokenERC6909V2.handleRepayment
FNDA:0,ATokenERC6909V2.handleRepayment
DA:359,0
BRDA:359,22,0,-
BRDA:359,22,1,-
FN:369,ATokenERC6909V2._setUnderlyingAsset
FNDA:0,ATokenERC6909V2._setUnderlyingAsset
DA:370,0
BRDA:370,23,0,-
BRDA:370,23,1,-
DA:371,0
FN:379,ATokenERC6909V2._beforeTokenTransfer
FNDA:0,ATokenERC6909V2._beforeTokenTransfer
DA:380,0
BRDA:380,24,0,-
DA:381,0
BRDA:381,25,0,-
BRDA:381,25,1,-
FN:393,ATokenERC6909V2._afterTokenTransfer
FNDA:0,ATokenERC6909V2._afterTokenTransfer
DA:397,0
DA:398,0
DA:399,0
DA:401,0
BRDA:401,26,0,-
BRDA:401,26,1,-
DA:402,0
DA:403,0
DA:404,0
DA:405,0
BRDA:405,27,0,-
DA:406,0
DA:409,0
BRDA:409,28,0,-
BRDA:409,28,1,-
DA:410,0
DA:411,0
DA:412,0
DA:413,0
BRDA:413,29,0,-
DA:414,0
DA:419,0
DA:420,0
DA:421,0
BRDA:421,30,0,-
DA:422,0
DA:424,0
BRDA:424,31,0,-
DA:425,0
FN:437,ATokenERC6909V2._determineIfAToken
FNDA:0,ATokenERC6909V2._determineIfAToken
DA:438,0
DA:439,0
DA:440,0
DA:441,0
FN:451,ATokenERC6909V2._getNextIdForUnderlying
FNDA:0,ATokenERC6909V2._getNextIdForUnderlying
DA:456,0
DA:457,0
BRDA:457,32,0,-
BRDA:457,32,1,-
DA:458,0
DA:461,0
BRDA:461,33,0,-
BRDA:461,33,1,-
DA:466,0
DA:468,0
DA:470,0
DA:471,0
DA:473,0
FN:485,ATokenERC6909V2._mintToTreasury
FNDA:0,ATokenERC6909V2._mintToTreasury
DA:488,0
BRDA:488,34,0,-
BRDA:488,34,1,-
DA:489,0
BRDA:489,35,0,-
DA:490,0
DA:497,0
FN:508,ATokenERC6909V2._decreaseBorrowAllowance
FNDA:0,ATokenERC6909V2._decreaseBorrowAllowance
DA:514,0
DA:515,0
BRDA:515,36,0,-
BRDA:515,36,1,-
DA:516,0
DA:517,0
FN:529,ATokenERC6909V2._initializeATokenID
FNDA:0,ATokenERC6909V2._initializeATokenID
DA:536,0
BRDA:536,37,0,-
BRDA:536,37,1,-
DA:537,0
BRDA:537,38,0,-
BRDA:537,38,1,-
DA:538,0
BRDA:538,39,0,-
BRDA:538,39,1,-
DA:539,0
BRDA:539,40,0,-
BRDA:539,40,1,-
DA:540,0
BRDA:540,41,0,-
BRDA:540,41,1,-
DA:541,0
DA:547,0
DA:553,0
DA:554,0
DA:555,0
FN:567,ATokenERC6909V2._initializeDebtTokenID
FNDA:0,ATokenERC6909V2._initializeDebtTokenID
DA:574,0
BRDA:574,42,0,-
BRDA:574,42,1,-
DA:575,0
BRDA:575,43,0,-
BRDA:575,43,1,-
DA:576,0
BRDA:576,44,0,-
BRDA:576,44,1,-
DA:577,0
BRDA:577,45,0,-
BRDA:577,45,1,-
DA:578,0
DA:579,0
DA:580,0
DA:581,0
DA:582,0
FN:593,ATokenERC6909V2._transferForLiquidation
FNDA:0,ATokenERC6909V2._transferForLiquidation
DA:596,0
BRDA:596,46,0,-
DA:597,0
DA:599,0
DA:601,0
FN:612,ATokenERC6909V2.totalSupply
FNDA:0,ATokenERC6909V2.totalSupply
DA:613,0
DA:615,0
BRDA:615,47,0,-
DA:616,0
DA:619,0
FN:630,ATokenERC6909V2.balanceOf
FNDA:0,ATokenERC6909V2.balanceOf
DA:631,0
BRDA:631,48,0,-
BRDA:631,48,1,-
DA:632,0
DA:636,0
FN:647,ATokenERC6909V2.scaledTotalSupply
FNDA:0,ATokenERC6909V2.scaledTotalSupply
DA:648,0
FN:656,ATokenERC6909V2.isAToken
FNDA:0,ATokenERC6909V2.isAToken
DA:657,0
FN:665,ATokenERC6909V2.isDebtToken
FNDA:0,ATokenERC6909V2.isDebtToken
DA:666,0
FN:674,ATokenERC6909V2.isTranche
FNDA:0,ATokenERC6909V2.isTranche
DA:675,0
FN:684,ATokenERC6909V2.getScaledUserBalanceAndSupply
FNDA:0,ATokenERC6909V2.getScaledUserBalanceAndSupply
DA:689,0
FN:700,ATokenERC6909V2.getNextIdForUnderlying
FNDA:0,ATokenERC6909V2.getNextIdForUnderlying
DA:705,0
DA:707,0
BRDA:707,49,0,-
BRDA:707,49,1,-
FN:720,ATokenERC6909V2.getIdForUnderlying
FNDA:0,ATokenERC6909V2.getIdForUnderlying
DA:725,0
DA:726,0
DA:727,0
DA:728,0
DA:729,0
DA:731,0
BRDA:731,50,0,-
BRDA:731,50,1,-
FN:741,ATokenERC6909V2.getUnderlyingAsset
FNDA:0,ATokenERC6909V2.getUnderlyingAsset
DA:742,0
FN:749,ATokenERC6909V2.getRevision
FNDA:0,ATokenERC6909V2.getRevision
DA:750,0
FN:757,ATokenERC6909V2.getMinipoolAddress
FNDA:0,ATokenERC6909V2.getMinipoolAddress
DA:758,0
FN:765,ATokenERC6909V2.getMinipoolId
FNDA:0,ATokenERC6909V2.getMinipoolId
DA:766,0
FN:773,ATokenERC6909V2.getIncentivesController
FNDA:0,ATokenERC6909V2.getIncentivesController
DA:774,0
FNF:37
FNH:0
LF:170
LH:0
BRF:92
BRH:0
end_of_record
TN:
SF:tests/foundry/helpers/LendingPoolV2.sol
FN:58,LendingPoolV2.whenNotPaused
FNDA:0,LendingPoolV2.whenNotPaused
DA:59,0
FN:67,LendingPoolV2.onlyLendingPoolConfigurator
FNDA:0,LendingPoolV2.onlyLendingPoolConfigurator
DA:68,0
FN:76,LendingPoolV2._whenNotPaused
FNDA:0,LendingPoolV2._whenNotPaused
DA:77,0
BRDA:77,0,0,-
BRDA:77,0,1,-
FN:84,LendingPoolV2._onlyLendingPoolConfigurator
FNDA:0,LendingPoolV2._onlyLendingPoolConfigurator
DA:85,0
BRDA:85,1,0,-
BRDA:85,1,1,-
FN:92,LendingPoolV2.getRevision
FNDA:0,LendingPoolV2.getRevision
DA:93,0
FN:103,LendingPoolV2.initialize
FNDA:0,LendingPoolV2.initialize
DA:104,0
DA:105,0
DA:106,0
FN:119,LendingPoolV2.deposit
FNDA:0,LendingPoolV2.deposit
DA:124,0
FN:144,LendingPoolV2.withdraw
FNDA:0,LendingPoolV2.withdraw
DA:150,0
FN:170,LendingPoolV2.borrow
FNDA:0,LendingPoolV2.borrow
DA:175,0
DA:177,0
FN:208,LendingPoolV2.repay
FNDA:0,LendingPoolV2.repay
DA:214,0
FN:228,LendingPoolV2.repayWithATokens
FNDA:0,LendingPoolV2.repayWithATokens
DA:234,0
FN:248,LendingPoolV2.setUserUseReserveAsCollateral
FNDA:0,LendingPoolV2.setUserUseReserveAsCollateral
DA:253,0
DA:255,0
DA:267,0
DA:269,0
BRDA:269,2,0,-
BRDA:269,2,1,-
DA:270,0
DA:272,0
FN:289,LendingPoolV2.liquidationCall
FNDA:0,LendingPoolV2.liquidationCall
DA:298,0
BRDA:298,3,0,-
BRDA:298,3,1,-
DA:300,0
FN:334,LendingPoolV2.flashLoan
FNDA:0,LendingPoolV2.flashLoan
DA:340,0
FN:367,LendingPoolV2.miniPoolBorrow
FNDA:0,LendingPoolV2.miniPoolBorrow
DA:372,0
BRDA:372,4,0,-
BRDA:372,4,1,-
DA:374,0
FN:393,LendingPoolV2._isMiniPool
FNDA:0,LendingPoolV2._isMiniPool
DA:394,0
DA:395,0
DA:396,0
FN:406,LendingPoolV2.getReserveData
FNDA:0,LendingPoolV2.getReserveData
DA:412,0
FN:425,LendingPoolV2.getUserAccountData
FNDA:0,LendingPoolV2.getUserAccountData
DA:438,0
DA:448,0
FN:458,LendingPoolV2.getConfiguration
FNDA:0,LendingPoolV2.getConfiguration
DA:464,0
FN:472,LendingPoolV2.getUserConfiguration
FNDA:0,LendingPoolV2.getUserConfiguration
DA:478,0
FN:487,LendingPoolV2.getReserveNormalizedIncome
FNDA:0,LendingPoolV2.getReserveNormalizedIncome
DA:494,0
FN:503,LendingPoolV2.getReserveNormalizedVariableDebt
FNDA:0,LendingPoolV2.getReserveNormalizedVariableDebt
DA:509,0
FN:516,LendingPoolV2.paused
FNDA:0,LendingPoolV2.paused
DA:517,0
FN:525,LendingPoolV2.getReservesList
FNDA:0,LendingPoolV2.getReservesList
DA:526,0
DA:527,0
DA:529,0
DA:530,0
DA:531,0
DA:533,0
FN:540,LendingPoolV2.getReservesCount
FNDA:0,LendingPoolV2.getReservesCount
DA:541,0
FN:548,LendingPoolV2.getAddressesProvider
FNDA:0,LendingPoolV2.getAddressesProvider
DA:554,0
FN:561,LendingPoolV2.FLASHLOAN_PREMIUM_TOTAL
FNDA:0,LendingPoolV2.FLASHLOAN_PREMIUM_TOTAL
DA:562,0
FN:569,LendingPoolV2.MAX_NUMBER_RESERVES
FNDA:0,LendingPoolV2.MAX_NUMBER_RESERVES
DA:570,0
FN:584,LendingPoolV2.finalizeTransfer
FNDA:0,LendingPoolV2.finalizeTransfer
DA:593,0
FN:620,LendingPoolV2.initReserve
FNDA:0,LendingPoolV2.initReserve
DA:627,0
BRDA:627,6,0,-
BRDA:627,6,1,-
DA:628,0
DA:631,0
FN:641,LendingPoolV2.setReserveInterestRateStrategyAddress
FNDA:0,LendingPoolV2.setReserveInterestRateStrategyAddress
DA:646,0
FN:656,LendingPoolV2.setConfiguration
FNDA:0,LendingPoolV2.setConfiguration
DA:661,0
FN:669,LendingPoolV2.setPause
FNDA:0,LendingPoolV2.setPause
DA:670,0
DA:671,0
BRDA:671,7,0,-
BRDA:671,7,1,-
DA:672,0
DA:674,0
FN:683,LendingPoolV2.setFarmingPct
FNDA:0,LendingPoolV2.setFarmingPct
DA:688,0
FN:696,LendingPoolV2.setClaimingThreshold
FNDA:0,LendingPoolV2.setClaimingThreshold
DA:701,0
FN:709,LendingPoolV2.setFarmingPctDrift
FNDA:0,LendingPoolV2.setFarmingPctDrift
DA:714,0
FN:722,LendingPoolV2.setProfitHandler
FNDA:0,LendingPoolV2.setProfitHandler
DA:727,0
FN:735,LendingPoolV2.setVault
FNDA:0,LendingPoolV2.setVault
DA:740,0
FN:747,LendingPoolV2.rebalance
FNDA:0,LendingPoolV2.rebalance
DA:748,0
FN:756,LendingPoolV2.getTotalManagedAssets
FNDA:0,LendingPoolV2.getTotalManagedAssets
DA:762,0
FN:770,LendingPoolV2._addReserveToList
FNDA:0,LendingPoolV2._addReserveToList
DA:771,0
DA:773,0
BRDA:773,8,0,-
BRDA:773,8,1,-
DA:775,0
DA:776,0
DA:778,0
BRDA:778,9,0,-
DA:779,0
DA:780,0
DA:782,0
FN:790,LendingPoolV2.updateFlashLoanFee
FNDA:0,LendingPoolV2.updateFlashLoanFee
DA:795,0
FN:802,LendingPoolV2._updateFlashLoanFee
FNDA:0,LendingPoolV2._updateFlashLoanFee
DA:803,0
FN:812,LendingPoolV2.setRewarderForReserve
FNDA:0,LendingPoolV2.setRewarderForReserve
DA:817,0
DA:818,0
FN:828,LendingPoolV2.setTreasury
FNDA:0,LendingPoolV2.setTreasury
DA:833,0
FNF:45
FNH:0
LF:76
LH:0
BRF:17
BRH:0
end_of_record
TN:
SF:tests/foundry/helpers/MiniPoolV2.sol
FN:77,MiniPoolV2.whenNotPaused
FNDA:0,MiniPoolV2.whenNotPaused
DA:78,0
FN:86,MiniPoolV2.onlyMiniPoolConfigurator
FNDA:0,MiniPoolV2.onlyMiniPoolConfigurator
DA:87,0
FN:95,MiniPoolV2._whenNotPaused
FNDA:0,MiniPoolV2._whenNotPaused
DA:96,0
BRDA:96,0,0,-
BRDA:96,0,1,-
FN:103,MiniPoolV2._onlyMiniPoolConfigurator
FNDA:0,MiniPoolV2._onlyMiniPoolConfigurator
DA:104,0
BRDA:104,1,0,-
BRDA:104,1,1,-
FN:110,MiniPoolV2.getRevision
FNDA:0,MiniPoolV2.getRevision
DA:111,0
FN:121,MiniPoolV2.initialize
FNDA:0,MiniPoolV2.initialize
DA:125,0
DA:126,0
DA:127,0
DA:128,0
FN:141,MiniPoolV2.deposit
FNDA:0,MiniPoolV2.deposit
DA:146,0
DA:153,0
FN:168,MiniPoolV2.withdraw
FNDA:0,MiniPoolV2.withdraw
DA:174,0
FN:204,MiniPoolV2.borrow
FNDA:0,MiniPoolV2.borrow
DA:209,0
DA:210,0
DA:211,0
DA:212,0
BRDA:212,2,0,-
BRDA:212,2,1,-
DA:213,0
DA:215,0
DA:216,0
DA:217,0
BRDA:217,3,0,-
DA:218,0
DA:219,0
DA:220,0
DA:227,0
DA:229,0
DA:230,0
DA:234,0
DA:237,0
DA:245,0
FN:278,MiniPoolV2.repay
FNDA:0,MiniPoolV2.repay
DA:284,0
DA:291,0
DA:292,0
FN:300,MiniPoolV2.setUserUseReserveAsCollateral
FNDA:0,MiniPoolV2.setUserUseReserveAsCollateral
DA:305,0
DA:307,0
DA:318,0
DA:320,0
BRDA:320,4,0,-
BRDA:320,4,1,-
DA:321,0
DA:323,0
FN:338,MiniPoolV2.liquidationCall
FNDA:0,MiniPoolV2.liquidationCall
DA:345,0
DA:359,0
FN:366,MiniPoolV2._repayLendingPool
FNDA:0,MiniPoolV2._repayLendingPool
DA:367,0
DA:368,0
DA:369,0
DA:371,0
BRDA:371,5,0,-
DA:372,0
DA:373,0
DA:374,0
DA:376,0
BRDA:376,6,0,-
DA:377,0
DA:387,0
DA:393,0
DA:394,0
DA:397,0
DA:398,0
DA:399,0
DA:400,0
DA:401,0
BRDA:401,7,0,-
DA:404,0
FN:424,MiniPoolV2.flashLoan
FNDA:0,MiniPoolV2.flashLoan
DA:430,0
FN:453,MiniPoolV2.getReserveData
FNDA:0,MiniPoolV2.getReserveData
DA:459,0
FN:472,MiniPoolV2.getUserAccountData
FNDA:0,MiniPoolV2.getUserAccountData
DA:485,0
DA:495,0
FN:504,MiniPoolV2.getConfiguration
FNDA:0,MiniPoolV2.getConfiguration
DA:510,0
FN:518,MiniPoolV2.getUserConfiguration
FNDA:0,MiniPoolV2.getUserConfiguration
DA:524,0
FN:532,MiniPoolV2.getReserveNormalizedIncome
FNDA:0,MiniPoolV2.getReserveNormalizedIncome
DA:539,0
FN:547,MiniPoolV2.getReserveNormalizedVariableDebt
FNDA:0,MiniPoolV2.getReserveNormalizedVariableDebt
DA:553,0
FN:560,MiniPoolV2.paused
FNDA:0,MiniPoolV2.paused
DA:561,0
FN:570,MiniPoolV2.getReservesList
FNDA:0,MiniPoolV2.getReservesList
DA:571,0
DA:572,0
DA:574,0
DA:575,0
DA:576,0
DA:578,0
FN:582,MiniPoolV2.getReservesCount
FNDA:0,MiniPoolV2.getReservesCount
DA:583,0
FN:590,MiniPoolV2.getAddressesProvider
FNDA:0,MiniPoolV2.getAddressesProvider
DA:591,0
FN:598,MiniPoolV2.FLASHLOAN_PREMIUM_TOTAL
FNDA:0,MiniPoolV2.FLASHLOAN_PREMIUM_TOTAL
DA:599,0
FN:606,MiniPoolV2.MAX_NUMBER_RESERVES
FNDA:0,MiniPoolV2.MAX_NUMBER_RESERVES
DA:607,0
FN:620,MiniPoolV2.finalizeTransfer
FNDA:0,MiniPoolV2.finalizeTransfer
DA:628,0
FN:649,MiniPoolV2.initReserve
FNDA:0,MiniPoolV2.initReserve
DA:656,0
BRDA:656,8,0,-
BRDA:656,8,1,-
DA:657,0
DA:660,0
FN:669,MiniPoolV2.setReserveInterestRateStrategyAddress
FNDA:0,MiniPoolV2.setReserveInterestRateStrategyAddress
DA:674,0
FN:683,MiniPoolV2.setConfiguration
FNDA:0,MiniPoolV2.setConfiguration
DA:688,0
FN:696,MiniPoolV2.setPause
FNDA:0,MiniPoolV2.setPause
DA:697,0
DA:698,0
BRDA:698,9,0,-
BRDA:698,9,1,-
DA:699,0
DA:701,0
FN:709,MiniPoolV2._addReserveToList
FNDA:0,MiniPoolV2._addReserveToList
DA:710,0
DA:712,0
BRDA:712,10,0,-
BRDA:712,10,1,-
DA:714,0
DA:716,0
BRDA:716,11,0,-
DA:717,0
DA:718,0
DA:720,0
FN:729,MiniPoolV2.getCurrentLendingPoolDebt
FNDA:0,MiniPoolV2.getCurrentLendingPoolDebt
DA:730,0
FN:738,MiniPoolV2.setRewarderForReserve
FNDA:0,MiniPoolV2.setRewarderForReserve
DA:742,0
FN:751,MiniPoolV2.updateFlashLoanFee
FNDA:0,MiniPoolV2.updateFlashLoanFee
DA:752,0
FN:759,MiniPoolV2._updateFlashLoanFee
FNDA:0,MiniPoolV2._updateFlashLoanFee
DA:760,0
FNF:36
FNH:0
LF:98
LH:0
BRF:19
BRH:0
end_of_record
